<?xml version='1.0' encoding='UTF-8' standalone='no'?>
<doxygen xmlns:xsi="http://www.w3.org/2001/XMLSchema-instance" xsi:noNamespaceSchemaLocation="compound.xsd" version="1.8.17">
  <compounddef id="test-the-project_8md" kind="file" language="Markdown">
    <compoundname>test-the-project.md</compoundname>
    <briefdescription>
    </briefdescription>
    <detaileddescription>
    </detaileddescription>
    <programlisting>
<codeline></codeline>
<codeline><highlight class="normal">#<sp/>Testing<sp/>the<sp/>project<sp/>--<sp/>RoboCLuedo<sp/>no.3</highlight></codeline>
<codeline></codeline>
<codeline><highlight class="normal">---</highlight></codeline>
<codeline></codeline>
<codeline><highlight class="normal">```{toctree}</highlight></codeline>
<codeline><highlight class="normal">---</highlight></codeline>
<codeline><highlight class="normal">caption:<sp/>Contents</highlight></codeline>
<codeline><highlight class="normal">maxdepth:<sp/>3</highlight></codeline>
<codeline><highlight class="normal">---</highlight></codeline>
<codeline><highlight class="normal">./test-the-project.md</highlight></codeline>
<codeline><highlight class="normal">```</highlight></codeline>
<codeline></codeline>
<codeline><highlight class="normal">---</highlight></codeline>
<codeline></codeline>
<codeline><highlight class="normal">this<sp/>document<sp/>provides<sp/>useful<sp/>informations<sp/>for<sp/>testing<sp/>the<sp/>components<sp/>of<sp/>the<sp/>architecture<sp/>before<sp/>running<sp/>it<sp/>entirely.<sp/></highlight></codeline>
<codeline></codeline>
<codeline><highlight class="normal">*this<sp/>document<sp/>also<sp/>contains<sp/>the<sp/>expected<sp/>outputs<sp/>from<sp/>the<sp/>programs*,<sp/>or<sp/>at<sp/>least<sp/>the<sp/>outputs<sp/>not<sp/>too<sp/>much<sp/>long.<sp/></highlight></codeline>
<codeline></codeline>
<codeline><highlight class="normal">##<sp/>before<sp/>proceeding</highlight></codeline>
<codeline></codeline>
<codeline><highlight class="normal">-<sp/>be<sp/>sure<sp/>that<sp/>*the<sp/>entire<sp/>project<sp/>has<sp/>been<sp/>compiled<sp/>entirely<sp/>without<sp/>errors*,<sp/>see<sp/>the<sp/>instructions</highlight></codeline>
<codeline></codeline>
<codeline><highlight class="normal">##<sp/>TESTING<sp/>PKG<sp/>robocluedo_armor</highlight></codeline>
<codeline></codeline>
<codeline><highlight class="normal">###<sp/>pure<sp/>test<sp/>on<sp/>aRMOR</highlight></codeline>
<codeline></codeline>
<codeline><highlight class="normal">this<sp/>test<sp/>lets<sp/>to<sp/>understand<sp/>if<sp/>aRMOR<sp/>is<sp/>doing<sp/>its<sp/>work<sp/>in<sp/>the<sp/>correct<sp/>way.<sp/></highlight></codeline>
<codeline></codeline>
<codeline><highlight class="normal">in<sp/>the<sp/>package<sp/>`robocluedo_module_Testing`<sp/>there&apos;s<sp/>a<sp/>node<sp/>called<sp/>`test_armor.cpp`<sp/>whose<sp/>job<sp/>is<sp/>just<sp/>to<sp/>perform<sp/>the<sp/>most<sp/>basic<sp/>operations<sp/>on<sp/>aRMOR.<sp/>*If<sp/>even<sp/>this<sp/>simple<sp/>script<sp/>doesn&apos;t<sp/>work,<sp/>there&apos;s<sp/>a<sp/>problem<sp/>with<sp/>your<sp/>installation<sp/>of<sp/>aRMOR*.<sp/></highlight></codeline>
<codeline></codeline>
<codeline><highlight class="normal">**how<sp/>to<sp/>run<sp/>the<sp/>test:**</highlight></codeline>
<codeline></codeline>
<codeline><highlight class="normal">```bash</highlight></codeline>
<codeline><highlight class="normal">#<sp/>shell<sp/>1</highlight></codeline>
<codeline><highlight class="normal">roslaunch<sp/>robocluedo_module_testing<sp/>test_armor.launch</highlight></codeline>
<codeline></codeline>
<codeline><highlight class="normal">#<sp/>shell<sp/>2</highlight></codeline>
<codeline><highlight class="normal">rosrun<sp/>robocluedo_module_testing<sp/>test_armor</highlight></codeline>
<codeline></codeline>
<codeline><highlight class="normal">```</highlight></codeline>
<codeline></codeline>
<codeline><highlight class="normal">**NOTE**<sp/>:<sp/>this<sp/>simple<sp/>test<sp/>will<sp/>also<sp/>create<sp/>a<sp/>owl<sp/>file<sp/>into<sp/>the<sp/>desktop.</highlight></codeline>
<codeline></codeline>
<codeline><highlight class="normal">###<sp/>tesing<sp/>aRMOR<sp/>tools</highlight></codeline>
<codeline></codeline>
<codeline><highlight class="normal">the<sp/>class<sp/>`armor_tools`<sp/>is<sp/>the<sp/>low-level<sp/>set<sp/>of<sp/>services<sp/>used<sp/>by<sp/>the<sp/>armor<sp/>interface<sp/>to<sp/>work.<sp/>It<sp/>provides<sp/>very<sp/>simple<sp/>services,<sp/>then<sp/>made<sp/>more<sp/>detailed<sp/>by<sp/>its<sp/>child<sp/>class<sp/>`armor_cluedo`.<sp/></highlight></codeline>
<codeline></codeline>
<codeline><highlight class="normal">**how<sp/>to<sp/>run<sp/>the<sp/>test:**</highlight></codeline>
<codeline></codeline>
<codeline><highlight class="normal">```bash</highlight></codeline>
<codeline><highlight class="normal">#<sp/>shell<sp/>1</highlight></codeline>
<codeline><highlight class="normal">roslaunch<sp/>robocluedo_module_testing<sp/>test_armor.launch</highlight></codeline>
<codeline></codeline>
<codeline><highlight class="normal">#<sp/>shell<sp/>2</highlight></codeline>
<codeline><highlight class="normal">rosrun<sp/>robocluedo_module_testing<sp/>test_armor_tools</highlight></codeline>
<codeline></codeline>
<codeline><highlight class="normal">```</highlight></codeline>
<codeline></codeline>
<codeline><highlight class="normal">###<sp/>Testing<sp/>aRMOR<sp/>cluedo</highlight></codeline>
<codeline></codeline>
<codeline><highlight class="normal">the<sp/>class<sp/>`armor_cluedo`<sp/>takes<sp/>into<sp/>account<sp/>the<sp/>specific<sp/>characteristics<sp/>of<sp/>the<sp/>problem,<sp/>making<sp/>the<sp/>interaction<sp/>between<sp/>the<sp/>system<sp/>and<sp/>the<sp/>ontology<sp/>even<sp/>easier.</highlight></codeline>
<codeline></codeline>
<codeline><highlight class="normal">**how<sp/>to<sp/>run<sp/>the<sp/>test:**</highlight></codeline>
<codeline></codeline>
<codeline><highlight class="normal">```bash</highlight></codeline>
<codeline><highlight class="normal">#<sp/>shell<sp/>1</highlight></codeline>
<codeline><highlight class="normal">roslaunch<sp/>robocluedo_module_testing<sp/>test_armor.launch</highlight></codeline>
<codeline></codeline>
<codeline><highlight class="normal">#<sp/>shell<sp/>2</highlight></codeline>
<codeline><highlight class="normal">rosrun<sp/>robocluedo_module_testing<sp/>test_armor_cluedo</highlight></codeline>
<codeline></codeline>
<codeline><highlight class="normal">```</highlight></codeline>
<codeline></codeline>
<codeline><highlight class="normal">##<sp/>TESTING<sp/>PKG<sp/>robocluedo_rosplan</highlight></codeline>
<codeline></codeline>
<codeline><highlight class="normal">most<sp/>of<sp/>the<sp/>packages<sp/>here<sp/>can<sp/>be<sp/>tested<sp/>using<sp/>simple<sp/>scripts<sp/>from<sp/>a<sp/>console.<sp/>no<sp/>special<sp/>node<sp/>is<sp/>needed.<sp/></highlight></codeline>
<codeline></codeline>
<codeline><highlight class="normal">###<sp/>PDDL<sp/>model</highlight></codeline>
<codeline></codeline>
<codeline><highlight class="normal">the<sp/>model<sp/>should<sp/>work<sp/>well,<sp/>but<sp/>to<sp/>be<sp/>sure,<sp/>there&apos;s<sp/>a<sp/>simple<sp/>way<sp/>to<sp/>test<sp/>out<sp/>it:</highlight></codeline>
<codeline></codeline>
<codeline><highlight class="normal">-<sp/>go<sp/>inside<sp/>the<sp/>folder<sp/>*$(find<sp/>robocluedo_rosplan)/pddl/robocluedo*<sp/>(or<sp/>better,<sp/>use<sp/>`roscd`<sp/>to<sp/>find<sp/>rosplan):<sp/>here<sp/>you<sp/>will<sp/>find<sp/>everything<sp/>needed<sp/>to<sp/>test<sp/>the<sp/>model</highlight></codeline>
<codeline><highlight class="normal">-<sp/>*without<sp/>updating,*<sp/>try<sp/>to<sp/>solve<sp/>the<sp/>projeb<sp/>with<sp/>`solve_popf.sh`<sp/>:<sp/>the<sp/>solution<sp/>should<sp/>include<sp/>only<sp/>one<sp/>action,<sp/>`(replan<sp/>)`</highlight></codeline>
<codeline><highlight class="normal">-<sp/>open<sp/>the<sp/>file<sp/>`robocluedo_problem.pddl`<sp/>and<sp/>replace<sp/>the<sp/>goal<sp/>with<sp/>this:</highlight></codeline>
<codeline><highlight class="normal"><sp/><sp/><sp/><sp/></highlight></codeline>
<codeline><highlight class="normal"><sp/><sp/><sp/><sp/>```bash</highlight></codeline>
<codeline><highlight class="normal"><sp/><sp/><sp/><sp/>(:goal<sp/>(and<sp/>(dirty<sp/>)<sp/>(hint-collected<sp/>wp1<sp/>)<sp/>(hint-collected<sp/>wp3<sp/>)<sp/>(at-center<sp/>)))</highlight></codeline>
<codeline><highlight class="normal"><sp/><sp/><sp/><sp/>```</highlight></codeline>
<codeline><highlight class="normal"><sp/><sp/><sp/><sp/></highlight></codeline>
<codeline><highlight class="normal">-<sp/>then,<sp/>`./solve_popf.sh`<sp/>will<sp/>return<sp/>the<sp/>entire<sp/>plan.<sp/></highlight></codeline>
<codeline><highlight class="normal">-<sp/>and,<sp/>finally,<sp/>remember<sp/>to<sp/>restore<sp/>the<sp/>previous<sp/>goal!</highlight></codeline>
<codeline><highlight class="normal"><sp/><sp/><sp/><sp/></highlight></codeline>
<codeline><highlight class="normal"><sp/><sp/><sp/><sp/>```bash</highlight></codeline>
<codeline><highlight class="normal"><sp/><sp/><sp/><sp/>(:goal<sp/>(not-dirty<sp/>))</highlight></codeline>
<codeline><highlight class="normal"><sp/><sp/><sp/><sp/>```</highlight></codeline>
<codeline></codeline>
<codeline><highlight class="normal">###<sp/>simple<sp/>ROSPlan<sp/>pipeline</highlight></codeline>
<codeline></codeline>
<codeline><highlight class="normal">this<sp/>test<sp/>aims<sp/>at<sp/>testing<sp/>how<sp/>the<sp/>architecture<sp/>of<sp/>ROSPlan<sp/>works<sp/>without<sp/>running<sp/>the<sp/>pipeline<sp/>manager<sp/>nor<sp/>the<sp/>other<sp/>components<sp/>attached<sp/>with<sp/>the<sp/>ontology.<sp/>Just<sp/>to<sp/>be<sp/>sure<sp/>that<sp/>ROSPlan<sp/>is<sp/>working<sp/>well.</highlight></codeline>
<codeline></codeline>
<codeline><highlight class="normal">in<sp/>this<sp/>test,<sp/>we&apos;re<sp/>going<sp/>to<sp/>use<sp/>the<sp/>*RoboCLuedo<sp/>PDDL<sp/>model<sp/>with<sp/>the<sp/>Simulated<sp/>Actions*.<sp/>Use<sp/>the<sp/>bash<sp/>commands<sp/>here<sp/>below:</highlight></codeline>
<codeline></codeline>
<codeline><highlight class="normal">```bash</highlight></codeline>
<codeline><highlight class="normal">#<sp/>shell<sp/>1</highlight></codeline>
<codeline><highlight class="normal">roslaunch<sp/>robocluedo_module_testing<sp/>load_rosplan_simulated_actions.launch</highlight></codeline>
<codeline></codeline>
<codeline><highlight class="normal">#<sp/>shell<sp/>2</highlight></codeline>
<codeline><highlight class="normal">rosservice<sp/>call<sp/>/rosplan_problem_interface/problem_generation_server</highlight></codeline>
<codeline><highlight class="normal">rostopic<sp/>echo<sp/>/rosplan_problem_interface/problem_instance<sp/>-n<sp/>1<sp/>-p</highlight></codeline>
<codeline><highlight class="normal">rosservice<sp/>call<sp/>/rosplan_planner_interface/planning_server</highlight></codeline>
<codeline><highlight class="normal">rostopic<sp/>echo<sp/>/rosplan_planner_interface/planner_output<sp/>-p<sp/>-n<sp/>1</highlight></codeline>
<codeline><highlight class="normal">rosservice<sp/>call<sp/>/rosplan_parsing_interface/parse_plan</highlight></codeline>
<codeline><highlight class="normal">rostopic<sp/>echo<sp/>/rosplan_parsing_interface/complete_plan<sp/>-n<sp/>1</highlight></codeline>
<codeline><highlight class="normal">rosservice<sp/>call<sp/>/rosplan_plan_dispatcher/dispatch_plan<sp/>&quot;{}&quot;<sp/></highlight></codeline>
<codeline></codeline>
<codeline><highlight class="normal">```</highlight></codeline>
<codeline></codeline>
<codeline><highlight class="normal">###<sp/>ROSPlan<sp/>replanning<sp/>and<sp/>knowledge<sp/>base<sp/>update</highlight></codeline>
<codeline></codeline>
<codeline><highlight class="normal">the<sp/>package<sp/>robocluedo_rosplan<sp/>has<sp/>a<sp/>fundamental<sp/>node<sp/>called<sp/>`kb_interface`<sp/>updating<sp/>the<sp/>knowledge<sp/>according<sp/>to<sp/>the<sp/>landmark.<sp/>It<sp/>provdes<sp/>a<sp/>fundamental<sp/>funcitonality<sp/>for<sp/>performing<sp/>the<sp/>replanning,<sp/>and<sp/>its<sp/>architecture<sp/>is<sp/>heavily<sp/>specialized<sp/>for<sp/>working<sp/>with<sp/>this<sp/>PDDL.</highlight></codeline>
<codeline></codeline>
<codeline><highlight class="normal">**Notice<sp/>that**<sp/>the<sp/>main<sp/>node<sp/>to<sp/>interact<sp/>with<sp/>when<sp/>using<sp/>ROSPlan<sp/>is<sp/>the<sp/>pipeline<sp/>manager,<sp/>and<sp/>not<sp/>this<sp/>node,<sp/>*which<sp/>should<sp/>be<sp/>hidden<sp/>in<sp/>the<sp/>package*.<sp/></highlight></codeline>
<codeline></codeline>
<codeline><highlight class="normal">```bash</highlight></codeline>
<codeline><highlight class="normal">#<sp/>shell<sp/>1</highlight></codeline>
<codeline><highlight class="normal">roslaunch<sp/>robocluedo_module_testing<sp/>load_rosplan_simulated_actions.launch</highlight></codeline>
<codeline></codeline>
<codeline><highlight class="normal">#<sp/>shell<sp/>2</highlight></codeline>
<codeline><highlight class="normal">rosrun<sp/>robocluedo_rosplan<sp/>kb_interface</highlight></codeline>
<codeline></codeline>
<codeline><highlight class="normal">#<sp/>shell<sp/>3</highlight></codeline>
<codeline><highlight class="normal">rosservice<sp/>list<sp/>|<sp/>grep<sp/>update_goal</highlight></codeline>
<codeline><highlight class="normal">rosservice<sp/>list<sp/>|<sp/>grep<sp/>replan</highlight></codeline>
<codeline></codeline>
<codeline><highlight class="normal">#<sp/>many<sp/>warnings<sp/>should<sp/>appear<sp/>on<sp/>the<sp/>ROSPlan<sp/>console</highlight></codeline>
<codeline><highlight class="normal">rosservice<sp/>call<sp/>/replan<sp/>&quot;{}&quot;<sp/></highlight></codeline>
<codeline></codeline>
<codeline><highlight class="normal">rosservice<sp/>call<sp/>/update_goal<sp/>&quot;landmark:<sp/>0&quot;</highlight></codeline>
<codeline><highlight class="normal">rosservice<sp/>call<sp/>/rosplan_problem_interface/problem_generation_server</highlight></codeline>
<codeline><highlight class="normal">rosservice<sp/>call<sp/>/rosplan_planner_interface/planning_server</highlight></codeline>
<codeline><highlight class="normal">rostopic<sp/>echo<sp/>/rosplan_planner_interface/planner_output<sp/>-p<sp/>-n<sp/>1</highlight></codeline>
<codeline><highlight class="normal">rosservice<sp/>call<sp/>/rosplan_parsing_interface/parse_plan</highlight></codeline>
<codeline><highlight class="normal">rosservice<sp/>call<sp/>/rosplan_plan_dispatcher/dispatch_plan<sp/>&quot;{}&quot;<sp/></highlight></codeline>
<codeline></codeline>
<codeline><highlight class="normal">#<sp/>the<sp/>robot<sp/>will<sp/>go<sp/>in<sp/>one<sp/>wp</highlight></codeline>
<codeline><highlight class="normal">rosservice<sp/>call<sp/>/update_goal<sp/>&quot;landmark:<sp/>1&quot;</highlight></codeline>
<codeline><highlight class="normal">rosservice<sp/>call<sp/>/rosplan_problem_interface/problem_generation_server</highlight></codeline>
<codeline><highlight class="normal">rosservice<sp/>call<sp/>/rosplan_planner_interface/planning_server</highlight></codeline>
<codeline><highlight class="normal">rostopic<sp/>echo<sp/>/rosplan_planner_interface/planner_output<sp/>-p<sp/>-n<sp/>1</highlight></codeline>
<codeline><highlight class="normal">rosservice<sp/>call<sp/>/rosplan_parsing_interface/parse_plan</highlight></codeline>
<codeline><highlight class="normal">rosservice<sp/>call<sp/>/rosplan_plan_dispatcher/dispatch_plan<sp/>&quot;{}&quot;<sp/></highlight></codeline>
<codeline></codeline>
<codeline><highlight class="normal">#<sp/>if<sp/>you<sp/>repeat<sp/>the<sp/>test<sp/>above,<sp/>the<sp/>wp<sp/>gonna<sp/>change<sp/>(max<sp/>4<sp/>times)</highlight></codeline>
<codeline><highlight class="normal">#<sp/>...</highlight></codeline>
<codeline></codeline>
<codeline><highlight class="normal">#<sp/>the<sp/>fifth<sp/>time<sp/>the<sp/>landmark<sp/>is<sp/>applied,<sp/>the<sp/>kb_interface</highlight></codeline>
<codeline><highlight class="normal">#<sp/><sp/><sp/><sp/>should<sp/>reply<sp/>with<sp/>the<sp/>flag<sp/>&quot;applicable=false&quot;</highlight></codeline>
<codeline></codeline>
<codeline><highlight class="normal">#<sp/>called<sp/>the<sp/>action<sp/>&quot;solve&quot;</highlight></codeline>
<codeline><highlight class="normal">rosservice<sp/>call<sp/>/update_goal<sp/>&quot;landmark:<sp/>2&quot;</highlight></codeline>
<codeline><highlight class="normal">rosservice<sp/>call<sp/>/rosplan_problem_interface/problem_generation_server</highlight></codeline>
<codeline><highlight class="normal">rosservice<sp/>call<sp/>/rosplan_planner_interface/planning_server</highlight></codeline>
<codeline><highlight class="normal">rostopic<sp/>echo<sp/>/rosplan_planner_interface/planner_output<sp/>-p<sp/>-n<sp/>1</highlight></codeline>
<codeline><highlight class="normal">rosservice<sp/>call<sp/>/rosplan_parsing_interface/parse_plan</highlight></codeline>
<codeline><highlight class="normal">rosservice<sp/>call<sp/>/rosplan_plan_dispatcher/dispatch_plan<sp/>&quot;{}&quot;<sp/></highlight></codeline>
<codeline></codeline>
<codeline><highlight class="normal">```</highlight></codeline>
<codeline></codeline>
<codeline><highlight class="normal">consider<sp/>that,<sp/>each<sp/>time<sp/>all<sp/>the<sp/>waypoints<sp/>have<sp/>been<sp/>explored,<sp/>the<sp/>robot<sp/>must<sp/>call<sp/>the<sp/>service<sp/>`/replan`<sp/>to<sp/>reset<sp/>its<sp/>status.</highlight></codeline>
<codeline></codeline>
<codeline><highlight class="normal">###<sp/>ROSPlan<sp/>pipeline<sp/>manager<sp/>with<sp/>simulated<sp/>actions</highlight></codeline>
<codeline></codeline>
<codeline><highlight class="normal">the<sp/>main<sp/>component<sp/>controlling<sp/>the<sp/>ROSPlan<sp/>architecture<sp/>is<sp/>the<sp/>so<sp/>called<sp/>`rosplan_pipeline_manager`.<sp/>It<sp/>provides<sp/>functionalities<sp/>for<sp/>doing<sp/>many<sp/>things:</highlight></codeline>
<codeline></codeline>
<codeline><highlight class="normal">-<sp/>controlling<sp/>each<sp/>part<sp/>of<sp/>the<sp/>planning<sp/>process,<sp/>*one<sp/>by<sp/>one*</highlight></codeline>
<codeline><highlight class="normal">-<sp/>ease<sp/>the<sp/>interaction<sp/>with<sp/>the<sp/>other<sp/>parts<sp/>of<sp/>the<sp/>system</highlight></codeline>
<codeline><highlight class="normal">-<sp/>returning<sp/>precide<sp/>informations<sp/>about<sp/>the<sp/>outcomes<sp/>of<sp/>the<sp/>single<sp/>pipeline<sp/>components:<sp/>indeed<sp/>the<sp/>basic<sp/>ROSPlan<sp/>architecture<sp/>doesn&apos;t<sp/>provide<sp/>informations<sp/>about<sp/>the<sp/>planning<sp/>process<sp/>*in<sp/>a<sp/>simple<sp/>way*,<sp/>and<sp/>sometimes<sp/>*the<sp/>process<sp/>to<sp/>infer<sp/>what<sp/>happened<sp/>inside<sp/>could<sp/>be<sp/>cumbersome<sp/>for<sp/>the<sp/>other<sp/>parts<sp/>of<sp/>the<sp/>architecture*.<sp/></highlight></codeline>
<codeline></codeline>
<codeline><highlight class="normal">here&apos;s<sp/>how<sp/>to<sp/>test<sp/>it:</highlight></codeline>
<codeline></codeline>
<codeline><highlight class="normal">```text</highlight></codeline>
<codeline><highlight class="normal">#<sp/>shell<sp/>1</highlight></codeline>
<codeline><highlight class="normal">roslaunch<sp/>robocluedo_module_testing<sp/>load_rosplan_simulated_actions.launch</highlight></codeline>
<codeline></codeline>
<codeline><highlight class="normal">#<sp/>shell<sp/>2</highlight></codeline>
<codeline><highlight class="normal">rosrun<sp/>robocluedo_rosplan<sp/>kb_interface</highlight></codeline>
<codeline></codeline>
<codeline><highlight class="normal">#<sp/>shell<sp/>3<sp/>(a<sp/>bit<sp/>slow,<sp/>wait)</highlight></codeline>
<codeline><highlight class="normal">rosrun<sp/>robocluedo_rosplan<sp/>rosplan_pipeline_manager.py</highlight></codeline>
<codeline></codeline>
<codeline><highlight class="normal">#<sp/>shell<sp/>4</highlight></codeline>
<codeline><highlight class="normal">rosservice<sp/>list<sp/>|<sp/>grep<sp/>robocluedo</highlight></codeline>
<codeline><highlight class="normal">#<sp/><sp/><sp/><sp/>/robocluedo/pipeline_manager</highlight></codeline>
<codeline></codeline>
<codeline><highlight class="normal">#<sp/>skip<sp/>everything</highlight></codeline>
<codeline><highlight class="normal">rosservice<sp/>call<sp/>/robocluedo/pipeline_manager<sp/>&quot;{load_problem:<sp/>false,<sp/>solve_problem:<sp/>false,<sp/>parse_plan:<sp/>false,<sp/>execute_plan:<sp/>false,<sp/>landmark:<sp/>0}&quot;<sp/></highlight></codeline>
<codeline><highlight class="normal">#<sp/>loading<sp/>only</highlight></codeline>
<codeline><highlight class="normal">rosservice<sp/>call<sp/>/robocluedo/pipeline_manager<sp/>&quot;{load_problem:<sp/>true,<sp/>solve_problem:<sp/>false,<sp/>parse_plan:<sp/>false,<sp/>execute_plan:<sp/>false,<sp/>landmark:<sp/>0}&quot;<sp/></highlight></codeline>
<codeline><highlight class="normal">#<sp/>load<sp/>+<sp/>solving</highlight></codeline>
<codeline><highlight class="normal">rosservice<sp/>call<sp/>/robocluedo/pipeline_manager<sp/>&quot;{load_problem:<sp/>true,<sp/>solve_problem:<sp/>true,<sp/>parse_plan:<sp/>false,<sp/>execute_plan:<sp/>false,<sp/>landmark:<sp/>0}&quot;<sp/></highlight></codeline>
<codeline><highlight class="normal">#<sp/>load<sp/>+<sp/>solving<sp/>+<sp/>parsing</highlight></codeline>
<codeline><highlight class="normal">rosservice<sp/>call<sp/>/robocluedo/pipeline_manager<sp/>&quot;{load_problem:<sp/>true,<sp/>solve_problem:<sp/>true,<sp/>parse_plan:<sp/>true,<sp/>execute_plan:<sp/>false,<sp/>landmark:<sp/>0}&quot;<sp/></highlight></codeline>
<codeline><highlight class="normal">#<sp/>also<sp/>dispatch</highlight></codeline>
<codeline><highlight class="normal">rosservice<sp/>call<sp/>/robocluedo/pipeline_manager<sp/>&quot;{load_problem:<sp/>true,<sp/>solve_problem:<sp/>true,<sp/>parse_plan:<sp/>true,<sp/>execute_plan:<sp/>true,<sp/>landmark:<sp/>0}&quot;<sp/></highlight></codeline>
<codeline></codeline>
<codeline><highlight class="normal">#<sp/>landmarks</highlight></codeline>
<codeline><highlight class="normal">rosservice<sp/>call<sp/>/robocluedo/pipeline_manager<sp/>&quot;{load_problem:<sp/>true,<sp/>solve_problem:<sp/>true,<sp/>parse_plan:<sp/>true,<sp/>execute_plan:<sp/>true,<sp/>landmark:<sp/>0}&quot;<sp/></highlight></codeline>
<codeline><highlight class="normal">rosservice<sp/>call<sp/>/robocluedo/pipeline_manager<sp/>&quot;{load_problem:<sp/>true,<sp/>solve_problem:<sp/>true,<sp/>parse_plan:<sp/>true,<sp/>execute_plan:<sp/>true,<sp/>landmark:<sp/>1}&quot;<sp/></highlight></codeline>
<codeline><highlight class="normal">rosservice<sp/>call<sp/>/robocluedo/pipeline_manager<sp/>&quot;{load_problem:<sp/>true,<sp/>solve_problem:<sp/>true,<sp/>parse_plan:<sp/>true,<sp/>execute_plan:<sp/>true,<sp/>landmark:<sp/>2}&quot;<sp/></highlight></codeline>
<codeline></codeline>
<codeline><highlight class="normal">```</highlight></codeline>
<codeline></codeline>
<codeline><highlight class="normal">another<sp/>sequence:</highlight></codeline>
<codeline></codeline>
<codeline><highlight class="normal">```bash</highlight></codeline>
<codeline><highlight class="normal">rosservice<sp/>call<sp/>/robocluedo/pipeline_manager<sp/>&quot;{load_problem:<sp/>true,<sp/>solve_problem:<sp/>true,<sp/>parse_plan:<sp/>true,<sp/>execute_plan:<sp/>true,<sp/>landmark:<sp/>0}&quot;<sp/></highlight></codeline>
<codeline><highlight class="normal">rosservice<sp/>call<sp/>/robocluedo/pipeline_manager<sp/>&quot;{load_problem:<sp/>true,<sp/>solve_problem:<sp/>true,<sp/>parse_plan:<sp/>true,<sp/>execute_plan:<sp/>true,<sp/>landmark:<sp/>1}&quot;<sp/></highlight></codeline>
<codeline><highlight class="normal">rosservice<sp/>call<sp/>/robocluedo/pipeline_manager<sp/>&quot;{load_problem:<sp/>true,<sp/>solve_problem:<sp/>true,<sp/>parse_plan:<sp/>true,<sp/>execute_plan:<sp/>true,<sp/>landmark:<sp/>1}&quot;<sp/></highlight></codeline>
<codeline><highlight class="normal">rosservice<sp/>call<sp/>/robocluedo/pipeline_manager<sp/>&quot;{load_problem:<sp/>true,<sp/>solve_problem:<sp/>true,<sp/>parse_plan:<sp/>true,<sp/>execute_plan:<sp/>true,<sp/>landmark:<sp/>2}&quot;<sp/></highlight></codeline>
<codeline><highlight class="normal">rosservice<sp/>call<sp/>/robocluedo/pipeline_manager<sp/>&quot;{load_problem:<sp/>true,<sp/>solve_problem:<sp/>true,<sp/>parse_plan:<sp/>true,<sp/>execute_plan:<sp/>true,<sp/>landmark:<sp/>0}&quot;<sp/></highlight></codeline>
<codeline><highlight class="normal">rosservice<sp/>call<sp/>/robocluedo/pipeline_manager<sp/>&quot;{load_problem:<sp/>true,<sp/>solve_problem:<sp/>true,<sp/>parse_plan:<sp/>true,<sp/>execute_plan:<sp/>true,<sp/>landmark:<sp/>1}&quot;<sp/></highlight></codeline>
<codeline></codeline>
<codeline><highlight class="normal">```</highlight></codeline>
<codeline></codeline>
<codeline><highlight class="normal">###<sp/>ROSPlan<sp/>pipeline<sp/>manager<sp/>with<sp/>simulated<sp/>actions<sp/>--<sp/>NO<sp/>LAUNCH<sp/>FILE</highlight></codeline>
<codeline></codeline>
<codeline><highlight class="normal">```text</highlight></codeline>
<codeline><highlight class="normal">#<sp/>shell<sp/>1</highlight></codeline>
<codeline><highlight class="normal">roslaunch<sp/>robocluedo_rosplan<sp/>load_rosplan.launch</highlight></codeline>
<codeline></codeline>
<codeline><highlight class="normal">#<sp/>shell<sp/>2</highlight></codeline>
<codeline><highlight class="normal">rosrun<sp/>robocluedo_rosplan<sp/>kb_interface</highlight></codeline>
<codeline></codeline>
<codeline><highlight class="normal">#<sp/>shell<sp/>3</highlight></codeline>
<codeline><highlight class="normal">rosrun<sp/>robocluedo_module_testing<sp/>rosplan_simulated_motion_system.py</highlight></codeline>
<codeline></codeline>
<codeline><highlight class="normal">#<sp/>shell<sp/>4</highlight></codeline>
<codeline><highlight class="normal">rosrun<sp/>robocluedo_rosplan<sp/>rosplan_pipeline_manager.py</highlight></codeline>
<codeline></codeline>
<codeline><highlight class="normal">#<sp/>shell<sp/>5</highlight></codeline>
<codeline><highlight class="normal">#<sp/><sp/><sp/><sp/><sp/>landmarks:<sp/>0<sp/>1<sp/>1<sp/>1<sp/>2<sp/>0<sp/>1<sp/>2</highlight></codeline>
<codeline></codeline>
<codeline><highlight class="normal">rosservice<sp/>call<sp/>/robocluedo/pipeline_manager<sp/>&quot;{load_problem:<sp/>true,<sp/>solve_problem:<sp/>true,<sp/>parse_plan:<sp/>true,<sp/>execute_plan:<sp/>true,<sp/>landmark:<sp/>0}&quot;<sp/></highlight></codeline>
<codeline><highlight class="normal">rosservice<sp/>call<sp/>/robocluedo/pipeline_manager<sp/>&quot;{load_problem:<sp/>true,<sp/>solve_problem:<sp/>true,<sp/>parse_plan:<sp/>true,<sp/>execute_plan:<sp/>true,<sp/>landmark:<sp/>1}&quot;<sp/></highlight></codeline>
<codeline><highlight class="normal">rosservice<sp/>call<sp/>/robocluedo/pipeline_manager<sp/>&quot;{load_problem:<sp/>true,<sp/>solve_problem:<sp/>true,<sp/>parse_plan:<sp/>true,<sp/>execute_plan:<sp/>true,<sp/>landmark:<sp/>1}&quot;<sp/></highlight></codeline>
<codeline><highlight class="normal">rosservice<sp/>call<sp/>/robocluedo/pipeline_manager<sp/>&quot;{load_problem:<sp/>true,<sp/>solve_problem:<sp/>true,<sp/>parse_plan:<sp/>true,<sp/>execute_plan:<sp/>true,<sp/>landmark:<sp/>1}&quot;<sp/></highlight></codeline>
<codeline><highlight class="normal">rosservice<sp/>call<sp/>/robocluedo/pipeline_manager<sp/>&quot;{load_problem:<sp/>true,<sp/>solve_problem:<sp/>true,<sp/>parse_plan:<sp/>true,<sp/>execute_plan:<sp/>true,<sp/>landmark:<sp/>2}&quot;</highlight></codeline>
<codeline><highlight class="normal">rosservice<sp/>call<sp/>/robocluedo/pipeline_manager<sp/>&quot;{load_problem:<sp/>true,<sp/>solve_problem:<sp/>true,<sp/>parse_plan:<sp/>true,<sp/>execute_plan:<sp/>true,<sp/>landmark:<sp/>1}&quot;<sp/></highlight></codeline>
<codeline><highlight class="normal">rosservice<sp/>call<sp/>/robocluedo/pipeline_manager<sp/>&quot;{load_problem:<sp/>true,<sp/>solve_problem:<sp/>true,<sp/>parse_plan:<sp/>true,<sp/>execute_plan:<sp/>true,<sp/>landmark:<sp/>0}&quot;<sp/></highlight></codeline>
<codeline><highlight class="normal">rosservice<sp/>call<sp/>/robocluedo/pipeline_manager<sp/>&quot;{load_problem:<sp/>true,<sp/>solve_problem:<sp/>true,<sp/>parse_plan:<sp/>true,<sp/>execute_plan:<sp/>true,<sp/>landmark:<sp/>1}&quot;<sp/></highlight></codeline>
<codeline><highlight class="normal">rosservice<sp/>call<sp/>/robocluedo/pipeline_manager<sp/>&quot;{load_problem:<sp/>true,<sp/>solve_problem:<sp/>true,<sp/>parse_plan:<sp/>true,<sp/>execute_plan:<sp/>true,<sp/>landmark:<sp/>1}&quot;<sp/></highlight></codeline>
<codeline><highlight class="normal">rosservice<sp/>call<sp/>/robocluedo/pipeline_manager<sp/>&quot;{load_problem:<sp/>true,<sp/>solve_problem:<sp/>true,<sp/>parse_plan:<sp/>true,<sp/>execute_plan:<sp/>true,<sp/>landmark:<sp/>2}&quot;</highlight></codeline>
<codeline></codeline>
<codeline><highlight class="normal">```</highlight></codeline>
<codeline></codeline>
<codeline><highlight class="normal">###<sp/>the<sp/>same<sp/>test<sp/>with<sp/>launch<sp/>file</highlight></codeline>
<codeline></codeline>
<codeline><highlight class="normal">```bash</highlight></codeline>
<codeline><highlight class="normal">#<sp/>shell<sp/>1</highlight></codeline>
<codeline><highlight class="normal">roslaunch<sp/>robocluedo_rosplan<sp/>run.launch</highlight></codeline>
<codeline></codeline>
<codeline><highlight class="normal">#<sp/>shell<sp/>2</highlight></codeline>
<codeline><highlight class="normal">rosrun<sp/>robocluedo_module_testing<sp/>rosplan_simulated_motion_system.py</highlight></codeline>
<codeline></codeline>
<codeline><highlight class="normal">#<sp/>shell<sp/>3</highlight></codeline>
<codeline><highlight class="normal">rosservice<sp/>call<sp/>/robocluedo/pipeline_manager<sp/>&quot;{load_problem:<sp/>true,<sp/>solve_problem:<sp/>true,<sp/>parse_plan:<sp/>true,<sp/>execute_plan:<sp/>true,<sp/>landmark:<sp/>0}&quot;<sp/></highlight></codeline>
<codeline><highlight class="normal">rosservice<sp/>call<sp/>/robocluedo/pipeline_manager<sp/>&quot;{load_problem:<sp/>true,<sp/>solve_problem:<sp/>true,<sp/>parse_plan:<sp/>true,<sp/>execute_plan:<sp/>true,<sp/>landmark:<sp/>1}&quot;<sp/></highlight></codeline>
<codeline><highlight class="normal">rosservice<sp/>call<sp/>/robocluedo/pipeline_manager<sp/>&quot;{load_problem:<sp/>true,<sp/>solve_problem:<sp/>true,<sp/>parse_plan:<sp/>true,<sp/>execute_plan:<sp/>true,<sp/>landmark:<sp/>1}&quot;<sp/></highlight></codeline>
<codeline><highlight class="normal">rosservice<sp/>call<sp/>/robocluedo/pipeline_manager<sp/>&quot;{load_problem:<sp/>true,<sp/>solve_problem:<sp/>true,<sp/>parse_plan:<sp/>true,<sp/>execute_plan:<sp/>true,<sp/>landmark:<sp/>1}&quot;<sp/></highlight></codeline>
<codeline><highlight class="normal">rosservice<sp/>call<sp/>/robocluedo/pipeline_manager<sp/>&quot;{load_problem:<sp/>true,<sp/>solve_problem:<sp/>true,<sp/>parse_plan:<sp/>true,<sp/>execute_plan:<sp/>true,<sp/>landmark:<sp/>1}&quot;<sp/></highlight></codeline>
<codeline><highlight class="normal">rosservice<sp/>call<sp/>/robocluedo/pipeline_manager<sp/>&quot;{load_problem:<sp/>true,<sp/>solve_problem:<sp/>true,<sp/>parse_plan:<sp/>true,<sp/>execute_plan:<sp/>true,<sp/>landmark:<sp/>1}&quot;<sp/></highlight></codeline>
<codeline><highlight class="normal">rosservice<sp/>call<sp/>/robocluedo/pipeline_manager<sp/>&quot;{load_problem:<sp/>true,<sp/>solve_problem:<sp/>true,<sp/>parse_plan:<sp/>true,<sp/>execute_plan:<sp/>true,<sp/>landmark:<sp/>1}&quot;<sp/></highlight></codeline>
<codeline><highlight class="normal">rosservice<sp/>call<sp/>/robocluedo/pipeline_manager<sp/>&quot;{load_problem:<sp/>true,<sp/>solve_problem:<sp/>true,<sp/>parse_plan:<sp/>true,<sp/>execute_plan:<sp/>true,<sp/>landmark:<sp/>2}&quot;</highlight></codeline>
<codeline></codeline>
<codeline><highlight class="normal">#<sp/>NON<sp/>RISOLVIBILE</highlight></codeline>
<codeline><highlight class="normal">rosservice<sp/>call<sp/>/robocluedo/pipeline_manager<sp/>&quot;{load_problem:<sp/>true,<sp/>solve_problem:<sp/>true,<sp/>parse_plan:<sp/>true,<sp/>execute_plan:<sp/>true,<sp/>landmark:<sp/>1}&quot;</highlight></codeline>
<codeline></codeline>
<codeline><highlight class="normal">rosservice<sp/>call<sp/>/robocluedo/pipeline_manager<sp/>&quot;{load_problem:<sp/>true,<sp/>solve_problem:<sp/>true,<sp/>parse_plan:<sp/>true,<sp/>execute_plan:<sp/>true,<sp/>landmark:<sp/>1}&quot;<sp/></highlight></codeline>
<codeline><highlight class="normal">rosservice<sp/>call<sp/>/robocluedo/pipeline_manager<sp/>&quot;{load_problem:<sp/>true,<sp/>solve_problem:<sp/>true,<sp/>parse_plan:<sp/>true,<sp/>execute_plan:<sp/>true,<sp/>landmark:<sp/>0}&quot;<sp/></highlight></codeline>
<codeline><highlight class="normal">rosservice<sp/>call<sp/>/robocluedo/pipeline_manager<sp/>&quot;{load_problem:<sp/>true,<sp/>solve_problem:<sp/>true,<sp/>parse_plan:<sp/>true,<sp/>execute_plan:<sp/>true,<sp/>landmark:<sp/>1}&quot;<sp/></highlight></codeline>
<codeline><highlight class="normal">rosservice<sp/>call<sp/>/robocluedo/pipeline_manager<sp/>&quot;{load_problem:<sp/>true,<sp/>solve_problem:<sp/>true,<sp/>parse_plan:<sp/>true,<sp/>execute_plan:<sp/>true,<sp/>landmark:<sp/>1}&quot;<sp/></highlight></codeline>
<codeline><highlight class="normal">rosservice<sp/>call<sp/>/robocluedo/pipeline_manager<sp/>&quot;{load_problem:<sp/>true,<sp/>solve_problem:<sp/>true,<sp/>parse_plan:<sp/>true,<sp/>execute_plan:<sp/>true,<sp/>landmark:<sp/>2}&quot;</highlight></codeline>
<codeline></codeline>
<codeline><highlight class="normal">```</highlight></codeline>
<codeline></codeline>
<codeline><highlight class="normal">##<sp/>TESTING<sp/>PKG<sp/>robocluedo_robot_hunter</highlight></codeline>
<codeline></codeline>
<codeline><highlight class="normal">###<sp/>BEFORE<sp/>THE<sp/>TESTS...</highlight></codeline>
<codeline></codeline>
<codeline><highlight class="normal">make<sp/>sure<sp/>to<sp/>have<sp/>the<sp/>updated<sp/>version<sp/>of<sp/>the<sp/>model.<sp/></highlight></codeline>
<codeline></codeline>
<codeline><highlight class="normal">-<sp/>shell:<sp/>`roscd<sp/>robocluedo_urdf_model`<sp/>and<sp/>`cd<sp/>robot`</highlight></codeline>
<codeline><highlight class="normal">-<sp/>run<sp/>the<sp/>script<sp/>`./generate_mode.sh`<sp/>:<sp/>the<sp/>model<sp/>should<sp/>appear<sp/>as<sp/>console<sp/>output</highlight></codeline>
<codeline></codeline>
<codeline><highlight class="normal">###<sp/>the<sp/>most<sp/>simple<sp/>test!</highlight></codeline>
<codeline></codeline>
<codeline><highlight class="normal">*try<sp/>and<sp/>guess?*<sp/>let&apos;s<sp/>try<sp/>to<sp/>...<sp/>execute<sp/>the<sp/>main<sp/>launch<sp/>file.<sp/>You<sp/>should<sp/>not<sp/>see<sp/>something<sp/>strange<sp/>...<sp/>or,<sp/>worse,<sp/>errors<sp/>or<sp/>crashes.<sp/></highlight></codeline>
<codeline></codeline>
<codeline><highlight class="normal">**first<sp/>test:**<sp/>Gazebo<sp/>only</highlight></codeline>
<codeline></codeline>
<codeline><highlight class="normal">```bash</highlight></codeline>
<codeline><highlight class="normal">roslaunch<sp/>robocluedo_robot_hunter<sp/>gazebo.launch</highlight></codeline>
<codeline></codeline>
<codeline><highlight class="normal">```</highlight></codeline>
<codeline></codeline>
<codeline><highlight class="normal">**second<sp/>test:**<sp/>RViz<sp/>only</highlight></codeline>
<codeline></codeline>
<codeline><highlight class="normal">```bash</highlight></codeline>
<codeline><highlight class="normal">roslaunch<sp/>robocluedo_robot_hunter<sp/>demo.launch<sp/>rviz_config_file:=moveit_2.rviz</highlight></codeline>
<codeline></codeline>
<codeline><highlight class="normal">```</highlight></codeline>
<codeline></codeline>
<codeline><highlight class="normal">**Third<sp/>test:**<sp/>Gazebo<sp/>and<sp/>RViz<sp/>(it<sp/>should<sp/>generate<sp/>loads<sp/>of<sp/>warnings<sp/>on<sp/>the<sp/>console<sp/>...<sp/>)</highlight></codeline>
<codeline></codeline>
<codeline><highlight class="normal">```bash</highlight></codeline>
<codeline><highlight class="normal">roslaunch<sp/>robocluedo_robot_hunter<sp/>demo_gazebo.launch<sp/>rviz_config_file:=moveit_2.rviz</highlight></codeline>
<codeline></codeline>
<codeline><highlight class="normal">```</highlight></codeline>
<codeline></codeline>
<codeline><highlight class="normal">the<sp/>same<sp/>launcher,<sp/>without<sp/>warnings<sp/>(not<sp/>necessairly<sp/>a<sp/>good<sp/>thing...):</highlight></codeline>
<codeline></codeline>
<codeline><highlight class="normal">```bash</highlight></codeline>
<codeline><highlight class="normal">roslaunch<sp/>robocluedo_robot_hunter<sp/>demo_gazebo.launch<sp/>rviz_config_file:=moveit_2.rviz<sp/>2&gt;/dev/null</highlight></codeline>
<codeline></codeline>
<codeline><highlight class="normal">```</highlight></codeline>
<codeline></codeline>
<codeline><highlight class="normal">##<sp/>TESTING<sp/>PKG<sp/>robocluedo_vision</highlight></codeline>
<codeline></codeline>
<codeline><highlight class="normal">```{note}</highlight></codeline>
<codeline><highlight class="normal">here<sp/>are<sp/>only<sp/>the<sp/>basic<sp/>tests.<sp/>to<sp/>see<sp/>if<sp/>ArUco<sp/>is<sp/>detecting<sp/>the<sp/>markers,<sp/>it<sp/>is<sp/>needed<sp/>to<sp/>run<sp/>the<sp/>entire<sp/>architecture.<sp/>see<sp/>later<sp/>in<sp/>this<sp/>document.</highlight></codeline>
<codeline><highlight class="normal">```</highlight></codeline>
<codeline></codeline>
<codeline><highlight class="normal">###<sp/>running<sp/>aruco<sp/>detection</highlight></codeline>
<codeline></codeline>
<codeline><highlight class="normal">```bash</highlight></codeline>
<codeline><highlight class="normal">#<sp/>shell<sp/>1</highlight></codeline>
<codeline><highlight class="normal">roslaunch<sp/>robocluedo_robot_hunter<sp/>run.launch<sp/>world_name:=assignment3.world<sp/>2&gt;/dev/null</highlight></codeline>
<codeline></codeline>
<codeline><highlight class="normal">#<sp/>shell<sp/>2</highlight></codeline>
<codeline><highlight class="normal">rosrun<sp/>robocluedo_vision<sp/>aruco_detection</highlight></codeline>
<codeline></codeline>
<codeline><highlight class="normal">```</highlight></codeline>
<codeline></codeline>
<codeline><highlight class="normal">###<sp/>aruco<sp/>decoder</highlight></codeline>
<codeline></codeline>
<codeline><highlight class="normal">```bash</highlight></codeline>
<codeline><highlight class="normal">#<sp/>shell<sp/>1</highlight></codeline>
<codeline><highlight class="normal">roslaunch<sp/>exp_assignment3<sp/>run.launch</highlight></codeline>
<codeline></codeline>
<codeline><highlight class="normal">#<sp/>shell<sp/>2</highlight></codeline>
<codeline><highlight class="normal">rosrun<sp/>robocluedo_vision<sp/>aruco_decode.py</highlight></codeline>
<codeline></codeline>
<codeline><highlight class="normal">#<sp/>shell<sp/>3</highlight></codeline>
<codeline><highlight class="normal">rostopic<sp/>echo<sp/>/oracle_hint</highlight></codeline>
<codeline></codeline>
<codeline><highlight class="normal">#<sp/>shell<sp/>4</highlight></codeline>
<codeline><highlight class="normal">rostopic<sp/>pub<sp/>--once<sp/>/aruco_detected_ids<sp/>std_msgs/Int32<sp/>&quot;data:<sp/>0&quot;</highlight></codeline>
<codeline><highlight class="normal">rostopic<sp/>pub<sp/>--once<sp/>/aruco_detected_ids<sp/>std_msgs/Int32<sp/>&quot;data:<sp/>1&quot;</highlight></codeline>
<codeline><highlight class="normal">rostopic<sp/>pub<sp/>--once<sp/>/aruco_detected_ids<sp/>std_msgs/Int32<sp/>&quot;data:<sp/>2&quot;</highlight></codeline>
<codeline><highlight class="normal">rostopic<sp/>pub<sp/>--once<sp/>/aruco_detected_ids<sp/>std_msgs/Int32<sp/>&quot;data:<sp/>3&quot;</highlight></codeline>
<codeline><highlight class="normal">rostopic<sp/>pub<sp/>--once<sp/>/aruco_detected_ids<sp/>std_msgs/Int32<sp/>&quot;data:<sp/>4&quot;</highlight></codeline>
<codeline><highlight class="normal">rostopic<sp/>pub<sp/>--once<sp/>/aruco_detected_ids<sp/>std_msgs/Int32<sp/>&quot;data:<sp/>5&quot;</highlight></codeline>
<codeline></codeline>
<codeline><highlight class="normal">```</highlight></codeline>
<codeline></codeline>
<codeline><highlight class="normal">##<sp/>TESTING<sp/>PKG<sp/>robocluedo_movement_controller</highlight></codeline>
<codeline></codeline>
<codeline><highlight class="normal">the<sp/>package<sp/>contains<sp/>nodes<sp/>for<sp/>performing<sp/>the<sp/>navigation<sp/>and<sp/>the<sp/>manipulation.<sp/></highlight></codeline>
<codeline></codeline>
<codeline><highlight class="normal">###<sp/>go<sp/>to<sp/>point</highlight></codeline>
<codeline></codeline>
<codeline><highlight class="normal">this<sp/>py<sp/>node<sp/>performs<sp/>a<sp/>simple<sp/>navigation<sp/>between<sp/>two<sp/>points<sp/>in<sp/>a<sp/>path<sp/>without<sp/>obstacles.</highlight></codeline>
<codeline></codeline>
<codeline><highlight class="normal">```bash</highlight></codeline>
<codeline><highlight class="normal">#<sp/>shell<sp/>1</highlight></codeline>
<codeline><highlight class="normal">roslaunch<sp/>robocluedo_robot_hunter<sp/>gazebo.launch<sp/>world_name:=square_room.world<sp/>2&gt;/dev/null</highlight></codeline>
<codeline></codeline>
<codeline><highlight class="normal">#<sp/>shell<sp/>2<sp/>(it<sp/>takes<sp/>minimum<sp/>4<sp/>seconds<sp/>to<sp/>start)</highlight></codeline>
<codeline><highlight class="normal">rosparam<sp/>set<sp/>des_pos_x<sp/>0.0</highlight></codeline>
<codeline><highlight class="normal">rosparam<sp/>set<sp/>des_pos_y<sp/>0.0</highlight></codeline>
<codeline><highlight class="normal">rosrun<sp/>robocluedo_movement_controller<sp/>go_to_point_service_m.py</highlight></codeline>
<codeline></codeline>
<codeline><highlight class="normal">#<sp/>shell<sp/>3</highlight></codeline>
<codeline><highlight class="normal">rosparam<sp/>set<sp/>des_pos_x<sp/>2.0</highlight></codeline>
<codeline><highlight class="normal">rosparam<sp/>set<sp/>des_pos_y<sp/>2.0</highlight></codeline>
<codeline></codeline>
<codeline><highlight class="normal">#no<sp/>responding<sp/>from<sp/>this</highlight></codeline>
<codeline><highlight class="normal">rosservice<sp/>call<sp/>/go_to_point_switch<sp/>&quot;data:<sp/>false&quot;<sp/></highlight></codeline>
<codeline></codeline>
<codeline><highlight class="normal">#<sp/>the<sp/>robot<sp/>starts<sp/>moving</highlight></codeline>
<codeline><highlight class="normal">rosservice<sp/>call<sp/>/go_to_point_switch<sp/>&quot;data:<sp/>true&quot;<sp/></highlight></codeline>
<codeline></codeline>
<codeline><highlight class="normal">#<sp/>a<sp/>more<sp/>structured<sp/>test</highlight></codeline>
<codeline><highlight class="normal">rosservice<sp/>call<sp/>/go_to_point_switch<sp/>&quot;data:<sp/>false&quot;<sp/></highlight></codeline>
<codeline><highlight class="normal">rosparam<sp/>set<sp/>des_pos_x<sp/>-2.0</highlight></codeline>
<codeline><highlight class="normal">rosparam<sp/>set<sp/>des_pos_y<sp/>-2.0</highlight></codeline>
<codeline><highlight class="normal">rosservice<sp/>call<sp/>/go_to_point_switch<sp/>&quot;data:<sp/>true&quot;<sp/></highlight></codeline>
<codeline><highlight class="normal">sleep<sp/>20</highlight></codeline>
<codeline><highlight class="normal">rosservice<sp/>call<sp/>/go_to_point_switch<sp/>&quot;data:<sp/>false&quot;<sp/></highlight></codeline>
<codeline><highlight class="normal">rosparam<sp/>set<sp/>des_pos_x<sp/>-2.0</highlight></codeline>
<codeline><highlight class="normal">rosparam<sp/>set<sp/>des_pos_y<sp/>2.0</highlight></codeline>
<codeline><highlight class="normal">rosservice<sp/>call<sp/>/go_to_point_switch<sp/>&quot;data:<sp/>true&quot;<sp/></highlight></codeline>
<codeline><highlight class="normal">sleep<sp/>20</highlight></codeline>
<codeline><highlight class="normal">rosparam<sp/>set<sp/>des_pos_x<sp/>2.0</highlight></codeline>
<codeline><highlight class="normal">rosparam<sp/>set<sp/>des_pos_y<sp/>-2.0</highlight></codeline>
<codeline><highlight class="normal">rosservice<sp/>call<sp/>/go_to_point_switch<sp/>&quot;data:<sp/>true&quot;<sp/></highlight></codeline>
<codeline><highlight class="normal">sleep<sp/>20</highlight></codeline>
<codeline><highlight class="normal">rosparam<sp/>set<sp/>des_pos_x<sp/>2.0</highlight></codeline>
<codeline><highlight class="normal">rosparam<sp/>set<sp/>des_pos_y<sp/>2.0</highlight></codeline>
<codeline><highlight class="normal">rosservice<sp/>call<sp/>/go_to_point_switch<sp/>&quot;data:<sp/>true&quot;<sp/></highlight></codeline>
<codeline><highlight class="normal">sleep<sp/>20</highlight></codeline>
<codeline><highlight class="normal">rosservice<sp/>call<sp/>/go_to_point_switch<sp/>&quot;data:<sp/>false&quot;<sp/></highlight></codeline>
<codeline></codeline>
<codeline><highlight class="normal">```</highlight></codeline>
<codeline></codeline>
<codeline><highlight class="normal">###<sp/>head<sp/>orientation</highlight></codeline>
<codeline></codeline>
<codeline><highlight class="normal">this<sp/>node<sp/>simply<sp/>rotates<sp/>the<sp/>robot<sp/>of<sp/>a<sp/>certain<sp/>value<sp/>of<sp/>radiants.<sp/></highlight></codeline>
<codeline></codeline>
<codeline><highlight class="normal">```bash</highlight></codeline>
<codeline><highlight class="normal">#<sp/>shell<sp/>1</highlight></codeline>
<codeline><highlight class="normal">roslaunch<sp/>robocluedo_robot_hunter<sp/>gazebo.launch<sp/>world_name:=square_room.world<sp/>2&gt;/dev/null</highlight></codeline>
<codeline></codeline>
<codeline><highlight class="normal">#<sp/>shell<sp/>2<sp/>(it<sp/>takes<sp/>minimum<sp/>4<sp/>seconds<sp/>to<sp/>start)</highlight></codeline>
<codeline><highlight class="normal">rosparam<sp/>set<sp/>des_yaw<sp/>0.0</highlight></codeline>
<codeline><highlight class="normal">rosrun<sp/>robocluedo_movement_controller<sp/>head_orientation.py</highlight></codeline>
<codeline></codeline>
<codeline><highlight class="normal">#<sp/>shell<sp/>3</highlight></codeline>
<codeline><highlight class="normal">rosservice<sp/>call<sp/>/head_orient_switch<sp/>&quot;data:<sp/>false&quot;</highlight></codeline>
<codeline><highlight class="normal">rosparam<sp/>set<sp/>des_yaw<sp/>2.0</highlight></codeline>
<codeline><highlight class="normal">rosservice<sp/>call<sp/>/head_orient_switch<sp/>&quot;data:<sp/>true&quot;</highlight></codeline>
<codeline><highlight class="normal">sleep<sp/>15</highlight></codeline>
<codeline><highlight class="normal">rosservice<sp/>call<sp/>/head_orient_switch<sp/>&quot;data:<sp/>false&quot;</highlight></codeline>
<codeline><highlight class="normal">rosparam<sp/>set<sp/>des_yaw<sp/>-0.5</highlight></codeline>
<codeline><highlight class="normal">rosservice<sp/>call<sp/>/head_orient_switch<sp/>&quot;data:<sp/>true&quot;</highlight></codeline>
<codeline><highlight class="normal">sleep<sp/>15</highlight></codeline>
<codeline><highlight class="normal">rosservice<sp/>call<sp/>/head_orient_switch<sp/>&quot;data:<sp/>false&quot;</highlight></codeline>
<codeline><highlight class="normal">rosparam<sp/>set<sp/>des_yaw<sp/>1.57</highlight></codeline>
<codeline><highlight class="normal">rosservice<sp/>call<sp/>/head_orient_switch<sp/>&quot;data:<sp/>true&quot;</highlight></codeline>
<codeline><highlight class="normal">sleep<sp/>15</highlight></codeline>
<codeline><highlight class="normal">rosservice<sp/>call<sp/>/head_orient_switch<sp/>&quot;data:<sp/>false&quot;</highlight></codeline>
<codeline><highlight class="normal">rosparam<sp/>set<sp/>des_yaw<sp/>-1.57</highlight></codeline>
<codeline><highlight class="normal">rosservice<sp/>call<sp/>/head_orient_switch<sp/>&quot;data:<sp/>true&quot;</highlight></codeline>
<codeline><highlight class="normal">sleep<sp/>15</highlight></codeline>
<codeline><highlight class="normal">rosservice<sp/>call<sp/>/head_orient_switch<sp/>&quot;data:<sp/>false&quot;</highlight></codeline>
<codeline><highlight class="normal">rosparam<sp/>set<sp/>des_yaw<sp/>3.13</highlight></codeline>
<codeline><highlight class="normal">rosservice<sp/>call<sp/>/head_orient_switch<sp/>&quot;data:<sp/>true&quot;</highlight></codeline>
<codeline><highlight class="normal">sleep<sp/>15</highlight></codeline>
<codeline></codeline>
<codeline><highlight class="normal">```</highlight></codeline>
<codeline></codeline>
<codeline><highlight class="normal">###<sp/>wall<sp/>follow<sp/>behaviour</highlight></codeline>
<codeline></codeline>
<codeline><highlight class="normal">```{warning}</highlight></codeline>
<codeline><highlight class="normal">The<sp/>node<sp/>`wall_follow_service_m.py`<sp/>will<sp/>be<sp/>removed<sp/>soon:<sp/>it<sp/>is<sp/>a<sp/>very<sp/>poor<sp/>solution<sp/>for<sp/>path<sp/>planning.<sp/>better<sp/>to<sp/>use<sp/>move_base<sp/>for<sp/>moving<sp/>the<sp/>robot<sp/>in<sp/>indoor<sp/>environments.<sp/></highlight></codeline>
<codeline><highlight class="normal">```</highlight></codeline>
<codeline></codeline>
<codeline><highlight class="normal">```bash</highlight></codeline>
<codeline><highlight class="normal">#<sp/>shell<sp/>1</highlight></codeline>
<codeline><highlight class="normal">roslaunch<sp/>robocluedo_robot_hunter<sp/>gazebo.launch<sp/>world_name:=indoor.world<sp/>2&gt;/dev/null</highlight></codeline>
<codeline></codeline>
<codeline><highlight class="normal">#<sp/>shell<sp/>2<sp/>(it<sp/>takes<sp/>minimum<sp/>4<sp/>seconds<sp/>to<sp/>start)</highlight></codeline>
<codeline><highlight class="normal">rosrun<sp/>robocluedo_movement_controller<sp/>wall_follow_service_m.py</highlight></codeline>
<codeline></codeline>
<codeline><highlight class="normal">#<sp/>shell<sp/>3</highlight></codeline>
<codeline><highlight class="normal">rosservice<sp/>call<sp/>/wall_follower_switch<sp/>&quot;data:<sp/>true&quot;</highlight></codeline>
<codeline><highlight class="normal">sleep<sp/>30</highlight></codeline>
<codeline><highlight class="normal">rosservice<sp/>call<sp/>/wall_follower_switch<sp/>&quot;data:<sp/>false&quot;</highlight></codeline>
<codeline></codeline>
<codeline><highlight class="normal">```</highlight></codeline>
<codeline></codeline>
<codeline><highlight class="normal">###<sp/>the<sp/>bug_m<sp/>module</highlight></codeline>
<codeline></codeline>
<codeline><highlight class="normal">the<sp/>so<sp/>called<sp/>bug_m<sp/>is<sp/>a<sp/>navigation<sp/>controller<sp/>made<sp/>up<sp/>of<sp/>four<sp/>nodes:</highlight></codeline>
<codeline></codeline>
<codeline><highlight class="normal">-<sp/>`bug_m`<sp/>is<sp/>the<sp/>main<sp/>node</highlight></codeline>
<codeline><highlight class="normal">-<sp/>`go_to_point_service_m`<sp/>,<sp/>`head_orientation`<sp/>and<sp/>`wall_follow_service_m`</highlight></codeline>
<codeline></codeline>
<codeline><highlight class="normal">here&apos;s<sp/>the<sp/>test:</highlight></codeline>
<codeline></codeline>
<codeline><highlight class="normal">```bash</highlight></codeline>
<codeline><highlight class="normal">#<sp/>shell<sp/>1</highlight></codeline>
<codeline><highlight class="normal">roslaunch<sp/>robocluedo_robot_hunter<sp/>gazebo.launch<sp/>world_name:=square_room.world<sp/>2&gt;/dev/null</highlight></codeline>
<codeline></codeline>
<codeline><highlight class="normal">#<sp/>shell<sp/>2</highlight></codeline>
<codeline><highlight class="normal">rosparam<sp/>set<sp/>des_pos_x<sp/>0.0</highlight></codeline>
<codeline><highlight class="normal">rosparam<sp/>set<sp/>des_pos_y<sp/>0.0</highlight></codeline>
<codeline><highlight class="normal">rosparam<sp/>set<sp/>des_yaw<sp/>0.0</highlight></codeline>
<codeline><highlight class="normal">rosrun<sp/>robocluedo_movement_controller<sp/>wall_follow_service_m.py<sp/>&amp;</highlight></codeline>
<codeline><highlight class="normal">rosrun<sp/>robocluedo_movement_controller<sp/>go_to_point_service_m.py<sp/>&amp;</highlight></codeline>
<codeline><highlight class="normal">rosrun<sp/>robocluedo_movement_controller<sp/>head_orientation.py<sp/>&amp;<sp/></highlight></codeline>
<codeline><highlight class="normal">rosrun<sp/>robocluedo_movement_controller<sp/>bug_m.py</highlight></codeline>
<codeline></codeline>
<codeline><highlight class="normal">#<sp/>shell<sp/>3</highlight></codeline>
<codeline><highlight class="normal">#<sp/>rosservice<sp/>list<sp/>|<sp/>grep<sp/>switch</highlight></codeline>
<codeline></codeline>
<codeline><highlight class="normal">rosservice<sp/>call<sp/>/bug_switch<sp/>&quot;data:<sp/>false&quot;<sp/></highlight></codeline>
<codeline><highlight class="normal">rosparam<sp/>set<sp/>des_pos_x<sp/>2.0</highlight></codeline>
<codeline><highlight class="normal">rosparam<sp/>set<sp/>des_pos_y<sp/>0.0</highlight></codeline>
<codeline><highlight class="normal">rosparam<sp/>set<sp/>des_yaw<sp/>0.0</highlight></codeline>
<codeline><highlight class="normal">rosservice<sp/>call<sp/>/bug_switch<sp/>&quot;data:<sp/>true&quot;<sp/></highlight></codeline>
<codeline><highlight class="normal">sleep<sp/>15</highlight></codeline>
<codeline><highlight class="normal">rosservice<sp/>call<sp/>/bug_switch<sp/>&quot;data:<sp/>false&quot;<sp/></highlight></codeline>
<codeline><highlight class="normal">rosparam<sp/>set<sp/>des_pos_x<sp/>0.0</highlight></codeline>
<codeline><highlight class="normal">rosparam<sp/>set<sp/>des_pos_y<sp/>2.0</highlight></codeline>
<codeline><highlight class="normal">rosparam<sp/>set<sp/>des_yaw<sp/>1.57</highlight></codeline>
<codeline><highlight class="normal">rosservice<sp/>call<sp/>/bug_switch<sp/>&quot;data:<sp/>true&quot;<sp/></highlight></codeline>
<codeline><highlight class="normal">sleep<sp/>15</highlight></codeline>
<codeline><highlight class="normal">rosservice<sp/>call<sp/>/bug_switch<sp/>&quot;data:<sp/>false&quot;<sp/></highlight></codeline>
<codeline><highlight class="normal">rosparam<sp/>set<sp/>des_pos_x<sp/>-2.0</highlight></codeline>
<codeline><highlight class="normal">rosparam<sp/>set<sp/>des_pos_y<sp/>0.0</highlight></codeline>
<codeline><highlight class="normal">rosparam<sp/>set<sp/>des_yaw<sp/>3.14</highlight></codeline>
<codeline><highlight class="normal">rosservice<sp/>call<sp/>/bug_switch<sp/>&quot;data:<sp/>true&quot;<sp/></highlight></codeline>
<codeline><highlight class="normal">sleep<sp/>15</highlight></codeline>
<codeline><highlight class="normal">rosservice<sp/>call<sp/>/bug_switch<sp/>&quot;data:<sp/>false&quot;<sp/></highlight></codeline>
<codeline><highlight class="normal">rosparam<sp/>set<sp/>des_pos_x<sp/>0.0</highlight></codeline>
<codeline><highlight class="normal">rosparam<sp/>set<sp/>des_pos_y<sp/>-2.0</highlight></codeline>
<codeline><highlight class="normal">rosparam<sp/>set<sp/>des_yaw<sp/>-1.57</highlight></codeline>
<codeline><highlight class="normal">rosservice<sp/>call<sp/>/bug_switch<sp/>&quot;data:<sp/>true&quot;<sp/></highlight></codeline>
<codeline><highlight class="normal">sleep<sp/>15</highlight></codeline>
<codeline><highlight class="normal">rosservice<sp/>call<sp/>/bug_switch<sp/>&quot;data:<sp/>false&quot;<sp/></highlight></codeline>
<codeline></codeline>
<codeline><highlight class="normal">```</highlight></codeline>
<codeline></codeline>
<codeline><highlight class="normal">###<sp/>testing<sp/>navigation<sp/>manager<sp/>--<sp/>bug_m<sp/>controller</highlight></codeline>
<codeline></codeline>
<codeline><highlight class="normal">the<sp/>so<sp/>called<sp/>node<sp/>*navigation<sp/>manager*<sp/>allows</highlight></codeline>
<codeline></codeline>
<codeline><highlight class="normal">-<sp/>to<sp/>interact<sp/>with<sp/>the<sp/>navigation<sp/>system<sp/>making<sp/>an<sp/>abstraction<sp/>between<sp/>the<sp/>navigation<sp/>command<sp/>and<sp/>the<sp/>real<sp/>component<sp/>implementing<sp/>the<sp/>navigation</highlight></codeline>
<codeline><highlight class="normal">-<sp/>to<sp/>change<sp/>at<sp/>runtine<sp/>navigation<sp/>component<sp/>in<sp/>order<sp/>to<sp/>perform<sp/>different<sp/>kinds<sp/>of<sp/>movement<sp/>depending<sp/>on<sp/>the<sp/>situation</highlight></codeline>
<codeline></codeline>
<codeline></codeline>
<codeline><highlight class="normal">```bash</highlight></codeline>
<codeline><highlight class="normal">#<sp/>shell<sp/>1</highlight></codeline>
<codeline><highlight class="normal">roslaunch<sp/>robocluedo_robot_hunter<sp/>gazebo.launch<sp/>world_name:=square_room.world<sp/>2&gt;/dev/null</highlight></codeline>
<codeline></codeline>
<codeline><highlight class="normal">#<sp/>shell<sp/>2</highlight></codeline>
<codeline><highlight class="normal">#<sp/>roslaunch<sp/>robocluedo_movement_controller<sp/>navigation_system.launch</highlight></codeline>
<codeline><highlight class="normal">roslaunch<sp/>robocluedo_movement_controller<sp/>navigation_system.launch<sp/>launch_nav_controller:=false</highlight></codeline>
<codeline></codeline>
<codeline><highlight class="normal">#<sp/>shell<sp/>3</highlight></codeline>
<codeline><highlight class="normal">rosrun<sp/>robocluedo_movement_controller<sp/>navigation_manager</highlight></codeline>
<codeline></codeline>
<codeline><highlight class="normal">#shell<sp/>4</highlight></codeline>
<codeline></codeline>
<codeline><highlight class="normal">#<sp/>this<sp/>sequence<sp/>produces<sp/>a<sp/>error<sp/>(it<sp/>is<sp/>right!)</highlight></codeline>
<codeline><highlight class="normal">rosservice<sp/>call<sp/>/navigation_manager/set_algorithm<sp/>&quot;algorithm:<sp/>0</highlight></codeline>
<codeline><highlight class="normal">enabled:<sp/>false&quot;</highlight></codeline>
<codeline></codeline>
<codeline><highlight class="normal">rosservice<sp/>call<sp/>/navigation_manager/navigation<sp/>&quot;target:</highlight></codeline>
<codeline><highlight class="normal"><sp/><sp/>x:<sp/>1.5</highlight></codeline>
<codeline><highlight class="normal"><sp/><sp/>y:<sp/>2.0</highlight></codeline>
<codeline><highlight class="normal"><sp/><sp/>yaw:<sp/>1.0</highlight></codeline>
<codeline><highlight class="normal">force_enable:<sp/>false&quot;<sp/></highlight></codeline>
<codeline></codeline>
<codeline><highlight class="normal">#<sp/>this<sp/>sequence<sp/>moves<sp/>the<sp/>robot</highlight></codeline>
<codeline><highlight class="normal">rosservice<sp/>call<sp/>/navigation_manager/set_algorithm<sp/>&quot;algorithm:<sp/>0</highlight></codeline>
<codeline><highlight class="normal">enabled:<sp/>true&quot;</highlight></codeline>
<codeline></codeline>
<codeline><highlight class="normal">rosservice<sp/>call<sp/>/navigation_manager/navigation<sp/>&quot;target:</highlight></codeline>
<codeline><highlight class="normal"><sp/><sp/>x:<sp/>-1.5</highlight></codeline>
<codeline><highlight class="normal"><sp/><sp/>y:<sp/>2.0</highlight></codeline>
<codeline><highlight class="normal"><sp/><sp/>yaw:<sp/>1.0</highlight></codeline>
<codeline><highlight class="normal">force_enable:<sp/>false&quot;<sp/></highlight></codeline>
<codeline></codeline>
<codeline><highlight class="normal">#<sp/>this<sp/>sequence<sp/>moves<sp/>the<sp/>robot<sp/>EVEN<sp/>IF<sp/>the<sp/>component<sp/>has<sp/>been<sp/>turned<sp/>off</highlight></codeline>
<codeline><highlight class="normal">rosservice<sp/>call<sp/>/navigation_manager/set_algorithm<sp/>&quot;algorithm:<sp/>0</highlight></codeline>
<codeline><highlight class="normal">enabled:<sp/>false&quot;</highlight></codeline>
<codeline></codeline>
<codeline><highlight class="normal">rosservice<sp/>call<sp/>/navigation_manager/navigation<sp/>&quot;target:</highlight></codeline>
<codeline><highlight class="normal"><sp/><sp/>x:<sp/>1.5</highlight></codeline>
<codeline><highlight class="normal"><sp/><sp/>y:<sp/>-2.0</highlight></codeline>
<codeline><highlight class="normal"><sp/><sp/>yaw:<sp/>1.0</highlight></codeline>
<codeline><highlight class="normal">force_enable:<sp/>true&quot;<sp/></highlight></codeline>
<codeline></codeline>
<codeline><highlight class="normal">```</highlight></codeline>
<codeline></codeline>
<codeline><highlight class="normal">###<sp/>manipulation<sp/>controller</highlight></codeline>
<codeline></codeline>
<codeline><highlight class="normal">```bash</highlight></codeline>
<codeline><highlight class="normal">#<sp/>shell<sp/>1</highlight></codeline>
<codeline><highlight class="normal">roslaunch<sp/>robocluedo_robot_hunter<sp/>run.launch<sp/>world_name:=square_room.world<sp/>2&gt;/dev/null</highlight></codeline>
<codeline></codeline>
<codeline><highlight class="normal">#<sp/>shell<sp/>2</highlight></codeline>
<codeline><highlight class="normal">rosrun<sp/>robocluedo_movement_controller<sp/>manipulation_controller<sp/>2&gt;/dev/null</highlight></codeline>
<codeline></codeline>
<codeline><highlight class="normal">#<sp/>shell<sp/>3</highlight></codeline>
<codeline><highlight class="normal">rosservice<sp/>call<sp/>/tip_pos<sp/>&quot;command:<sp/>0&quot;<sp/></highlight></codeline>
<codeline><highlight class="normal">sleep<sp/>2</highlight></codeline>
<codeline><highlight class="normal">rosservice<sp/>call<sp/>/tip_pos<sp/>&quot;command:<sp/>1&quot;<sp/></highlight></codeline>
<codeline><highlight class="normal">sleep<sp/>2</highlight></codeline>
<codeline><highlight class="normal">rosservice<sp/>call<sp/>/tip_pos<sp/>&quot;command:<sp/>2&quot;<sp/></highlight></codeline>
<codeline><highlight class="normal">sleep<sp/>2</highlight></codeline>
<codeline><highlight class="normal">rosservice<sp/>call<sp/>/tip_pos<sp/>&quot;command:<sp/>3&quot;<sp/></highlight></codeline>
<codeline><highlight class="normal">sleep<sp/>2</highlight></codeline>
<codeline><highlight class="normal">rosservice<sp/>call<sp/>/tip_pos<sp/>&quot;command:<sp/>4&quot;<sp/></highlight></codeline>
<codeline><highlight class="normal">sleep<sp/>2</highlight></codeline>
<codeline><highlight class="normal">rosservice<sp/>call<sp/>/tip_pos<sp/>&quot;command:<sp/>5&quot;<sp/></highlight></codeline>
<codeline><highlight class="normal">sleep<sp/>2</highlight></codeline>
<codeline><highlight class="normal">rosservice<sp/>call<sp/>/tip_pos<sp/>&quot;command:<sp/>6&quot;<sp/></highlight></codeline>
<codeline><highlight class="normal">sleep<sp/>2</highlight></codeline>
<codeline><highlight class="normal">rosservice<sp/>call<sp/>/tip_pos<sp/>&quot;command:<sp/>7&quot;<sp/></highlight></codeline>
<codeline><highlight class="normal">sleep<sp/>2</highlight></codeline>
<codeline><highlight class="normal">rosservice<sp/>call<sp/>/tip_pos<sp/>&quot;command:<sp/>8&quot;<sp/></highlight></codeline>
<codeline><highlight class="normal">sleep<sp/>2</highlight></codeline>
<codeline></codeline>
<codeline><highlight class="normal">#<sp/>UNKNOWN<sp/>POSE</highlight></codeline>
<codeline><highlight class="normal">rosservice<sp/>call<sp/>/tip_pos<sp/>&quot;command:<sp/>9&quot;<sp/></highlight></codeline>
<codeline><highlight class="normal">sleep<sp/>2</highlight></codeline>
<codeline></codeline>
<codeline><highlight class="normal">#<sp/>UNKNOWN<sp/>POSE</highlight></codeline>
<codeline><highlight class="normal">rosservice<sp/>call<sp/>/tip_pos<sp/>&quot;command:<sp/>-1&quot;<sp/></highlight></codeline>
<codeline><highlight class="normal">sleep<sp/>2</highlight></codeline>
<codeline></codeline>
<codeline><highlight class="normal">```</highlight></codeline>
<codeline></codeline>
<codeline><highlight class="normal">###<sp/>manipulation<sp/>controller<sp/>--<sp/>async<sp/>mode</highlight></codeline>
<codeline></codeline>
<codeline><highlight class="normal">thye<sp/>manipulation<sp/>controller<sp/>can<sp/>work<sp/>also<sp/>in<sp/>the<sp/>so<sp/>called<sp/>&quot;async<sp/>mode&quot;:<sp/>simply<sp/>the<sp/>node<sp/>asking<sp/>for<sp/>a<sp/>certain<sp/>pose,<sp/>publishes<sp/>a<sp/>message<sp/>to<sp/>the<sp/>manipulation<sp/>controller,<sp/>which<sp/>applies<sp/>the<sp/>command.<sp/>the<sp/>node<sp/>sending<sp/>the<sp/>request<sp/>shall<sp/>not<sp/>wait<sp/>for<sp/>the<sp/>new<sp/>posture.<sp/></highlight></codeline>
<codeline></codeline>
<codeline><highlight class="normal">```bash</highlight></codeline>
<codeline><highlight class="normal">#<sp/>shell<sp/>1</highlight></codeline>
<codeline><highlight class="normal">roslaunch<sp/>robocluedo_robot_hunter<sp/>run.launch<sp/>world_name:=square_room.world<sp/>2&gt;/dev/null</highlight></codeline>
<codeline></codeline>
<codeline><highlight class="normal">#<sp/>shell<sp/>2</highlight></codeline>
<codeline><highlight class="normal">rosrun<sp/>robocluedo_movement_controller<sp/>manipulation_controller<sp/>2&gt;/dev/null</highlight></codeline>
<codeline></codeline>
<codeline><highlight class="normal">#<sp/>shell<sp/>3</highlight></codeline>
<codeline><highlight class="normal">rosservice<sp/>call<sp/>/tip_pos<sp/>&quot;command:<sp/>0&quot;<sp/></highlight></codeline>
<codeline><highlight class="normal">sleep<sp/>2</highlight></codeline>
<codeline><highlight class="normal">rosservice<sp/>call<sp/>/tip_pos<sp/>&quot;command:<sp/>1&quot;<sp/></highlight></codeline>
<codeline><highlight class="normal">sleep<sp/>2</highlight></codeline>
<codeline><highlight class="normal">rosservice<sp/>call<sp/>/tip_pos<sp/>&quot;command:<sp/>2&quot;<sp/></highlight></codeline>
<codeline><highlight class="normal">sleep<sp/>2</highlight></codeline>
<codeline><highlight class="normal">rosservice<sp/>call<sp/>/tip_pos<sp/>&quot;command:<sp/>3&quot;<sp/></highlight></codeline>
<codeline><highlight class="normal">sleep<sp/>2</highlight></codeline>
<codeline><highlight class="normal">rosservice<sp/>call<sp/>/tip_pos<sp/>&quot;command:<sp/>4&quot;<sp/></highlight></codeline>
<codeline><highlight class="normal">sleep<sp/>2</highlight></codeline>
<codeline><highlight class="normal">rosservice<sp/>call<sp/>/tip_pos<sp/>&quot;command:<sp/>5&quot;<sp/></highlight></codeline>
<codeline><highlight class="normal">sleep<sp/>2</highlight></codeline>
<codeline><highlight class="normal">rosservice<sp/>call<sp/>/tip_pos<sp/>&quot;command:<sp/>6&quot;<sp/></highlight></codeline>
<codeline><highlight class="normal">sleep<sp/>2</highlight></codeline>
<codeline><highlight class="normal">rosservice<sp/>call<sp/>/tip_pos<sp/>&quot;command:<sp/>7&quot;<sp/></highlight></codeline>
<codeline><highlight class="normal">sleep<sp/>2</highlight></codeline>
<codeline><highlight class="normal">rosservice<sp/>call<sp/>/tip_pos<sp/>&quot;command:<sp/>8&quot;<sp/></highlight></codeline>
<codeline><highlight class="normal">sleep<sp/>2</highlight></codeline>
<codeline></codeline>
<codeline><highlight class="normal">#<sp/>UNKNOWN<sp/>POSE</highlight></codeline>
<codeline><highlight class="normal">rosservice<sp/>call<sp/>/tip_pos<sp/>&quot;command:<sp/>9&quot;<sp/></highlight></codeline>
<codeline><highlight class="normal">sleep<sp/>2</highlight></codeline>
<codeline></codeline>
<codeline><highlight class="normal">#<sp/>UNKNOWN<sp/>POSE</highlight></codeline>
<codeline><highlight class="normal">rosservice<sp/>call<sp/>/tip_pos<sp/>&quot;command:<sp/>-1&quot;<sp/></highlight></codeline>
<codeline><highlight class="normal">sleep<sp/>2</highlight></codeline>
<codeline></codeline>
<codeline><highlight class="normal">```</highlight></codeline>
<codeline></codeline>
<codeline><highlight class="normal">another<sp/>version<sp/>of<sp/>the<sp/>same<sp/>test:</highlight></codeline>
<codeline></codeline>
<codeline><highlight class="normal">```bash</highlight></codeline>
<codeline><highlight class="normal">#<sp/>shell<sp/>1</highlight></codeline>
<codeline><highlight class="normal">roslaunch<sp/>robocluedo_robot_hunter<sp/>run.launch<sp/>world_name:=indoor.world<sp/>2&gt;/dev/null</highlight></codeline>
<codeline></codeline>
<codeline><highlight class="normal">#<sp/>shell<sp/>2</highlight></codeline>
<codeline><highlight class="normal">rosrun<sp/>robocluedo_movement_controller<sp/>manipulation_controller<sp/>2&gt;/dev/null</highlight></codeline>
<codeline></codeline>
<codeline><highlight class="normal">#<sp/>shell<sp/>3</highlight></codeline>
<codeline><highlight class="normal">rosrun<sp/>robocluedo_mission_manager<sp/>manipulation_unit</highlight></codeline>
<codeline></codeline>
<codeline><highlight class="normal">#<sp/>shell<sp/>4</highlight></codeline>
<codeline><highlight class="normal">rosservice<sp/>list<sp/>|<sp/>grep<sp/>tip</highlight></codeline>
<codeline><highlight class="normal">#<sp/>/tip_pos</highlight></codeline>
<codeline><highlight class="normal">#<sp/>/tip_pos_auto_switch</highlight></codeline>
<codeline></codeline>
<codeline><highlight class="normal">rosservice<sp/>call<sp/>/tip_pos_auto_switch<sp/>&quot;data:<sp/>true&quot;</highlight></codeline>
<codeline><highlight class="normal">#<sp/>6<sp/>different<sp/>poses</highlight></codeline>
<codeline><highlight class="normal">sleep<sp/>60<sp/></highlight></codeline>
<codeline><highlight class="normal">rosservice<sp/>call<sp/>/tip_pos_auto_switch<sp/>&quot;data:<sp/>false&quot;</highlight></codeline>
<codeline></codeline>
<codeline><highlight class="normal">```</highlight></codeline>
<codeline></codeline>
<codeline><highlight class="normal">##<sp/>TESTING<sp/>rosplan<sp/>plus<sp/>real<sp/>motion<sp/>controller</highlight></codeline>
<codeline></codeline>
<codeline><highlight class="normal">it<sp/>is<sp/>the<sp/>same<sp/>last<sp/>test<sp/>of<sp/>robocluedo<sp/>ROSPlan,<sp/>but<sp/>this<sp/>time<sp/>using<sp/>the<sp/>real<sp/>movement<sp/>controller.<sp/></highlight></codeline>
<codeline></codeline>
<codeline><highlight class="normal">```bash</highlight></codeline>
<codeline><highlight class="normal">#<sp/>shell<sp/>1</highlight></codeline>
<codeline><highlight class="normal">roslaunch<sp/>robocluedo_mission_manager<sp/>run_components.launch<sp/>launch_robot:=true<sp/>launch_rosplan:=true<sp/>launch_motion_controllers:=true<sp/>launch_oracle:=true<sp/>launch_mission_manager_components:=true<sp/>launch_mission_manager:=false<sp/>launch_aruco:=false<sp/>2&gt;/dev/null</highlight></codeline>
<codeline></codeline>
<codeline><highlight class="normal">#<sp/>shell<sp/>2</highlight></codeline>
<codeline><highlight class="normal">rosservice<sp/>call<sp/>/robocluedo/pipeline_manager<sp/>&quot;{load_problem:<sp/>true,<sp/>solve_problem:<sp/>true,<sp/>parse_plan:<sp/>true,<sp/>execute_plan:<sp/>true,<sp/>landmark:<sp/>0}&quot;<sp/></highlight></codeline>
<codeline><highlight class="normal">rosservice<sp/>call<sp/>/robocluedo/pipeline_manager<sp/>&quot;{load_problem:<sp/>true,<sp/>solve_problem:<sp/>true,<sp/>parse_plan:<sp/>true,<sp/>execute_plan:<sp/>true,<sp/>landmark:<sp/>1}&quot;<sp/></highlight></codeline>
<codeline><highlight class="normal">rosservice<sp/>call<sp/>/robocluedo/pipeline_manager<sp/>&quot;{load_problem:<sp/>true,<sp/>solve_problem:<sp/>true,<sp/>parse_plan:<sp/>true,<sp/>execute_plan:<sp/>true,<sp/>landmark:<sp/>1}&quot;<sp/></highlight></codeline>
<codeline><highlight class="normal">rosservice<sp/>call<sp/>/robocluedo/pipeline_manager<sp/>&quot;{load_problem:<sp/>true,<sp/>solve_problem:<sp/>true,<sp/>parse_plan:<sp/>true,<sp/>execute_plan:<sp/>true,<sp/>landmark:<sp/>1}&quot;<sp/></highlight></codeline>
<codeline><highlight class="normal">rosservice<sp/>call<sp/>/robocluedo/pipeline_manager<sp/>&quot;{load_problem:<sp/>true,<sp/>solve_problem:<sp/>true,<sp/>parse_plan:<sp/>true,<sp/>execute_plan:<sp/>true,<sp/>landmark:<sp/>1}&quot;<sp/></highlight></codeline>
<codeline><highlight class="normal">rosservice<sp/>call<sp/>/robocluedo/pipeline_manager<sp/>&quot;{load_problem:<sp/>true,<sp/>solve_problem:<sp/>true,<sp/>parse_plan:<sp/>true,<sp/>execute_plan:<sp/>true,<sp/>landmark:<sp/>1}&quot;<sp/></highlight></codeline>
<codeline><highlight class="normal">rosservice<sp/>call<sp/>/robocluedo/pipeline_manager<sp/>&quot;{load_problem:<sp/>true,<sp/>solve_problem:<sp/>true,<sp/>parse_plan:<sp/>true,<sp/>execute_plan:<sp/>true,<sp/>landmark:<sp/>1}&quot;<sp/></highlight></codeline>
<codeline><highlight class="normal">rosservice<sp/>call<sp/>/robocluedo/pipeline_manager<sp/>&quot;{load_problem:<sp/>true,<sp/>solve_problem:<sp/>true,<sp/>parse_plan:<sp/>true,<sp/>execute_plan:<sp/>true,<sp/>landmark:<sp/>2}&quot;</highlight></codeline>
<codeline></codeline>
<codeline><highlight class="normal">rosservice<sp/>call<sp/>/robocluedo/pipeline_manager<sp/>&quot;{load_problem:<sp/>true,<sp/>solve_problem:<sp/>true,<sp/>parse_plan:<sp/>true,<sp/>execute_plan:<sp/>true,<sp/>landmark:<sp/>0}&quot;<sp/></highlight></codeline>
<codeline><highlight class="normal">rosservice<sp/>call<sp/>/robocluedo/pipeline_manager<sp/>&quot;{load_problem:<sp/>true,<sp/>solve_problem:<sp/>true,<sp/>parse_plan:<sp/>true,<sp/>execute_plan:<sp/>true,<sp/>landmark:<sp/>1}&quot;<sp/></highlight></codeline>
<codeline><highlight class="normal">rosservice<sp/>call<sp/>/robocluedo/pipeline_manager<sp/>&quot;{load_problem:<sp/>true,<sp/>solve_problem:<sp/>true,<sp/>parse_plan:<sp/>true,<sp/>execute_plan:<sp/>true,<sp/>landmark:<sp/>1}&quot;<sp/></highlight></codeline>
<codeline><highlight class="normal">rosservice<sp/>call<sp/>/robocluedo/pipeline_manager<sp/>&quot;{load_problem:<sp/>true,<sp/>solve_problem:<sp/>true,<sp/>parse_plan:<sp/>true,<sp/>execute_plan:<sp/>true,<sp/>landmark:<sp/>1}&quot;<sp/></highlight></codeline>
<codeline><highlight class="normal">rosservice<sp/>call<sp/>/robocluedo/pipeline_manager<sp/>&quot;{load_problem:<sp/>true,<sp/>solve_problem:<sp/>true,<sp/>parse_plan:<sp/>true,<sp/>execute_plan:<sp/>true,<sp/>landmark:<sp/>1}&quot;<sp/></highlight></codeline>
<codeline><highlight class="normal">rosservice<sp/>call<sp/>/robocluedo/pipeline_manager<sp/>&quot;{load_problem:<sp/>true,<sp/>solve_problem:<sp/>true,<sp/>parse_plan:<sp/>true,<sp/>execute_plan:<sp/>true,<sp/>landmark:<sp/>1}&quot;<sp/></highlight></codeline>
<codeline><highlight class="normal">rosservice<sp/>call<sp/>/robocluedo/pipeline_manager<sp/>&quot;{load_problem:<sp/>true,<sp/>solve_problem:<sp/>true,<sp/>parse_plan:<sp/>true,<sp/>execute_plan:<sp/>true,<sp/>landmark:<sp/>1}&quot;<sp/></highlight></codeline>
<codeline><highlight class="normal">rosservice<sp/>call<sp/>/robocluedo/pipeline_manager<sp/>&quot;{load_problem:<sp/>true,<sp/>solve_problem:<sp/>true,<sp/>parse_plan:<sp/>true,<sp/>execute_plan:<sp/>true,<sp/>landmark:<sp/>2}&quot;</highlight></codeline>
<codeline></codeline>
<codeline><highlight class="normal">```</highlight></codeline>
<codeline></codeline>
<codeline><highlight class="normal">##<sp/>TESTING<sp/>AI,<sp/>motion<sp/>and<sp/>ArUco</highlight></codeline>
<codeline></codeline>
<codeline><highlight class="normal">###<sp/>RCL2<sp/>components<sp/>and<sp/>ArUco<sp/>(no<sp/>armor)</highlight></codeline>
<codeline></codeline>
<codeline><highlight class="normal">```bash</highlight></codeline>
<codeline><highlight class="normal">#<sp/>shell<sp/>1</highlight></codeline>
<codeline><highlight class="normal">roslaunch<sp/>robocluedo_mission_manager<sp/>run_components.launch<sp/>launch_robot:=true<sp/>launch_rosplan:=true<sp/>launch_motion_controllers:=true<sp/>launch_oracle:=true<sp/>launch_aruco:=true<sp/>launch_mission_manager_components:=true<sp/>launch_mission_manager:=false<sp/>2&gt;/dev/null</highlight></codeline>
<codeline></codeline>
<codeline><highlight class="normal">#<sp/>shell<sp/>2</highlight></codeline>
<codeline><highlight class="normal">rosservice<sp/>call<sp/>/robocluedo/pipeline_manager<sp/>&quot;{load_problem:<sp/>true,<sp/>solve_problem:<sp/>true,<sp/>parse_plan:<sp/>true,<sp/>execute_plan:<sp/>true,<sp/>landmark:<sp/>0}&quot;<sp/></highlight></codeline>
<codeline><highlight class="normal">rosservice<sp/>call<sp/>/robocluedo/pipeline_manager<sp/>&quot;{load_problem:<sp/>true,<sp/>solve_problem:<sp/>true,<sp/>parse_plan:<sp/>true,<sp/>execute_plan:<sp/>true,<sp/>landmark:<sp/>1}&quot;<sp/></highlight></codeline>
<codeline><highlight class="normal">rosservice<sp/>call<sp/>/robocluedo/pipeline_manager<sp/>&quot;{load_problem:<sp/>true,<sp/>solve_problem:<sp/>true,<sp/>parse_plan:<sp/>true,<sp/>execute_plan:<sp/>true,<sp/>landmark:<sp/>2}&quot;<sp/></highlight></codeline>
<codeline></codeline>
<codeline><highlight class="normal">```</highlight></codeline>
<codeline></codeline>
<codeline><highlight class="normal">###<sp/>ARUCO<sp/>unit<sp/>separated</highlight></codeline>
<codeline></codeline>
<codeline><highlight class="normal">```bash</highlight></codeline>
<codeline><highlight class="normal">#<sp/>shell<sp/>1</highlight></codeline>
<codeline><highlight class="normal">roslaunch<sp/>robocluedo_mission_manager<sp/>run_components.launch<sp/>launch_robot:=true<sp/>launch_rosplan:=true<sp/>launch_motion_controllers:=true<sp/>launch_oracle:=true<sp/>launch_aruco:=false<sp/>launch_mission_manager_components:=true<sp/>launch_mission_manager:=false<sp/>2&gt;/dev/null</highlight></codeline>
<codeline></codeline>
<codeline><highlight class="normal">#<sp/>shell<sp/>2</highlight></codeline>
<codeline><highlight class="normal">roslaunch<sp/>robocluedo_vision<sp/>run.launch</highlight></codeline>
<codeline></codeline>
<codeline><highlight class="normal">#<sp/>shell<sp/>2</highlight></codeline>
<codeline><highlight class="normal">rostopic<sp/>echo<sp/>/oracle_hint</highlight></codeline>
<codeline></codeline>
<codeline><highlight class="normal">#<sp/>shell<sp/>4</highlight></codeline>
<codeline><highlight class="normal">rosservice<sp/>call<sp/>/robocluedo/pipeline_manager<sp/>&quot;{load_problem:<sp/>true,<sp/>solve_problem:<sp/>true,<sp/>parse_plan:<sp/>true,<sp/>execute_plan:<sp/>true,<sp/>landmark:<sp/>0}&quot;<sp/></highlight></codeline>
<codeline><highlight class="normal">rosservice<sp/>call<sp/>/robocluedo/pipeline_manager<sp/>&quot;{load_problem:<sp/>true,<sp/>solve_problem:<sp/>true,<sp/>parse_plan:<sp/>true,<sp/>execute_plan:<sp/>true,<sp/>landmark:<sp/>1}&quot;<sp/></highlight></codeline>
<codeline><highlight class="normal">rosservice<sp/>call<sp/>/robocluedo/pipeline_manager<sp/>&quot;{load_problem:<sp/>true,<sp/>solve_problem:<sp/>true,<sp/>parse_plan:<sp/>true,<sp/>execute_plan:<sp/>true,<sp/>landmark:<sp/>1}&quot;<sp/></highlight></codeline>
<codeline><highlight class="normal">rosservice<sp/>call<sp/>/robocluedo/pipeline_manager<sp/>&quot;{load_problem:<sp/>true,<sp/>solve_problem:<sp/>true,<sp/>parse_plan:<sp/>true,<sp/>execute_plan:<sp/>true,<sp/>landmark:<sp/>1}&quot;<sp/></highlight></codeline>
<codeline><highlight class="normal">rosservice<sp/>call<sp/>/robocluedo/pipeline_manager<sp/>&quot;{load_problem:<sp/>true,<sp/>solve_problem:<sp/>true,<sp/>parse_plan:<sp/>true,<sp/>execute_plan:<sp/>true,<sp/>landmark:<sp/>1}&quot;<sp/></highlight></codeline>
<codeline><highlight class="normal">rosservice<sp/>call<sp/>/robocluedo/pipeline_manager<sp/>&quot;{load_problem:<sp/>true,<sp/>solve_problem:<sp/>true,<sp/>parse_plan:<sp/>true,<sp/>execute_plan:<sp/>true,<sp/>landmark:<sp/>1}&quot;<sp/></highlight></codeline>
<codeline><highlight class="normal">rosservice<sp/>call<sp/>/robocluedo/pipeline_manager<sp/>&quot;{load_problem:<sp/>true,<sp/>solve_problem:<sp/>true,<sp/>parse_plan:<sp/>true,<sp/>execute_plan:<sp/>true,<sp/>landmark:<sp/>2}&quot;<sp/></highlight></codeline>
<codeline></codeline>
<codeline><highlight class="normal">```</highlight></codeline>
<codeline></codeline>
<codeline><highlight class="normal">###<sp/>hints<sp/>detection</highlight></codeline>
<codeline></codeline>
<codeline><highlight class="normal">a<sp/>variant<sp/>of<sp/>the<sp/>abovementioned<sp/>test<sp/>which<sp/>allows<sp/>to<sp/>see<sp/>the<sp/>hints<sp/>from<sp/>the<sp/>unit<sp/>`aruco_decode.py`</highlight></codeline>
<codeline></codeline>
<codeline><highlight class="normal">```bash</highlight></codeline>
<codeline><highlight class="normal">#<sp/>shell<sp/>1</highlight></codeline>
<codeline><highlight class="normal">roslaunch<sp/>robocluedo_mission_manager<sp/>run_components.launch<sp/>launch_robot:=true<sp/>launch_rosplan:=true<sp/>launch_motion_controllers:=true<sp/>launch_oracle:=true<sp/>launch_aruco:=true<sp/>launch_mission_manager_components:=true<sp/>launch_mission_manager:=false<sp/>2&gt;/dev/null</highlight></codeline>
<codeline></codeline>
<codeline><highlight class="normal">#<sp/>shell<sp/>2</highlight></codeline>
<codeline><highlight class="normal">rostopic<sp/>echo<sp/>/oracle_hint</highlight></codeline>
<codeline></codeline>
<codeline><highlight class="normal">#<sp/>shell<sp/>3</highlight></codeline>
<codeline><highlight class="normal">rosservice<sp/>call<sp/>/robocluedo/pipeline_manager<sp/>&quot;{load_problem:<sp/>true,<sp/>solve_problem:<sp/>true,<sp/>parse_plan:<sp/>true,<sp/>execute_plan:<sp/>true,<sp/>landmark:<sp/>0}&quot;<sp/></highlight></codeline>
<codeline><highlight class="normal">rosservice<sp/>call<sp/>/robocluedo/pipeline_manager<sp/>&quot;{load_problem:<sp/>true,<sp/>solve_problem:<sp/>true,<sp/>parse_plan:<sp/>true,<sp/>execute_plan:<sp/>true,<sp/>landmark:<sp/>1}&quot;<sp/></highlight></codeline>
<codeline><highlight class="normal">rosservice<sp/>call<sp/>/robocluedo/pipeline_manager<sp/>&quot;{load_problem:<sp/>true,<sp/>solve_problem:<sp/>true,<sp/>parse_plan:<sp/>true,<sp/>execute_plan:<sp/>true,<sp/>landmark:<sp/>1}&quot;<sp/></highlight></codeline>
<codeline><highlight class="normal">rosservice<sp/>call<sp/>/robocluedo/pipeline_manager<sp/>&quot;{load_problem:<sp/>true,<sp/>solve_problem:<sp/>true,<sp/>parse_plan:<sp/>true,<sp/>execute_plan:<sp/>true,<sp/>landmark:<sp/>1}&quot;<sp/></highlight></codeline>
<codeline><highlight class="normal">rosservice<sp/>call<sp/>/robocluedo/pipeline_manager<sp/>&quot;{load_problem:<sp/>true,<sp/>solve_problem:<sp/>true,<sp/>parse_plan:<sp/>true,<sp/>execute_plan:<sp/>true,<sp/>landmark:<sp/>1}&quot;<sp/></highlight></codeline>
<codeline><highlight class="normal">rosservice<sp/>call<sp/>/robocluedo/pipeline_manager<sp/>&quot;{load_problem:<sp/>true,<sp/>solve_problem:<sp/>true,<sp/>parse_plan:<sp/>true,<sp/>execute_plan:<sp/>true,<sp/>landmark:<sp/>1}&quot;<sp/></highlight></codeline>
<codeline><highlight class="normal">rosservice<sp/>call<sp/>/robocluedo/pipeline_manager<sp/>&quot;{load_problem:<sp/>true,<sp/>solve_problem:<sp/>true,<sp/>parse_plan:<sp/>true,<sp/>execute_plan:<sp/>true,<sp/>landmark:<sp/>2}&quot;<sp/></highlight></codeline>
<codeline></codeline>
<codeline><highlight class="normal">```</highlight></codeline>
<codeline></codeline>
<codeline><highlight class="normal">###<sp/>hints<sp/>detection<sp/>and<sp/>movements<sp/>of<sp/>the<sp/>arm</highlight></codeline>
<codeline></codeline>
<codeline><highlight class="normal">let&apos;s<sp/>add<sp/>the<sp/>authomatic<sp/>movements<sp/>of<sp/>the<sp/>arm<sp/>during<sp/>the<sp/>exploration<sp/>of<sp/>the<sp/>environment:</highlight></codeline>
<codeline></codeline>
<codeline><highlight class="normal">```bash</highlight></codeline>
<codeline><highlight class="normal">#<sp/>shell<sp/>1</highlight></codeline>
<codeline><highlight class="normal">roslaunch<sp/>robocluedo_mission_manager<sp/>run_components.launch<sp/>launch_robot:=true<sp/>launch_rosplan:=true<sp/>launch_motion_controllers:=true<sp/>launch_oracle:=true<sp/>launch_aruco:=true<sp/>launch_mission_manager_components:=true<sp/>launch_mission_manager:=false<sp/>2&gt;/dev/null</highlight></codeline>
<codeline></codeline>
<codeline><highlight class="normal">#<sp/>shell<sp/>2</highlight></codeline>
<codeline><highlight class="normal">rostopic<sp/>echo<sp/>/oracle_hint</highlight></codeline>
<codeline></codeline>
<codeline><highlight class="normal">#<sp/>shell<sp/>3</highlight></codeline>
<codeline><highlight class="normal">rosservice<sp/>call<sp/>/tip_pos_auto_switch<sp/>&quot;data:<sp/>true&quot;</highlight></codeline>
<codeline><highlight class="normal">rosservice<sp/>call<sp/>/robocluedo/pipeline_manager<sp/>&quot;{load_problem:<sp/>true,<sp/>solve_problem:<sp/>true,<sp/>parse_plan:<sp/>true,<sp/>execute_plan:<sp/>true,<sp/>landmark:<sp/>0}&quot;<sp/></highlight></codeline>
<codeline><highlight class="normal">rosservice<sp/>call<sp/>/robocluedo/pipeline_manager<sp/>&quot;{load_problem:<sp/>true,<sp/>solve_problem:<sp/>true,<sp/>parse_plan:<sp/>true,<sp/>execute_plan:<sp/>true,<sp/>landmark:<sp/>1}&quot;<sp/></highlight></codeline>
<codeline><highlight class="normal">rosservice<sp/>call<sp/>/robocluedo/pipeline_manager<sp/>&quot;{load_problem:<sp/>true,<sp/>solve_problem:<sp/>true,<sp/>parse_plan:<sp/>true,<sp/>execute_plan:<sp/>true,<sp/>landmark:<sp/>1}&quot;<sp/></highlight></codeline>
<codeline><highlight class="normal">rosservice<sp/>call<sp/>/robocluedo/pipeline_manager<sp/>&quot;{load_problem:<sp/>true,<sp/>solve_problem:<sp/>true,<sp/>parse_plan:<sp/>true,<sp/>execute_plan:<sp/>true,<sp/>landmark:<sp/>1}&quot;<sp/></highlight></codeline>
<codeline><highlight class="normal">rosservice<sp/>call<sp/>/robocluedo/pipeline_manager<sp/>&quot;{load_problem:<sp/>true,<sp/>solve_problem:<sp/>true,<sp/>parse_plan:<sp/>true,<sp/>execute_plan:<sp/>true,<sp/>landmark:<sp/>1}&quot;<sp/></highlight></codeline>
<codeline><highlight class="normal">rosservice<sp/>call<sp/>/robocluedo/pipeline_manager<sp/>&quot;{load_problem:<sp/>true,<sp/>solve_problem:<sp/>true,<sp/>parse_plan:<sp/>true,<sp/>execute_plan:<sp/>true,<sp/>landmark:<sp/>1}&quot;<sp/></highlight></codeline>
<codeline><highlight class="normal">rosservice<sp/>call<sp/>/robocluedo/pipeline_manager<sp/>&quot;{load_problem:<sp/>true,<sp/>solve_problem:<sp/>true,<sp/>parse_plan:<sp/>true,<sp/>execute_plan:<sp/>true,<sp/>landmark:<sp/>2}&quot;<sp/></highlight></codeline>
<codeline></codeline>
<codeline><highlight class="normal">```</highlight></codeline>
<codeline></codeline>
<codeline><highlight class="normal">##<sp/>Final<sp/>Tests</highlight></codeline>
<codeline></codeline>
<codeline><highlight class="normal">**before<sp/>running<sp/>these<sp/>tests**<sp/>:<sp/></highlight></codeline>
<codeline></codeline>
<codeline><highlight class="normal">-<sp/>(optional)<sp/>enable<sp/>the<sp/>macros<sp/>`WAITKEY`<sp/>in<sp/>the<sp/>`robocluedo_mission_manager/mission_manager.cpp`<sp/>by<sp/>setting<sp/>`#define<sp/>WAITKEY_ENABLED<sp/>true`</highlight></codeline>
<codeline><highlight class="normal"><sp/><sp/><sp/><sp/></highlight></codeline>
<codeline><highlight class="normal"><sp/><sp/><sp/><sp/>the<sp/>program<sp/>will<sp/>stop<sp/>the<sp/>execution<sp/>at<sp/>each<sp/>important<sp/>step</highlight></codeline>
<codeline><highlight class="normal"><sp/><sp/><sp/><sp/></highlight></codeline>
<codeline><highlight class="normal">-<sp/>enable<sp/>the<sp/>development<sp/>mode<sp/>in<sp/>the<sp/>oracle<sp/>located<sp/>at<sp/>`robocluedo_dependencied_erl2/src/simulation.cpp`<sp/>:<sp/>set<sp/>`#define<sp/>NOT_TESTING<sp/>false`</highlight></codeline>
<codeline><highlight class="normal"><sp/><sp/><sp/><sp/></highlight></codeline>
<codeline><highlight class="normal"><sp/><sp/><sp/><sp/>this<sp/>option<sp/>says<sp/>the<sp/>Oracle<sp/>to<sp/>send<sp/>just<sp/>the<sp/>elements<sp/>of<sp/>th<sp/>winner<sp/>message<sp/>and<sp/>not<sp/>all<sp/>the<sp/>other<sp/>items.<sp/>keys<sp/>are<sp/>selected<sp/>randomly<sp/>from<sp/>the<sp/>fields<sp/>of<sp/>the<sp/>winner<sp/>ID.<sp/></highlight></codeline>
<codeline></codeline>
<codeline><highlight class="normal">###<sp/>first<sp/>test</highlight></codeline>
<codeline></codeline>
<codeline><highlight class="normal">this<sp/>test<sp/>allows<sp/>to<sp/>see<sp/>the<sp/>output<sp/>from<sp/>aRMOR.</highlight></codeline>
<codeline></codeline>
<codeline><highlight class="normal">```bash</highlight></codeline>
<codeline><highlight class="normal">#<sp/>shell<sp/>1</highlight></codeline>
<codeline><highlight class="normal">roslaunch<sp/>robocluedo_mission_manager<sp/>run_components.launch<sp/>2&gt;/dev/null</highlight></codeline>
<codeline></codeline>
<codeline><highlight class="normal">#<sp/>shell<sp/>2</highlight></codeline>
<codeline><highlight class="normal">roslaunch<sp/>robocluedo_armor<sp/>run.launch</highlight></codeline>
<codeline></codeline>
<codeline><highlight class="normal">#<sp/>shell<sp/>3</highlight></codeline>
<codeline><highlight class="normal">rosrun<sp/>robocluedo_mission_manager<sp/>mission_manager</highlight></codeline>
<codeline><highlight class="normal">```</highlight></codeline>
<codeline></codeline>
<codeline><highlight class="normal">###<sp/>another<sp/>test</highlight></codeline>
<codeline></codeline>
<codeline><highlight class="normal">this<sp/>test<sp/>is<sp/>used<sp/>for<sp/>checking<sp/>the<sp/>behaviour<sp/>of<sp/>ROSPlan,<sp/>and<sp/>in<sp/>particular<sp/>of<sp/>the<sp/>pipeline<sp/>manager<sp/>(which<sp/>is<sp/>written<sp/>in<sp/>Python<sp/>unfortunately).</highlight></codeline>
<codeline></codeline>
<codeline><highlight class="normal">*this<sp/>test<sp/>corresponds<sp/>to<sp/>how<sp/>to<sp/>run<sp/>the<sp/>project.*</highlight></codeline>
<codeline></codeline>
<codeline><highlight class="normal">```bash</highlight></codeline>
<codeline><highlight class="normal">#<sp/>shell<sp/>1</highlight></codeline>
<codeline><highlight class="normal">roslaunch<sp/>robocluedo_mission_manager<sp/>run_components_2.launch<sp/>2&gt;/dev/null</highlight></codeline>
<codeline></codeline>
<codeline><highlight class="normal">#<sp/>shell<sp/>2</highlight></codeline>
<codeline><highlight class="normal">roslaunch<sp/>robocluedo_rosplan<sp/>run.launch</highlight></codeline>
<codeline></codeline>
<codeline><highlight class="normal">#<sp/>shell<sp/>3</highlight></codeline>
<codeline><highlight class="normal">rosrun<sp/>robocluedo_mission_manager<sp/>mission_manager</highlight></codeline>
<codeline><highlight class="normal">```</highlight></codeline>
    </programlisting>
    <location file="robocluedo_module_testing/_docs/test-the-project.md"/>
  </compounddef>
</doxygen>
