<?xml version='1.0' encoding='UTF-8' standalone='no'?>
<doxygen xmlns:xsi="http://www.w3.org/2001/XMLSchema-instance" xsi:noNamespaceSchemaLocation="compound.xsd" version="1.8.17">
  <compounddef id="test-the-project_8md_8txt" kind="file" language="C++">
    <compoundname>test-the-project.md.txt</compoundname>
      <sectiondef kind="var">
      <memberdef kind="variable" id="test-the-project_8md_8txt_1a55dd736f4f71cb873cf19cbad443bf12" prot="public" static="no" mutable="no">
        <type>or at least <ref refid="cpp-docs-template_8md_8txt_1a8dfd148d0f4736cfd77e16fc5d110ad2" kindref="member">the</ref> outputs not too much long be <ref refid="test-the-project_8md_8txt_1a88c88a11ad9fbe857c741c4815fe3aff" kindref="member">sure</ref> <ref refid="erl2-oracle-user-manual_8md_8txt_1a632de8b15e93d1707f094dd7429c5a99" kindref="member">that</ref> *<ref refid="cpp-docs-template_8md_8txt_1a8dfd148d0f4736cfd77e16fc5d110ad2" kindref="member">the</ref> entire <ref refid="blocksworld_8rst_8txt_1a6676ee1c2d2af97d56517edbd39d72e3" kindref="member">project</ref> has been compiled entirely without errors see <ref refid="cpp-docs-template_8md_8txt_1a8dfd148d0f4736cfd77e16fc5d110ad2" kindref="member">the</ref> instructions <ref refid="robocluedo-urdf-user-manual_8md_8txt_1a22870bf92aa401ba106bafa9bf2752ba" kindref="member">this</ref> <ref refid="pddl-and-rosplan_8md_8txt_1a4a216636640adc20fe063a6b1956bf5a" kindref="member">test</ref> lets to understand <ref refid="rosplan-kb_8md_8txt_1a101e8d4e13051c1d9a3c167da5bfed54" kindref="member">if</ref> aRMOR is doing its work in <ref refid="cpp-docs-template_8md_8txt_1a8dfd148d0f4736cfd77e16fc5d110ad2" kindref="member">the</ref> correct way in <ref refid="cpp-docs-template_8md_8txt_1a8dfd148d0f4736cfd77e16fc5d110ad2" kindref="member">the</ref> <ref refid="armor-how-to-run_8md_8txt_1af07f67896e6c5ed95f763c298de4215b" kindref="member">package</ref> robocluedo_module_Testing <ref refid="robocluedo_8md_8txt_1acb4d10f2f024670a78292c2a0b4104ca" kindref="member">there</ref> s <ref refid="erl2-oracle-user-manual_8md_8txt_1ad06afa07b0e26dd80f556e318c747644" kindref="member">a</ref> node called test_armor cpp whose job is just to perform <ref refid="cpp-docs-template_8md_8txt_1a8dfd148d0f4736cfd77e16fc5d110ad2" kindref="member">the</ref> most basic operations on aRMOR *If even <ref refid="robocluedo-urdf-user-manual_8md_8txt_1a22870bf92aa401ba106bafa9bf2752ba" kindref="member">this</ref> simple script doesn t</type>
        <definition>or at least the outputs not too much long be sure that* the entire project has been compiled entirely without errors see the instructions this test lets to understand if aRMOR is doing its work in the correct way in the package robocluedo_module_Testing there s a node called test_armor cpp whose job is just to perform the most basic operations on aRMOR* If even this simple script doesn t work</definition>
        <argsstring></argsstring>
        <name>work</name>
        <briefdescription>
        </briefdescription>
        <detaileddescription>
        </detaileddescription>
        <inbodydescription>
        </inbodydescription>
        <location file="_build/html/_sources/_docs/test-the-project.md.txt" line="22" column="175" bodyfile="_build/html/_sources/_docs/test-the-project.md.txt" bodystart="4" bodyend="-1"/>
      </memberdef>
      <memberdef kind="variable" id="test-the-project_8md_8txt_1ab9c30914b6e8a2a87c4305b70785cbfa" prot="public" static="no" mutable="no">
        <type>or at least <ref refid="cpp-docs-template_8md_8txt_1a8dfd148d0f4736cfd77e16fc5d110ad2" kindref="member">the</ref> outputs not too much long be <ref refid="test-the-project_8md_8txt_1a88c88a11ad9fbe857c741c4815fe3aff" kindref="member">sure</ref> <ref refid="erl2-oracle-user-manual_8md_8txt_1a632de8b15e93d1707f094dd7429c5a99" kindref="member">that</ref> *<ref refid="cpp-docs-template_8md_8txt_1a8dfd148d0f4736cfd77e16fc5d110ad2" kindref="member">the</ref> entire <ref refid="blocksworld_8rst_8txt_1a6676ee1c2d2af97d56517edbd39d72e3" kindref="member">project</ref> has been compiled entirely without errors see <ref refid="cpp-docs-template_8md_8txt_1a8dfd148d0f4736cfd77e16fc5d110ad2" kindref="member">the</ref> instructions <ref refid="robocluedo-urdf-user-manual_8md_8txt_1a22870bf92aa401ba106bafa9bf2752ba" kindref="member">this</ref> test lets to understand <ref refid="rosplan-kb_8md_8txt_1a101e8d4e13051c1d9a3c167da5bfed54" kindref="member">if</ref> aRMOR is doing its <ref refid="test-the-project_8md_8txt_1a55dd736f4f71cb873cf19cbad443bf12" kindref="member">work</ref> in <ref refid="cpp-docs-template_8md_8txt_1a8dfd148d0f4736cfd77e16fc5d110ad2" kindref="member">the</ref> correct way in <ref refid="cpp-docs-template_8md_8txt_1a8dfd148d0f4736cfd77e16fc5d110ad2" kindref="member">the</ref> <ref refid="armor-how-to-run_8md_8txt_1af07f67896e6c5ed95f763c298de4215b" kindref="member">package</ref> robocluedo_module_Testing <ref refid="robocluedo_8md_8txt_1acb4d10f2f024670a78292c2a0b4104ca" kindref="member">there</ref> s <ref refid="erl2-oracle-user-manual_8md_8txt_1ad06afa07b0e26dd80f556e318c747644" kindref="member">a</ref> node called test_armor cpp whose job is just to perform <ref refid="cpp-docs-template_8md_8txt_1a8dfd148d0f4736cfd77e16fc5d110ad2" kindref="member">the</ref> most basic operations on aRMOR *If even <ref refid="robocluedo-urdf-user-manual_8md_8txt_1a22870bf92aa401ba106bafa9bf2752ba" kindref="member">this</ref> simple script doesn t <ref refid="robocluedo_8md_8txt_1acb4d10f2f024670a78292c2a0b4104ca" kindref="member">there</ref> s <ref refid="erl2-oracle-user-manual_8md_8txt_1ad06afa07b0e26dd80f556e318c747644" kindref="member">a</ref> problem with your installation of aRMOR ***how to run <ref refid="cpp-docs-template_8md_8txt_1a8dfd148d0f4736cfd77e16fc5d110ad2" kindref="member">the</ref></type>
        <definition>or at least the outputs not too much long be sure that *the entire project has been compiled entirely without errors see the instructions this test lets to understand if aRMOR is doing its work in the correct way in the package robocluedo_module_Testing there s a node called test_armor cpp whose job is just to perform the most basic operations on aRMOR *If even this simple script doesn t there s a problem with your installation of aRMOR ***how to run the then made more detailed by its child class armor_cluedo **how to run the making the interaction between the system and the ontology even easier **how to run the test</definition>
        <argsstring></argsstring>
        <name>test</name>
        <briefdescription>
        </briefdescription>
        <detaileddescription>
        </detaileddescription>
        <inbodydescription>
        </inbodydescription>
        <location file="_build/html/_sources/_docs/test-the-project.md.txt" line="24" column="16" bodyfile="_build/html/_sources/_docs/test-the-project.md.txt" bodystart="39" bodyend="-1"/>
      </memberdef>
      <memberdef kind="variable" id="test-the-project_8md_8txt_1a88c88a11ad9fbe857c741c4815fe3aff" prot="public" static="no" mutable="no">
        <type>or at least <ref refid="cpp-docs-template_8md_8txt_1a8dfd148d0f4736cfd77e16fc5d110ad2" kindref="member">the</ref> outputs not too much long be sure <ref refid="erl2-oracle-user-manual_8md_8txt_1a632de8b15e93d1707f094dd7429c5a99" kindref="member">that</ref> *<ref refid="cpp-docs-template_8md_8txt_1a8dfd148d0f4736cfd77e16fc5d110ad2" kindref="member">the</ref> entire <ref refid="blocksworld_8rst_8txt_1a6676ee1c2d2af97d56517edbd39d72e3" kindref="member">project</ref> has been compiled entirely without errors see <ref refid="cpp-docs-template_8md_8txt_1a8dfd148d0f4736cfd77e16fc5d110ad2" kindref="member">the</ref> instructions <ref refid="robocluedo-urdf-user-manual_8md_8txt_1a22870bf92aa401ba106bafa9bf2752ba" kindref="member">this</ref> <ref refid="pddl-and-rosplan_8md_8txt_1a4a216636640adc20fe063a6b1956bf5a" kindref="member">test</ref> lets to understand <ref refid="rosplan-kb_8md_8txt_1a101e8d4e13051c1d9a3c167da5bfed54" kindref="member">if</ref> aRMOR is doing its <ref refid="test-the-project_8md_8txt_1a55dd736f4f71cb873cf19cbad443bf12" kindref="member">work</ref> in <ref refid="cpp-docs-template_8md_8txt_1a8dfd148d0f4736cfd77e16fc5d110ad2" kindref="member">the</ref> correct way in <ref refid="cpp-docs-template_8md_8txt_1a8dfd148d0f4736cfd77e16fc5d110ad2" kindref="member">the</ref> <ref refid="armor-how-to-run_8md_8txt_1af07f67896e6c5ed95f763c298de4215b" kindref="member">package</ref> robocluedo_module_Testing <ref refid="robocluedo_8md_8txt_1acb4d10f2f024670a78292c2a0b4104ca" kindref="member">there</ref> s <ref refid="erl2-oracle-user-manual_8md_8txt_1ad06afa07b0e26dd80f556e318c747644" kindref="member">a</ref> node called test_armor cpp whose job is just to perform <ref refid="cpp-docs-template_8md_8txt_1a8dfd148d0f4736cfd77e16fc5d110ad2" kindref="member">the</ref> most basic operations on aRMOR *If even <ref refid="robocluedo-urdf-user-manual_8md_8txt_1a22870bf92aa401ba106bafa9bf2752ba" kindref="member">this</ref> simple script doesn t <ref refid="robocluedo_8md_8txt_1acb4d10f2f024670a78292c2a0b4104ca" kindref="member">there</ref> s <ref refid="erl2-oracle-user-manual_8md_8txt_1ad06afa07b0e26dd80f556e318c747644" kindref="member">a</ref> problem with your installation of aRMOR ***how to run <ref refid="cpp-docs-template_8md_8txt_1a8dfd148d0f4736cfd77e16fc5d110ad2" kindref="member">the</ref> <ref refid="erl2-oracle-user-manual_8md_8txt_1a94818b5eaf29d0eaf44d31daa86edd84" kindref="member">then</ref> made more detailed by its child <ref refid="examples__cluedo_8md_8txt_1a6d5127a3f7f0cdb640dc89707783a957" kindref="member">class</ref> armor_cluedo **how to run <ref refid="cpp-docs-template_8md_8txt_1a8dfd148d0f4736cfd77e16fc5d110ad2" kindref="member">the</ref> making <ref refid="cpp-docs-template_8md_8txt_1a8dfd148d0f4736cfd77e16fc5d110ad2" kindref="member">the</ref> interaction between <ref refid="cpp-docs-template_8md_8txt_1a8dfd148d0f4736cfd77e16fc5d110ad2" kindref="member">the</ref> <ref refid="robocluedo_8md_8txt_1ad39625d3f97633d655eb50c16dcf9e3a" kindref="member">system</ref> <ref refid="test-the-project_8md_8txt_1aa51bacc8577cd59a57530a0cceef3784" kindref="member">and</ref> <ref refid="cpp-docs-template_8md_8txt_1a8dfd148d0f4736cfd77e16fc5d110ad2" kindref="member">the</ref> <ref refid="examples__tools_8md_8txt_1a1884bacf5f018fc17d8b364c4c6d819b" kindref="member">ontology</ref> even easier **how to run <ref refid="cpp-docs-template_8md_8txt_1a8dfd148d0f4736cfd77e16fc5d110ad2" kindref="member">the</ref> but to be</type>
        <definition>or at least the outputs not too much long be sure that* the entire project has been compiled entirely without errors see the instructions this test lets to understand if aRMOR is doing its work in the correct way in the package robocluedo_module_Testing there s a node called test_armor cpp whose job is just to perform the most basic operations on aRMOR* If even this simple script doesn t there s a problem with your installation of aRMOR* ** how to run the then made more detailed by its child class armor_cluedo** how to run the making the interaction between the system and the ontology even easier** how to run the but to be sure</definition>
        <argsstring></argsstring>
        <name>sure</name>
        <briefdescription>
        </briefdescription>
        <detaileddescription>
        </detaileddescription>
        <inbodydescription>
        </inbodydescription>
        <location file="_build/html/_sources/_docs/test-the-project.md.txt" line="73" column="12" bodyfile="_build/html/_sources/_docs/test-the-project.md.txt" bodystart="73" bodyend="-1"/>
      </memberdef>
      <memberdef kind="variable" id="test-the-project_8md_8txt_1ae9880850b92fe7594f93a01193dc189d" prot="public" static="no" mutable="no">
        <type>or at least <ref refid="cpp-docs-template_8md_8txt_1a8dfd148d0f4736cfd77e16fc5d110ad2" kindref="member">the</ref> outputs not too much long be <ref refid="test-the-project_8md_8txt_1a88c88a11ad9fbe857c741c4815fe3aff" kindref="member">sure</ref> <ref refid="erl2-oracle-user-manual_8md_8txt_1a632de8b15e93d1707f094dd7429c5a99" kindref="member">that</ref> *<ref refid="cpp-docs-template_8md_8txt_1a8dfd148d0f4736cfd77e16fc5d110ad2" kindref="member">the</ref> entire <ref refid="blocksworld_8rst_8txt_1a6676ee1c2d2af97d56517edbd39d72e3" kindref="member">project</ref> has been compiled entirely without errors see <ref refid="cpp-docs-template_8md_8txt_1a8dfd148d0f4736cfd77e16fc5d110ad2" kindref="member">the</ref> instructions <ref refid="robocluedo-urdf-user-manual_8md_8txt_1a22870bf92aa401ba106bafa9bf2752ba" kindref="member">this</ref> <ref refid="pddl-and-rosplan_8md_8txt_1a4a216636640adc20fe063a6b1956bf5a" kindref="member">test</ref> lets to understand <ref refid="rosplan-kb_8md_8txt_1a101e8d4e13051c1d9a3c167da5bfed54" kindref="member">if</ref> aRMOR is doing its <ref refid="test-the-project_8md_8txt_1a55dd736f4f71cb873cf19cbad443bf12" kindref="member">work</ref> in <ref refid="cpp-docs-template_8md_8txt_1a8dfd148d0f4736cfd77e16fc5d110ad2" kindref="member">the</ref> correct way in <ref refid="cpp-docs-template_8md_8txt_1a8dfd148d0f4736cfd77e16fc5d110ad2" kindref="member">the</ref> <ref refid="armor-how-to-run_8md_8txt_1af07f67896e6c5ed95f763c298de4215b" kindref="member">package</ref> robocluedo_module_Testing <ref refid="robocluedo_8md_8txt_1acb4d10f2f024670a78292c2a0b4104ca" kindref="member">there</ref> s <ref refid="erl2-oracle-user-manual_8md_8txt_1ad06afa07b0e26dd80f556e318c747644" kindref="member">a</ref> node called test_armor cpp whose job is just to perform <ref refid="cpp-docs-template_8md_8txt_1a8dfd148d0f4736cfd77e16fc5d110ad2" kindref="member">the</ref> most basic operations on aRMOR *If even <ref refid="robocluedo-urdf-user-manual_8md_8txt_1a22870bf92aa401ba106bafa9bf2752ba" kindref="member">this</ref> simple script doesn t <ref refid="robocluedo_8md_8txt_1acb4d10f2f024670a78292c2a0b4104ca" kindref="member">there</ref> s <ref refid="erl2-oracle-user-manual_8md_8txt_1ad06afa07b0e26dd80f556e318c747644" kindref="member">a</ref> problem with your installation of aRMOR ***how to run <ref refid="cpp-docs-template_8md_8txt_1a8dfd148d0f4736cfd77e16fc5d110ad2" kindref="member">the</ref> <ref refid="erl2-oracle-user-manual_8md_8txt_1a94818b5eaf29d0eaf44d31daa86edd84" kindref="member">then</ref> made more detailed by its child <ref refid="examples__cluedo_8md_8txt_1a6d5127a3f7f0cdb640dc89707783a957" kindref="member">class</ref> armor_cluedo **how to run <ref refid="cpp-docs-template_8md_8txt_1a8dfd148d0f4736cfd77e16fc5d110ad2" kindref="member">the</ref> making <ref refid="cpp-docs-template_8md_8txt_1a8dfd148d0f4736cfd77e16fc5d110ad2" kindref="member">the</ref> interaction between <ref refid="cpp-docs-template_8md_8txt_1a8dfd148d0f4736cfd77e16fc5d110ad2" kindref="member">the</ref> <ref refid="robocluedo_8md_8txt_1ad39625d3f97633d655eb50c16dcf9e3a" kindref="member">system</ref> <ref refid="test-the-project_8md_8txt_1aa51bacc8577cd59a57530a0cceef3784" kindref="member">and</ref> <ref refid="cpp-docs-template_8md_8txt_1a8dfd148d0f4736cfd77e16fc5d110ad2" kindref="member">the</ref> <ref refid="examples__tools_8md_8txt_1a1884bacf5f018fc17d8b364c4c6d819b" kindref="member">ontology</ref> even easier **how to run <ref refid="cpp-docs-template_8md_8txt_1a8dfd148d0f4736cfd77e16fc5d110ad2" kindref="member">the</ref> but to be <ref refid="robocluedo_8md_8txt_1acb4d10f2f024670a78292c2a0b4104ca" kindref="member">there</ref> s <ref refid="erl2-oracle-user-manual_8md_8txt_1ad06afa07b0e26dd80f556e318c747644" kindref="member">a</ref> simple way to <ref refid="pddl-and-rosplan_8md_8txt_1a4a216636640adc20fe063a6b1956bf5a" kindref="member">test</ref> out</type>
        <definition>or at least the outputs not too much long be sure that* the entire project has been compiled entirely without errors see the instructions this test lets to understand if aRMOR is doing its work in the correct way in the package robocluedo_module_Testing there s a node called test_armor cpp whose job is just to perform the most basic operations on aRMOR* If even this simple script doesn t there s a problem with your installation of aRMOR* ** how to run the then made more detailed by its child class armor_cluedo** how to run the making the interaction between the system and the ontology even easier** how to run the but to be there s a simple way to test out it</definition>
        <argsstring></argsstring>
        <name>it</name>
        <briefdescription>
        </briefdescription>
        <detaileddescription>
        </detaileddescription>
        <inbodydescription>
        </inbodydescription>
        <location file="_build/html/_sources/_docs/test-the-project.md.txt" line="73" column="49" bodyfile="_build/html/_sources/_docs/test-the-project.md.txt" bodystart="75" bodyend="-1"/>
        <referencedby refid="rosplan-kb_8md_8txt_1a70b081480885bd2f2b09ae4e492abc6c" compoundref="rosplan-kb_8md_8txt" startline="231" endline="237">for</referencedby>
        <referencedby refid="class_armor_cluedo_1aaf1832ed634a017c48e26c48f58c5f68" compoundref="armor__cluedo_8cpp" startline="165" endline="179">ArmorCluedo::FindCompleteHypotheses</referencedby>
        <referencedby refid="test__armor__cluedo_8cpp_1a349df24894d6a8c020f02bf53b723769" compoundref="test__armor__cluedo_8cpp" startline="49" endline="65">printList</referencedby>
        <referencedby refid="classkb__tools_1afcdd633b556099168c1c97df9923e33d" compoundref="kb__tools_8cpp" startline="69" endline="101">kb_tools::get_predicate</referencedby>
        <referencedby refid="classkb__tools_1a28db234bb29bece4e83b7a27201fa013" compoundref="kb__tools_8cpp" startline="109" endline="141">kb_tools::set_predicate</referencedby>
        <referencedby refid="classkb__tools_1a7fb58239d1af820464b79c37ed7baa54" compoundref="kb__tools_8cpp" startline="145" endline="176">kb_tools::set_goal</referencedby>
        <referencedby refid="classkb__tools_1a1b5b559fba6923f0e73b426a0144c5a7" compoundref="kb__tools_8cpp" startline="184" endline="206">kb_tools::request_query</referencedby>
        <referencedby refid="classkb__tools_1a2687b3d61e2e8abe4469ed3011c75320" compoundref="kb__tools_8cpp" startline="210" endline="235">kb_tools::request_update</referencedby>
        <referencedby refid="classkb__tools_1ac39559c5414b4254d13d61fca5c3f6a5" compoundref="kb__tools_8cpp" startline="239" endline="248">kb_tools::keyvalue2map</referencedby>
      </memberdef>
      <memberdef kind="variable" id="test-the-project_8md_8txt_1a02cf8e56bf8e60000d70191b4b870ddc" prot="public" static="no" mutable="no">
        <type>or at least <ref refid="cpp-docs-template_8md_8txt_1a8dfd148d0f4736cfd77e16fc5d110ad2" kindref="member">the</ref> outputs not too much long be <ref refid="test-the-project_8md_8txt_1a88c88a11ad9fbe857c741c4815fe3aff" kindref="member">sure</ref> <ref refid="erl2-oracle-user-manual_8md_8txt_1a632de8b15e93d1707f094dd7429c5a99" kindref="member">that</ref> *<ref refid="cpp-docs-template_8md_8txt_1a8dfd148d0f4736cfd77e16fc5d110ad2" kindref="member">the</ref> entire <ref refid="blocksworld_8rst_8txt_1a6676ee1c2d2af97d56517edbd39d72e3" kindref="member">project</ref> has been compiled entirely without errors see <ref refid="cpp-docs-template_8md_8txt_1a8dfd148d0f4736cfd77e16fc5d110ad2" kindref="member">the</ref> instructions <ref refid="robocluedo-urdf-user-manual_8md_8txt_1a22870bf92aa401ba106bafa9bf2752ba" kindref="member">this</ref> <ref refid="pddl-and-rosplan_8md_8txt_1a4a216636640adc20fe063a6b1956bf5a" kindref="member">test</ref> lets to understand <ref refid="rosplan-kb_8md_8txt_1a101e8d4e13051c1d9a3c167da5bfed54" kindref="member">if</ref> aRMOR is doing its <ref refid="test-the-project_8md_8txt_1a55dd736f4f71cb873cf19cbad443bf12" kindref="member">work</ref> in <ref refid="cpp-docs-template_8md_8txt_1a8dfd148d0f4736cfd77e16fc5d110ad2" kindref="member">the</ref> correct way in <ref refid="cpp-docs-template_8md_8txt_1a8dfd148d0f4736cfd77e16fc5d110ad2" kindref="member">the</ref> <ref refid="armor-how-to-run_8md_8txt_1af07f67896e6c5ed95f763c298de4215b" kindref="member">package</ref> robocluedo_module_Testing <ref refid="robocluedo_8md_8txt_1acb4d10f2f024670a78292c2a0b4104ca" kindref="member">there</ref> s <ref refid="erl2-oracle-user-manual_8md_8txt_1ad06afa07b0e26dd80f556e318c747644" kindref="member">a</ref> node called test_armor cpp whose job is just to perform <ref refid="cpp-docs-template_8md_8txt_1a8dfd148d0f4736cfd77e16fc5d110ad2" kindref="member">the</ref> most basic operations on aRMOR *If even <ref refid="robocluedo-urdf-user-manual_8md_8txt_1a22870bf92aa401ba106bafa9bf2752ba" kindref="member">this</ref> simple script doesn t <ref refid="robocluedo_8md_8txt_1acb4d10f2f024670a78292c2a0b4104ca" kindref="member">there</ref> s <ref refid="erl2-oracle-user-manual_8md_8txt_1ad06afa07b0e26dd80f556e318c747644" kindref="member">a</ref> problem with your installation of aRMOR ***how to run <ref refid="cpp-docs-template_8md_8txt_1a8dfd148d0f4736cfd77e16fc5d110ad2" kindref="member">the</ref> <ref refid="erl2-oracle-user-manual_8md_8txt_1a94818b5eaf29d0eaf44d31daa86edd84" kindref="member">then</ref> made more detailed by its child <ref refid="examples__cluedo_8md_8txt_1a6d5127a3f7f0cdb640dc89707783a957" kindref="member">class</ref> armor_cluedo **how to run <ref refid="cpp-docs-template_8md_8txt_1a8dfd148d0f4736cfd77e16fc5d110ad2" kindref="member">the</ref> making <ref refid="cpp-docs-template_8md_8txt_1a8dfd148d0f4736cfd77e16fc5d110ad2" kindref="member">the</ref> interaction between <ref refid="cpp-docs-template_8md_8txt_1a8dfd148d0f4736cfd77e16fc5d110ad2" kindref="member">the</ref> <ref refid="robocluedo_8md_8txt_1ad39625d3f97633d655eb50c16dcf9e3a" kindref="member">system</ref> <ref refid="test-the-project_8md_8txt_1aa51bacc8577cd59a57530a0cceef3784" kindref="member">and</ref> <ref refid="cpp-docs-template_8md_8txt_1a8dfd148d0f4736cfd77e16fc5d110ad2" kindref="member">the</ref> <ref refid="examples__tools_8md_8txt_1a1884bacf5f018fc17d8b364c4c6d819b" kindref="member">ontology</ref> even easier **how to run <ref refid="cpp-docs-template_8md_8txt_1a8dfd148d0f4736cfd77e16fc5d110ad2" kindref="member">the</ref> but to be <ref refid="robocluedo_8md_8txt_1acb4d10f2f024670a78292c2a0b4104ca" kindref="member">there</ref> s <ref refid="erl2-oracle-user-manual_8md_8txt_1ad06afa07b0e26dd80f556e318c747644" kindref="member">a</ref> simple way to <ref refid="pddl-and-rosplan_8md_8txt_1a4a216636640adc20fe063a6b1956bf5a" kindref="member">test</ref> out use roscd to find</type>
        <definition>or at least the outputs not too much long be sure that* the entire project has been compiled entirely without errors see the instructions this test lets to understand if aRMOR is doing its work in the correct way in the package robocluedo_module_Testing there s a node called test_armor cpp whose job is just to perform the most basic operations on aRMOR* If even this simple script doesn t there s a problem with your installation of aRMOR* ** how to run the then made more detailed by its child class armor_cluedo** how to run the making the interaction between the system and the ontology even easier** how to run the but to be there s a simple way to test out use roscd to find rosplan</definition>
        <argsstring></argsstring>
        <name>rosplan</name>
        <briefdescription>
        </briefdescription>
        <detaileddescription>
        </detaileddescription>
        <inbodydescription>
        </inbodydescription>
        <location file="_build/html/_sources/_docs/test-the-project.md.txt" line="75" column="20" bodyfile="_build/html/_sources/_docs/test-the-project.md.txt" bodystart="76" bodyend="-1"/>
      </memberdef>
      <memberdef kind="variable" id="test-the-project_8md_8txt_1a4e2e631513107f23f08ea494a50c6679" prot="public" static="no" mutable="no">
        <type>or at least <ref refid="cpp-docs-template_8md_8txt_1a8dfd148d0f4736cfd77e16fc5d110ad2" kindref="member">the</ref> outputs not too much long be <ref refid="test-the-project_8md_8txt_1a88c88a11ad9fbe857c741c4815fe3aff" kindref="member">sure</ref> <ref refid="erl2-oracle-user-manual_8md_8txt_1a632de8b15e93d1707f094dd7429c5a99" kindref="member">that</ref> *<ref refid="cpp-docs-template_8md_8txt_1a8dfd148d0f4736cfd77e16fc5d110ad2" kindref="member">the</ref> entire <ref refid="blocksworld_8rst_8txt_1a6676ee1c2d2af97d56517edbd39d72e3" kindref="member">project</ref> has been compiled entirely without errors see <ref refid="cpp-docs-template_8md_8txt_1a8dfd148d0f4736cfd77e16fc5d110ad2" kindref="member">the</ref> instructions <ref refid="robocluedo-urdf-user-manual_8md_8txt_1a22870bf92aa401ba106bafa9bf2752ba" kindref="member">this</ref> <ref refid="pddl-and-rosplan_8md_8txt_1a4a216636640adc20fe063a6b1956bf5a" kindref="member">test</ref> lets to understand <ref refid="rosplan-kb_8md_8txt_1a101e8d4e13051c1d9a3c167da5bfed54" kindref="member">if</ref> aRMOR is doing its <ref refid="test-the-project_8md_8txt_1a55dd736f4f71cb873cf19cbad443bf12" kindref="member">work</ref> in <ref refid="cpp-docs-template_8md_8txt_1a8dfd148d0f4736cfd77e16fc5d110ad2" kindref="member">the</ref> correct way in <ref refid="cpp-docs-template_8md_8txt_1a8dfd148d0f4736cfd77e16fc5d110ad2" kindref="member">the</ref> <ref refid="armor-how-to-run_8md_8txt_1af07f67896e6c5ed95f763c298de4215b" kindref="member">package</ref> robocluedo_module_Testing <ref refid="robocluedo_8md_8txt_1acb4d10f2f024670a78292c2a0b4104ca" kindref="member">there</ref> s <ref refid="erl2-oracle-user-manual_8md_8txt_1ad06afa07b0e26dd80f556e318c747644" kindref="member">a</ref> node called test_armor cpp whose job is just to perform <ref refid="cpp-docs-template_8md_8txt_1a8dfd148d0f4736cfd77e16fc5d110ad2" kindref="member">the</ref> most basic operations on aRMOR *If even <ref refid="robocluedo-urdf-user-manual_8md_8txt_1a22870bf92aa401ba106bafa9bf2752ba" kindref="member">this</ref> simple script doesn t <ref refid="robocluedo_8md_8txt_1acb4d10f2f024670a78292c2a0b4104ca" kindref="member">there</ref> s <ref refid="erl2-oracle-user-manual_8md_8txt_1ad06afa07b0e26dd80f556e318c747644" kindref="member">a</ref> problem with your installation of aRMOR ***how to run <ref refid="cpp-docs-template_8md_8txt_1a8dfd148d0f4736cfd77e16fc5d110ad2" kindref="member">the</ref> <ref refid="erl2-oracle-user-manual_8md_8txt_1a94818b5eaf29d0eaf44d31daa86edd84" kindref="member">then</ref> made more detailed by its child <ref refid="examples__cluedo_8md_8txt_1a6d5127a3f7f0cdb640dc89707783a957" kindref="member">class</ref> armor_cluedo **how to run <ref refid="cpp-docs-template_8md_8txt_1a8dfd148d0f4736cfd77e16fc5d110ad2" kindref="member">the</ref> making <ref refid="cpp-docs-template_8md_8txt_1a8dfd148d0f4736cfd77e16fc5d110ad2" kindref="member">the</ref> interaction between <ref refid="cpp-docs-template_8md_8txt_1a8dfd148d0f4736cfd77e16fc5d110ad2" kindref="member">the</ref> <ref refid="robocluedo_8md_8txt_1ad39625d3f97633d655eb50c16dcf9e3a" kindref="member">system</ref> <ref refid="test-the-project_8md_8txt_1aa51bacc8577cd59a57530a0cceef3784" kindref="member">and</ref> <ref refid="cpp-docs-template_8md_8txt_1a8dfd148d0f4736cfd77e16fc5d110ad2" kindref="member">the</ref> <ref refid="examples__tools_8md_8txt_1a1884bacf5f018fc17d8b364c4c6d819b" kindref="member">ontology</ref> even easier **how to run <ref refid="cpp-docs-template_8md_8txt_1a8dfd148d0f4736cfd77e16fc5d110ad2" kindref="member">the</ref> but to be <ref refid="robocluedo_8md_8txt_1acb4d10f2f024670a78292c2a0b4104ca" kindref="member">there</ref> s <ref refid="erl2-oracle-user-manual_8md_8txt_1ad06afa07b0e26dd80f556e318c747644" kindref="member">a</ref> simple way to <ref refid="pddl-and-rosplan_8md_8txt_1a4a216636640adc20fe063a6b1956bf5a" kindref="member">test</ref> out use roscd to find *try to solve <ref refid="cpp-docs-template_8md_8txt_1a8dfd148d0f4736cfd77e16fc5d110ad2" kindref="member">the</ref> projeb with solve_popf</type>
        <definition>or at least the outputs not too much long be sure that* the entire project has been compiled entirely without errors see the instructions this test lets to understand if aRMOR is doing its work in the correct way in the package robocluedo_module_Testing there s a node called test_armor cpp whose job is just to perform the most basic operations on aRMOR* If even this simple script doesn t there s a problem with your installation of aRMOR* ** how to run the then made more detailed by its child class armor_cluedo** how to run the making the interaction between the system and the ontology even easier** how to run the but to be there s a simple way to test out use roscd to find * try to solve the projeb with solve_popf sh</definition>
        <argsstring></argsstring>
        <name>sh</name>
        <briefdescription>
        </briefdescription>
        <detaileddescription>
        </detaileddescription>
        <inbodydescription>
        </inbodydescription>
        <location file="_build/html/_sources/_docs/test-the-project.md.txt" line="76" column="41" bodyfile="_build/html/_sources/_docs/test-the-project.md.txt" bodystart="76" bodyend="-1"/>
      </memberdef>
      <memberdef kind="variable" id="test-the-project_8md_8txt_1a8dbc90314e0b72f878403cb5852150da" prot="public" static="no" mutable="no">
        <type>or at least <ref refid="cpp-docs-template_8md_8txt_1a8dfd148d0f4736cfd77e16fc5d110ad2" kindref="member">the</ref> outputs not too much long be <ref refid="test-the-project_8md_8txt_1a88c88a11ad9fbe857c741c4815fe3aff" kindref="member">sure</ref> <ref refid="erl2-oracle-user-manual_8md_8txt_1a632de8b15e93d1707f094dd7429c5a99" kindref="member">that</ref> *<ref refid="cpp-docs-template_8md_8txt_1a8dfd148d0f4736cfd77e16fc5d110ad2" kindref="member">the</ref> entire <ref refid="blocksworld_8rst_8txt_1a6676ee1c2d2af97d56517edbd39d72e3" kindref="member">project</ref> has been compiled entirely without errors see <ref refid="cpp-docs-template_8md_8txt_1a8dfd148d0f4736cfd77e16fc5d110ad2" kindref="member">the</ref> instructions this <ref refid="pddl-and-rosplan_8md_8txt_1a4a216636640adc20fe063a6b1956bf5a" kindref="member">test</ref> lets to understand <ref refid="rosplan-kb_8md_8txt_1a101e8d4e13051c1d9a3c167da5bfed54" kindref="member">if</ref> aRMOR is doing its <ref refid="test-the-project_8md_8txt_1a55dd736f4f71cb873cf19cbad443bf12" kindref="member">work</ref> in <ref refid="cpp-docs-template_8md_8txt_1a8dfd148d0f4736cfd77e16fc5d110ad2" kindref="member">the</ref> correct way in <ref refid="cpp-docs-template_8md_8txt_1a8dfd148d0f4736cfd77e16fc5d110ad2" kindref="member">the</ref> <ref refid="armor-how-to-run_8md_8txt_1af07f67896e6c5ed95f763c298de4215b" kindref="member">package</ref> robocluedo_module_Testing <ref refid="robocluedo_8md_8txt_1acb4d10f2f024670a78292c2a0b4104ca" kindref="member">there</ref> s <ref refid="erl2-oracle-user-manual_8md_8txt_1ad06afa07b0e26dd80f556e318c747644" kindref="member">a</ref> node called test_armor cpp whose job is just to perform <ref refid="cpp-docs-template_8md_8txt_1a8dfd148d0f4736cfd77e16fc5d110ad2" kindref="member">the</ref> most basic operations on aRMOR *If even this simple script doesn t <ref refid="robocluedo_8md_8txt_1acb4d10f2f024670a78292c2a0b4104ca" kindref="member">there</ref> s <ref refid="erl2-oracle-user-manual_8md_8txt_1ad06afa07b0e26dd80f556e318c747644" kindref="member">a</ref> problem with your installation of aRMOR ***how to run <ref refid="cpp-docs-template_8md_8txt_1a8dfd148d0f4736cfd77e16fc5d110ad2" kindref="member">the</ref> <ref refid="erl2-oracle-user-manual_8md_8txt_1a94818b5eaf29d0eaf44d31daa86edd84" kindref="member">then</ref> made more detailed by its child <ref refid="examples__cluedo_8md_8txt_1a6d5127a3f7f0cdb640dc89707783a957" kindref="member">class</ref> armor_cluedo **how to run <ref refid="cpp-docs-template_8md_8txt_1a8dfd148d0f4736cfd77e16fc5d110ad2" kindref="member">the</ref> making <ref refid="cpp-docs-template_8md_8txt_1a8dfd148d0f4736cfd77e16fc5d110ad2" kindref="member">the</ref> interaction between <ref refid="cpp-docs-template_8md_8txt_1a8dfd148d0f4736cfd77e16fc5d110ad2" kindref="member">the</ref> <ref refid="robocluedo_8md_8txt_1ad39625d3f97633d655eb50c16dcf9e3a" kindref="member">system</ref> <ref refid="test-the-project_8md_8txt_1aa51bacc8577cd59a57530a0cceef3784" kindref="member">and</ref> <ref refid="cpp-docs-template_8md_8txt_1a8dfd148d0f4736cfd77e16fc5d110ad2" kindref="member">the</ref> <ref refid="examples__tools_8md_8txt_1a1884bacf5f018fc17d8b364c4c6d819b" kindref="member">ontology</ref> even easier **how to run <ref refid="cpp-docs-template_8md_8txt_1a8dfd148d0f4736cfd77e16fc5d110ad2" kindref="member">the</ref> but to be <ref refid="robocluedo_8md_8txt_1acb4d10f2f024670a78292c2a0b4104ca" kindref="member">there</ref> s <ref refid="erl2-oracle-user-manual_8md_8txt_1ad06afa07b0e26dd80f556e318c747644" kindref="member">a</ref> simple way to <ref refid="pddl-and-rosplan_8md_8txt_1a4a216636640adc20fe063a6b1956bf5a" kindref="member">test</ref> out use roscd to find *try to solve <ref refid="cpp-docs-template_8md_8txt_1a8dfd148d0f4736cfd77e16fc5d110ad2" kindref="member">the</ref> projeb with solve_popf replan open <ref refid="cpp-docs-template_8md_8txt_1a8dfd148d0f4736cfd77e16fc5d110ad2" kindref="member">the</ref> <ref refid="plant-uml-reference_8md_8txt_1a7c8a5b255f267eb876c077b45f50a013" kindref="member">file</ref> robocluedo_problem pddl <ref refid="test-the-project_8md_8txt_1aa51bacc8577cd59a57530a0cceef3784" kindref="member">and</ref> replace <ref refid="cpp-docs-template_8md_8txt_1a8dfd148d0f4736cfd77e16fc5d110ad2" kindref="member">the</ref> goal with</type>
        <definition>or at least the outputs not too much long be sure that* the entire project has been compiled entirely without errors see the instructions this test lets to understand if aRMOR is doing its work in the correct way in the package robocluedo_module_Testing there s a node called test_armor cpp whose job is just to perform the most basic operations on aRMOR* If even this simple script doesn t there s a problem with your installation of aRMOR* ** how to run the then made more detailed by its child class armor_cluedo** how to run the making the interaction between the system and the ontology even easier** how to run the but to be there s a simple way to test out use roscd to find * try to solve the projeb with solve_popf replan open the file robocluedo_problem pddl and replace the goal with this</definition>
        <argsstring></argsstring>
        <name>this</name>
        <briefdescription>
        </briefdescription>
        <detaileddescription>
        </detaileddescription>
        <inbodydescription>
        </inbodydescription>
        <location file="_build/html/_sources/_docs/test-the-project.md.txt" line="77" column="65" bodyfile="_build/html/_sources/_docs/test-the-project.md.txt" bodystart="83" bodyend="-1"/>
      </memberdef>
      <memberdef kind="variable" id="test-the-project_8md_8txt_1aa51bacc8577cd59a57530a0cceef3784" prot="public" static="no" mutable="no">
        <type>or at least <ref refid="cpp-docs-template_8md_8txt_1a8dfd148d0f4736cfd77e16fc5d110ad2" kindref="member">the</ref> outputs not too much long be <ref refid="test-the-project_8md_8txt_1a88c88a11ad9fbe857c741c4815fe3aff" kindref="member">sure</ref> <ref refid="erl2-oracle-user-manual_8md_8txt_1a632de8b15e93d1707f094dd7429c5a99" kindref="member">that</ref> *<ref refid="cpp-docs-template_8md_8txt_1a8dfd148d0f4736cfd77e16fc5d110ad2" kindref="member">the</ref> entire <ref refid="blocksworld_8rst_8txt_1a6676ee1c2d2af97d56517edbd39d72e3" kindref="member">project</ref> has been compiled entirely without errors see <ref refid="cpp-docs-template_8md_8txt_1a8dfd148d0f4736cfd77e16fc5d110ad2" kindref="member">the</ref> instructions <ref refid="robocluedo-urdf-user-manual_8md_8txt_1a22870bf92aa401ba106bafa9bf2752ba" kindref="member">this</ref> <ref refid="pddl-and-rosplan_8md_8txt_1a4a216636640adc20fe063a6b1956bf5a" kindref="member">test</ref> lets to understand <ref refid="rosplan-kb_8md_8txt_1a101e8d4e13051c1d9a3c167da5bfed54" kindref="member">if</ref> aRMOR is doing its <ref refid="test-the-project_8md_8txt_1a55dd736f4f71cb873cf19cbad443bf12" kindref="member">work</ref> in <ref refid="cpp-docs-template_8md_8txt_1a8dfd148d0f4736cfd77e16fc5d110ad2" kindref="member">the</ref> correct way in <ref refid="cpp-docs-template_8md_8txt_1a8dfd148d0f4736cfd77e16fc5d110ad2" kindref="member">the</ref> <ref refid="armor-how-to-run_8md_8txt_1af07f67896e6c5ed95f763c298de4215b" kindref="member">package</ref> robocluedo_module_Testing <ref refid="robocluedo_8md_8txt_1acb4d10f2f024670a78292c2a0b4104ca" kindref="member">there</ref> s <ref refid="erl2-oracle-user-manual_8md_8txt_1ad06afa07b0e26dd80f556e318c747644" kindref="member">a</ref> node called test_armor cpp whose job is just to perform <ref refid="cpp-docs-template_8md_8txt_1a8dfd148d0f4736cfd77e16fc5d110ad2" kindref="member">the</ref> most basic operations on aRMOR *If even <ref refid="robocluedo-urdf-user-manual_8md_8txt_1a22870bf92aa401ba106bafa9bf2752ba" kindref="member">this</ref> simple script doesn t <ref refid="robocluedo_8md_8txt_1acb4d10f2f024670a78292c2a0b4104ca" kindref="member">there</ref> s <ref refid="erl2-oracle-user-manual_8md_8txt_1ad06afa07b0e26dd80f556e318c747644" kindref="member">a</ref> problem with your installation of aRMOR ***how to run <ref refid="cpp-docs-template_8md_8txt_1a8dfd148d0f4736cfd77e16fc5d110ad2" kindref="member">the</ref> <ref refid="erl2-oracle-user-manual_8md_8txt_1a94818b5eaf29d0eaf44d31daa86edd84" kindref="member">then</ref> made more detailed by its child <ref refid="examples__cluedo_8md_8txt_1a6d5127a3f7f0cdb640dc89707783a957" kindref="member">class</ref> armor_cluedo **how to run <ref refid="cpp-docs-template_8md_8txt_1a8dfd148d0f4736cfd77e16fc5d110ad2" kindref="member">the</ref> making <ref refid="cpp-docs-template_8md_8txt_1a8dfd148d0f4736cfd77e16fc5d110ad2" kindref="member">the</ref> interaction between <ref refid="cpp-docs-template_8md_8txt_1a8dfd148d0f4736cfd77e16fc5d110ad2" kindref="member">the</ref> <ref refid="robocluedo_8md_8txt_1ad39625d3f97633d655eb50c16dcf9e3a" kindref="member">system</ref> and <ref refid="cpp-docs-template_8md_8txt_1a8dfd148d0f4736cfd77e16fc5d110ad2" kindref="member">the</ref> <ref refid="examples__tools_8md_8txt_1a1884bacf5f018fc17d8b364c4c6d819b" kindref="member">ontology</ref> even easier **how to run <ref refid="cpp-docs-template_8md_8txt_1a8dfd148d0f4736cfd77e16fc5d110ad2" kindref="member">the</ref> but to be <ref refid="robocluedo_8md_8txt_1acb4d10f2f024670a78292c2a0b4104ca" kindref="member">there</ref> s <ref refid="erl2-oracle-user-manual_8md_8txt_1ad06afa07b0e26dd80f556e318c747644" kindref="member">a</ref> simple way to <ref refid="pddl-and-rosplan_8md_8txt_1a4a216636640adc20fe063a6b1956bf5a" kindref="member">test</ref> out use roscd to find *try to solve <ref refid="cpp-docs-template_8md_8txt_1a8dfd148d0f4736cfd77e16fc5d110ad2" kindref="member">the</ref> projeb with solve_popf replan open <ref refid="cpp-docs-template_8md_8txt_1a8dfd148d0f4736cfd77e16fc5d110ad2" kindref="member">the</ref> <ref refid="plant-uml-reference_8md_8txt_1a7c8a5b255f267eb876c077b45f50a013" kindref="member">file</ref> robocluedo_problem pddl and replace <ref refid="cpp-docs-template_8md_8txt_1a8dfd148d0f4736cfd77e16fc5d110ad2" kindref="member">the</ref> goal with solve_popf <ref refid="test-the-project_8md_8txt_1a4e2e631513107f23f08ea494a50c6679" kindref="member">sh</ref> will <ref refid="examples__tools_8md_8txt_1a9717e7bbecb906637e86cef6da3d83c2" kindref="member">return</ref> <ref refid="cpp-docs-template_8md_8txt_1a8dfd148d0f4736cfd77e16fc5d110ad2" kindref="member">the</ref> entire plan</type>
        <definition>or at least the outputs not too much long be sure that* the entire project has been compiled entirely without errors see the instructions this test lets to understand if aRMOR is doing its work in the correct way in the package robocluedo_module_Testing there s a node called test_armor cpp whose job is just to perform the most basic operations on aRMOR* If even this simple script doesn t there s a problem with your installation of aRMOR* ** how to run the then made more detailed by its child class armor_cluedo** how to run the making the interaction between the system and the ontology even easier** how to run the but to be there s a simple way to test out use roscd to find * try to solve the projeb with solve_popf replan open the file robocluedo_problem pddl and replace the goal with solve_popf sh will return the entire plan and</definition>
        <argsstring></argsstring>
        <name>and</name>
        <briefdescription>
        </briefdescription>
        <detaileddescription>
        </detaileddescription>
        <inbodydescription>
        </inbodydescription>
        <location file="_build/html/_sources/_docs/test-the-project.md.txt" line="84" column="2" bodyfile="_build/html/_sources/_docs/test-the-project.md.txt" bodystart="84" bodyend="-1"/>
      </memberdef>
      <memberdef kind="variable" id="test-the-project_8md_8txt_1ae9ddc8e0574187742d15d495eaad7270" prot="public" static="no" mutable="no">
        <type>or at least <ref refid="cpp-docs-template_8md_8txt_1a8dfd148d0f4736cfd77e16fc5d110ad2" kindref="member">the</ref> outputs not too much long be <ref refid="test-the-project_8md_8txt_1a88c88a11ad9fbe857c741c4815fe3aff" kindref="member">sure</ref> <ref refid="erl2-oracle-user-manual_8md_8txt_1a632de8b15e93d1707f094dd7429c5a99" kindref="member">that</ref> *<ref refid="cpp-docs-template_8md_8txt_1a8dfd148d0f4736cfd77e16fc5d110ad2" kindref="member">the</ref> entire <ref refid="blocksworld_8rst_8txt_1a6676ee1c2d2af97d56517edbd39d72e3" kindref="member">project</ref> has been compiled entirely without errors see <ref refid="cpp-docs-template_8md_8txt_1a8dfd148d0f4736cfd77e16fc5d110ad2" kindref="member">the</ref> instructions <ref refid="robocluedo-urdf-user-manual_8md_8txt_1a22870bf92aa401ba106bafa9bf2752ba" kindref="member">this</ref> <ref refid="pddl-and-rosplan_8md_8txt_1a4a216636640adc20fe063a6b1956bf5a" kindref="member">test</ref> lets to understand <ref refid="rosplan-kb_8md_8txt_1a101e8d4e13051c1d9a3c167da5bfed54" kindref="member">if</ref> aRMOR is doing its <ref refid="test-the-project_8md_8txt_1a55dd736f4f71cb873cf19cbad443bf12" kindref="member">work</ref> in <ref refid="cpp-docs-template_8md_8txt_1a8dfd148d0f4736cfd77e16fc5d110ad2" kindref="member">the</ref> correct way in <ref refid="cpp-docs-template_8md_8txt_1a8dfd148d0f4736cfd77e16fc5d110ad2" kindref="member">the</ref> <ref refid="armor-how-to-run_8md_8txt_1af07f67896e6c5ed95f763c298de4215b" kindref="member">package</ref> robocluedo_module_Testing <ref refid="robocluedo_8md_8txt_1acb4d10f2f024670a78292c2a0b4104ca" kindref="member">there</ref> s <ref refid="erl2-oracle-user-manual_8md_8txt_1ad06afa07b0e26dd80f556e318c747644" kindref="member">a</ref> node called test_armor cpp whose job is just to perform <ref refid="cpp-docs-template_8md_8txt_1a8dfd148d0f4736cfd77e16fc5d110ad2" kindref="member">the</ref> most basic operations on aRMOR *If even <ref refid="robocluedo-urdf-user-manual_8md_8txt_1a22870bf92aa401ba106bafa9bf2752ba" kindref="member">this</ref> simple script doesn t <ref refid="robocluedo_8md_8txt_1acb4d10f2f024670a78292c2a0b4104ca" kindref="member">there</ref> s <ref refid="erl2-oracle-user-manual_8md_8txt_1ad06afa07b0e26dd80f556e318c747644" kindref="member">a</ref> problem with your installation of aRMOR ***how to run <ref refid="cpp-docs-template_8md_8txt_1a8dfd148d0f4736cfd77e16fc5d110ad2" kindref="member">the</ref> <ref refid="erl2-oracle-user-manual_8md_8txt_1a94818b5eaf29d0eaf44d31daa86edd84" kindref="member">then</ref> made more detailed by its child <ref refid="examples__cluedo_8md_8txt_1a6d5127a3f7f0cdb640dc89707783a957" kindref="member">class</ref> armor_cluedo **how to run <ref refid="cpp-docs-template_8md_8txt_1a8dfd148d0f4736cfd77e16fc5d110ad2" kindref="member">the</ref> making <ref refid="cpp-docs-template_8md_8txt_1a8dfd148d0f4736cfd77e16fc5d110ad2" kindref="member">the</ref> interaction between <ref refid="cpp-docs-template_8md_8txt_1a8dfd148d0f4736cfd77e16fc5d110ad2" kindref="member">the</ref> <ref refid="robocluedo_8md_8txt_1ad39625d3f97633d655eb50c16dcf9e3a" kindref="member">system</ref> <ref refid="test-the-project_8md_8txt_1aa51bacc8577cd59a57530a0cceef3784" kindref="member">and</ref> <ref refid="cpp-docs-template_8md_8txt_1a8dfd148d0f4736cfd77e16fc5d110ad2" kindref="member">the</ref> <ref refid="examples__tools_8md_8txt_1a1884bacf5f018fc17d8b364c4c6d819b" kindref="member">ontology</ref> even easier **how to run <ref refid="cpp-docs-template_8md_8txt_1a8dfd148d0f4736cfd77e16fc5d110ad2" kindref="member">the</ref> but to be <ref refid="robocluedo_8md_8txt_1acb4d10f2f024670a78292c2a0b4104ca" kindref="member">there</ref> s <ref refid="erl2-oracle-user-manual_8md_8txt_1ad06afa07b0e26dd80f556e318c747644" kindref="member">a</ref> simple way to <ref refid="pddl-and-rosplan_8md_8txt_1a4a216636640adc20fe063a6b1956bf5a" kindref="member">test</ref> out use roscd to find *try to solve <ref refid="cpp-docs-template_8md_8txt_1a8dfd148d0f4736cfd77e16fc5d110ad2" kindref="member">the</ref> projeb with solve_popf replan open <ref refid="cpp-docs-template_8md_8txt_1a8dfd148d0f4736cfd77e16fc5d110ad2" kindref="member">the</ref> <ref refid="plant-uml-reference_8md_8txt_1a7c8a5b255f267eb876c077b45f50a013" kindref="member">file</ref> robocluedo_problem pddl <ref refid="test-the-project_8md_8txt_1aa51bacc8577cd59a57530a0cceef3784" kindref="member">and</ref> replace <ref refid="cpp-docs-template_8md_8txt_1a8dfd148d0f4736cfd77e16fc5d110ad2" kindref="member">the</ref> goal with solve_popf <ref refid="test-the-project_8md_8txt_1a4e2e631513107f23f08ea494a50c6679" kindref="member">sh</ref> will <ref refid="examples__tools_8md_8txt_1a9717e7bbecb906637e86cef6da3d83c2" kindref="member">return</ref> <ref refid="cpp-docs-template_8md_8txt_1a8dfd148d0f4736cfd77e16fc5d110ad2" kindref="member">the</ref> entire plan</type>
        <definition>or at least the outputs not too much long be sure that* the entire project has been compiled entirely without errors see the instructions this test lets to understand if aRMOR is doing its work in the correct way in the package robocluedo_module_Testing there s a node called test_armor cpp whose job is just to perform the most basic operations on aRMOR* If even this simple script doesn t there s a problem with your installation of aRMOR* ** how to run the then made more detailed by its child class armor_cluedo** how to run the making the interaction between the system and the ontology even easier** how to run the but to be there s a simple way to test out use roscd to find * try to solve the projeb with solve_popf replan open the file robocluedo_problem pddl and replace the goal with solve_popf sh will return the entire plan finally</definition>
        <argsstring></argsstring>
        <name>finally</name>
        <briefdescription>
        </briefdescription>
        <detaileddescription>
        </detaileddescription>
        <inbodydescription>
        </inbodydescription>
        <location file="_build/html/_sources/_docs/test-the-project.md.txt" line="84" column="6" bodyfile="_build/html/_sources/_docs/test-the-project.md.txt" bodystart="84" bodyend="-1"/>
      </memberdef>
      <memberdef kind="variable" id="test-the-project_8md_8txt_1a22a00d7546dd3dc36c4ec75f1f50b182" prot="public" static="no" mutable="no">
        <type>or at least <ref refid="cpp-docs-template_8md_8txt_1a8dfd148d0f4736cfd77e16fc5d110ad2" kindref="member">the</ref> outputs not too much long be <ref refid="test-the-project_8md_8txt_1a88c88a11ad9fbe857c741c4815fe3aff" kindref="member">sure</ref> <ref refid="erl2-oracle-user-manual_8md_8txt_1a632de8b15e93d1707f094dd7429c5a99" kindref="member">that</ref> *<ref refid="cpp-docs-template_8md_8txt_1a8dfd148d0f4736cfd77e16fc5d110ad2" kindref="member">the</ref> entire <ref refid="blocksworld_8rst_8txt_1a6676ee1c2d2af97d56517edbd39d72e3" kindref="member">project</ref> has been compiled entirely without errors see <ref refid="cpp-docs-template_8md_8txt_1a8dfd148d0f4736cfd77e16fc5d110ad2" kindref="member">the</ref> instructions <ref refid="robocluedo-urdf-user-manual_8md_8txt_1a22870bf92aa401ba106bafa9bf2752ba" kindref="member">this</ref> <ref refid="pddl-and-rosplan_8md_8txt_1a4a216636640adc20fe063a6b1956bf5a" kindref="member">test</ref> lets to understand <ref refid="rosplan-kb_8md_8txt_1a101e8d4e13051c1d9a3c167da5bfed54" kindref="member">if</ref> aRMOR is doing its <ref refid="test-the-project_8md_8txt_1a55dd736f4f71cb873cf19cbad443bf12" kindref="member">work</ref> in <ref refid="cpp-docs-template_8md_8txt_1a8dfd148d0f4736cfd77e16fc5d110ad2" kindref="member">the</ref> correct way in <ref refid="cpp-docs-template_8md_8txt_1a8dfd148d0f4736cfd77e16fc5d110ad2" kindref="member">the</ref> <ref refid="armor-how-to-run_8md_8txt_1af07f67896e6c5ed95f763c298de4215b" kindref="member">package</ref> robocluedo_module_Testing <ref refid="robocluedo_8md_8txt_1acb4d10f2f024670a78292c2a0b4104ca" kindref="member">there</ref> s <ref refid="erl2-oracle-user-manual_8md_8txt_1ad06afa07b0e26dd80f556e318c747644" kindref="member">a</ref> node called test_armor cpp whose job is just to perform <ref refid="cpp-docs-template_8md_8txt_1a8dfd148d0f4736cfd77e16fc5d110ad2" kindref="member">the</ref> most basic operations on aRMOR *If even <ref refid="robocluedo-urdf-user-manual_8md_8txt_1a22870bf92aa401ba106bafa9bf2752ba" kindref="member">this</ref> simple script doesn t <ref refid="robocluedo_8md_8txt_1acb4d10f2f024670a78292c2a0b4104ca" kindref="member">there</ref> s <ref refid="erl2-oracle-user-manual_8md_8txt_1ad06afa07b0e26dd80f556e318c747644" kindref="member">a</ref> problem with your installation of aRMOR ***how to run <ref refid="cpp-docs-template_8md_8txt_1a8dfd148d0f4736cfd77e16fc5d110ad2" kindref="member">the</ref> <ref refid="erl2-oracle-user-manual_8md_8txt_1a94818b5eaf29d0eaf44d31daa86edd84" kindref="member">then</ref> made more detailed by its child <ref refid="examples__cluedo_8md_8txt_1a6d5127a3f7f0cdb640dc89707783a957" kindref="member">class</ref> armor_cluedo **how to run <ref refid="cpp-docs-template_8md_8txt_1a8dfd148d0f4736cfd77e16fc5d110ad2" kindref="member">the</ref> making <ref refid="cpp-docs-template_8md_8txt_1a8dfd148d0f4736cfd77e16fc5d110ad2" kindref="member">the</ref> interaction between <ref refid="cpp-docs-template_8md_8txt_1a8dfd148d0f4736cfd77e16fc5d110ad2" kindref="member">the</ref> <ref refid="robocluedo_8md_8txt_1ad39625d3f97633d655eb50c16dcf9e3a" kindref="member">system</ref> <ref refid="test-the-project_8md_8txt_1aa51bacc8577cd59a57530a0cceef3784" kindref="member">and</ref> <ref refid="cpp-docs-template_8md_8txt_1a8dfd148d0f4736cfd77e16fc5d110ad2" kindref="member">the</ref> <ref refid="examples__tools_8md_8txt_1a1884bacf5f018fc17d8b364c4c6d819b" kindref="member">ontology</ref> even easier **how to run <ref refid="cpp-docs-template_8md_8txt_1a8dfd148d0f4736cfd77e16fc5d110ad2" kindref="member">the</ref> but to be <ref refid="robocluedo_8md_8txt_1acb4d10f2f024670a78292c2a0b4104ca" kindref="member">there</ref> s <ref refid="erl2-oracle-user-manual_8md_8txt_1ad06afa07b0e26dd80f556e318c747644" kindref="member">a</ref> simple way to <ref refid="pddl-and-rosplan_8md_8txt_1a4a216636640adc20fe063a6b1956bf5a" kindref="member">test</ref> out use roscd to find *try to solve <ref refid="cpp-docs-template_8md_8txt_1a8dfd148d0f4736cfd77e16fc5d110ad2" kindref="member">the</ref> projeb with solve_popf replan open <ref refid="cpp-docs-template_8md_8txt_1a8dfd148d0f4736cfd77e16fc5d110ad2" kindref="member">the</ref> <ref refid="plant-uml-reference_8md_8txt_1a7c8a5b255f267eb876c077b45f50a013" kindref="member">file</ref> robocluedo_problem pddl <ref refid="test-the-project_8md_8txt_1aa51bacc8577cd59a57530a0cceef3784" kindref="member">and</ref> replace <ref refid="cpp-docs-template_8md_8txt_1a8dfd148d0f4736cfd77e16fc5d110ad2" kindref="member">the</ref> goal with solve_popf <ref refid="test-the-project_8md_8txt_1a4e2e631513107f23f08ea494a50c6679" kindref="member">sh</ref> will <ref refid="examples__tools_8md_8txt_1a9717e7bbecb906637e86cef6da3d83c2" kindref="member">return</ref> <ref refid="cpp-docs-template_8md_8txt_1a8dfd148d0f4736cfd77e16fc5d110ad2" kindref="member">the</ref> entire plan remember to restore <ref refid="cpp-docs-template_8md_8txt_1a8dfd148d0f4736cfd77e16fc5d110ad2" kindref="member">the</ref> previous goal we re going to use <ref refid="cpp-docs-template_8md_8txt_1a8dfd148d0f4736cfd77e16fc5d110ad2" kindref="member">the</ref> *RoboCLuedo <ref refid="pddl-and-rosplan_8md_8txt_1a72b7badb1a65b571e3bc144937a5ddd7" kindref="member">PDDL</ref> <ref refid="robocluedo-urdf-user-manual_8md_8txt_1aa0d7be0426ddcdc9e7cc22747d861eb3" kindref="member">model</ref> with <ref refid="cpp-docs-template_8md_8txt_1a8dfd148d0f4736cfd77e16fc5d110ad2" kindref="member">the</ref> Simulated Actions *Use <ref refid="cpp-docs-template_8md_8txt_1a8dfd148d0f4736cfd77e16fc5d110ad2" kindref="member">the</ref> <ref refid="test-the-project_8md_8txt_1acc99dd0b593cfb3b61d901d2d9f8870c" kindref="member">bash</ref> commands here</type>
        <definition>or at least the outputs not too much long be sure that* the entire project has been compiled entirely without errors see the instructions this test lets to understand if aRMOR is doing its work in the correct way in the package robocluedo_module_Testing there s a node called test_armor cpp whose job is just to perform the most basic operations on aRMOR* If even this simple script doesn t there s a problem with your installation of aRMOR* ** how to run the then made more detailed by its child class armor_cluedo** how to run the making the interaction between the system and the ontology even easier** how to run the but to be there s a simple way to test out use roscd to find * try to solve the projeb with solve_popf replan open the file robocluedo_problem pddl and replace the goal with solve_popf sh will return the entire plan remember to restore the previous goal we re going to use the* RoboCLuedo PDDL model with the Simulated Actions* Use the bash commands here below</definition>
        <argsstring></argsstring>
        <name>below</name>
        <briefdescription>
        </briefdescription>
        <detaileddescription>
        </detaileddescription>
        <inbodydescription>
        </inbodydescription>
        <location file="_build/html/_sources/_docs/test-the-project.md.txt" line="94" column="102" bodyfile="_build/html/_sources/_docs/test-the-project.md.txt" bodystart="113" bodyend="-1"/>
      </memberdef>
      </sectiondef>
      <sectiondef kind="func">
      <memberdef kind="function" id="test-the-project_8md_8txt_1acc99dd0b593cfb3b61d901d2d9f8870c" prot="public" static="no" const="no" explicit="no" inline="no" virt="non-virtual">
        <type>or at least <ref refid="cpp-docs-template_8md_8txt_1a8dfd148d0f4736cfd77e16fc5d110ad2" kindref="member">the</ref> outputs not too much long be <ref refid="test-the-project_8md_8txt_1a88c88a11ad9fbe857c741c4815fe3aff" kindref="member">sure</ref> <ref refid="erl2-oracle-user-manual_8md_8txt_1a632de8b15e93d1707f094dd7429c5a99" kindref="member">that</ref> *<ref refid="cpp-docs-template_8md_8txt_1a8dfd148d0f4736cfd77e16fc5d110ad2" kindref="member">the</ref> entire <ref refid="blocksworld_8rst_8txt_1a6676ee1c2d2af97d56517edbd39d72e3" kindref="member">project</ref> has been compiled entirely without errors see <ref refid="cpp-docs-template_8md_8txt_1a8dfd148d0f4736cfd77e16fc5d110ad2" kindref="member">the</ref> instructions <ref refid="robocluedo-urdf-user-manual_8md_8txt_1a22870bf92aa401ba106bafa9bf2752ba" kindref="member">this</ref> <ref refid="pddl-and-rosplan_8md_8txt_1a4a216636640adc20fe063a6b1956bf5a" kindref="member">test</ref> lets to understand <ref refid="rosplan-kb_8md_8txt_1a101e8d4e13051c1d9a3c167da5bfed54" kindref="member">if</ref> aRMOR is doing its <ref refid="test-the-project_8md_8txt_1a55dd736f4f71cb873cf19cbad443bf12" kindref="member">work</ref> in <ref refid="cpp-docs-template_8md_8txt_1a8dfd148d0f4736cfd77e16fc5d110ad2" kindref="member">the</ref> correct way in <ref refid="cpp-docs-template_8md_8txt_1a8dfd148d0f4736cfd77e16fc5d110ad2" kindref="member">the</ref> <ref refid="armor-how-to-run_8md_8txt_1af07f67896e6c5ed95f763c298de4215b" kindref="member">package</ref> robocluedo_module_Testing <ref refid="robocluedo_8md_8txt_1acb4d10f2f024670a78292c2a0b4104ca" kindref="member">there</ref> s <ref refid="erl2-oracle-user-manual_8md_8txt_1ad06afa07b0e26dd80f556e318c747644" kindref="member">a</ref> node called test_armor cpp whose job is just to perform <ref refid="cpp-docs-template_8md_8txt_1a8dfd148d0f4736cfd77e16fc5d110ad2" kindref="member">the</ref> most basic operations on aRMOR *If even <ref refid="robocluedo-urdf-user-manual_8md_8txt_1a22870bf92aa401ba106bafa9bf2752ba" kindref="member">this</ref> simple script doesn t <ref refid="robocluedo_8md_8txt_1acb4d10f2f024670a78292c2a0b4104ca" kindref="member">there</ref> s <ref refid="erl2-oracle-user-manual_8md_8txt_1ad06afa07b0e26dd80f556e318c747644" kindref="member">a</ref> problem with your installation of aRMOR ***how to run <ref refid="cpp-docs-template_8md_8txt_1a8dfd148d0f4736cfd77e16fc5d110ad2" kindref="member">the</ref> <ref refid="erl2-oracle-user-manual_8md_8txt_1a94818b5eaf29d0eaf44d31daa86edd84" kindref="member">then</ref> made more detailed by its child <ref refid="examples__cluedo_8md_8txt_1a6d5127a3f7f0cdb640dc89707783a957" kindref="member">class</ref> armor_cluedo **how to run <ref refid="cpp-docs-template_8md_8txt_1a8dfd148d0f4736cfd77e16fc5d110ad2" kindref="member">the</ref> making <ref refid="cpp-docs-template_8md_8txt_1a8dfd148d0f4736cfd77e16fc5d110ad2" kindref="member">the</ref> interaction between <ref refid="cpp-docs-template_8md_8txt_1a8dfd148d0f4736cfd77e16fc5d110ad2" kindref="member">the</ref> <ref refid="robocluedo_8md_8txt_1ad39625d3f97633d655eb50c16dcf9e3a" kindref="member">system</ref> <ref refid="test-the-project_8md_8txt_1aa51bacc8577cd59a57530a0cceef3784" kindref="member">and</ref> <ref refid="cpp-docs-template_8md_8txt_1a8dfd148d0f4736cfd77e16fc5d110ad2" kindref="member">the</ref> <ref refid="examples__tools_8md_8txt_1a1884bacf5f018fc17d8b364c4c6d819b" kindref="member">ontology</ref> even easier **how to run <ref refid="cpp-docs-template_8md_8txt_1a8dfd148d0f4736cfd77e16fc5d110ad2" kindref="member">the</ref> but to be <ref refid="robocluedo_8md_8txt_1acb4d10f2f024670a78292c2a0b4104ca" kindref="member">there</ref> s <ref refid="erl2-oracle-user-manual_8md_8txt_1ad06afa07b0e26dd80f556e318c747644" kindref="member">a</ref> simple way to <ref refid="pddl-and-rosplan_8md_8txt_1a4a216636640adc20fe063a6b1956bf5a" kindref="member">test</ref> out use roscd to find *try to solve <ref refid="cpp-docs-template_8md_8txt_1a8dfd148d0f4736cfd77e16fc5d110ad2" kindref="member">the</ref> projeb with solve_popf replan open <ref refid="cpp-docs-template_8md_8txt_1a8dfd148d0f4736cfd77e16fc5d110ad2" kindref="member">the</ref> <ref refid="plant-uml-reference_8md_8txt_1a7c8a5b255f267eb876c077b45f50a013" kindref="member">file</ref> robocluedo_problem pddl <ref refid="test-the-project_8md_8txt_1aa51bacc8577cd59a57530a0cceef3784" kindref="member">and</ref> replace <ref refid="cpp-docs-template_8md_8txt_1a8dfd148d0f4736cfd77e16fc5d110ad2" kindref="member">the</ref> goal with solve_popf <ref refid="test-the-project_8md_8txt_1a4e2e631513107f23f08ea494a50c6679" kindref="member">sh</ref> will <ref refid="examples__tools_8md_8txt_1a9717e7bbecb906637e86cef6da3d83c2" kindref="member">return</ref> <ref refid="cpp-docs-template_8md_8txt_1a8dfd148d0f4736cfd77e16fc5d110ad2" kindref="member">the</ref> entire plan remember to restore <ref refid="cpp-docs-template_8md_8txt_1a8dfd148d0f4736cfd77e16fc5d110ad2" kindref="member">the</ref> previous goal</type>
        <definition>or at least the outputs not too much long be sure that* the entire project has been compiled entirely without errors see the instructions this test lets to understand if aRMOR is doing its work in the correct way in the package robocluedo_module_Testing there s a node called test_armor cpp whose job is just to perform the most basic operations on aRMOR* If even this simple script doesn t there s a problem with your installation of aRMOR* ** how to run the then made more detailed by its child class armor_cluedo** how to run the making the interaction between the system and the ontology even easier** how to run the but to be there s a simple way to test out use roscd to find * try to solve the projeb with solve_popf replan open the file robocluedo_problem pddl and replace the goal with solve_popf sh will return the entire plan remember to restore the previous goal bash</definition>
        <argsstring>(:goal(not-dirty)) ``` this test aims at testing how the architecture of ROSPlan works without running the pipeline manager nor the other components attached with the ontology. Just to be sure that ROSPlan is working well. in this test</argsstring>
        <name>bash</name>
        <param>
          <type>:goal(not-dirty)</type>
        </param>
        <briefdescription>
        </briefdescription>
        <detaileddescription>
        </detaileddescription>
        <inbodydescription>
        </inbodydescription>
        <location file="_build/html/_sources/_docs/test-the-project.md.txt" line="86" column="1"/>
      </memberdef>
      </sectiondef>
    <briefdescription>
    </briefdescription>
    <detaileddescription>
    </detaileddescription>
    <programlisting>
<codeline lineno="1"><highlight class="normal"></highlight></codeline>
<codeline lineno="2"><highlight class="normal"></highlight><highlight class="preprocessor">#<sp/>Testing<sp/>the<sp/>project</highlight><highlight class="normal"></highlight></codeline>
<codeline lineno="3"><highlight class="normal"></highlight></codeline>
<codeline lineno="4" refid="test-the-project_8md_8txt_1a55dd736f4f71cb873cf19cbad443bf12" refkind="member"><highlight class="normal">```{toctree}</highlight></codeline>
<codeline lineno="5"><highlight class="normal">./<ref refid="test-the-project_8md_8txt_1ab9c30914b6e8a2a87c4305b70785cbfa" kindref="member">test</ref>-<ref refid="cpp-docs-template_8md_8txt_1a8dfd148d0f4736cfd77e16fc5d110ad2" kindref="member">the</ref>-<ref refid="robocluedo-urdf-user-manual_8md_8txt_1af7740bd233f62bf7e16cd57319d7ada2" kindref="member">project</ref>.md</highlight></codeline>
<codeline lineno="6"><highlight class="normal">```</highlight></codeline>
<codeline lineno="7"><highlight class="normal"></highlight></codeline>
<codeline lineno="8"><highlight class="normal"></highlight><highlight class="keyword">this</highlight><highlight class="normal"><sp/>document<sp/>provides<sp/>useful<sp/>informations<sp/></highlight><highlight class="keywordflow">for</highlight><highlight class="normal"><sp/>testing<sp/><ref refid="cpp-docs-template_8md_8txt_1a8dfd148d0f4736cfd77e16fc5d110ad2" kindref="member">the</ref><sp/>components<sp/>of<sp/><ref refid="cpp-docs-template_8md_8txt_1a8dfd148d0f4736cfd77e16fc5d110ad2" kindref="member">the</ref><sp/>architecture<sp/>before<sp/>running<sp/><ref refid="test-the-project_8md_8txt_1ae9880850b92fe7594f93a01193dc189d" kindref="member">it</ref><sp/>entirely.<sp/></highlight></codeline>
<codeline lineno="9"><highlight class="normal"></highlight></codeline>
<codeline lineno="10"><highlight class="normal">*</highlight><highlight class="keyword">this</highlight><highlight class="normal"><sp/>document<sp/>also<sp/>contains<sp/><ref refid="cpp-docs-template_8md_8txt_1a8dfd148d0f4736cfd77e16fc5d110ad2" kindref="member">the</ref><sp/>expected<sp/>outputs<sp/>from<sp/><ref refid="cpp-docs-template_8md_8txt_1a8dfd148d0f4736cfd77e16fc5d110ad2" kindref="member">the</ref><sp/>programs*,<sp/>or<sp/>at<sp/>least<sp/><ref refid="cpp-docs-template_8md_8txt_1a8dfd148d0f4736cfd77e16fc5d110ad2" kindref="member">the</ref><sp/>outputs<sp/>not<sp/>too<sp/>much<sp/></highlight><highlight class="keywordtype">long</highlight><highlight class="normal">.<sp/></highlight></codeline>
<codeline lineno="11"><highlight class="normal"></highlight></codeline>
<codeline lineno="12"><highlight class="normal"></highlight><highlight class="preprocessor">##<sp/>before<sp/>proceeding</highlight><highlight class="normal"></highlight></codeline>
<codeline lineno="13"><highlight class="normal"></highlight></codeline>
<codeline lineno="14"><highlight class="normal">-<sp/>be<sp/><ref refid="test-the-project_8md_8txt_1a88c88a11ad9fbe857c741c4815fe3aff" kindref="member">sure</ref><sp/><ref refid="erl2-oracle-user-manual_8md_8txt_1a632de8b15e93d1707f094dd7429c5a99" kindref="member">that</ref><sp/>*<ref refid="cpp-docs-template_8md_8txt_1a8dfd148d0f4736cfd77e16fc5d110ad2" kindref="member">the</ref><sp/>entire<sp/><ref refid="robocluedo-urdf-user-manual_8md_8txt_1af7740bd233f62bf7e16cd57319d7ada2" kindref="member">project</ref><sp/>has<sp/>been<sp/>compiled<sp/>entirely<sp/>without<sp/>errors*,<sp/>see<sp/><ref refid="cpp-docs-template_8md_8txt_1a8dfd148d0f4736cfd77e16fc5d110ad2" kindref="member">the</ref><sp/>instructions</highlight></codeline>
<codeline lineno="15"><highlight class="normal"></highlight></codeline>
<codeline lineno="16"><highlight class="normal"></highlight><highlight class="preprocessor">##<sp/>TESTING<sp/>PKG<sp/>robocluedo_armor</highlight><highlight class="normal"></highlight></codeline>
<codeline lineno="17"><highlight class="normal"></highlight></codeline>
<codeline lineno="18"><highlight class="normal"></highlight><highlight class="preprocessor">###<sp/>pure<sp/>test<sp/>on<sp/>aRMOR</highlight><highlight class="normal"></highlight></codeline>
<codeline lineno="19"><highlight class="normal"></highlight></codeline>
<codeline lineno="20"><highlight class="normal"></highlight><highlight class="keyword">this</highlight><highlight class="normal"><sp/><ref refid="test-the-project_8md_8txt_1ab9c30914b6e8a2a87c4305b70785cbfa" kindref="member">test</ref><sp/>lets<sp/>to<sp/>understand<sp/></highlight><highlight class="keywordflow">if</highlight><highlight class="normal"><sp/>aRMOR<sp/>is<sp/>doing<sp/>its<sp/><ref refid="test-the-project_8md_8txt_1a55dd736f4f71cb873cf19cbad443bf12" kindref="member">work</ref><sp/>in<sp/><ref refid="cpp-docs-template_8md_8txt_1a8dfd148d0f4736cfd77e16fc5d110ad2" kindref="member">the</ref><sp/>correct<sp/>way.<sp/></highlight></codeline>
<codeline lineno="21"><highlight class="normal"></highlight></codeline>
<codeline lineno="22"><highlight class="normal">in<sp/><ref refid="cpp-docs-template_8md_8txt_1a8dfd148d0f4736cfd77e16fc5d110ad2" kindref="member">the</ref><sp/></highlight><highlight class="keyword">package<sp/></highlight><highlight class="normal">`robocluedo_module_Testing`<sp/>there&apos;s<sp/>a<sp/>node<sp/>called<sp/>`test_armor.cpp`<sp/>whose<sp/>job<sp/>is<sp/>just<sp/>to<sp/>perform<sp/>the<sp/>most<sp/>basic<sp/>operations<sp/>on<sp/>aRMOR.<sp/>*If<sp/>even<sp/>this<sp/>simple<sp/>script<sp/>doesn&apos;t<sp/>work,<sp/>there&apos;s<sp/>a<sp/>problem<sp/>with<sp/>your<sp/>installation<sp/>of<sp/>aRMOR*.<sp/></highlight></codeline>
<codeline lineno="23"><highlight class="normal"></highlight></codeline>
<codeline lineno="24"><highlight class="normal">**how<sp/>to<sp/>run<sp/>the<sp/>test:**</highlight></codeline>
<codeline lineno="25"><highlight class="normal"></highlight></codeline>
<codeline lineno="26"><highlight class="normal">```bash</highlight></codeline>
<codeline lineno="27"><highlight class="normal">#<sp/>shell<sp/>1</highlight></codeline>
<codeline lineno="28"><highlight class="normal">roslaunch<sp/>robocluedo_module_testing<sp/>test_armor.launch</highlight></codeline>
<codeline lineno="29"><highlight class="normal"></highlight></codeline>
<codeline lineno="30"><highlight class="normal">#<sp/>shell<sp/>2</highlight></codeline>
<codeline lineno="31"><highlight class="normal">rosrun<sp/>robocluedo_module_testing<sp/>test_armor</highlight></codeline>
<codeline lineno="32"><highlight class="normal"></highlight></codeline>
<codeline lineno="33"><highlight class="normal">```</highlight></codeline>
<codeline lineno="34"><highlight class="normal"></highlight></codeline>
<codeline lineno="35"><highlight class="normal">**NOTE**<sp/>:<sp/>this<sp/>simple<sp/>test<sp/>will<sp/>also<sp/>create<sp/>a<sp/>owl<sp/>file<sp/>into<sp/>the<sp/>desktop.</highlight></codeline>
<codeline lineno="36"><highlight class="normal"></highlight></codeline>
<codeline lineno="37"><highlight class="normal">###<sp/>tesing<sp/>aRMOR<sp/>tools</highlight></codeline>
<codeline lineno="38"><highlight class="normal"></highlight></codeline>
<codeline lineno="39" refid="test-the-project_8md_8txt_1ab9c30914b6e8a2a87c4305b70785cbfa" refkind="member"><highlight class="normal">the<sp/>class<sp/>`armor_tools`<sp/>is<sp/>the<sp/>low-level<sp/>set<sp/>of<sp/>services<sp/>used<sp/>by<sp/>the<sp/>armor<sp/>interface<sp/>to<sp/>work.<sp/>It<sp/>provides<sp/>very<sp/>simple<sp/>services,<sp/>then<sp/>made<sp/>more<sp/>detailed<sp/>by<sp/>its<sp/>child<sp/>class<sp/>`armor_cluedo`.<sp/></highlight></codeline>
<codeline lineno="40"><highlight class="normal"></highlight></codeline>
<codeline lineno="41"><highlight class="normal">**how<sp/>to<sp/>run<sp/>the<sp/>test:**</highlight></codeline>
<codeline lineno="42"><highlight class="normal"></highlight></codeline>
<codeline lineno="43"><highlight class="normal">```bash</highlight></codeline>
<codeline lineno="44"><highlight class="normal">#<sp/>shell<sp/>1</highlight></codeline>
<codeline lineno="45"><highlight class="normal">roslaunch<sp/>robocluedo_module_testing<sp/>test_armor.launch</highlight></codeline>
<codeline lineno="46"><highlight class="normal"></highlight></codeline>
<codeline lineno="47"><highlight class="normal">#<sp/>shell<sp/>2</highlight></codeline>
<codeline lineno="48"><highlight class="normal">rosrun<sp/>robocluedo_module_testing<sp/>test_armor_tools</highlight></codeline>
<codeline lineno="49"><highlight class="normal"></highlight></codeline>
<codeline lineno="50"><highlight class="normal">```</highlight></codeline>
<codeline lineno="51"><highlight class="normal"></highlight></codeline>
<codeline lineno="52"><highlight class="normal">###<sp/>Testing<sp/>aRMOR<sp/>cluedo</highlight></codeline>
<codeline lineno="53"><highlight class="normal"></highlight></codeline>
<codeline lineno="54"><highlight class="normal">the<sp/>class<sp/>`armor_cluedo`<sp/>takes<sp/>into<sp/>account<sp/>the<sp/>specific<sp/>characteristics<sp/>of<sp/>the<sp/>problem,<sp/>making<sp/>the<sp/>interaction<sp/>between<sp/>the<sp/>system<sp/>and<sp/>the<sp/>ontology<sp/>even<sp/>easier.</highlight></codeline>
<codeline lineno="55"><highlight class="normal"></highlight></codeline>
<codeline lineno="56"><highlight class="normal">**how<sp/>to<sp/>run<sp/>the<sp/>test:**</highlight></codeline>
<codeline lineno="57"><highlight class="normal"></highlight></codeline>
<codeline lineno="58"><highlight class="normal">```bash</highlight></codeline>
<codeline lineno="59"><highlight class="normal">#<sp/>shell<sp/>1</highlight></codeline>
<codeline lineno="60"><highlight class="normal">roslaunch<sp/>robocluedo_module_testing<sp/>test_armor.launch</highlight></codeline>
<codeline lineno="61"><highlight class="normal"></highlight></codeline>
<codeline lineno="62"><highlight class="normal">#<sp/>shell<sp/>2</highlight></codeline>
<codeline lineno="63"><highlight class="normal">rosrun<sp/>robocluedo_module_testing<sp/>test_armor_cluedo</highlight></codeline>
<codeline lineno="64"><highlight class="normal"></highlight></codeline>
<codeline lineno="65"><highlight class="normal">```</highlight></codeline>
<codeline lineno="66"><highlight class="normal"></highlight></codeline>
<codeline lineno="67"><highlight class="normal">##<sp/>TESTING<sp/>PKG<sp/>robocluedo_rosplan</highlight></codeline>
<codeline lineno="68"><highlight class="normal"></highlight></codeline>
<codeline lineno="69"><highlight class="normal">most<sp/>of<sp/>the<sp/>packages<sp/>here<sp/>can<sp/>be<sp/>tested<sp/>using<sp/>simple<sp/>scripts<sp/>from<sp/>a<sp/>console.<sp/>no<sp/>special<sp/>node<sp/>is<sp/>needed.<sp/></highlight></codeline>
<codeline lineno="70"><highlight class="normal"></highlight></codeline>
<codeline lineno="71"><highlight class="normal">###<sp/>PDDL<sp/>model</highlight></codeline>
<codeline lineno="72"><highlight class="normal"></highlight></codeline>
<codeline lineno="73" refid="test-the-project_8md_8txt_1a88c88a11ad9fbe857c741c4815fe3aff" refkind="member"><highlight class="normal">the<sp/>model<sp/>should<sp/>work<sp/>well,<sp/>but<sp/>to<sp/>be<sp/>sure,<sp/>there&apos;s<sp/>a<sp/>simple<sp/>way<sp/>to<sp/>test<sp/>out<sp/>it:</highlight></codeline>
<codeline lineno="74"><highlight class="normal"></highlight></codeline>
<codeline lineno="75" refid="test-the-project_8md_8txt_1ae9880850b92fe7594f93a01193dc189d" refkind="member"><highlight class="normal">-<sp/>go<sp/>inside<sp/>the<sp/>folder<sp/>*$(find<sp/>robocluedo_rosplan)/pddl/robocluedo*<sp/>(or<sp/>better,<sp/>use<sp/>`roscd`<sp/>to<sp/>find<sp/>rosplan):<sp/>here<sp/>you<sp/>will<sp/>find<sp/>everything<sp/>needed<sp/>to<sp/>test<sp/>the<sp/>model</highlight></codeline>
<codeline lineno="76" refid="test-the-project_8md_8txt_1a4e2e631513107f23f08ea494a50c6679" refkind="member"><highlight class="normal">-<sp/>*without<sp/>updating,*<sp/>try<sp/>to<sp/>solve<sp/>the<sp/>projeb<sp/>with<sp/>`solve_popf.sh`<sp/>:<sp/>the<sp/>solution<sp/>should<sp/>include<sp/>only<sp/>one<sp/>action,<sp/>`(replan<sp/>)`</highlight></codeline>
<codeline lineno="77"><highlight class="normal">-<sp/>open<sp/>the<sp/>file<sp/>`robocluedo_problem.pddl`<sp/>and<sp/>replace<sp/>the<sp/>goal<sp/>with<sp/>this:</highlight></codeline>
<codeline lineno="78"><highlight class="normal"><sp/><sp/><sp/><sp/></highlight></codeline>
<codeline lineno="79"><highlight class="normal"><sp/><sp/><sp/><sp/>```bash</highlight></codeline>
<codeline lineno="80"><highlight class="normal"><sp/><sp/><sp/><sp/>(:goal<sp/>(and<sp/>(dirty<sp/>)<sp/>(hint-collected<sp/>wp1<sp/>)<sp/>(hint-collected<sp/>wp3<sp/>)<sp/>(at-center<sp/>)))</highlight></codeline>
<codeline lineno="81"><highlight class="normal"><sp/><sp/><sp/><sp/>```</highlight></codeline>
<codeline lineno="82"><highlight class="normal"><sp/><sp/><sp/><sp/></highlight></codeline>
<codeline lineno="83" refid="test-the-project_8md_8txt_1a8dbc90314e0b72f878403cb5852150da" refkind="member"><highlight class="normal">-<sp/>then,<sp/>`./solve_popf.sh`<sp/>will<sp/>return<sp/>the<sp/>entire<sp/>plan.<sp/></highlight></codeline>
<codeline lineno="84" refid="test-the-project_8md_8txt_1ae9ddc8e0574187742d15d495eaad7270" refkind="member"><highlight class="normal">-<sp/>and,<sp/>finally,<sp/>remember<sp/>to<sp/>restore<sp/>the<sp/>previous<sp/>goal!</highlight></codeline>
<codeline lineno="85"><highlight class="normal"><sp/><sp/><sp/><sp/></highlight></codeline>
<codeline lineno="86"><highlight class="normal"><sp/><sp/><sp/><sp/>```bash</highlight></codeline>
<codeline lineno="87"><highlight class="normal"><sp/><sp/><sp/><sp/>(:goal<sp/>(not-dirty<sp/>))</highlight></codeline>
<codeline lineno="88"><highlight class="normal"><sp/><sp/><sp/><sp/>```</highlight></codeline>
<codeline lineno="89"><highlight class="normal"></highlight></codeline>
<codeline lineno="90"><highlight class="normal">###<sp/>simple<sp/>ROSPlan<sp/>pipeline</highlight></codeline>
<codeline lineno="91"><highlight class="normal"></highlight></codeline>
<codeline lineno="92"><highlight class="normal">this<sp/>test<sp/>aims<sp/>at<sp/>testing<sp/>how<sp/>the<sp/>architecture<sp/>of<sp/>ROSPlan<sp/>works<sp/>without<sp/>running<sp/>the<sp/>pipeline<sp/>manager<sp/>nor<sp/>the<sp/>other<sp/>components<sp/>attached<sp/>with<sp/>the<sp/>ontology.<sp/>Just<sp/>to<sp/>be<sp/>sure<sp/>that<sp/>ROSPlan<sp/>is<sp/>working<sp/>well.</highlight></codeline>
<codeline lineno="93"><highlight class="normal"></highlight></codeline>
<codeline lineno="94"><highlight class="normal">in<sp/>this<sp/>test,<sp/>we&apos;re<sp/>going<sp/>to<sp/>use<sp/>the<sp/>*RoboCLuedo<sp/>PDDL<sp/>model<sp/>with<sp/>the<sp/>Simulated<sp/>Actions*.<sp/>Use<sp/>the<sp/>bash<sp/>commands<sp/>here<sp/>below:</highlight></codeline>
<codeline lineno="95"><highlight class="normal"></highlight></codeline>
<codeline lineno="96"><highlight class="normal">```bash</highlight></codeline>
<codeline lineno="97"><highlight class="normal">#<sp/>shell<sp/>1</highlight></codeline>
<codeline lineno="98"><highlight class="normal">roslaunch<sp/>robocluedo_module_testing<sp/>load_rosplan_simulated_actions.launch</highlight></codeline>
<codeline lineno="99"><highlight class="normal"></highlight></codeline>
<codeline lineno="100"><highlight class="normal">#<sp/>shell<sp/>2</highlight></codeline>
<codeline lineno="101"><highlight class="normal">rosservice<sp/>call<sp/>/rosplan_problem_interface/problem_generation_server</highlight></codeline>
<codeline lineno="102"><highlight class="normal">rostopic<sp/>echo<sp/>/rosplan_problem_interface/problem_instance<sp/>-n<sp/>1<sp/>-p</highlight></codeline>
<codeline lineno="103"><highlight class="normal">rosservice<sp/>call<sp/>/rosplan_planner_interface/planning_server</highlight></codeline>
<codeline lineno="104"><highlight class="normal">rostopic<sp/>echo<sp/>/rosplan_planner_interface/planner_output<sp/>-p<sp/>-n<sp/>1</highlight></codeline>
<codeline lineno="105"><highlight class="normal">rosservice<sp/>call<sp/>/rosplan_parsing_interface/parse_plan</highlight></codeline>
<codeline lineno="106"><highlight class="normal">rostopic<sp/>echo<sp/>/rosplan_parsing_interface/complete_plan<sp/>-n<sp/>1</highlight></codeline>
<codeline lineno="107"><highlight class="normal">rosservice<sp/>call<sp/>/rosplan_plan_dispatcher/dispatch_plan<sp/>&quot;{}&quot;<sp/></highlight></codeline>
<codeline lineno="108"><highlight class="normal"></highlight></codeline>
<codeline lineno="109"><highlight class="normal">```</highlight></codeline>
<codeline lineno="110"><highlight class="normal"></highlight></codeline>
<codeline lineno="111"><highlight class="normal">###<sp/>ROSPlan<sp/>replanning<sp/>and<sp/>knowledge<sp/>base<sp/>update</highlight></codeline>
<codeline lineno="112"><highlight class="normal"></highlight></codeline>
<codeline lineno="113" refid="test-the-project_8md_8txt_1a22a00d7546dd3dc36c4ec75f1f50b182" refkind="member"><highlight class="normal">the<sp/>package<sp/>robocluedo_rosplan<sp/>has<sp/>a<sp/>fundamental<sp/>node<sp/>called<sp/>`kb_interface`<sp/>updating<sp/>the<sp/>knowledge<sp/>according<sp/>to<sp/>the<sp/>landmark.<sp/>It<sp/>provdes<sp/>a<sp/>fundamental<sp/>funcitonality<sp/>for<sp/>performing<sp/>the<sp/>replanning,<sp/>and<sp/>its<sp/>architecture<sp/>is<sp/>heavily<sp/>specialized<sp/>for<sp/>working<sp/>with<sp/>this<sp/>PDDL.</highlight></codeline>
<codeline lineno="114"><highlight class="normal"></highlight></codeline>
<codeline lineno="115"><highlight class="normal">**Notice<sp/>that**<sp/>the<sp/>main<sp/>node<sp/>to<sp/>interact<sp/>with<sp/>when<sp/>using<sp/>ROSPlan<sp/>is<sp/>the<sp/>pipeline<sp/>manager,<sp/>and<sp/>not<sp/>this<sp/>node,<sp/>*which<sp/>should<sp/>be<sp/>hidden<sp/>in<sp/>the<sp/>package*.<sp/></highlight></codeline>
<codeline lineno="116"><highlight class="normal"></highlight></codeline>
<codeline lineno="117"><highlight class="normal">```bash</highlight></codeline>
<codeline lineno="118"><highlight class="normal">#<sp/>shell<sp/>1</highlight></codeline>
<codeline lineno="119"><highlight class="normal">roslaunch<sp/>robocluedo_module_testing<sp/>load_rosplan_simulated_actions.launch</highlight></codeline>
<codeline lineno="120"><highlight class="normal"></highlight></codeline>
<codeline lineno="121"><highlight class="normal">#<sp/>shell<sp/>2</highlight></codeline>
<codeline lineno="122"><highlight class="normal">rosrun<sp/>robocluedo_rosplan<sp/>kb_interface</highlight></codeline>
<codeline lineno="123"><highlight class="normal"></highlight></codeline>
<codeline lineno="124"><highlight class="normal">#<sp/>shell<sp/>3</highlight></codeline>
<codeline lineno="125"><highlight class="normal">rosservice<sp/>list<sp/>|<sp/>grep<sp/>update_goal</highlight></codeline>
<codeline lineno="126"><highlight class="normal">rosservice<sp/>list<sp/>|<sp/>grep<sp/>replan</highlight></codeline>
<codeline lineno="127"><highlight class="normal"></highlight></codeline>
<codeline lineno="128"><highlight class="normal">#<sp/>many<sp/>warnings<sp/>should<sp/>appear<sp/>on<sp/>the<sp/>ROSPlan<sp/>console</highlight></codeline>
<codeline lineno="129"><highlight class="normal">rosservice<sp/>call<sp/>/replan<sp/>&quot;{}&quot;<sp/></highlight></codeline>
<codeline lineno="130"><highlight class="normal"></highlight></codeline>
<codeline lineno="131"><highlight class="normal">rosservice<sp/>call<sp/>/update_goal<sp/>&quot;landmark:<sp/>0&quot;</highlight></codeline>
<codeline lineno="132"><highlight class="normal">rosservice<sp/>call<sp/>/rosplan_problem_interface/problem_generation_server</highlight></codeline>
<codeline lineno="133"><highlight class="normal">rosservice<sp/>call<sp/>/rosplan_planner_interface/planning_server</highlight></codeline>
<codeline lineno="134"><highlight class="normal">rostopic<sp/>echo<sp/>/rosplan_planner_interface/planner_output<sp/>-p<sp/>-n<sp/>1</highlight></codeline>
<codeline lineno="135"><highlight class="normal">rosservice<sp/>call<sp/>/rosplan_parsing_interface/parse_plan</highlight></codeline>
<codeline lineno="136"><highlight class="normal">rosservice<sp/>call<sp/>/rosplan_plan_dispatcher/dispatch_plan<sp/>&quot;{}&quot;<sp/></highlight></codeline>
<codeline lineno="137"><highlight class="normal"></highlight></codeline>
<codeline lineno="138"><highlight class="normal">#<sp/>the<sp/>robot<sp/>will<sp/>go<sp/>in<sp/>one<sp/>wp</highlight></codeline>
<codeline lineno="139"><highlight class="normal">rosservice<sp/>call<sp/>/update_goal<sp/>&quot;landmark:<sp/>1&quot;</highlight></codeline>
<codeline lineno="140"><highlight class="normal">rosservice<sp/>call<sp/>/rosplan_problem_interface/problem_generation_server</highlight></codeline>
<codeline lineno="141"><highlight class="normal">rosservice<sp/>call<sp/>/rosplan_planner_interface/planning_server</highlight></codeline>
<codeline lineno="142"><highlight class="normal">rostopic<sp/>echo<sp/>/rosplan_planner_interface/planner_output<sp/>-p<sp/>-n<sp/>1</highlight></codeline>
<codeline lineno="143"><highlight class="normal">rosservice<sp/>call<sp/>/rosplan_parsing_interface/parse_plan</highlight></codeline>
<codeline lineno="144"><highlight class="normal">rosservice<sp/>call<sp/>/rosplan_plan_dispatcher/dispatch_plan<sp/>&quot;{}&quot;<sp/></highlight></codeline>
<codeline lineno="145"><highlight class="normal"></highlight></codeline>
<codeline lineno="146"><highlight class="normal">#<sp/>if<sp/>you<sp/>repeat<sp/>the<sp/>test<sp/>above,<sp/>the<sp/>wp<sp/>gonna<sp/>change<sp/>(max<sp/>4<sp/>times)</highlight></codeline>
<codeline lineno="147"><highlight class="normal">#<sp/>...</highlight></codeline>
<codeline lineno="148"><highlight class="normal"></highlight></codeline>
<codeline lineno="149"><highlight class="normal">#<sp/>the<sp/>fifth<sp/>time<sp/>the<sp/>landmark<sp/>is<sp/>applied,<sp/>the<sp/>kb_interface</highlight></codeline>
<codeline lineno="150"><highlight class="normal">#<sp/><sp/><sp/><sp/>should<sp/>reply<sp/>with<sp/>the<sp/>flag<sp/>&quot;applicable=false&quot;</highlight></codeline>
<codeline lineno="151"><highlight class="normal"></highlight></codeline>
<codeline lineno="152"><highlight class="normal">#<sp/>called<sp/>the<sp/>action<sp/>&quot;solve&quot;</highlight></codeline>
<codeline lineno="153"><highlight class="normal">rosservice<sp/>call<sp/>/update_goal<sp/>&quot;landmark:<sp/>2&quot;</highlight></codeline>
<codeline lineno="154"><highlight class="normal">rosservice<sp/>call<sp/>/rosplan_problem_interface/problem_generation_server</highlight></codeline>
<codeline lineno="155"><highlight class="normal">rosservice<sp/>call<sp/>/rosplan_planner_interface/planning_server</highlight></codeline>
<codeline lineno="156"><highlight class="normal">rostopic<sp/>echo<sp/>/rosplan_planner_interface/planner_output<sp/>-p<sp/>-n<sp/>1</highlight></codeline>
<codeline lineno="157"><highlight class="normal">rosservice<sp/>call<sp/>/rosplan_parsing_interface/parse_plan</highlight></codeline>
<codeline lineno="158"><highlight class="normal">rosservice<sp/>call<sp/>/rosplan_plan_dispatcher/dispatch_plan<sp/>&quot;{}&quot;<sp/></highlight></codeline>
<codeline lineno="159"><highlight class="normal"></highlight></codeline>
<codeline lineno="160"><highlight class="normal">```</highlight></codeline>
<codeline lineno="161"><highlight class="normal"></highlight></codeline>
<codeline lineno="162"><highlight class="normal">consider<sp/>that,<sp/>each<sp/>time<sp/>all<sp/>the<sp/>waypoints<sp/>have<sp/>been<sp/>explored,<sp/>the<sp/>robot<sp/>must<sp/>call<sp/>the<sp/>service<sp/>`/replan`<sp/>to<sp/>reset<sp/>its<sp/>status.</highlight></codeline>
<codeline lineno="163"><highlight class="normal"></highlight></codeline>
<codeline lineno="164"><highlight class="normal">###<sp/>ROSPlan<sp/>pipeline<sp/>manager<sp/>with<sp/>simulated<sp/>actions</highlight></codeline>
<codeline lineno="165"><highlight class="normal"></highlight></codeline>
<codeline lineno="166"><highlight class="normal">the<sp/>main<sp/>component<sp/>controlling<sp/>the<sp/>ROSPlan<sp/>architecture<sp/>is<sp/>the<sp/>so<sp/>called<sp/>`rosplan_pipeline_manager`.<sp/>It<sp/>provides<sp/>functionalities<sp/>for<sp/>doing<sp/>many<sp/>things:</highlight></codeline>
<codeline lineno="167"><highlight class="normal"></highlight></codeline>
<codeline lineno="168"><highlight class="normal">-<sp/>controlling<sp/>each<sp/>part<sp/>of<sp/>the<sp/>planning<sp/>process,<sp/>*one<sp/>by<sp/>one*</highlight></codeline>
<codeline lineno="169"><highlight class="normal">-<sp/>ease<sp/>the<sp/>interaction<sp/>with<sp/>the<sp/>other<sp/>parts<sp/>of<sp/>the<sp/>system</highlight></codeline>
<codeline lineno="170"><highlight class="normal">-<sp/>returning<sp/>precide<sp/>informations<sp/>about<sp/>the<sp/>outcomes<sp/>of<sp/>the<sp/>single<sp/>pipeline<sp/>components:<sp/>indeed<sp/>the<sp/>basic<sp/>ROSPlan<sp/>architecture<sp/>doesn&apos;t<sp/>provide<sp/>informations<sp/>about<sp/>the<sp/>planning<sp/>process<sp/>*in<sp/>a<sp/>simple<sp/>way*,<sp/>and<sp/>sometimes<sp/>*the<sp/>process<sp/>to<sp/>infer<sp/>what<sp/>happened<sp/>inside<sp/>could<sp/>be<sp/>cumbersome<sp/>for<sp/>the<sp/>other<sp/>parts<sp/>of<sp/>the<sp/>architecture*.<sp/></highlight></codeline>
<codeline lineno="171"><highlight class="normal"></highlight></codeline>
<codeline lineno="172"><highlight class="normal">here&apos;s<sp/>how<sp/>to<sp/>test<sp/>it:</highlight></codeline>
<codeline lineno="173"><highlight class="normal"></highlight></codeline>
<codeline lineno="174"><highlight class="normal">```text</highlight></codeline>
<codeline lineno="175"><highlight class="normal">#<sp/>shell<sp/>1</highlight></codeline>
<codeline lineno="176"><highlight class="normal">roslaunch<sp/>robocluedo_module_testing<sp/>load_rosplan_simulated_actions.launch</highlight></codeline>
<codeline lineno="177"><highlight class="normal"></highlight></codeline>
<codeline lineno="178"><highlight class="normal">#<sp/>shell<sp/>2</highlight></codeline>
<codeline lineno="179"><highlight class="normal">rosrun<sp/>robocluedo_rosplan<sp/>kb_interface</highlight></codeline>
<codeline lineno="180"><highlight class="normal"></highlight></codeline>
<codeline lineno="181"><highlight class="normal">#<sp/>shell<sp/>3<sp/>(a<sp/>bit<sp/>slow,<sp/>wait)</highlight></codeline>
<codeline lineno="182"><highlight class="normal">rosrun<sp/>robocluedo_rosplan<sp/>rosplan_pipeline_manager.py</highlight></codeline>
<codeline lineno="183"><highlight class="normal"></highlight></codeline>
<codeline lineno="184"><highlight class="normal">#<sp/>shell<sp/>4</highlight></codeline>
<codeline lineno="185"><highlight class="normal">rosservice<sp/>list<sp/>|<sp/>grep<sp/>robocluedo</highlight></codeline>
<codeline lineno="186"><highlight class="normal">#<sp/><sp/><sp/><sp/>/robocluedo/pipeline_manager</highlight></codeline>
<codeline lineno="187"><highlight class="normal"></highlight></codeline>
<codeline lineno="188"><highlight class="normal">#<sp/>skip<sp/>everything</highlight></codeline>
<codeline lineno="189"><highlight class="normal">rosservice<sp/>call<sp/>/robocluedo/pipeline_manager<sp/>&quot;{load_problem:<sp/>false,<sp/>solve_problem:<sp/>false,<sp/>parse_plan:<sp/>false,<sp/>execute_plan:<sp/>false,<sp/>landmark:<sp/>0}&quot;<sp/></highlight></codeline>
<codeline lineno="190"><highlight class="normal">#<sp/>loading<sp/>only</highlight></codeline>
<codeline lineno="191"><highlight class="normal">rosservice<sp/>call<sp/>/robocluedo/pipeline_manager<sp/>&quot;{load_problem:<sp/>true,<sp/>solve_problem:<sp/>false,<sp/>parse_plan:<sp/>false,<sp/>execute_plan:<sp/>false,<sp/>landmark:<sp/>0}&quot;<sp/></highlight></codeline>
<codeline lineno="192"><highlight class="normal">#<sp/>load<sp/>+<sp/>solving</highlight></codeline>
<codeline lineno="193"><highlight class="normal">rosservice<sp/>call<sp/>/robocluedo/pipeline_manager<sp/>&quot;{load_problem:<sp/>true,<sp/>solve_problem:<sp/>true,<sp/>parse_plan:<sp/>false,<sp/>execute_plan:<sp/>false,<sp/>landmark:<sp/>0}&quot;<sp/></highlight></codeline>
<codeline lineno="194"><highlight class="normal">#<sp/>load<sp/>+<sp/>solving<sp/>+<sp/>parsing</highlight></codeline>
<codeline lineno="195"><highlight class="normal">rosservice<sp/>call<sp/>/robocluedo/pipeline_manager<sp/>&quot;{load_problem:<sp/>true,<sp/>solve_problem:<sp/>true,<sp/>parse_plan:<sp/>true,<sp/>execute_plan:<sp/>false,<sp/>landmark:<sp/>0}&quot;<sp/></highlight></codeline>
<codeline lineno="196"><highlight class="normal">#<sp/>also<sp/>dispatch</highlight></codeline>
<codeline lineno="197"><highlight class="normal">rosservice<sp/>call<sp/>/robocluedo/pipeline_manager<sp/>&quot;{load_problem:<sp/>true,<sp/>solve_problem:<sp/>true,<sp/>parse_plan:<sp/>true,<sp/>execute_plan:<sp/>true,<sp/>landmark:<sp/>0}&quot;<sp/></highlight></codeline>
<codeline lineno="198"><highlight class="normal"></highlight></codeline>
<codeline lineno="199"><highlight class="normal">#<sp/>landmarks</highlight></codeline>
<codeline lineno="200"><highlight class="normal">rosservice<sp/>call<sp/>/robocluedo/pipeline_manager<sp/>&quot;{load_problem:<sp/>true,<sp/>solve_problem:<sp/>true,<sp/>parse_plan:<sp/>true,<sp/>execute_plan:<sp/>true,<sp/>landmark:<sp/>0}&quot;<sp/></highlight></codeline>
<codeline lineno="201"><highlight class="normal">rosservice<sp/>call<sp/>/robocluedo/pipeline_manager<sp/>&quot;{load_problem:<sp/>true,<sp/>solve_problem:<sp/>true,<sp/>parse_plan:<sp/>true,<sp/>execute_plan:<sp/>true,<sp/>landmark:<sp/>1}&quot;<sp/></highlight></codeline>
<codeline lineno="202"><highlight class="normal">rosservice<sp/>call<sp/>/robocluedo/pipeline_manager<sp/>&quot;{load_problem:<sp/>true,<sp/>solve_problem:<sp/>true,<sp/>parse_plan:<sp/>true,<sp/>execute_plan:<sp/>true,<sp/>landmark:<sp/>2}&quot;<sp/></highlight></codeline>
<codeline lineno="203"><highlight class="normal">```</highlight></codeline>
<codeline lineno="204"><highlight class="normal"></highlight></codeline>
<codeline lineno="205"><highlight class="normal">**Notice<sp/>that**<sp/>this<sp/>sequence<sp/>could<sp/>ends<sp/>to<sp/>a<sp/>*unsolvable<sp/>problem*<sp/>(it<sp/>is<sp/>due<sp/>to<sp/>the<sp/>initial<sp/>topology),<sp/>and<sp/>it<sp/>makes<sp/>sense<sp/>because<sp/>we&apos;re<sp/>using<sp/>just<sp/>simulated<sp/>actions:</highlight></codeline>
<codeline lineno="206"><highlight class="normal"></highlight></codeline>
<codeline lineno="207"><highlight class="normal">```bash</highlight></codeline>
<codeline lineno="208"><highlight class="normal">rosservice<sp/>call<sp/>/robocluedo/pipeline_manager<sp/>&quot;{load_problem:<sp/>true,<sp/>solve_problem:<sp/>true,<sp/>parse_plan:<sp/>true,<sp/>execute_plan:<sp/>true,<sp/>landmark:<sp/>0}&quot;<sp/></highlight></codeline>
<codeline lineno="209"><highlight class="normal">rosservice<sp/>call<sp/>/robocluedo/pipeline_manager<sp/>&quot;{load_problem:<sp/>true,<sp/>solve_problem:<sp/>true,<sp/>parse_plan:<sp/>true,<sp/>execute_plan:<sp/>true,<sp/>landmark:<sp/>1}&quot;<sp/></highlight></codeline>
<codeline lineno="210"><highlight class="normal">rosservice<sp/>call<sp/>/robocluedo/pipeline_manager<sp/>&quot;{load_problem:<sp/>true,<sp/>solve_problem:<sp/>true,<sp/>parse_plan:<sp/>true,<sp/>execute_plan:<sp/>true,<sp/>landmark:<sp/>1}&quot;<sp/></highlight></codeline>
<codeline lineno="211"><highlight class="normal">rosservice<sp/>call<sp/>/robocluedo/pipeline_manager<sp/>&quot;{load_problem:<sp/>true,<sp/>solve_problem:<sp/>true,<sp/>parse_plan:<sp/>true,<sp/>execute_plan:<sp/>true,<sp/>landmark:<sp/>2}&quot;<sp/></highlight></codeline>
<codeline lineno="212"><highlight class="normal">rosservice<sp/>call<sp/>/robocluedo/pipeline_manager<sp/>&quot;{load_problem:<sp/>true,<sp/>solve_problem:<sp/>true,<sp/>parse_plan:<sp/>true,<sp/>execute_plan:<sp/>true,<sp/>landmark:<sp/>0}&quot;<sp/></highlight></codeline>
<codeline lineno="213"><highlight class="normal">#<sp/>UNSOLVABLE</highlight></codeline>
<codeline lineno="214"><highlight class="normal">rosservice<sp/>call<sp/>/robocluedo/pipeline_manager<sp/>&quot;{load_problem:<sp/>true,<sp/>solve_problem:<sp/>true,<sp/>parse_plan:<sp/>true,<sp/>execute_plan:<sp/>true,<sp/>landmark:<sp/>1}&quot;<sp/></highlight></codeline>
<codeline lineno="215"><highlight class="normal">```</highlight></codeline>
<codeline lineno="216"><highlight class="normal"></highlight></codeline>
<codeline lineno="217"><highlight class="normal">the<sp/>topology<sp/>that<sp/>generated<sp/>the<sp/>unsolvable<sp/>problem:</highlight></codeline>
<codeline lineno="218"><highlight class="normal"></highlight></codeline>
<codeline lineno="219"><highlight class="normal">```lisp</highlight></codeline>
<codeline lineno="220"><highlight class="normal">(:init</highlight></codeline>
<codeline lineno="221"><highlight class="normal"><sp/><sp/><sp/><sp/>(dirty<sp/>)</highlight></codeline>
<codeline lineno="222"><highlight class="normal"><sp/><sp/><sp/><sp/></highlight></codeline>
<codeline lineno="223"><highlight class="normal"><sp/><sp/><sp/><sp/>(is-center<sp/>center<sp/>)</highlight></codeline>
<codeline lineno="224"><highlight class="normal"><sp/><sp/><sp/><sp/><sp/><sp/><sp/><sp/>(not-is-center<sp/>wp1<sp/>)<sp/>(not-is-center<sp/>wp2<sp/>)<sp/></highlight></codeline>
<codeline lineno="225"><highlight class="normal"><sp/><sp/><sp/><sp/><sp/><sp/><sp/><sp/>(not-is-center<sp/>wp3<sp/>)<sp/>(not-is-center<sp/>wp4<sp/>)</highlight></codeline>
<codeline lineno="226"><highlight class="normal"><sp/><sp/><sp/><sp/></highlight></codeline>
<codeline lineno="227"><highlight class="normal"><sp/><sp/><sp/><sp/>(at<sp/>center<sp/>)<sp/>(at-center<sp/>)</highlight></codeline>
<codeline lineno="228"><highlight class="normal"><sp/><sp/><sp/><sp/></highlight></codeline>
<codeline lineno="229"><highlight class="normal"><sp/><sp/><sp/><sp/>(passage<sp/>center<sp/>wp1<sp/>)<sp/>(passage<sp/>wp1<sp/>center<sp/>)</highlight></codeline>
<codeline lineno="230"><highlight class="normal"><sp/><sp/><sp/><sp/>;;(<ref refid="robocluedo_8md_8txt_1a5c6c418cfc05edf02b84a9ffcb6d3490" kindref="member">passage</ref><sp/>center<sp/>wp2<sp/>)<sp/>(<ref refid="robocluedo_8md_8txt_1a5c6c418cfc05edf02b84a9ffcb6d3490" kindref="member">passage</ref><sp/>wp2<sp/>center<sp/>)</highlight></codeline>
<codeline lineno="231"><highlight class="normal"><sp/><sp/><sp/><sp/>;;(<ref refid="robocluedo_8md_8txt_1a5c6c418cfc05edf02b84a9ffcb6d3490" kindref="member">passage</ref><sp/>center<sp/>wp3<sp/>)<sp/>(<ref refid="robocluedo_8md_8txt_1a5c6c418cfc05edf02b84a9ffcb6d3490" kindref="member">passage</ref><sp/>wp3<sp/>center<sp/>)</highlight></codeline>
<codeline lineno="232"><highlight class="normal"><sp/><sp/><sp/><sp/>(<ref refid="robocluedo_8md_8txt_1a5c6c418cfc05edf02b84a9ffcb6d3490" kindref="member">passage</ref><sp/>center<sp/>wp4<sp/>)<sp/>(<ref refid="robocluedo_8md_8txt_1a5c6c418cfc05edf02b84a9ffcb6d3490" kindref="member">passage</ref><sp/>wp4<sp/>center<sp/>)</highlight></codeline>
<codeline lineno="233"><highlight class="normal"><sp/><sp/><sp/><sp/>(<ref refid="robocluedo_8md_8txt_1a5c6c418cfc05edf02b84a9ffcb6d3490" kindref="member">passage</ref><sp/>wp1<sp/>wp2<sp/>)<sp/>(<ref refid="robocluedo_8md_8txt_1a5c6c418cfc05edf02b84a9ffcb6d3490" kindref="member">passage</ref><sp/>wp2<sp/>wp3<sp/>)<sp/>(<ref refid="robocluedo_8md_8txt_1a5c6c418cfc05edf02b84a9ffcb6d3490" kindref="member">passage</ref><sp/>wp3<sp/>wp4<sp/>)</highlight></codeline>
<codeline lineno="234"><highlight class="normal"><sp/><sp/><sp/><sp/></highlight></codeline>
<codeline lineno="235"><highlight class="normal"><sp/><sp/><sp/><sp/>(not-explored<sp/>wp1<sp/>)<sp/>(not-explored<sp/>wp2<sp/>)<sp/>(not-explored<sp/>wp3<sp/>)<sp/>(not-explored<sp/>wp4<sp/>)<sp/><sp/></highlight></codeline>
<codeline lineno="236"><highlight class="normal"><sp/><sp/><sp/><sp/>(explored<sp/>center<sp/>)</highlight></codeline>
<codeline lineno="237"><highlight class="normal"><sp/><sp/><sp/><sp/></highlight></codeline>
<codeline lineno="238"><highlight class="normal"><sp/><sp/><sp/><sp/>(not-hint-collected<sp/>wp1<sp/>)</highlight></codeline>
<codeline lineno="239"><highlight class="normal"><sp/><sp/><sp/><sp/>(not-hint-collected<sp/>wp2<sp/>)</highlight></codeline>
<codeline lineno="240"><highlight class="normal"><sp/><sp/><sp/><sp/>(not-hint-collected<sp/>wp3<sp/>)</highlight></codeline>
<codeline lineno="241"><highlight class="normal"><sp/><sp/><sp/><sp/>(not-hint-collected<sp/>wp4<sp/>)</highlight></codeline>
<codeline lineno="242"><highlight class="normal"><sp/><sp/><sp/><sp/>(not-hint-ready<sp/>)</highlight></codeline>
<codeline lineno="243"><highlight class="normal">)</highlight></codeline>
<codeline lineno="244"><highlight class="normal">```</highlight></codeline>
<codeline lineno="245"><highlight class="normal"></highlight></codeline>
<codeline lineno="246"><highlight class="normal"></highlight><highlight class="preprocessor">###<sp/>ROSPlan<sp/>pipeline<sp/>manager<sp/>with<sp/>simulated<sp/>actions<sp/>--<sp/>NO<sp/>LAUNCH<sp/>FILE</highlight><highlight class="normal"></highlight></codeline>
<codeline lineno="247"><highlight class="normal"></highlight></codeline>
<codeline lineno="248"><highlight class="normal">```text</highlight></codeline>
<codeline lineno="249"><highlight class="normal"></highlight><highlight class="preprocessor">#<sp/>shell<sp/>1</highlight><highlight class="normal"></highlight></codeline>
<codeline lineno="250"><highlight class="normal">roslaunch<sp/>robocluedo_rosplan<sp/>load_rosplan.launch</highlight></codeline>
<codeline lineno="251"><highlight class="normal"></highlight></codeline>
<codeline lineno="252"><highlight class="normal"></highlight><highlight class="preprocessor">#<sp/>shell<sp/>2</highlight><highlight class="normal"></highlight></codeline>
<codeline lineno="253"><highlight class="normal">rosrun<sp/>robocluedo_rosplan<sp/><ref refid="classkb__interface" kindref="compound">kb_interface</ref></highlight></codeline>
<codeline lineno="254"><highlight class="normal"></highlight></codeline>
<codeline lineno="255"><highlight class="normal"></highlight><highlight class="preprocessor">#<sp/>shell<sp/>3</highlight><highlight class="normal"></highlight></codeline>
<codeline lineno="256"><highlight class="normal">rosrun<sp/>robocluedo_module_testing<sp/><ref refid="namespacerosplan__simulated__motion__system" kindref="compound">rosplan_simulated_motion_system</ref>.py</highlight></codeline>
<codeline lineno="257"><highlight class="normal"></highlight></codeline>
<codeline lineno="258"><highlight class="normal"></highlight><highlight class="preprocessor">#<sp/>shell<sp/>4</highlight><highlight class="normal"></highlight></codeline>
<codeline lineno="259"><highlight class="normal">rosrun<sp/>robocluedo_rosplan<sp/><ref refid="namespacerosplan__pipeline__manager" kindref="compound">rosplan_pipeline_manager</ref>.py</highlight></codeline>
<codeline lineno="260"><highlight class="normal"></highlight></codeline>
<codeline lineno="261"><highlight class="normal"></highlight><highlight class="preprocessor">#<sp/>shell<sp/>5</highlight><highlight class="normal"></highlight></codeline>
<codeline lineno="262"><highlight class="normal"></highlight><highlight class="preprocessor">#<sp/><sp/><sp/><sp/><sp/>landmarks:<sp/>0<sp/>1<sp/>1<sp/>1<sp/>2<sp/>0<sp/>1<sp/>2</highlight><highlight class="normal"></highlight></codeline>
<codeline lineno="263"><highlight class="normal"></highlight></codeline>
<codeline lineno="264"><highlight class="normal">rosservice<sp/><ref refid="rosplan-kb_8md_8txt_1ae9bb71e9fc9e25014334af4ccd7161e0" kindref="member">call</ref><sp/>/robocluedo/pipeline_manager<sp/></highlight><highlight class="stringliteral">&quot;{load_problem:<sp/>true,<sp/>solve_problem:<sp/>true,<sp/>parse_plan:<sp/>true,<sp/>execute_plan:<sp/>true,<sp/>landmark:<sp/>0}&quot;</highlight><highlight class="normal"><sp/></highlight></codeline>
<codeline lineno="265"><highlight class="normal">rosservice<sp/><ref refid="rosplan-kb_8md_8txt_1ae9bb71e9fc9e25014334af4ccd7161e0" kindref="member">call</ref><sp/>/robocluedo/pipeline_manager<sp/></highlight><highlight class="stringliteral">&quot;{load_problem:<sp/>true,<sp/>solve_problem:<sp/>true,<sp/>parse_plan:<sp/>true,<sp/>execute_plan:<sp/>true,<sp/>landmark:<sp/>1}&quot;</highlight><highlight class="normal"><sp/></highlight></codeline>
<codeline lineno="266"><highlight class="normal">rosservice<sp/><ref refid="rosplan-kb_8md_8txt_1ae9bb71e9fc9e25014334af4ccd7161e0" kindref="member">call</ref><sp/>/robocluedo/pipeline_manager<sp/></highlight><highlight class="stringliteral">&quot;{load_problem:<sp/>true,<sp/>solve_problem:<sp/>true,<sp/>parse_plan:<sp/>true,<sp/>execute_plan:<sp/>true,<sp/>landmark:<sp/>1}&quot;</highlight><highlight class="normal"><sp/></highlight></codeline>
<codeline lineno="267"><highlight class="normal">rosservice<sp/><ref refid="rosplan-kb_8md_8txt_1ae9bb71e9fc9e25014334af4ccd7161e0" kindref="member">call</ref><sp/>/robocluedo/pipeline_manager<sp/></highlight><highlight class="stringliteral">&quot;{load_problem:<sp/>true,<sp/>solve_problem:<sp/>true,<sp/>parse_plan:<sp/>true,<sp/>execute_plan:<sp/>true,<sp/>landmark:<sp/>1}&quot;</highlight><highlight class="normal"><sp/></highlight></codeline>
<codeline lineno="268"><highlight class="normal">rosservice<sp/><ref refid="rosplan-kb_8md_8txt_1ae9bb71e9fc9e25014334af4ccd7161e0" kindref="member">call</ref><sp/>/robocluedo/pipeline_manager<sp/></highlight><highlight class="stringliteral">&quot;{load_problem:<sp/>true,<sp/>solve_problem:<sp/>true,<sp/>parse_plan:<sp/>true,<sp/>execute_plan:<sp/>true,<sp/>landmark:<sp/>2}&quot;</highlight><highlight class="normal"></highlight></codeline>
<codeline lineno="269"><highlight class="normal"></highlight></codeline>
<codeline lineno="270"><highlight class="normal"></highlight><highlight class="preprocessor">#<sp/>ERRORE<sp/>problema<sp/>non<sp/>risolvibile<sp/>(correttamente<sp/>segnalato<sp/>dal<sp/>pipeline<sp/>manager)</highlight><highlight class="normal"></highlight></codeline>
<codeline lineno="271"><highlight class="normal">rosservice<sp/><ref refid="rosplan-kb_8md_8txt_1ae9bb71e9fc9e25014334af4ccd7161e0" kindref="member">call</ref><sp/>/robocluedo/pipeline_manager<sp/></highlight><highlight class="stringliteral">&quot;{load_problem:<sp/>true,<sp/>solve_problem:<sp/>true,<sp/>parse_plan:<sp/>true,<sp/>execute_plan:<sp/>true,<sp/>landmark:<sp/>1}&quot;</highlight><highlight class="normal"><sp/></highlight></codeline>
<codeline lineno="272"><highlight class="normal"></highlight></codeline>
<codeline lineno="273"><highlight class="normal"></highlight><highlight class="preprocessor">#<sp/>problema<sp/>risolvibile</highlight><highlight class="normal"></highlight></codeline>
<codeline lineno="274"><highlight class="normal">rosservice<sp/><ref refid="rosplan-kb_8md_8txt_1ae9bb71e9fc9e25014334af4ccd7161e0" kindref="member">call</ref><sp/>/robocluedo/pipeline_manager<sp/></highlight><highlight class="stringliteral">&quot;{load_problem:<sp/>true,<sp/>solve_problem:<sp/>true,<sp/>parse_plan:<sp/>true,<sp/>execute_plan:<sp/>true,<sp/>landmark:<sp/>0}&quot;</highlight><highlight class="normal"><sp/></highlight></codeline>
<codeline lineno="275"><highlight class="normal">rosservice<sp/><ref refid="rosplan-kb_8md_8txt_1ae9bb71e9fc9e25014334af4ccd7161e0" kindref="member">call</ref><sp/>/robocluedo/pipeline_manager<sp/></highlight><highlight class="stringliteral">&quot;{load_problem:<sp/>true,<sp/>solve_problem:<sp/>true,<sp/>parse_plan:<sp/>true,<sp/>execute_plan:<sp/>true,<sp/>landmark:<sp/>1}&quot;</highlight><highlight class="normal"><sp/></highlight></codeline>
<codeline lineno="276"><highlight class="normal">rosservice<sp/><ref refid="rosplan-kb_8md_8txt_1ae9bb71e9fc9e25014334af4ccd7161e0" kindref="member">call</ref><sp/>/robocluedo/pipeline_manager<sp/></highlight><highlight class="stringliteral">&quot;{load_problem:<sp/>true,<sp/>solve_problem:<sp/>true,<sp/>parse_plan:<sp/>true,<sp/>execute_plan:<sp/>true,<sp/>landmark:<sp/>1}&quot;</highlight><highlight class="normal"><sp/></highlight></codeline>
<codeline lineno="277"><highlight class="normal">rosservice<sp/><ref refid="rosplan-kb_8md_8txt_1ae9bb71e9fc9e25014334af4ccd7161e0" kindref="member">call</ref><sp/>/robocluedo/pipeline_manager<sp/></highlight><highlight class="stringliteral">&quot;{load_problem:<sp/>true,<sp/>solve_problem:<sp/>true,<sp/>parse_plan:<sp/>true,<sp/>execute_plan:<sp/>true,<sp/>landmark:<sp/>2}&quot;</highlight><highlight class="normal"></highlight></codeline>
<codeline lineno="278"><highlight class="normal"></highlight></codeline>
<codeline lineno="279"><highlight class="normal">```</highlight></codeline>
<codeline lineno="280"><highlight class="normal"></highlight></codeline>
<codeline lineno="281"><highlight class="normal"></highlight><highlight class="preprocessor">###<sp/>the<sp/>same<sp/>test<sp/>with<sp/>launch<sp/>file</highlight><highlight class="normal"></highlight></codeline>
<codeline lineno="282"><highlight class="normal"></highlight></codeline>
<codeline lineno="283"><highlight class="normal">```<ref refid="test-the-project_8md_8txt_1acc99dd0b593cfb3b61d901d2d9f8870c" kindref="member">bash</ref></highlight></codeline>
<codeline lineno="284"><highlight class="normal"></highlight><highlight class="preprocessor">#<sp/>shell<sp/>1</highlight><highlight class="normal"></highlight></codeline>
<codeline lineno="285"><highlight class="normal">roslaunch<sp/>robocluedo_rosplan<sp/>run.launch</highlight></codeline>
<codeline lineno="286"><highlight class="normal"></highlight></codeline>
<codeline lineno="287"><highlight class="normal"></highlight><highlight class="preprocessor">#<sp/>shell<sp/>2</highlight><highlight class="normal"></highlight></codeline>
<codeline lineno="288"><highlight class="normal">rosrun<sp/>robocluedo_module_testing<sp/><ref refid="namespacerosplan__simulated__motion__system" kindref="compound">rosplan_simulated_motion_system</ref>.py</highlight></codeline>
<codeline lineno="289"><highlight class="normal"></highlight></codeline>
<codeline lineno="290"><highlight class="normal"></highlight><highlight class="preprocessor">#<sp/>shell<sp/>3</highlight><highlight class="normal"></highlight></codeline>
<codeline lineno="291"><highlight class="normal">rosservice<sp/><ref refid="rosplan-kb_8md_8txt_1ae9bb71e9fc9e25014334af4ccd7161e0" kindref="member">call</ref><sp/>/robocluedo/pipeline_manager<sp/></highlight><highlight class="stringliteral">&quot;{load_problem:<sp/>true,<sp/>solve_problem:<sp/>true,<sp/>parse_plan:<sp/>true,<sp/>execute_plan:<sp/>true,<sp/>landmark:<sp/>0}&quot;</highlight><highlight class="normal"><sp/></highlight></codeline>
<codeline lineno="292"><highlight class="normal">rosservice<sp/><ref refid="rosplan-kb_8md_8txt_1ae9bb71e9fc9e25014334af4ccd7161e0" kindref="member">call</ref><sp/>/robocluedo/pipeline_manager<sp/></highlight><highlight class="stringliteral">&quot;{load_problem:<sp/>true,<sp/>solve_problem:<sp/>true,<sp/>parse_plan:<sp/>true,<sp/>execute_plan:<sp/>true,<sp/>landmark:<sp/>1}&quot;</highlight><highlight class="normal"><sp/></highlight></codeline>
<codeline lineno="293"><highlight class="normal">rosservice<sp/><ref refid="rosplan-kb_8md_8txt_1ae9bb71e9fc9e25014334af4ccd7161e0" kindref="member">call</ref><sp/>/robocluedo/pipeline_manager<sp/></highlight><highlight class="stringliteral">&quot;{load_problem:<sp/>true,<sp/>solve_problem:<sp/>true,<sp/>parse_plan:<sp/>true,<sp/>execute_plan:<sp/>true,<sp/>landmark:<sp/>1}&quot;</highlight><highlight class="normal"><sp/></highlight></codeline>
<codeline lineno="294"><highlight class="normal">rosservice<sp/><ref refid="rosplan-kb_8md_8txt_1ae9bb71e9fc9e25014334af4ccd7161e0" kindref="member">call</ref><sp/>/robocluedo/pipeline_manager<sp/></highlight><highlight class="stringliteral">&quot;{load_problem:<sp/>true,<sp/>solve_problem:<sp/>true,<sp/>parse_plan:<sp/>true,<sp/>execute_plan:<sp/>true,<sp/>landmark:<sp/>1}&quot;</highlight><highlight class="normal"><sp/></highlight></codeline>
<codeline lineno="295"><highlight class="normal">rosservice<sp/><ref refid="rosplan-kb_8md_8txt_1ae9bb71e9fc9e25014334af4ccd7161e0" kindref="member">call</ref><sp/>/robocluedo/pipeline_manager<sp/></highlight><highlight class="stringliteral">&quot;{load_problem:<sp/>true,<sp/>solve_problem:<sp/>true,<sp/>parse_plan:<sp/>true,<sp/>execute_plan:<sp/>true,<sp/>landmark:<sp/>2}&quot;</highlight><highlight class="normal"></highlight></codeline>
<codeline lineno="296"><highlight class="normal"></highlight></codeline>
<codeline lineno="297"><highlight class="normal"></highlight><highlight class="preprocessor">#<sp/>ERRORE<sp/>problema<sp/>non<sp/>risolvibile<sp/>(correttamente<sp/>segnalato<sp/>dal<sp/>pipeline<sp/>manager)</highlight><highlight class="normal"></highlight></codeline>
<codeline lineno="298"><highlight class="normal">rosservice<sp/><ref refid="rosplan-kb_8md_8txt_1ae9bb71e9fc9e25014334af4ccd7161e0" kindref="member">call</ref><sp/>/robocluedo/pipeline_manager<sp/></highlight><highlight class="stringliteral">&quot;{load_problem:<sp/>true,<sp/>solve_problem:<sp/>true,<sp/>parse_plan:<sp/>true,<sp/>execute_plan:<sp/>true,<sp/>landmark:<sp/>1}&quot;</highlight><highlight class="normal"><sp/></highlight></codeline>
<codeline lineno="299"><highlight class="normal"></highlight></codeline>
<codeline lineno="300"><highlight class="normal"></highlight><highlight class="preprocessor">#<sp/>problema<sp/>risolvibile</highlight><highlight class="normal"></highlight></codeline>
<codeline lineno="301"><highlight class="normal">rosservice<sp/><ref refid="rosplan-kb_8md_8txt_1ae9bb71e9fc9e25014334af4ccd7161e0" kindref="member">call</ref><sp/>/robocluedo/pipeline_manager<sp/></highlight><highlight class="stringliteral">&quot;{load_problem:<sp/>true,<sp/>solve_problem:<sp/>true,<sp/>parse_plan:<sp/>true,<sp/>execute_plan:<sp/>true,<sp/>landmark:<sp/>0}&quot;</highlight><highlight class="normal"><sp/></highlight></codeline>
<codeline lineno="302"><highlight class="normal">rosservice<sp/><ref refid="rosplan-kb_8md_8txt_1ae9bb71e9fc9e25014334af4ccd7161e0" kindref="member">call</ref><sp/>/robocluedo/pipeline_manager<sp/></highlight><highlight class="stringliteral">&quot;{load_problem:<sp/>true,<sp/>solve_problem:<sp/>true,<sp/>parse_plan:<sp/>true,<sp/>execute_plan:<sp/>true,<sp/>landmark:<sp/>1}&quot;</highlight><highlight class="normal"><sp/></highlight></codeline>
<codeline lineno="303"><highlight class="normal">rosservice<sp/><ref refid="rosplan-kb_8md_8txt_1ae9bb71e9fc9e25014334af4ccd7161e0" kindref="member">call</ref><sp/>/robocluedo/pipeline_manager<sp/></highlight><highlight class="stringliteral">&quot;{load_problem:<sp/>true,<sp/>solve_problem:<sp/>true,<sp/>parse_plan:<sp/>true,<sp/>execute_plan:<sp/>true,<sp/>landmark:<sp/>1}&quot;</highlight><highlight class="normal"><sp/></highlight></codeline>
<codeline lineno="304"><highlight class="normal">rosservice<sp/><ref refid="rosplan-kb_8md_8txt_1ae9bb71e9fc9e25014334af4ccd7161e0" kindref="member">call</ref><sp/>/robocluedo/pipeline_manager<sp/></highlight><highlight class="stringliteral">&quot;{load_problem:<sp/>true,<sp/>solve_problem:<sp/>true,<sp/>parse_plan:<sp/>true,<sp/>execute_plan:<sp/>true,<sp/>landmark:<sp/>2}&quot;</highlight><highlight class="normal"></highlight></codeline>
<codeline lineno="305"><highlight class="normal"></highlight></codeline>
<codeline lineno="306"><highlight class="normal">```</highlight></codeline>
<codeline lineno="307"><highlight class="normal"></highlight></codeline>
<codeline lineno="308"><highlight class="normal"></highlight><highlight class="preprocessor">##<sp/>TESTING<sp/>PKG<sp/>robocluedo_robot</highlight><highlight class="normal"></highlight></codeline>
<codeline lineno="309"><highlight class="normal"></highlight></codeline>
<codeline lineno="310"><highlight class="normal"></highlight><highlight class="preprocessor">###<sp/>BEFORE<sp/>THE<sp/>TESTS...</highlight><highlight class="normal"></highlight></codeline>
<codeline lineno="311"><highlight class="normal"></highlight></codeline>
<codeline lineno="312"><highlight class="normal">make<sp/><ref refid="test-the-project_8md_8txt_1a88c88a11ad9fbe857c741c4815fe3aff" kindref="member">sure</ref><sp/>to<sp/>have<sp/><ref refid="cpp-docs-template_8md_8txt_1a8dfd148d0f4736cfd77e16fc5d110ad2" kindref="member">the</ref><sp/>updated<sp/><ref refid="new-robocluedo_8md_8txt_1a3a2c9c61d83c7558e9374f9909675295" kindref="member">version</ref><sp/>of<sp/><ref refid="cpp-docs-template_8md_8txt_1a8dfd148d0f4736cfd77e16fc5d110ad2" kindref="member">the</ref><sp/><ref refid="robocluedo-urdf-user-manual_8md_8txt_1aa0d7be0426ddcdc9e7cc22747d861eb3" kindref="member">model</ref>.<sp/></highlight></codeline>
<codeline lineno="313"><highlight class="normal"></highlight></codeline>
<codeline lineno="314"><highlight class="normal">-<sp/><ref refid="namespaceconf_1a332f430461432dc465213f884a1e4967" kindref="member">shell</ref>:<sp/>`roscd<sp/>robocluedo_urdf_model`<sp/><ref refid="test-the-project_8md_8txt_1aa51bacc8577cd59a57530a0cceef3784" kindref="member">and</ref><sp/>`cd<sp/>robot`</highlight></codeline>
<codeline lineno="315"><highlight class="normal">-<sp/>run<sp/><ref refid="cpp-docs-template_8md_8txt_1a8dfd148d0f4736cfd77e16fc5d110ad2" kindref="member">the</ref><sp/>script<sp/>`./generate_mode.sh`<sp/>:<sp/><ref refid="cpp-docs-template_8md_8txt_1a8dfd148d0f4736cfd77e16fc5d110ad2" kindref="member">the</ref><sp/><ref refid="robocluedo-urdf-user-manual_8md_8txt_1aa0d7be0426ddcdc9e7cc22747d861eb3" kindref="member">model</ref><sp/>should<sp/>appear<sp/>as<sp/>console<sp/>output</highlight></codeline>
<codeline lineno="316"><highlight class="normal"></highlight></codeline>
<codeline lineno="317"><highlight class="normal"></highlight><highlight class="preprocessor">###<sp/>the<sp/>most<sp/>simple<sp/>test!</highlight><highlight class="normal"></highlight></codeline>
<codeline lineno="318"><highlight class="normal"></highlight></codeline>
<codeline lineno="319"><highlight class="normal">*</highlight><highlight class="keywordflow">try</highlight><highlight class="normal"><sp/><ref refid="test-the-project_8md_8txt_1aa51bacc8577cd59a57530a0cceef3784" kindref="member">and</ref><sp/>guess?*<sp/>let</highlight><highlight class="stringliteral">&apos;s<sp/>try<sp/>to<sp/>...<sp/>execute<sp/>the<sp/>main<sp/>launch<sp/>file.<sp/>You<sp/>should<sp/>not<sp/>see<sp/>something<sp/>strange<sp/>...<sp/>or,<sp/>worse,<sp/>errors<sp/>or<sp/>crashes.<sp/></highlight></codeline>
<codeline lineno="320"><highlight class="stringliteral"></highlight></codeline>
<codeline lineno="321"><highlight class="stringliteral">**first<sp/>test:**<sp/>Gazebo<sp/>only</highlight></codeline>
<codeline lineno="322"><highlight class="stringliteral"></highlight></codeline>
<codeline lineno="323"><highlight class="stringliteral">```bash</highlight></codeline>
<codeline lineno="324"><highlight class="stringliteral">roslaunch<sp/>robocluedo_robot<sp/>gazebo.launch</highlight></codeline>
<codeline lineno="325"><highlight class="stringliteral"></highlight></codeline>
<codeline lineno="326"><highlight class="stringliteral">```</highlight></codeline>
<codeline lineno="327"><highlight class="stringliteral"></highlight></codeline>
<codeline lineno="328"><highlight class="stringliteral">**second<sp/>test:**<sp/>RViz<sp/>only</highlight></codeline>
<codeline lineno="329"><highlight class="stringliteral"></highlight></codeline>
<codeline lineno="330"><highlight class="stringliteral">```bash</highlight></codeline>
<codeline lineno="331"><highlight class="stringliteral">roslaunch<sp/>robocluedo_robot<sp/>demo.launch</highlight></codeline>
<codeline lineno="332"><highlight class="stringliteral"></highlight></codeline>
<codeline lineno="333"><highlight class="stringliteral">```</highlight></codeline>
<codeline lineno="334"><highlight class="stringliteral"></highlight></codeline>
<codeline lineno="335"><highlight class="stringliteral">**Third<sp/>test:**<sp/>Gazebo<sp/>and<sp/>RViz<sp/>(it<sp/>should<sp/>generate<sp/>loads<sp/>of<sp/>warnings<sp/>on<sp/>the<sp/>console<sp/>...<sp/>)</highlight></codeline>
<codeline lineno="336"><highlight class="stringliteral"></highlight></codeline>
<codeline lineno="337"><highlight class="stringliteral">```bash</highlight></codeline>
<codeline lineno="338"><highlight class="stringliteral">roslaunch<sp/>robocluedo_robot<sp/>demo_gazebo.launch</highlight></codeline>
<codeline lineno="339"><highlight class="stringliteral"></highlight></codeline>
<codeline lineno="340"><highlight class="stringliteral">```</highlight></codeline>
<codeline lineno="341"><highlight class="stringliteral"></highlight></codeline>
<codeline lineno="342"><highlight class="stringliteral">the<sp/>same<sp/>launcher,<sp/>without<sp/>warnings<sp/>(not<sp/>necessairly<sp/>a<sp/>good<sp/>thing...):</highlight></codeline>
<codeline lineno="343"><highlight class="stringliteral"></highlight></codeline>
<codeline lineno="344"><highlight class="stringliteral">```bash</highlight></codeline>
<codeline lineno="345"><highlight class="stringliteral">roslaunch<sp/>robocluedo_robot<sp/>demo_gazebo.launch<sp/>2&gt;/dev/null</highlight></codeline>
<codeline lineno="346"><highlight class="stringliteral"></highlight></codeline>
<codeline lineno="347"><highlight class="stringliteral">```</highlight></codeline>
<codeline lineno="348"><highlight class="stringliteral"></highlight></codeline>
<codeline lineno="349"><highlight class="stringliteral">##<sp/>TESTING<sp/>PKG<sp/>robocluedo_movement_controller</highlight></codeline>
<codeline lineno="350"><highlight class="stringliteral"></highlight></codeline>
<codeline lineno="351"><highlight class="stringliteral">the<sp/>package<sp/>contains<sp/>nodes<sp/>for<sp/>performing<sp/>the<sp/>navigation<sp/>and<sp/>the<sp/>manipulation.<sp/></highlight></codeline>
<codeline lineno="352"><highlight class="stringliteral"></highlight></codeline>
<codeline lineno="353"><highlight class="stringliteral">###<sp/>go<sp/>to<sp/>opint</highlight></codeline>
<codeline lineno="354"><highlight class="stringliteral"></highlight></codeline>
<codeline lineno="355"><highlight class="stringliteral">this<sp/>py<sp/>node<sp/>performs<sp/>a<sp/>simple<sp/>navigation<sp/>between<sp/>two<sp/>points<sp/>in<sp/>a<sp/>path<sp/>without<sp/>obstacles.</highlight></codeline>
<codeline lineno="356"><highlight class="stringliteral"></highlight></codeline>
<codeline lineno="357"><highlight class="stringliteral">```bash</highlight></codeline>
<codeline lineno="358"><highlight class="stringliteral">#<sp/>shell<sp/>1</highlight></codeline>
<codeline lineno="359"><highlight class="stringliteral">roslaunch<sp/>robocluedo_robot<sp/>gazebo.launch<sp/>2&gt;/dev/null</highlight></codeline>
<codeline lineno="360"><highlight class="stringliteral"></highlight></codeline>
<codeline lineno="361"><highlight class="stringliteral">#<sp/>shell<sp/>2<sp/>(it<sp/>takes<sp/>minimum<sp/>4<sp/>seconds<sp/>to<sp/>start)</highlight></codeline>
<codeline lineno="362"><highlight class="stringliteral">rosparam<sp/>set<sp/>des_pos_x<sp/>0.0</highlight></codeline>
<codeline lineno="363"><highlight class="stringliteral">rosparam<sp/>set<sp/>des_pos_y<sp/>0.0</highlight></codeline>
<codeline lineno="364"><highlight class="stringliteral">rosrun<sp/>robocluedo_movement_controller<sp/>go_to_point_service_m.py</highlight></codeline>
<codeline lineno="365"><highlight class="stringliteral"></highlight></codeline>
<codeline lineno="366"><highlight class="stringliteral">#<sp/>shell<sp/>3</highlight></codeline>
<codeline lineno="367"><highlight class="stringliteral">rosparam<sp/>set<sp/>des_pos_x<sp/>2.0</highlight></codeline>
<codeline lineno="368"><highlight class="stringliteral">rosparam<sp/>set<sp/>des_pos_y<sp/>2.0</highlight></codeline>
<codeline lineno="369"><highlight class="stringliteral"></highlight></codeline>
<codeline lineno="370"><highlight class="stringliteral">#no<sp/>responding<sp/>from<sp/>this</highlight></codeline>
<codeline lineno="371"><highlight class="stringliteral">rosservice<sp/>call<sp/>/go_to_point_switch<sp/>&quot;data:<sp/>false&quot;<sp/></highlight></codeline>
<codeline lineno="372"><highlight class="stringliteral"></highlight></codeline>
<codeline lineno="373"><highlight class="stringliteral">#<sp/>the<sp/>robot<sp/>starts<sp/>moving</highlight></codeline>
<codeline lineno="374"><highlight class="stringliteral">rosservice<sp/>call<sp/>/go_to_point_switch<sp/>&quot;data:<sp/>true&quot;<sp/></highlight></codeline>
<codeline lineno="375"><highlight class="stringliteral"></highlight></codeline>
<codeline lineno="376"><highlight class="stringliteral">#<sp/>a<sp/>more<sp/>structured<sp/>test</highlight></codeline>
<codeline lineno="377"><highlight class="stringliteral">rosservice<sp/>call<sp/>/go_to_point_switch<sp/>&quot;data:<sp/>false&quot;<sp/></highlight></codeline>
<codeline lineno="378"><highlight class="stringliteral">rosparam<sp/>set<sp/>des_pos_x<sp/>-2.0</highlight></codeline>
<codeline lineno="379"><highlight class="stringliteral">rosparam<sp/>set<sp/>des_pos_y<sp/>-2.0</highlight></codeline>
<codeline lineno="380"><highlight class="stringliteral">rosservice<sp/>call<sp/>/go_to_point_switch<sp/>&quot;data:<sp/>true&quot;<sp/></highlight></codeline>
<codeline lineno="381"><highlight class="stringliteral">sleep<sp/>20</highlight></codeline>
<codeline lineno="382"><highlight class="stringliteral">rosservice<sp/>call<sp/>/go_to_point_switch<sp/>&quot;data:<sp/>false&quot;<sp/></highlight></codeline>
<codeline lineno="383"><highlight class="stringliteral">rosparam<sp/>set<sp/>des_pos_x<sp/>-2.0</highlight></codeline>
<codeline lineno="384"><highlight class="stringliteral">rosparam<sp/>set<sp/>des_pos_y<sp/>2.0</highlight></codeline>
<codeline lineno="385"><highlight class="stringliteral">rosservice<sp/>call<sp/>/go_to_point_switch<sp/>&quot;data:<sp/>true&quot;<sp/></highlight></codeline>
<codeline lineno="386"><highlight class="stringliteral">sleep<sp/>20</highlight></codeline>
<codeline lineno="387"><highlight class="stringliteral">rosparam<sp/>set<sp/>des_pos_x<sp/>2.0</highlight></codeline>
<codeline lineno="388"><highlight class="stringliteral">rosparam<sp/>set<sp/>des_pos_y<sp/>-2.0</highlight></codeline>
<codeline lineno="389"><highlight class="stringliteral">rosservice<sp/>call<sp/>/go_to_point_switch<sp/>&quot;data:<sp/>true&quot;<sp/></highlight></codeline>
<codeline lineno="390"><highlight class="stringliteral">sleep<sp/>20</highlight></codeline>
<codeline lineno="391"><highlight class="stringliteral">rosparam<sp/>set<sp/>des_pos_x<sp/>2.0</highlight></codeline>
<codeline lineno="392"><highlight class="stringliteral">rosparam<sp/>set<sp/>des_pos_y<sp/>2.0</highlight></codeline>
<codeline lineno="393"><highlight class="stringliteral">rosservice<sp/>call<sp/>/go_to_point_switch<sp/>&quot;data:<sp/>true&quot;<sp/></highlight></codeline>
<codeline lineno="394"><highlight class="stringliteral">sleep<sp/>20</highlight></codeline>
<codeline lineno="395"><highlight class="stringliteral">rosservice<sp/>call<sp/>/go_to_point_switch<sp/>&quot;data:<sp/>false&quot;<sp/></highlight></codeline>
<codeline lineno="396"><highlight class="stringliteral"></highlight></codeline>
<codeline lineno="397"><highlight class="stringliteral">```</highlight></codeline>
<codeline lineno="398"><highlight class="stringliteral"></highlight></codeline>
<codeline lineno="399"><highlight class="stringliteral">###<sp/>head<sp/>orientation</highlight></codeline>
<codeline lineno="400"><highlight class="stringliteral"></highlight></codeline>
<codeline lineno="401"><highlight class="stringliteral">this<sp/>node<sp/>simply<sp/>rotates<sp/>the<sp/>robot<sp/>of<sp/>a<sp/>certain<sp/>value<sp/>of<sp/>radiants.<sp/></highlight></codeline>
<codeline lineno="402"><highlight class="stringliteral"></highlight></codeline>
<codeline lineno="403"><highlight class="stringliteral">```bash</highlight></codeline>
<codeline lineno="404"><highlight class="stringliteral">#<sp/>shell<sp/>1</highlight></codeline>
<codeline lineno="405"><highlight class="stringliteral">roslaunch<sp/>robocluedo_robot<sp/>gazebo.launch<sp/>2&gt;/dev/null</highlight></codeline>
<codeline lineno="406"><highlight class="stringliteral"></highlight></codeline>
<codeline lineno="407"><highlight class="stringliteral">#<sp/>shell<sp/>2<sp/>(it<sp/>takes<sp/>minimum<sp/>4<sp/>seconds<sp/>to<sp/>start)</highlight></codeline>
<codeline lineno="408"><highlight class="stringliteral">rosparam<sp/>set<sp/>des_yaw<sp/>0.0</highlight></codeline>
<codeline lineno="409"><highlight class="stringliteral">rosrun<sp/>robocluedo_movement_controller<sp/>head_orientation.py</highlight></codeline>
<codeline lineno="410"><highlight class="stringliteral"></highlight></codeline>
<codeline lineno="411"><highlight class="stringliteral">#<sp/>shell<sp/>3</highlight></codeline>
<codeline lineno="412"><highlight class="stringliteral">rosservice<sp/>call<sp/>/head_orient_switch<sp/>&quot;data:<sp/>false&quot;</highlight></codeline>
<codeline lineno="413"><highlight class="stringliteral">rosparam<sp/>set<sp/>des_yaw<sp/>2.0</highlight></codeline>
<codeline lineno="414"><highlight class="stringliteral">rosservice<sp/>call<sp/>/head_orient_switch<sp/>&quot;data:<sp/>true&quot;</highlight></codeline>
<codeline lineno="415"><highlight class="stringliteral">sleep<sp/>15</highlight></codeline>
<codeline lineno="416"><highlight class="stringliteral">rosservice<sp/>call<sp/>/head_orient_switch<sp/>&quot;data:<sp/>false&quot;</highlight></codeline>
<codeline lineno="417"><highlight class="stringliteral">rosparam<sp/>set<sp/>des_yaw<sp/>-0.5</highlight></codeline>
<codeline lineno="418"><highlight class="stringliteral">rosservice<sp/>call<sp/>/head_orient_switch<sp/>&quot;data:<sp/>true&quot;</highlight></codeline>
<codeline lineno="419"><highlight class="stringliteral">sleep<sp/>15</highlight></codeline>
<codeline lineno="420"><highlight class="stringliteral">rosservice<sp/>call<sp/>/head_orient_switch<sp/>&quot;data:<sp/>false&quot;</highlight></codeline>
<codeline lineno="421"><highlight class="stringliteral">rosparam<sp/>set<sp/>des_yaw<sp/>1.57</highlight></codeline>
<codeline lineno="422"><highlight class="stringliteral">rosservice<sp/>call<sp/>/head_orient_switch<sp/>&quot;data:<sp/>true&quot;</highlight></codeline>
<codeline lineno="423"><highlight class="stringliteral">sleep<sp/>15</highlight></codeline>
<codeline lineno="424"><highlight class="stringliteral">rosservice<sp/>call<sp/>/head_orient_switch<sp/>&quot;data:<sp/>false&quot;</highlight></codeline>
<codeline lineno="425"><highlight class="stringliteral">rosparam<sp/>set<sp/>des_yaw<sp/>-1.57</highlight></codeline>
<codeline lineno="426"><highlight class="stringliteral">rosservice<sp/>call<sp/>/head_orient_switch<sp/>&quot;data:<sp/>true&quot;</highlight></codeline>
<codeline lineno="427"><highlight class="stringliteral">sleep<sp/>15</highlight></codeline>
<codeline lineno="428"><highlight class="stringliteral">rosservice<sp/>call<sp/>/head_orient_switch<sp/>&quot;data:<sp/>false&quot;</highlight></codeline>
<codeline lineno="429"><highlight class="stringliteral">rosparam<sp/>set<sp/>des_yaw<sp/>3.13</highlight></codeline>
<codeline lineno="430"><highlight class="stringliteral">rosservice<sp/>call<sp/>/head_orient_switch<sp/>&quot;data:<sp/>true&quot;</highlight></codeline>
<codeline lineno="431"><highlight class="stringliteral">sleep<sp/>15</highlight></codeline>
<codeline lineno="432"><highlight class="stringliteral"></highlight></codeline>
<codeline lineno="433"><highlight class="stringliteral">```</highlight></codeline>
<codeline lineno="434"><highlight class="stringliteral"></highlight></codeline>
<codeline lineno="435"><highlight class="stringliteral">###<sp/>wall<sp/>follow<sp/>behaviour</highlight></codeline>
<codeline lineno="436"><highlight class="stringliteral"></highlight></codeline>
<codeline lineno="437"><highlight class="stringliteral">```bash</highlight></codeline>
<codeline lineno="438"><highlight class="stringliteral">#<sp/>shell<sp/>1</highlight></codeline>
<codeline lineno="439"><highlight class="stringliteral">roslaunch<sp/>robocluedo_robot<sp/>gazebo.launch<sp/>2&gt;/dev/null</highlight></codeline>
<codeline lineno="440"><highlight class="stringliteral"></highlight></codeline>
<codeline lineno="441"><highlight class="stringliteral">#<sp/>shell<sp/>2<sp/>(it<sp/>takes<sp/>minimum<sp/>4<sp/>seconds<sp/>to<sp/>start)</highlight></codeline>
<codeline lineno="442"><highlight class="stringliteral">rosrun<sp/>robocluedo_movement_controller<sp/>wall_follow_service_m.py</highlight></codeline>
<codeline lineno="443"><highlight class="stringliteral"></highlight></codeline>
<codeline lineno="444"><highlight class="stringliteral">#<sp/>shell<sp/>3</highlight></codeline>
<codeline lineno="445"><highlight class="stringliteral">rosservice<sp/>call<sp/>/wall_follower_switch<sp/>&quot;data:<sp/>true&quot;</highlight></codeline>
<codeline lineno="446"><highlight class="stringliteral">sleep<sp/>30</highlight></codeline>
<codeline lineno="447"><highlight class="stringliteral">rosservice<sp/>call<sp/>/wall_follower_switch<sp/>&quot;data:<sp/>false&quot;</highlight></codeline>
<codeline lineno="448"><highlight class="stringliteral"></highlight></codeline>
<codeline lineno="449"><highlight class="stringliteral">```</highlight></codeline>
<codeline lineno="450"><highlight class="stringliteral"></highlight></codeline>
<codeline lineno="451"><highlight class="stringliteral">###<sp/>the<sp/>bug_m<sp/>module</highlight></codeline>
<codeline lineno="452"><highlight class="stringliteral"></highlight></codeline>
<codeline lineno="453"><highlight class="stringliteral">the<sp/>so<sp/>called<sp/>bug_m<sp/>is<sp/>a<sp/>navigation<sp/>controller<sp/>made<sp/>up<sp/>of<sp/>four<sp/>nodes:</highlight></codeline>
<codeline lineno="454"><highlight class="stringliteral"></highlight></codeline>
<codeline lineno="455"><highlight class="stringliteral">-<sp/>`bug_m`<sp/>is<sp/>the<sp/>main<sp/>node</highlight></codeline>
<codeline lineno="456"><highlight class="stringliteral">-<sp/>`go_to_point_service_m`<sp/>,<sp/>`head_orientation`<sp/>and<sp/>`wall_follow_service_m`</highlight></codeline>
<codeline lineno="457"><highlight class="stringliteral"></highlight></codeline>
<codeline lineno="458"><highlight class="stringliteral">here&apos;</highlight><highlight class="normal">s<sp/><ref refid="cpp-docs-template_8md_8txt_1a8dfd148d0f4736cfd77e16fc5d110ad2" kindref="member">the</ref><sp/><ref refid="test-the-project_8md_8txt_1ab9c30914b6e8a2a87c4305b70785cbfa" kindref="member">test</ref>:</highlight></codeline>
<codeline lineno="459"><highlight class="normal"></highlight></codeline>
<codeline lineno="460"><highlight class="normal">```<ref refid="test-the-project_8md_8txt_1acc99dd0b593cfb3b61d901d2d9f8870c" kindref="member">bash</ref></highlight></codeline>
<codeline lineno="461"><highlight class="normal"></highlight><highlight class="preprocessor">#<sp/>shell<sp/>1</highlight><highlight class="normal"></highlight></codeline>
<codeline lineno="462"><highlight class="normal">roslaunch<sp/>robocluedo_robot<sp/>gazebo.launch</highlight></codeline>
<codeline lineno="463"><highlight class="normal"></highlight></codeline>
<codeline lineno="464"><highlight class="normal"></highlight><highlight class="preprocessor">#<sp/>shell<sp/>2</highlight><highlight class="normal"></highlight></codeline>
<codeline lineno="465"><highlight class="normal">rosparam<sp/>set<sp/>des_pos_x<sp/>0.0</highlight></codeline>
<codeline lineno="466"><highlight class="normal">rosparam<sp/>set<sp/>des_pos_y<sp/>0.0</highlight></codeline>
<codeline lineno="467"><highlight class="normal">rosparam<sp/>set<sp/>des_yaw<sp/>0.0</highlight></codeline>
<codeline lineno="468"><highlight class="normal">rosrun<sp/>robocluedo_movement_controller<sp/><ref refid="namespacewall__follow__service__m" kindref="compound">wall_follow_service_m</ref>.py<sp/>&amp;</highlight></codeline>
<codeline lineno="469"><highlight class="normal">rosrun<sp/>robocluedo_movement_controller<sp/><ref refid="namespacego__to__point__service__m" kindref="compound">go_to_point_service_m</ref>.py<sp/>&amp;</highlight></codeline>
<codeline lineno="470"><highlight class="normal">rosrun<sp/>robocluedo_movement_controller<sp/><ref refid="namespacehead__orientation" kindref="compound">head_orientation</ref>.py<sp/>&amp;<sp/></highlight></codeline>
<codeline lineno="471"><highlight class="normal">rosrun<sp/>robocluedo_movement_controller<sp/><ref refid="namespacebug__m" kindref="compound">bug_m</ref>.py</highlight></codeline>
<codeline lineno="472"><highlight class="normal"></highlight></codeline>
<codeline lineno="473"><highlight class="normal"></highlight><highlight class="preprocessor">#<sp/>shell<sp/>3</highlight><highlight class="normal"></highlight></codeline>
<codeline lineno="474"><highlight class="normal"></highlight><highlight class="preprocessor">#<sp/>rosservice<sp/>list<sp/>|<sp/>grep<sp/>switch</highlight><highlight class="normal"></highlight></codeline>
<codeline lineno="475"><highlight class="normal"></highlight></codeline>
<codeline lineno="476"><highlight class="normal">rosservice<sp/><ref refid="rosplan-kb_8md_8txt_1ae9bb71e9fc9e25014334af4ccd7161e0" kindref="member">call</ref><sp/>/<ref refid="namespacebug__m_1a1dbc6228266b6c52ec33c0da1869e527" kindref="member">bug_switch</ref><sp/></highlight><highlight class="stringliteral">&quot;data:<sp/>false&quot;</highlight><highlight class="normal"><sp/></highlight></codeline>
<codeline lineno="477"><highlight class="normal">rosparam<sp/>set<sp/>des_pos_x<sp/>2.0</highlight></codeline>
<codeline lineno="478"><highlight class="normal">rosparam<sp/>set<sp/>des_pos_y<sp/>0.0</highlight></codeline>
<codeline lineno="479"><highlight class="normal">rosparam<sp/>set<sp/>des_yaw<sp/>0.0</highlight></codeline>
<codeline lineno="480"><highlight class="normal">rosservice<sp/><ref refid="rosplan-kb_8md_8txt_1ae9bb71e9fc9e25014334af4ccd7161e0" kindref="member">call</ref><sp/>/<ref refid="namespacebug__m_1a1dbc6228266b6c52ec33c0da1869e527" kindref="member">bug_switch</ref><sp/></highlight><highlight class="stringliteral">&quot;data:<sp/>true&quot;</highlight><highlight class="normal"><sp/></highlight></codeline>
<codeline lineno="481"><highlight class="normal">sleep<sp/>15</highlight></codeline>
<codeline lineno="482"><highlight class="normal">rosservice<sp/><ref refid="rosplan-kb_8md_8txt_1ae9bb71e9fc9e25014334af4ccd7161e0" kindref="member">call</ref><sp/>/<ref refid="namespacebug__m_1a1dbc6228266b6c52ec33c0da1869e527" kindref="member">bug_switch</ref><sp/></highlight><highlight class="stringliteral">&quot;data:<sp/>false&quot;</highlight><highlight class="normal"><sp/></highlight></codeline>
<codeline lineno="483"><highlight class="normal">rosparam<sp/>set<sp/>des_pos_x<sp/>0.0</highlight></codeline>
<codeline lineno="484"><highlight class="normal">rosparam<sp/>set<sp/>des_pos_y<sp/>2.0</highlight></codeline>
<codeline lineno="485"><highlight class="normal">rosparam<sp/>set<sp/>des_yaw<sp/>1.57</highlight></codeline>
<codeline lineno="486"><highlight class="normal">rosservice<sp/><ref refid="rosplan-kb_8md_8txt_1ae9bb71e9fc9e25014334af4ccd7161e0" kindref="member">call</ref><sp/>/<ref refid="namespacebug__m_1a1dbc6228266b6c52ec33c0da1869e527" kindref="member">bug_switch</ref><sp/></highlight><highlight class="stringliteral">&quot;data:<sp/>true&quot;</highlight><highlight class="normal"><sp/></highlight></codeline>
<codeline lineno="487"><highlight class="normal">sleep<sp/>15</highlight></codeline>
<codeline lineno="488"><highlight class="normal">rosservice<sp/><ref refid="rosplan-kb_8md_8txt_1ae9bb71e9fc9e25014334af4ccd7161e0" kindref="member">call</ref><sp/>/<ref refid="namespacebug__m_1a1dbc6228266b6c52ec33c0da1869e527" kindref="member">bug_switch</ref><sp/></highlight><highlight class="stringliteral">&quot;data:<sp/>false&quot;</highlight><highlight class="normal"><sp/></highlight></codeline>
<codeline lineno="489"><highlight class="normal">rosparam<sp/>set<sp/>des_pos_x<sp/>-2.0</highlight></codeline>
<codeline lineno="490"><highlight class="normal">rosparam<sp/>set<sp/>des_pos_y<sp/>0.0</highlight></codeline>
<codeline lineno="491"><highlight class="normal">rosparam<sp/>set<sp/>des_yaw<sp/>3.14</highlight></codeline>
<codeline lineno="492"><highlight class="normal">rosservice<sp/><ref refid="rosplan-kb_8md_8txt_1ae9bb71e9fc9e25014334af4ccd7161e0" kindref="member">call</ref><sp/>/<ref refid="namespacebug__m_1a1dbc6228266b6c52ec33c0da1869e527" kindref="member">bug_switch</ref><sp/></highlight><highlight class="stringliteral">&quot;data:<sp/>true&quot;</highlight><highlight class="normal"><sp/></highlight></codeline>
<codeline lineno="493"><highlight class="normal">sleep<sp/>15</highlight></codeline>
<codeline lineno="494"><highlight class="normal">rosservice<sp/><ref refid="rosplan-kb_8md_8txt_1ae9bb71e9fc9e25014334af4ccd7161e0" kindref="member">call</ref><sp/>/<ref refid="namespacebug__m_1a1dbc6228266b6c52ec33c0da1869e527" kindref="member">bug_switch</ref><sp/></highlight><highlight class="stringliteral">&quot;data:<sp/>false&quot;</highlight><highlight class="normal"><sp/></highlight></codeline>
<codeline lineno="495"><highlight class="normal">rosparam<sp/>set<sp/>des_pos_x<sp/>0.0</highlight></codeline>
<codeline lineno="496"><highlight class="normal">rosparam<sp/>set<sp/>des_pos_y<sp/>-2.0</highlight></codeline>
<codeline lineno="497"><highlight class="normal">rosparam<sp/>set<sp/>des_yaw<sp/>-1.57</highlight></codeline>
<codeline lineno="498"><highlight class="normal">rosservice<sp/><ref refid="rosplan-kb_8md_8txt_1ae9bb71e9fc9e25014334af4ccd7161e0" kindref="member">call</ref><sp/>/<ref refid="namespacebug__m_1a1dbc6228266b6c52ec33c0da1869e527" kindref="member">bug_switch</ref><sp/></highlight><highlight class="stringliteral">&quot;data:<sp/>true&quot;</highlight><highlight class="normal"><sp/></highlight></codeline>
<codeline lineno="499"><highlight class="normal">sleep<sp/>15</highlight></codeline>
<codeline lineno="500"><highlight class="normal">rosservice<sp/><ref refid="rosplan-kb_8md_8txt_1ae9bb71e9fc9e25014334af4ccd7161e0" kindref="member">call</ref><sp/>/<ref refid="namespacebug__m_1a1dbc6228266b6c52ec33c0da1869e527" kindref="member">bug_switch</ref><sp/></highlight><highlight class="stringliteral">&quot;data:<sp/>false&quot;</highlight><highlight class="normal"><sp/></highlight></codeline>
<codeline lineno="501"><highlight class="normal"></highlight></codeline>
<codeline lineno="502"><highlight class="normal">```</highlight></codeline>
<codeline lineno="503"><highlight class="normal"></highlight></codeline>
<codeline lineno="504"><highlight class="normal"></highlight><highlight class="preprocessor">###<sp/>testing<sp/>navigation<sp/>manager</highlight><highlight class="normal"></highlight></codeline>
<codeline lineno="505"><highlight class="normal"></highlight></codeline>
<codeline lineno="506"><highlight class="normal"><ref refid="cpp-docs-template_8md_8txt_1a8dfd148d0f4736cfd77e16fc5d110ad2" kindref="member">the</ref><sp/>so<sp/>called<sp/>node<sp/>*navigation<sp/>manager*<sp/>allows</highlight></codeline>
<codeline lineno="507"><highlight class="normal"></highlight></codeline>
<codeline lineno="508"><highlight class="normal">-<sp/>to<sp/>interact<sp/>with<sp/><ref refid="cpp-docs-template_8md_8txt_1a8dfd148d0f4736cfd77e16fc5d110ad2" kindref="member">the</ref><sp/>navigation<sp/><ref refid="robocluedo_8md_8txt_1ad39625d3f97633d655eb50c16dcf9e3a" kindref="member">system</ref><sp/>making<sp/>an<sp/>abstraction<sp/>between<sp/><ref refid="cpp-docs-template_8md_8txt_1a8dfd148d0f4736cfd77e16fc5d110ad2" kindref="member">the</ref><sp/>navigation<sp/>command<sp/><ref refid="test-the-project_8md_8txt_1aa51bacc8577cd59a57530a0cceef3784" kindref="member">and</ref><sp/><ref refid="cpp-docs-template_8md_8txt_1a8dfd148d0f4736cfd77e16fc5d110ad2" kindref="member">the</ref><sp/>real<sp/>component<sp/>implementing<sp/><ref refid="cpp-docs-template_8md_8txt_1a8dfd148d0f4736cfd77e16fc5d110ad2" kindref="member">the</ref><sp/>navigation</highlight></codeline>
<codeline lineno="509"><highlight class="normal">-<sp/>to<sp/>change<sp/>at<sp/>runtine<sp/>navigation<sp/>component<sp/>in<sp/>order<sp/>to<sp/>perform<sp/>different<sp/>kinds<sp/>of<sp/>movement<sp/>depending<sp/>on<sp/><ref refid="cpp-docs-template_8md_8txt_1a8dfd148d0f4736cfd77e16fc5d110ad2" kindref="member">the</ref><sp/><ref refid="sphinx-mock_8md_8txt_1a841386fb13edeb6b673c170c05f89366" kindref="member">situation</ref></highlight></codeline>
<codeline lineno="510"><highlight class="normal"></highlight></codeline>
<codeline lineno="511"><highlight class="normal"></highlight></codeline>
<codeline lineno="512"><highlight class="normal">```<ref refid="test-the-project_8md_8txt_1acc99dd0b593cfb3b61d901d2d9f8870c" kindref="member">bash</ref></highlight></codeline>
<codeline lineno="513"><highlight class="normal"></highlight><highlight class="preprocessor">#<sp/>shell<sp/>1</highlight><highlight class="normal"></highlight></codeline>
<codeline lineno="514"><highlight class="normal">roslaunch<sp/>robocluedo_robot<sp/>gazebo.launch<sp/>2&gt;/dev/</highlight><highlight class="keyword">null</highlight><highlight class="normal"></highlight></codeline>
<codeline lineno="515"><highlight class="normal"></highlight></codeline>
<codeline lineno="516"><highlight class="normal"></highlight><highlight class="preprocessor">#<sp/>shell<sp/>2</highlight><highlight class="normal"></highlight></codeline>
<codeline lineno="517"><highlight class="normal">roslaunch<sp/>robocluedo_movement_controller<sp/>navigation_system.launch</highlight></codeline>
<codeline lineno="518"><highlight class="normal"></highlight></codeline>
<codeline lineno="519"><highlight class="normal"></highlight><highlight class="preprocessor">#<sp/>shell<sp/>3</highlight><highlight class="normal"></highlight></codeline>
<codeline lineno="520"><highlight class="normal">rosrun<sp/>robocluedo_movement_controller<sp/>navigation_manager</highlight></codeline>
<codeline lineno="521"><highlight class="normal"></highlight></codeline>
<codeline lineno="522"><highlight class="normal"></highlight><highlight class="preprocessor">#shell<sp/>4</highlight><highlight class="normal"></highlight></codeline>
<codeline lineno="523"><highlight class="normal"></highlight></codeline>
<codeline lineno="524"><highlight class="normal"></highlight><highlight class="preprocessor">#<sp/>this<sp/>sequence<sp/>produces<sp/>a<sp/>error<sp/>(it<sp/>is<sp/>right!)</highlight><highlight class="normal"></highlight></codeline>
<codeline lineno="525"><highlight class="normal">rosservice<sp/><ref refid="rosplan-kb_8md_8txt_1ae9bb71e9fc9e25014334af4ccd7161e0" kindref="member">call</ref><sp/>/navigation_manager/set_algorithm<sp/></highlight><highlight class="stringliteral">&quot;algorithm:<sp/>0</highlight></codeline>
<codeline lineno="526"><highlight class="stringliteral">enabled:<sp/>false&quot;</highlight><highlight class="normal"></highlight></codeline>
<codeline lineno="527"><highlight class="normal"></highlight></codeline>
<codeline lineno="528"><highlight class="normal">rosservice<sp/><ref refid="rosplan-kb_8md_8txt_1ae9bb71e9fc9e25014334af4ccd7161e0" kindref="member">call</ref><sp/>/navigation_manager/navigation<sp/></highlight><highlight class="stringliteral">&quot;target:</highlight></codeline>
<codeline lineno="529"><highlight class="stringliteral"><sp/><sp/>x:<sp/>1.5</highlight></codeline>
<codeline lineno="530"><highlight class="stringliteral"><sp/><sp/>y:<sp/>2.0</highlight></codeline>
<codeline lineno="531"><highlight class="stringliteral"><sp/><sp/>yaw:<sp/>1.0</highlight></codeline>
<codeline lineno="532"><highlight class="stringliteral">force_enable:<sp/>false&quot;</highlight><highlight class="normal"><sp/></highlight></codeline>
<codeline lineno="533"><highlight class="normal"></highlight></codeline>
<codeline lineno="534"><highlight class="normal"></highlight><highlight class="preprocessor">#<sp/>this<sp/>sequence<sp/>moves<sp/>the<sp/>robot</highlight><highlight class="normal"></highlight></codeline>
<codeline lineno="535"><highlight class="normal">rosservice<sp/><ref refid="rosplan-kb_8md_8txt_1ae9bb71e9fc9e25014334af4ccd7161e0" kindref="member">call</ref><sp/>/navigation_manager/set_algorithm<sp/></highlight><highlight class="stringliteral">&quot;algorithm:<sp/>0</highlight></codeline>
<codeline lineno="536"><highlight class="stringliteral">enabled:<sp/>true&quot;</highlight><highlight class="normal"></highlight></codeline>
<codeline lineno="537"><highlight class="normal"></highlight></codeline>
<codeline lineno="538"><highlight class="normal">rosservice<sp/><ref refid="rosplan-kb_8md_8txt_1ae9bb71e9fc9e25014334af4ccd7161e0" kindref="member">call</ref><sp/>/navigation_manager/navigation<sp/></highlight><highlight class="stringliteral">&quot;target:</highlight></codeline>
<codeline lineno="539"><highlight class="stringliteral"><sp/><sp/>x:<sp/>-1.5</highlight></codeline>
<codeline lineno="540"><highlight class="stringliteral"><sp/><sp/>y:<sp/>2.0</highlight></codeline>
<codeline lineno="541"><highlight class="stringliteral"><sp/><sp/>yaw:<sp/>1.0</highlight></codeline>
<codeline lineno="542"><highlight class="stringliteral">force_enable:<sp/>false&quot;</highlight><highlight class="normal"><sp/></highlight></codeline>
<codeline lineno="543"><highlight class="normal"></highlight></codeline>
<codeline lineno="544"><highlight class="normal"></highlight><highlight class="preprocessor">#<sp/>this<sp/>sequence<sp/>moves<sp/>the<sp/>robot<sp/>EVEN<sp/>IF<sp/>the<sp/>component<sp/>has<sp/>been<sp/>turned<sp/>off</highlight><highlight class="normal"></highlight></codeline>
<codeline lineno="545"><highlight class="normal">rosservice<sp/><ref refid="rosplan-kb_8md_8txt_1ae9bb71e9fc9e25014334af4ccd7161e0" kindref="member">call</ref><sp/>/navigation_manager/set_algorithm<sp/></highlight><highlight class="stringliteral">&quot;algorithm:<sp/>0</highlight></codeline>
<codeline lineno="546"><highlight class="stringliteral">enabled:<sp/>false&quot;</highlight><highlight class="normal"></highlight></codeline>
<codeline lineno="547"><highlight class="normal"></highlight></codeline>
<codeline lineno="548"><highlight class="normal">rosservice<sp/><ref refid="rosplan-kb_8md_8txt_1ae9bb71e9fc9e25014334af4ccd7161e0" kindref="member">call</ref><sp/>/navigation_manager/navigation<sp/></highlight><highlight class="stringliteral">&quot;target:</highlight></codeline>
<codeline lineno="549"><highlight class="stringliteral"><sp/><sp/>x:<sp/>1.5</highlight></codeline>
<codeline lineno="550"><highlight class="stringliteral"><sp/><sp/>y:<sp/>-2.0</highlight></codeline>
<codeline lineno="551"><highlight class="stringliteral"><sp/><sp/>yaw:<sp/>1.0</highlight></codeline>
<codeline lineno="552"><highlight class="stringliteral">force_enable:<sp/>true&quot;</highlight><highlight class="normal"><sp/></highlight></codeline>
<codeline lineno="553"><highlight class="normal"></highlight></codeline>
<codeline lineno="554"><highlight class="normal">```</highlight></codeline>
<codeline lineno="555"><highlight class="normal"></highlight></codeline>
<codeline lineno="556"><highlight class="normal"></highlight><highlight class="preprocessor">###<sp/>manipulation<sp/>controller</highlight><highlight class="normal"></highlight></codeline>
<codeline lineno="557"><highlight class="normal"></highlight></codeline>
<codeline lineno="558"><highlight class="normal">```<ref refid="test-the-project_8md_8txt_1acc99dd0b593cfb3b61d901d2d9f8870c" kindref="member">bash</ref></highlight></codeline>
<codeline lineno="559"><highlight class="normal"></highlight><highlight class="preprocessor">#<sp/>shell<sp/>1</highlight><highlight class="normal"></highlight></codeline>
<codeline lineno="560"><highlight class="normal">roslaunch<sp/>robocluedo_robot<sp/>demo_gazebo.launch<sp/>2&gt;/dev/</highlight><highlight class="keyword">null</highlight><highlight class="normal"></highlight></codeline>
<codeline lineno="561"><highlight class="normal"></highlight></codeline>
<codeline lineno="562"><highlight class="normal"></highlight><highlight class="preprocessor">#<sp/>shell<sp/>2</highlight><highlight class="normal"></highlight></codeline>
<codeline lineno="563"><highlight class="normal">rosrun<sp/>robocluedo_movement_controller<sp/>manipulation_controller<sp/>2&gt;/dev/</highlight><highlight class="keyword">null</highlight><highlight class="normal"></highlight></codeline>
<codeline lineno="564"><highlight class="normal"></highlight></codeline>
<codeline lineno="565"><highlight class="normal"></highlight><highlight class="preprocessor">#<sp/>shell<sp/>3</highlight><highlight class="normal"></highlight></codeline>
<codeline lineno="566"><highlight class="normal"></highlight></codeline>
<codeline lineno="567"><highlight class="normal">rosservice<sp/>list<sp/>|<sp/>grep<sp/>tip</highlight></codeline>
<codeline lineno="568"><highlight class="normal"></highlight><highlight class="preprocessor">#<sp/>/tip_pos</highlight><highlight class="normal"></highlight></codeline>
<codeline lineno="569"><highlight class="normal"></highlight></codeline>
<codeline lineno="570"><highlight class="normal">rosservice<sp/><ref refid="rosplan-kb_8md_8txt_1ae9bb71e9fc9e25014334af4ccd7161e0" kindref="member">call</ref><sp/>/tip_pos<sp/></highlight><highlight class="stringliteral">&quot;command:<sp/>0&quot;</highlight><highlight class="normal"><sp/></highlight></codeline>
<codeline lineno="571"><highlight class="normal">sleep<sp/>2</highlight></codeline>
<codeline lineno="572"><highlight class="normal">rosservice<sp/><ref refid="rosplan-kb_8md_8txt_1ae9bb71e9fc9e25014334af4ccd7161e0" kindref="member">call</ref><sp/>/tip_pos<sp/></highlight><highlight class="stringliteral">&quot;command:<sp/>1&quot;</highlight><highlight class="normal"><sp/></highlight></codeline>
<codeline lineno="573"><highlight class="normal">sleep<sp/>2</highlight></codeline>
<codeline lineno="574"><highlight class="normal">rosservice<sp/><ref refid="rosplan-kb_8md_8txt_1ae9bb71e9fc9e25014334af4ccd7161e0" kindref="member">call</ref><sp/>/tip_pos<sp/></highlight><highlight class="stringliteral">&quot;command:<sp/>2&quot;</highlight><highlight class="normal"><sp/></highlight></codeline>
<codeline lineno="575"><highlight class="normal">sleep<sp/>2</highlight></codeline>
<codeline lineno="576"><highlight class="normal">rosservice<sp/><ref refid="rosplan-kb_8md_8txt_1ae9bb71e9fc9e25014334af4ccd7161e0" kindref="member">call</ref><sp/>/tip_pos<sp/></highlight><highlight class="stringliteral">&quot;command:<sp/>3&quot;</highlight><highlight class="normal"><sp/></highlight></codeline>
<codeline lineno="577"><highlight class="normal">sleep<sp/>2</highlight></codeline>
<codeline lineno="578"><highlight class="normal">rosservice<sp/><ref refid="rosplan-kb_8md_8txt_1ae9bb71e9fc9e25014334af4ccd7161e0" kindref="member">call</ref><sp/>/tip_pos<sp/></highlight><highlight class="stringliteral">&quot;command:<sp/>4&quot;</highlight><highlight class="normal"><sp/></highlight></codeline>
<codeline lineno="579"><highlight class="normal">sleep<sp/>2</highlight></codeline>
<codeline lineno="580"><highlight class="normal"></highlight></codeline>
<codeline lineno="581"><highlight class="normal"></highlight><highlight class="preprocessor">#<sp/>UNKNOWN<sp/>POSE</highlight><highlight class="normal"></highlight></codeline>
<codeline lineno="582"><highlight class="normal">rosservice<sp/><ref refid="rosplan-kb_8md_8txt_1ae9bb71e9fc9e25014334af4ccd7161e0" kindref="member">call</ref><sp/>/tip_pos<sp/></highlight><highlight class="stringliteral">&quot;command:<sp/>5&quot;</highlight><highlight class="normal"><sp/></highlight></codeline>
<codeline lineno="583"><highlight class="normal">sleep<sp/>2</highlight></codeline>
<codeline lineno="584"><highlight class="normal"></highlight></codeline>
<codeline lineno="585"><highlight class="normal"></highlight><highlight class="preprocessor">#<sp/>NOT<sp/>A<sp/>VALID<sp/>POSE</highlight><highlight class="normal"></highlight></codeline>
<codeline lineno="586"><highlight class="normal">rosservice<sp/><ref refid="rosplan-kb_8md_8txt_1ae9bb71e9fc9e25014334af4ccd7161e0" kindref="member">call</ref><sp/>/tip_pos<sp/></highlight><highlight class="stringliteral">&quot;command:<sp/>5&quot;</highlight><highlight class="normal"><sp/></highlight></codeline>
<codeline lineno="587"><highlight class="normal">sleep<sp/>2</highlight></codeline>
<codeline lineno="588"><highlight class="normal"></highlight></codeline>
<codeline lineno="589"><highlight class="normal">```</highlight></codeline>
<codeline lineno="590"><highlight class="normal"></highlight></codeline>
<codeline lineno="591"><highlight class="normal"></highlight><highlight class="preprocessor">##<sp/>TESTING<sp/>rosplan<sp/>plus<sp/>real<sp/>motion<sp/>controller</highlight><highlight class="normal"></highlight></codeline>
<codeline lineno="592"><highlight class="normal"></highlight></codeline>
<codeline lineno="593"><highlight class="normal"><ref refid="test-the-project_8md_8txt_1ae9880850b92fe7594f93a01193dc189d" kindref="member">it</ref><sp/>is<sp/><ref refid="cpp-docs-template_8md_8txt_1a8dfd148d0f4736cfd77e16fc5d110ad2" kindref="member">the</ref><sp/><ref refid="examples__tools_8md_8txt_1abc3b54cca6812190ff15cc1136e73a1f" kindref="member">same</ref><sp/>last<sp/><ref refid="test-the-project_8md_8txt_1ab9c30914b6e8a2a87c4305b70785cbfa" kindref="member">test</ref><sp/>of<sp/>robocluedo<sp/>ROSPlan,<sp/>but<sp/></highlight><highlight class="keyword">this</highlight><highlight class="normal"><sp/>time<sp/></highlight><highlight class="keyword">using</highlight><highlight class="normal"><sp/><ref refid="cpp-docs-template_8md_8txt_1a8dfd148d0f4736cfd77e16fc5d110ad2" kindref="member">the</ref><sp/>real<sp/>movement<sp/><ref refid="robocluedo__movement__controller_2index_8rst_8txt_1ad6eb65e53cb239a17becfede80b61d9e" kindref="member">controller</ref>.<sp/></highlight></codeline>
<codeline lineno="594"><highlight class="normal"></highlight></codeline>
<codeline lineno="595"><highlight class="normal">```<ref refid="test-the-project_8md_8txt_1acc99dd0b593cfb3b61d901d2d9f8870c" kindref="member">bash</ref></highlight></codeline>
<codeline lineno="596"><highlight class="normal"></highlight><highlight class="preprocessor">#<sp/>shell<sp/>1</highlight><highlight class="normal"></highlight></codeline>
<codeline lineno="597"><highlight class="normal">roslaunch<sp/>robocluedo_mission_manager<sp/>run_components.launch<sp/>2&gt;/dev/</highlight><highlight class="keyword">null</highlight><highlight class="normal"></highlight></codeline>
<codeline lineno="598"><highlight class="normal"></highlight></codeline>
<codeline lineno="599"><highlight class="normal"></highlight><highlight class="preprocessor">#<sp/>shell<sp/>2</highlight><highlight class="normal"></highlight></codeline>
<codeline lineno="600"><highlight class="normal">rostopic<sp/>echo<sp/>/oracle_hint</highlight></codeline>
<codeline lineno="601"><highlight class="normal"></highlight></codeline>
<codeline lineno="602"><highlight class="normal"></highlight><highlight class="preprocessor">#<sp/>shell<sp/>2</highlight><highlight class="normal"></highlight></codeline>
<codeline lineno="603"><highlight class="normal">rosservice<sp/><ref refid="rosplan-kb_8md_8txt_1ae9bb71e9fc9e25014334af4ccd7161e0" kindref="member">call</ref><sp/>/robocluedo/pipeline_manager<sp/></highlight><highlight class="stringliteral">&quot;{load_problem:<sp/>true,<sp/>solve_problem:<sp/>true,<sp/>parse_plan:<sp/>true,<sp/>execute_plan:<sp/>true,<sp/>landmark:<sp/>0}&quot;</highlight><highlight class="normal"><sp/></highlight></codeline>
<codeline lineno="604"><highlight class="normal">rosservice<sp/><ref refid="rosplan-kb_8md_8txt_1ae9bb71e9fc9e25014334af4ccd7161e0" kindref="member">call</ref><sp/>/robocluedo/pipeline_manager<sp/></highlight><highlight class="stringliteral">&quot;{load_problem:<sp/>true,<sp/>solve_problem:<sp/>true,<sp/>parse_plan:<sp/>true,<sp/>execute_plan:<sp/>true,<sp/>landmark:<sp/>1}&quot;</highlight><highlight class="normal"><sp/></highlight></codeline>
<codeline lineno="605"><highlight class="normal">rosservice<sp/><ref refid="rosplan-kb_8md_8txt_1ae9bb71e9fc9e25014334af4ccd7161e0" kindref="member">call</ref><sp/>/robocluedo/pipeline_manager<sp/></highlight><highlight class="stringliteral">&quot;{load_problem:<sp/>true,<sp/>solve_problem:<sp/>true,<sp/>parse_plan:<sp/>true,<sp/>execute_plan:<sp/>true,<sp/>landmark:<sp/>1}&quot;</highlight><highlight class="normal"><sp/></highlight></codeline>
<codeline lineno="606"><highlight class="normal">rosservice<sp/><ref refid="rosplan-kb_8md_8txt_1ae9bb71e9fc9e25014334af4ccd7161e0" kindref="member">call</ref><sp/>/robocluedo/pipeline_manager<sp/></highlight><highlight class="stringliteral">&quot;{load_problem:<sp/>true,<sp/>solve_problem:<sp/>true,<sp/>parse_plan:<sp/>true,<sp/>execute_plan:<sp/>true,<sp/>landmark:<sp/>1}&quot;</highlight><highlight class="normal"><sp/></highlight></codeline>
<codeline lineno="607"><highlight class="normal">rosservice<sp/><ref refid="rosplan-kb_8md_8txt_1ae9bb71e9fc9e25014334af4ccd7161e0" kindref="member">call</ref><sp/>/robocluedo/pipeline_manager<sp/></highlight><highlight class="stringliteral">&quot;{load_problem:<sp/>true,<sp/>solve_problem:<sp/>true,<sp/>parse_plan:<sp/>true,<sp/>execute_plan:<sp/>true,<sp/>landmark:<sp/>2}&quot;</highlight><highlight class="normal"></highlight></codeline>
<codeline lineno="608"><highlight class="normal"></highlight></codeline>
<codeline lineno="609"><highlight class="normal">rosservice<sp/><ref refid="rosplan-kb_8md_8txt_1ae9bb71e9fc9e25014334af4ccd7161e0" kindref="member">call</ref><sp/>/robocluedo/pipeline_manager<sp/></highlight><highlight class="stringliteral">&quot;{load_problem:<sp/>true,<sp/>solve_problem:<sp/>true,<sp/>parse_plan:<sp/>true,<sp/>execute_plan:<sp/>true,<sp/>landmark:<sp/>0}&quot;</highlight><highlight class="normal"><sp/></highlight></codeline>
<codeline lineno="610"><highlight class="normal">rosservice<sp/><ref refid="rosplan-kb_8md_8txt_1ae9bb71e9fc9e25014334af4ccd7161e0" kindref="member">call</ref><sp/>/robocluedo/pipeline_manager<sp/></highlight><highlight class="stringliteral">&quot;{load_problem:<sp/>true,<sp/>solve_problem:<sp/>true,<sp/>parse_plan:<sp/>true,<sp/>execute_plan:<sp/>true,<sp/>landmark:<sp/>1}&quot;</highlight><highlight class="normal"><sp/></highlight></codeline>
<codeline lineno="611"><highlight class="normal">rosservice<sp/><ref refid="rosplan-kb_8md_8txt_1ae9bb71e9fc9e25014334af4ccd7161e0" kindref="member">call</ref><sp/>/robocluedo/pipeline_manager<sp/></highlight><highlight class="stringliteral">&quot;{load_problem:<sp/>true,<sp/>solve_problem:<sp/>true,<sp/>parse_plan:<sp/>true,<sp/>execute_plan:<sp/>true,<sp/>landmark:<sp/>1}&quot;</highlight><highlight class="normal"><sp/></highlight></codeline>
<codeline lineno="612"><highlight class="normal">rosservice<sp/><ref refid="rosplan-kb_8md_8txt_1ae9bb71e9fc9e25014334af4ccd7161e0" kindref="member">call</ref><sp/>/robocluedo/pipeline_manager<sp/></highlight><highlight class="stringliteral">&quot;{load_problem:<sp/>true,<sp/>solve_problem:<sp/>true,<sp/>parse_plan:<sp/>true,<sp/>execute_plan:<sp/>true,<sp/>landmark:<sp/>2}&quot;</highlight><highlight class="normal"></highlight></codeline>
<codeline lineno="613"><highlight class="normal"></highlight></codeline>
<codeline lineno="614"><highlight class="normal">```</highlight></codeline>
<codeline lineno="615"><highlight class="normal"></highlight></codeline>
<codeline lineno="616"><highlight class="normal"></highlight><highlight class="preprocessor">##<sp/>Final<sp/>Tests</highlight><highlight class="normal"></highlight></codeline>
<codeline lineno="617"><highlight class="normal"></highlight></codeline>
<codeline lineno="618"><highlight class="normal">**before<sp/>running<sp/>these<sp/>tests**<sp/>:<sp/></highlight></codeline>
<codeline lineno="619"><highlight class="normal"></highlight></codeline>
<codeline lineno="620"><highlight class="normal">-<sp/>(optional)<sp/>enable<sp/><ref refid="cpp-docs-template_8md_8txt_1a8dfd148d0f4736cfd77e16fc5d110ad2" kindref="member">the</ref><sp/><ref refid="erl2-oracle-user-manual_8md_8txt_1aed13ec7228be741725979d0631659283" kindref="member">macros</ref><sp/>`<ref refid="dev-log_8md_8txt_1a8a9bdfb2d1bf4dd388f35c1bfa853892" kindref="member">WAITKEY</ref>`<sp/>in<sp/><ref refid="cpp-docs-template_8md_8txt_1a8dfd148d0f4736cfd77e16fc5d110ad2" kindref="member">the</ref><sp/>`robocluedo_mission_manager/mission_manager.cpp`<sp/>by<sp/>setting<sp/>`#define<sp/><ref refid="dev-log_8md_8txt_1a78d2d73e2e7d4f0d40720190efa53f77" kindref="member">WAITKEY_ENABLED</ref><sp/></highlight><highlight class="keyword">true</highlight><highlight class="normal">`</highlight></codeline>
<codeline lineno="621"><highlight class="normal"><sp/><sp/><sp/><sp/></highlight></codeline>
<codeline lineno="622"><highlight class="normal"><sp/><sp/><sp/><sp/><ref refid="cpp-docs-template_8md_8txt_1a8dfd148d0f4736cfd77e16fc5d110ad2" kindref="member">the</ref><sp/>program<sp/>will<sp/>stop<sp/><ref refid="cpp-docs-template_8md_8txt_1a8dfd148d0f4736cfd77e16fc5d110ad2" kindref="member">the</ref><sp/>execution<sp/>at<sp/>each<sp/>important<sp/>step</highlight></codeline>
<codeline lineno="623"><highlight class="normal"><sp/><sp/><sp/><sp/></highlight></codeline>
<codeline lineno="624"><highlight class="normal">-<sp/>enable<sp/><ref refid="cpp-docs-template_8md_8txt_1a8dfd148d0f4736cfd77e16fc5d110ad2" kindref="member">the</ref><sp/>development<sp/><ref refid="twist-keyboard_8md_8txt_1adfc9aab92fe800079c9707729e8057dc" kindref="member">mode</ref><sp/>in<sp/><ref refid="cpp-docs-template_8md_8txt_1a8dfd148d0f4736cfd77e16fc5d110ad2" kindref="member">the</ref><sp/>oracle<sp/>located<sp/>at<sp/>`robocluedo_dependencied_erl2/src/simulation.cpp`<sp/>:<sp/>set<sp/>`#define<sp/><ref refid="simulation_8cpp_1a2700bfe5cf82cda697c5b2170d41507f" kindref="member">NOT_TESTING</ref><sp/></highlight><highlight class="keyword">false</highlight><highlight class="normal">`</highlight></codeline>
<codeline lineno="625"><highlight class="normal"><sp/><sp/><sp/><sp/></highlight></codeline>
<codeline lineno="626"><highlight class="normal"><sp/><sp/><sp/><sp/></highlight><highlight class="keyword">this</highlight><highlight class="normal"><sp/>option<sp/>says<sp/><ref refid="cpp-docs-template_8md_8txt_1a8dfd148d0f4736cfd77e16fc5d110ad2" kindref="member">the</ref><sp/><ref refid="erl2-oracle-user-manual_8md_8txt_1a6293a83c0862a4a073fae6b3d53cee5c" kindref="member">Oracle</ref><sp/>to<sp/>send<sp/>just<sp/><ref refid="cpp-docs-template_8md_8txt_1a8dfd148d0f4736cfd77e16fc5d110ad2" kindref="member">the</ref><sp/>elements<sp/>of<sp/>th<sp/>winner<sp/><ref refid="erl2-oracle-user-manual_8md_8txt_1a613aec3cea90947774335a408726fd2e" kindref="member">message</ref><sp/><ref refid="test-the-project_8md_8txt_1aa51bacc8577cd59a57530a0cceef3784" kindref="member">and</ref><sp/>not<sp/><ref refid="erl2-oracle-user-manual_8md_8txt_1a236b1ef97e62e6ad334f9b644c237d28" kindref="member">all</ref><sp/><ref refid="cpp-docs-template_8md_8txt_1a8dfd148d0f4736cfd77e16fc5d110ad2" kindref="member">the</ref><sp/>other<sp/>items.<sp/>keys<sp/>are<sp/>selected<sp/>randomly<sp/>from<sp/><ref refid="cpp-docs-template_8md_8txt_1a8dfd148d0f4736cfd77e16fc5d110ad2" kindref="member">the</ref><sp/>fields<sp/>of<sp/><ref refid="cpp-docs-template_8md_8txt_1a8dfd148d0f4736cfd77e16fc5d110ad2" kindref="member">the</ref><sp/>winner<sp/>ID.<sp/></highlight></codeline>
<codeline lineno="627"><highlight class="normal"></highlight></codeline>
<codeline lineno="628"><highlight class="normal">###<sp/>first<sp/><ref refid="test-the-project_8md_8txt_1ab9c30914b6e8a2a87c4305b70785cbfa" kindref="member">test</ref></highlight></codeline>
<codeline lineno="629"><highlight class="normal"></highlight></codeline>
<codeline lineno="630"><highlight class="normal"></highlight><highlight class="keyword">this</highlight><highlight class="normal"><sp/><ref refid="test-the-project_8md_8txt_1ab9c30914b6e8a2a87c4305b70785cbfa" kindref="member">test</ref><sp/>allows<sp/>to<sp/>see<sp/><ref refid="cpp-docs-template_8md_8txt_1a8dfd148d0f4736cfd77e16fc5d110ad2" kindref="member">the</ref><sp/>output<sp/>from<sp/>aRMOR.</highlight></codeline>
<codeline lineno="631"><highlight class="normal"></highlight></codeline>
<codeline lineno="632"><highlight class="normal">```<ref refid="test-the-project_8md_8txt_1acc99dd0b593cfb3b61d901d2d9f8870c" kindref="member">bash</ref></highlight></codeline>
<codeline lineno="633"><highlight class="normal">#<sp/><ref refid="namespaceconf_1a332f430461432dc465213f884a1e4967" kindref="member">shell</ref><sp/>1</highlight></codeline>
<codeline lineno="634"><highlight class="normal">roslaunch<sp/>robocluedo_mission_manager<sp/>run_components.launch<sp/>2&gt;/dev/</highlight><highlight class="keyword">null</highlight><highlight class="normal"></highlight></codeline>
<codeline lineno="635"><highlight class="normal"></highlight></codeline>
<codeline lineno="636"><highlight class="normal">#<sp/><ref refid="namespaceconf_1a332f430461432dc465213f884a1e4967" kindref="member">shell</ref><sp/>2</highlight></codeline>
<codeline lineno="637"><highlight class="normal">roslaunch<sp/>robocluedo_armor<sp/>run.launch</highlight></codeline>
<codeline lineno="638"><highlight class="normal"></highlight></codeline>
<codeline lineno="639"><highlight class="normal">#<sp/><ref refid="namespaceconf_1a332f430461432dc465213f884a1e4967" kindref="member">shell</ref><sp/>3</highlight></codeline>
<codeline lineno="640"><highlight class="normal">rosrun<sp/>robocluedo_mission_manager<sp/>mission_manager</highlight></codeline>
<codeline lineno="641"><highlight class="normal">```</highlight></codeline>
<codeline lineno="642"><highlight class="normal"></highlight></codeline>
<codeline lineno="643"><highlight class="normal">###<sp/>another<sp/><ref refid="test-the-project_8md_8txt_1ab9c30914b6e8a2a87c4305b70785cbfa" kindref="member">test</ref></highlight></codeline>
<codeline lineno="644"><highlight class="normal"></highlight></codeline>
<codeline lineno="645"><highlight class="normal"></highlight><highlight class="keyword">this</highlight><highlight class="normal"><sp/><ref refid="test-the-project_8md_8txt_1ab9c30914b6e8a2a87c4305b70785cbfa" kindref="member">test</ref><sp/>is<sp/>used<sp/></highlight><highlight class="keywordflow">for</highlight><highlight class="normal"><sp/>checking<sp/><ref refid="cpp-docs-template_8md_8txt_1a8dfd148d0f4736cfd77e16fc5d110ad2" kindref="member">the</ref><sp/>behaviour<sp/>of<sp/>ROSPlan,<sp/><ref refid="test-the-project_8md_8txt_1aa51bacc8577cd59a57530a0cceef3784" kindref="member">and</ref><sp/>in<sp/><ref refid="pddl-and-rosplan_8md_8txt_1a28ddd5bb4bc438d770fb88eb8a817654" kindref="member">particular</ref><sp/>of<sp/><ref refid="cpp-docs-template_8md_8txt_1a8dfd148d0f4736cfd77e16fc5d110ad2" kindref="member">the</ref><sp/>pipeline<sp/>manager<sp/>(which<sp/>is<sp/>written<sp/>in<sp/>Python<sp/>unfortunately).</highlight></codeline>
<codeline lineno="646"><highlight class="normal"></highlight></codeline>
<codeline lineno="647"><highlight class="normal">*</highlight><highlight class="keyword">this</highlight><highlight class="normal"><sp/><ref refid="test-the-project_8md_8txt_1ab9c30914b6e8a2a87c4305b70785cbfa" kindref="member">test</ref><sp/>corresponds<sp/>to<sp/>how<sp/>to<sp/>run<sp/><ref refid="cpp-docs-template_8md_8txt_1a8dfd148d0f4736cfd77e16fc5d110ad2" kindref="member">the</ref><sp/><ref refid="robocluedo-urdf-user-manual_8md_8txt_1af7740bd233f62bf7e16cd57319d7ada2" kindref="member">project</ref>.*</highlight></codeline>
<codeline lineno="648"><highlight class="normal"></highlight></codeline>
<codeline lineno="649"><highlight class="normal">```<ref refid="test-the-project_8md_8txt_1acc99dd0b593cfb3b61d901d2d9f8870c" kindref="member">bash</ref></highlight></codeline>
<codeline lineno="650"><highlight class="normal"></highlight><highlight class="preprocessor">#<sp/>shell<sp/>1</highlight><highlight class="normal"></highlight></codeline>
<codeline lineno="651"><highlight class="normal">roslaunch<sp/>robocluedo_mission_manager<sp/>run_components_2.launch<sp/>2&gt;/dev/</highlight><highlight class="keyword">null</highlight><highlight class="normal"></highlight></codeline>
<codeline lineno="652"><highlight class="normal"></highlight></codeline>
<codeline lineno="653"><highlight class="normal"></highlight><highlight class="preprocessor">#<sp/>shell<sp/>2</highlight><highlight class="normal"></highlight></codeline>
<codeline lineno="654"><highlight class="normal">roslaunch<sp/>robocluedo_rosplan<sp/>run.launch</highlight></codeline>
<codeline lineno="655"><highlight class="normal"></highlight></codeline>
<codeline lineno="656"><highlight class="normal"></highlight><highlight class="preprocessor">#<sp/>shell<sp/>3</highlight><highlight class="normal"></highlight></codeline>
<codeline lineno="657"><highlight class="normal">rosrun<sp/>robocluedo_mission_manager<sp/>mission_manager</highlight></codeline>
<codeline lineno="658"><highlight class="normal">```</highlight></codeline>
<codeline lineno="659"><highlight class="normal"></highlight></codeline>
<codeline lineno="660"><highlight class="normal"></highlight><highlight class="preprocessor">##<sp/>TESTS<sp/>OUTPUTS</highlight><highlight class="normal"></highlight></codeline>
<codeline lineno="661"><highlight class="normal"></highlight></codeline>
<codeline lineno="662"><highlight class="normal"></highlight><highlight class="preprocessor">###<sp/>armor<sp/>only</highlight><highlight class="normal"></highlight></codeline>
<codeline lineno="663"><highlight class="normal"></highlight></codeline>
<codeline lineno="664"><highlight class="normal">**SHELL<sp/>1:**</highlight></codeline>
<codeline lineno="665"><highlight class="normal"></highlight></codeline>
<codeline lineno="666"><highlight class="normal">```text</highlight></codeline>
<codeline lineno="667"><highlight class="normal">started<sp/>roslaunch<sp/>server<sp/>http:</highlight><highlight class="comment">//3b17871017fd:43585/</highlight><highlight class="normal"></highlight></codeline>
<codeline lineno="668"><highlight class="normal"></highlight></codeline>
<codeline lineno="669"><highlight class="normal">SUMMARY</highlight></codeline>
<codeline lineno="670"><highlight class="normal">========</highlight></codeline>
<codeline lineno="671"><highlight class="normal"></highlight></codeline>
<codeline lineno="672"><highlight class="normal">PARAMETERS</highlight></codeline>
<codeline lineno="673"><highlight class="normal"><sp/>*<sp/>/cluedo_max_hypotheses:<sp/>15</highlight></codeline>
<codeline lineno="674"><highlight class="normal"><sp/>*<sp/>/<ref refid="armor-how-to-run_8md_8txt_1a0b0e7a72d93d9ab88bba8d4ede48f93b" kindref="member">cluedo_path_owlfile</ref>:<sp/>/root/ros_ws/src/...</highlight></codeline>
<codeline lineno="675"><highlight class="normal"><sp/>*<sp/>/cluedo_path_owlfile_backup:<sp/>/root/ros_ws/src/...</highlight></codeline>
<codeline lineno="676"><highlight class="normal"><sp/>*<sp/>/cluedo_path_what:<sp/>/root/ros_ws/src/...</highlight></codeline>
<codeline lineno="677"><highlight class="normal"><sp/>*<sp/>/cluedo_path_where:<sp/>/root/ros_ws/src/...</highlight></codeline>
<codeline lineno="678"><highlight class="normal"><sp/>*<sp/>/cluedo_path_who:<sp/>/root/ros_ws/src/...</highlight></codeline>
<codeline lineno="679"><highlight class="normal"><sp/>*<sp/>/rosdistro:<sp/>noetic</highlight></codeline>
<codeline lineno="680"><highlight class="normal"><sp/>*<sp/>/rosversion:<sp/>1.15.14</highlight></codeline>
<codeline lineno="681"><highlight class="normal"></highlight></codeline>
<codeline lineno="682"><highlight class="normal">NODES</highlight></codeline>
<codeline lineno="683"><highlight class="normal"><sp/><sp/>/</highlight></codeline>
<codeline lineno="684"><highlight class="normal"><sp/><sp/><sp/><sp/>armor_service<sp/>(<ref refid="examples__tools_8md_8txt_1a405f090f78cdee2e8e6ce5ba27bf090d" kindref="member">armor</ref>/execute)</highlight></codeline>
<codeline lineno="685"><highlight class="normal"></highlight></codeline>
<codeline lineno="686"><highlight class="normal"></highlight><highlight class="keyword">auto</highlight><highlight class="normal">-<ref refid="robocluedo_8md_8txt_1ae49f9fc6da89ec084c8d8b766da943a3" kindref="member">starting</ref><sp/></highlight><highlight class="keyword">new</highlight><highlight class="normal"><sp/>master</highlight></codeline>
<codeline lineno="687"><highlight class="normal">process[master]:<sp/>started<sp/>with<sp/>pid<sp/>[1212]</highlight></codeline>
<codeline lineno="688"><highlight class="normal">ROS_MASTER_URI=http:</highlight><highlight class="comment">//localhost:11311</highlight><highlight class="normal"></highlight></codeline>
<codeline lineno="689"><highlight class="normal"></highlight></codeline>
<codeline lineno="690"><highlight class="normal">setting<sp/>/run_id<sp/>to<sp/>7984909e-1b00-11ed-af07-0242ac110002</highlight></codeline>
<codeline lineno="691"><highlight class="normal">process[rosout-1]:<sp/>started<sp/>with<sp/>pid<sp/>[1237]</highlight></codeline>
<codeline lineno="692"><highlight class="normal">started<sp/>core<sp/><ref refid="armor-how-to-use_8md_8txt_1aca1ed6b4b0cfeb558dd5ec675c0bbec8" kindref="member">service</ref><sp/>[/rosout]</highlight></codeline>
<codeline lineno="693"><highlight class="normal">process[armor_service-2]:<sp/>started<sp/>with<sp/>pid<sp/>[1240]</highlight></codeline>
<codeline lineno="694"><highlight class="normal">Loading<sp/>node<sp/></highlight><highlight class="keyword">class</highlight><highlight class="normal">:<sp/><ref refid="test-the-project_8md_8txt_1ae9880850b92fe7594f93a01193dc189d" kindref="member">it</ref>.emarolab.armor.ARMORMainService</highlight></codeline>
<codeline lineno="695"><highlight class="normal">log4j:WARN<sp/>No<sp/>appenders<sp/>could<sp/>be<sp/>found<sp/></highlight><highlight class="keywordflow">for</highlight><highlight class="normal"><sp/>logger<sp/>(org.ros.internal.node.client.Registrar).</highlight></codeline>
<codeline lineno="696"><highlight class="normal">log4j:WARN<sp/>Please<sp/>initialize<sp/><ref refid="cpp-docs-template_8md_8txt_1a8dfd148d0f4736cfd77e16fc5d110ad2" kindref="member">the</ref><sp/>log4j<sp/><ref refid="robocluedo_8md_8txt_1ad39625d3f97633d655eb50c16dcf9e3a" kindref="member">system</ref><sp/>properly.</highlight></codeline>
<codeline lineno="697"><highlight class="normal">log4j:WARN<sp/>See<sp/>http:</highlight><highlight class="comment">//logging.apache.org/log4j/1.2/faq.html#noconfig<sp/>for<sp/>more<sp/>info.</highlight><highlight class="normal"></highlight></codeline>
<codeline lineno="698"><highlight class="normal"></highlight></codeline>
<codeline lineno="699"><highlight class="normal">```</highlight></codeline>
<codeline lineno="700"><highlight class="normal"></highlight></codeline>
<codeline lineno="701"><highlight class="normal">**TEST<sp/>OUTPUT:**</highlight></codeline>
<codeline lineno="702"><highlight class="normal"></highlight></codeline>
<codeline lineno="703"><highlight class="normal">```text</highlight></codeline>
<codeline lineno="704"><highlight class="normal">root@3b17871017fd:~/ros_ws/src/erl2-</highlight><highlight class="keyword">new</highlight><highlight class="normal">/robocluedo_module_testing/launch/test_armor#<sp/>rosrun<sp/>robocluedo_module_testing<sp/>test_armor</highlight></codeline>
<codeline lineno="705"><highlight class="normal">[<sp/>INFO]<sp/>[1660392484.885474700]:<sp/>[test_armor]<sp/>Ontology<sp/>found!<sp/>[/root/ros_ws/src/erl2-</highlight><highlight class="keyword">new</highlight><highlight class="normal">/robocluedo_armor/config/cluedo_owl_ontology/cluedo_ontology.owl]<sp/></highlight></codeline>
<codeline lineno="706"><highlight class="normal">[<sp/>INFO]<sp/>[1660392484.886339200]:<sp/>[test_armor]<sp/>Requiring<sp/>client<sp/>[/armor_interface_srv]<sp/>...</highlight></codeline>
<codeline lineno="707"><highlight class="normal">[<sp/>INFO]<sp/>[1660392484.886751600]:<sp/>[test_armor]<sp/>Requiring<sp/>client<sp/>[/armor_interface_srv]<sp/>...<sp/>OK</highlight></codeline>
<codeline lineno="708"><highlight class="normal">[<sp/>INFO]<sp/>[1660392484.886820800]:<sp/>[test_armor]<sp/>Requiring<sp/>client<sp/>[/armor_interface_serialized_srv]<sp/>...</highlight></codeline>
<codeline lineno="709"><highlight class="normal">[<sp/>INFO]<sp/>[1660392484.887235800]:<sp/>[test_armor]<sp/>Requiring<sp/>client<sp/>[/armor_interface_serialized_srv]<sp/>...<sp/>OK</highlight></codeline>
<codeline lineno="710"><highlight class="normal">[<sp/>INFO]<sp/>[1660392484.887399800]:<sp/>[test_armor]<sp/>Print<sp/>Request:<sp/></highlight></codeline>
<codeline lineno="711"><highlight class="normal"><sp/><sp/><sp/><sp/>client_name<sp/>:<sp/>robocluedo</highlight></codeline>
<codeline lineno="712"><highlight class="normal"><sp/><sp/><sp/><sp/>reference_name<sp/>:<sp/>cluedo_ontology</highlight></codeline>
<codeline lineno="713"><highlight class="normal"><sp/><sp/><sp/><sp/>command<sp/>:<sp/>LOAD</highlight></codeline>
<codeline lineno="714"><highlight class="normal"><sp/><sp/><sp/><sp/>primary_command_spec<sp/>:<sp/>FILE</highlight></codeline>
<codeline lineno="715"><highlight class="normal"><sp/><sp/><sp/><sp/>secondary_command_spec<sp/>:<sp/></highlight></codeline>
<codeline lineno="716"><highlight class="normal"><sp/><sp/><sp/><sp/>args<sp/>:<sp/>[/root/ros_ws/src/erl2-</highlight><highlight class="keyword">new</highlight><highlight class="normal">/robocluedo_armor/config/cluedo_owl_ontology/cluedo_ontology.owl<sp/>http:</highlight><highlight class="comment">//www.emarolab.it/cluedo-ontology<sp/>false<sp/>PELLET<sp/>true<sp/>]</highlight><highlight class="normal"></highlight></codeline>
<codeline lineno="717"><highlight class="normal"><sp/><sp/><sp/><sp/>---</highlight></codeline>
<codeline lineno="718"><highlight class="normal"></highlight></codeline>
<codeline lineno="719"><highlight class="normal">[<sp/>INFO]<sp/>[1660392485.926716200]:<sp/>[test_armor]<sp/>Print<sp/>Response:<sp/></highlight></codeline>
<codeline lineno="720"><highlight class="normal"><sp/><sp/><sp/><sp/><ref refid="rosplan-kb_8md_8txt_1a7960f9c558f9ee2c3d4a8fdea096fb56" kindref="member">success</ref><sp/>:<sp/></highlight><highlight class="keyword">true</highlight><highlight class="normal"></highlight></codeline>
<codeline lineno="721"><highlight class="normal"><sp/><sp/><sp/><sp/>timeout<sp/>:<sp/></highlight><highlight class="keyword">false</highlight><highlight class="normal"></highlight></codeline>
<codeline lineno="722"><highlight class="normal"><sp/><sp/><sp/><sp/>exit_code<sp/>:<sp/>0</highlight></codeline>
<codeline lineno="723"><highlight class="normal"><sp/><sp/><sp/><sp/><ref refid="examples__tools_8md_8txt_1af16096de995992cbc4e5aefeb45a0277" kindref="member">error_description</ref><sp/>:<sp/></highlight></codeline>
<codeline lineno="724"><highlight class="normal"><sp/><sp/><sp/><sp/>is_consistent<sp/>:<sp/></highlight><highlight class="keyword">true</highlight><highlight class="normal"></highlight></codeline>
<codeline lineno="725"><highlight class="normal"><sp/><sp/><sp/><sp/>queried_objects<sp/>:</highlight></codeline>
<codeline lineno="726"><highlight class="normal"><sp/><sp/><sp/><sp/>sparql_queried_objects<sp/>:<sp/></highlight></codeline>
<codeline lineno="727"><highlight class="normal"><sp/><sp/><sp/><sp/>---</highlight></codeline>
<codeline lineno="728"><highlight class="normal">[<sp/>INFO]<sp/>[1660392485.926796200]:<sp/>[test_armor]<sp/>Print<sp/>Request:<sp/></highlight></codeline>
<codeline lineno="729"><highlight class="normal"><sp/><sp/><sp/><sp/>client_name<sp/>:<sp/>robocluedo</highlight></codeline>
<codeline lineno="730"><highlight class="normal"><sp/><sp/><sp/><sp/>reference_name<sp/>:<sp/>cluedo_ontology</highlight></codeline>
<codeline lineno="731"><highlight class="normal"><sp/><sp/><sp/><sp/>command<sp/>:<sp/>ADD</highlight></codeline>
<codeline lineno="732"><highlight class="normal"><sp/><sp/><sp/><sp/>primary_command_spec<sp/>:<sp/>IND</highlight></codeline>
<codeline lineno="733"><highlight class="normal"><sp/><sp/><sp/><sp/>secondary_command_spec<sp/>:<sp/>CLASS</highlight></codeline>
<codeline lineno="734"><highlight class="normal"><sp/><sp/><sp/><sp/>args<sp/>:<sp/>[Jim<sp/>PERSON<sp/><sp/><sp/><sp/>]</highlight></codeline>
<codeline lineno="735"><highlight class="normal"><sp/><sp/><sp/><sp/>---</highlight></codeline>
<codeline lineno="736"><highlight class="normal">[<sp/>INFO]<sp/>[1660392485.944448400]:<sp/>[test_armor]<sp/>Print<sp/>Response:<sp/></highlight></codeline>
<codeline lineno="737"><highlight class="normal"><sp/><sp/><sp/><sp/><ref refid="rosplan-kb_8md_8txt_1a7960f9c558f9ee2c3d4a8fdea096fb56" kindref="member">success</ref><sp/>:<sp/></highlight><highlight class="keyword">true</highlight><highlight class="normal"></highlight></codeline>
<codeline lineno="738"><highlight class="normal"><sp/><sp/><sp/><sp/>timeout<sp/>:<sp/></highlight><highlight class="keyword">false</highlight><highlight class="normal"></highlight></codeline>
<codeline lineno="739"><highlight class="normal"><sp/><sp/><sp/><sp/>exit_code<sp/>:<sp/>0</highlight></codeline>
<codeline lineno="740"><highlight class="normal"><sp/><sp/><sp/><sp/><ref refid="examples__tools_8md_8txt_1af16096de995992cbc4e5aefeb45a0277" kindref="member">error_description</ref><sp/>:<sp/></highlight></codeline>
<codeline lineno="741"><highlight class="normal"><sp/><sp/><sp/><sp/>is_consistent<sp/>:<sp/></highlight><highlight class="keyword">true</highlight><highlight class="normal"></highlight></codeline>
<codeline lineno="742"><highlight class="normal"><sp/><sp/><sp/><sp/>queried_objects<sp/>:</highlight></codeline>
<codeline lineno="743"><highlight class="normal"><sp/><sp/><sp/><sp/>sparql_queried_objects<sp/>:<sp/></highlight></codeline>
<codeline lineno="744"><highlight class="normal"><sp/><sp/><sp/><sp/>---</highlight></codeline>
<codeline lineno="745"><highlight class="normal">[<sp/>INFO]<sp/>[1660392485.944523700]:<sp/>[test_armor]<sp/>Print<sp/>Request:<sp/></highlight></codeline>
<codeline lineno="746"><highlight class="normal"><sp/><sp/><sp/><sp/>client_name<sp/>:<sp/>robocluedo</highlight></codeline>
<codeline lineno="747"><highlight class="normal"><sp/><sp/><sp/><sp/>reference_name<sp/>:<sp/>cluedo_ontology</highlight></codeline>
<codeline lineno="748"><highlight class="normal"><sp/><sp/><sp/><sp/>command<sp/>:<sp/>ADD</highlight></codeline>
<codeline lineno="749"><highlight class="normal"><sp/><sp/><sp/><sp/>primary_command_spec<sp/>:<sp/>OBJECTPROP</highlight></codeline>
<codeline lineno="750"><highlight class="normal"><sp/><sp/><sp/><sp/>secondary_command_spec<sp/>:<sp/>IND</highlight></codeline>
<codeline lineno="751"><highlight class="normal"><sp/><sp/><sp/><sp/>args<sp/>:<sp/>[who<sp/>HP3<sp/>Jim<sp/><sp/><sp/>]</highlight></codeline>
<codeline lineno="752"><highlight class="normal"><sp/><sp/><sp/><sp/>---</highlight></codeline>
<codeline lineno="753"><highlight class="normal">[<sp/>INFO]<sp/>[1660392485.955545300]:<sp/>[test_armor]<sp/>Print<sp/>Response:<sp/></highlight></codeline>
<codeline lineno="754"><highlight class="normal"><sp/><sp/><sp/><sp/><ref refid="rosplan-kb_8md_8txt_1a7960f9c558f9ee2c3d4a8fdea096fb56" kindref="member">success</ref><sp/>:<sp/></highlight><highlight class="keyword">true</highlight><highlight class="normal"></highlight></codeline>
<codeline lineno="755"><highlight class="normal"><sp/><sp/><sp/><sp/>timeout<sp/>:<sp/></highlight><highlight class="keyword">false</highlight><highlight class="normal"></highlight></codeline>
<codeline lineno="756"><highlight class="normal"><sp/><sp/><sp/><sp/>exit_code<sp/>:<sp/>0</highlight></codeline>
<codeline lineno="757"><highlight class="normal"><sp/><sp/><sp/><sp/><ref refid="examples__tools_8md_8txt_1af16096de995992cbc4e5aefeb45a0277" kindref="member">error_description</ref><sp/>:<sp/></highlight></codeline>
<codeline lineno="758"><highlight class="normal"><sp/><sp/><sp/><sp/>is_consistent<sp/>:<sp/></highlight><highlight class="keyword">true</highlight><highlight class="normal"></highlight></codeline>
<codeline lineno="759"><highlight class="normal"><sp/><sp/><sp/><sp/>queried_objects<sp/>:</highlight></codeline>
<codeline lineno="760"><highlight class="normal"><sp/><sp/><sp/><sp/>sparql_queried_objects<sp/>:<sp/></highlight></codeline>
<codeline lineno="761"><highlight class="normal"><sp/><sp/><sp/><sp/>---</highlight></codeline>
<codeline lineno="762"><highlight class="normal">[<sp/>INFO]<sp/>[1660392485.955632300]:<sp/>[test_armor]<sp/>Print<sp/>Request:<sp/></highlight></codeline>
<codeline lineno="763"><highlight class="normal"><sp/><sp/><sp/><sp/>client_name<sp/>:<sp/>robocluedo</highlight></codeline>
<codeline lineno="764"><highlight class="normal"><sp/><sp/><sp/><sp/>reference_name<sp/>:<sp/>cluedo_ontology</highlight></codeline>
<codeline lineno="765"><highlight class="normal"><sp/><sp/><sp/><sp/>command<sp/>:<sp/>ADD</highlight></codeline>
<codeline lineno="766"><highlight class="normal"><sp/><sp/><sp/><sp/>primary_command_spec<sp/>:<sp/>IND</highlight></codeline>
<codeline lineno="767"><highlight class="normal"><sp/><sp/><sp/><sp/>secondary_command_spec<sp/>:<sp/>CLASS</highlight></codeline>
<codeline lineno="768"><highlight class="normal"><sp/><sp/><sp/><sp/>args<sp/>:<sp/>[Gun<sp/>WEAPON<sp/><sp/><sp/><sp/>]</highlight></codeline>
<codeline lineno="769"><highlight class="normal"><sp/><sp/><sp/><sp/>---</highlight></codeline>
<codeline lineno="770"><highlight class="normal">[<sp/>INFO]<sp/>[1660392485.962069000]:<sp/>[test_armor]<sp/>Print<sp/>Response:<sp/></highlight></codeline>
<codeline lineno="771"><highlight class="normal"><sp/><sp/><sp/><sp/><ref refid="rosplan-kb_8md_8txt_1a7960f9c558f9ee2c3d4a8fdea096fb56" kindref="member">success</ref><sp/>:<sp/></highlight><highlight class="keyword">true</highlight><highlight class="normal"></highlight></codeline>
<codeline lineno="772"><highlight class="normal"><sp/><sp/><sp/><sp/>timeout<sp/>:<sp/></highlight><highlight class="keyword">false</highlight><highlight class="normal"></highlight></codeline>
<codeline lineno="773"><highlight class="normal"><sp/><sp/><sp/><sp/>exit_code<sp/>:<sp/>0</highlight></codeline>
<codeline lineno="774"><highlight class="normal"><sp/><sp/><sp/><sp/><ref refid="examples__tools_8md_8txt_1af16096de995992cbc4e5aefeb45a0277" kindref="member">error_description</ref><sp/>:<sp/></highlight></codeline>
<codeline lineno="775"><highlight class="normal"><sp/><sp/><sp/><sp/>is_consistent<sp/>:<sp/></highlight><highlight class="keyword">true</highlight><highlight class="normal"></highlight></codeline>
<codeline lineno="776"><highlight class="normal"><sp/><sp/><sp/><sp/>queried_objects<sp/>:</highlight></codeline>
<codeline lineno="777"><highlight class="normal"><sp/><sp/><sp/><sp/>sparql_queried_objects<sp/>:<sp/></highlight></codeline>
<codeline lineno="778"><highlight class="normal"><sp/><sp/><sp/><sp/>---</highlight></codeline>
<codeline lineno="779"><highlight class="normal">[<sp/>INFO]<sp/>[1660392485.962144700]:<sp/>[test_armor]<sp/>Print<sp/>Request:<sp/></highlight></codeline>
<codeline lineno="780"><highlight class="normal"><sp/><sp/><sp/><sp/>client_name<sp/>:<sp/>robocluedo</highlight></codeline>
<codeline lineno="781"><highlight class="normal"><sp/><sp/><sp/><sp/>reference_name<sp/>:<sp/>cluedo_ontology</highlight></codeline>
<codeline lineno="782"><highlight class="normal"><sp/><sp/><sp/><sp/>command<sp/>:<sp/>ADD</highlight></codeline>
<codeline lineno="783"><highlight class="normal"><sp/><sp/><sp/><sp/>primary_command_spec<sp/>:<sp/>OBJECTPROP</highlight></codeline>
<codeline lineno="784"><highlight class="normal"><sp/><sp/><sp/><sp/>secondary_command_spec<sp/>:<sp/>IND</highlight></codeline>
<codeline lineno="785"><highlight class="normal"><sp/><sp/><sp/><sp/>args<sp/>:<sp/>[what<sp/>HP3<sp/>Gun<sp/><sp/><sp/>]</highlight></codeline>
<codeline lineno="786"><highlight class="normal"><sp/><sp/><sp/><sp/>---</highlight></codeline>
<codeline lineno="787"><highlight class="normal">[<sp/>INFO]<sp/>[1660392485.967811800]:<sp/>[test_armor]<sp/>Print<sp/>Response:<sp/></highlight></codeline>
<codeline lineno="788"><highlight class="normal"><sp/><sp/><sp/><sp/><ref refid="rosplan-kb_8md_8txt_1a7960f9c558f9ee2c3d4a8fdea096fb56" kindref="member">success</ref><sp/>:<sp/></highlight><highlight class="keyword">true</highlight><highlight class="normal"></highlight></codeline>
<codeline lineno="789"><highlight class="normal"><sp/><sp/><sp/><sp/>timeout<sp/>:<sp/></highlight><highlight class="keyword">false</highlight><highlight class="normal"></highlight></codeline>
<codeline lineno="790"><highlight class="normal"><sp/><sp/><sp/><sp/>exit_code<sp/>:<sp/>0</highlight></codeline>
<codeline lineno="791"><highlight class="normal"><sp/><sp/><sp/><sp/><ref refid="examples__tools_8md_8txt_1af16096de995992cbc4e5aefeb45a0277" kindref="member">error_description</ref><sp/>:<sp/></highlight></codeline>
<codeline lineno="792"><highlight class="normal"><sp/><sp/><sp/><sp/>is_consistent<sp/>:<sp/></highlight><highlight class="keyword">true</highlight><highlight class="normal"></highlight></codeline>
<codeline lineno="793"><highlight class="normal"><sp/><sp/><sp/><sp/>queried_objects<sp/>:</highlight></codeline>
<codeline lineno="794"><highlight class="normal"><sp/><sp/><sp/><sp/>sparql_queried_objects<sp/>:<sp/></highlight></codeline>
<codeline lineno="795"><highlight class="normal"><sp/><sp/><sp/><sp/>---</highlight></codeline>
<codeline lineno="796"><highlight class="normal">[<sp/>INFO]<sp/>[1660392485.967919500]:<sp/>[test_armor]<sp/>Print<sp/>Request:<sp/></highlight></codeline>
<codeline lineno="797"><highlight class="normal"><sp/><sp/><sp/><sp/>client_name<sp/>:<sp/>robocluedo</highlight></codeline>
<codeline lineno="798"><highlight class="normal"><sp/><sp/><sp/><sp/>reference_name<sp/>:<sp/>cluedo_ontology</highlight></codeline>
<codeline lineno="799"><highlight class="normal"><sp/><sp/><sp/><sp/>command<sp/>:<sp/>ADD</highlight></codeline>
<codeline lineno="800"><highlight class="normal"><sp/><sp/><sp/><sp/>primary_command_spec<sp/>:<sp/>IND</highlight></codeline>
<codeline lineno="801"><highlight class="normal"><sp/><sp/><sp/><sp/>secondary_command_spec<sp/>:<sp/>CLASS</highlight></codeline>
<codeline lineno="802"><highlight class="normal"><sp/><sp/><sp/><sp/>args<sp/>:<sp/>[Stadium<sp/>PLACE<sp/><sp/><sp/><sp/>]</highlight></codeline>
<codeline lineno="803"><highlight class="normal"><sp/><sp/><sp/><sp/>---</highlight></codeline>
<codeline lineno="804"><highlight class="normal">[<sp/>INFO]<sp/>[1660392485.973594300]:<sp/>[test_armor]<sp/>Print<sp/>Response:<sp/></highlight></codeline>
<codeline lineno="805"><highlight class="normal"><sp/><sp/><sp/><sp/><ref refid="rosplan-kb_8md_8txt_1a7960f9c558f9ee2c3d4a8fdea096fb56" kindref="member">success</ref><sp/>:<sp/></highlight><highlight class="keyword">true</highlight><highlight class="normal"></highlight></codeline>
<codeline lineno="806"><highlight class="normal"><sp/><sp/><sp/><sp/>timeout<sp/>:<sp/></highlight><highlight class="keyword">false</highlight><highlight class="normal"></highlight></codeline>
<codeline lineno="807"><highlight class="normal"><sp/><sp/><sp/><sp/>exit_code<sp/>:<sp/>0</highlight></codeline>
<codeline lineno="808"><highlight class="normal"><sp/><sp/><sp/><sp/><ref refid="examples__tools_8md_8txt_1af16096de995992cbc4e5aefeb45a0277" kindref="member">error_description</ref><sp/>:<sp/></highlight></codeline>
<codeline lineno="809"><highlight class="normal"><sp/><sp/><sp/><sp/>is_consistent<sp/>:<sp/></highlight><highlight class="keyword">true</highlight><highlight class="normal"></highlight></codeline>
<codeline lineno="810"><highlight class="normal"><sp/><sp/><sp/><sp/>queried_objects<sp/>:</highlight></codeline>
<codeline lineno="811"><highlight class="normal"><sp/><sp/><sp/><sp/>sparql_queried_objects<sp/>:<sp/></highlight></codeline>
<codeline lineno="812"><highlight class="normal"><sp/><sp/><sp/><sp/>---</highlight></codeline>
<codeline lineno="813"><highlight class="normal">[<sp/>INFO]<sp/>[1660392485.973706100]:<sp/>[test_armor]<sp/>Print<sp/>Request:<sp/></highlight></codeline>
<codeline lineno="814"><highlight class="normal"><sp/><sp/><sp/><sp/>client_name<sp/>:<sp/>robocluedo</highlight></codeline>
<codeline lineno="815"><highlight class="normal"><sp/><sp/><sp/><sp/>reference_name<sp/>:<sp/>cluedo_ontology</highlight></codeline>
<codeline lineno="816"><highlight class="normal"><sp/><sp/><sp/><sp/>command<sp/>:<sp/>ADD</highlight></codeline>
<codeline lineno="817"><highlight class="normal"><sp/><sp/><sp/><sp/>primary_command_spec<sp/>:<sp/>OBJECTPROP</highlight></codeline>
<codeline lineno="818"><highlight class="normal"><sp/><sp/><sp/><sp/>secondary_command_spec<sp/>:<sp/>IND</highlight></codeline>
<codeline lineno="819"><highlight class="normal"><sp/><sp/><sp/><sp/>args<sp/>:<sp/>[where<sp/>HP3<sp/>Stadium<sp/><sp/><sp/>]</highlight></codeline>
<codeline lineno="820"><highlight class="normal"><sp/><sp/><sp/><sp/>---</highlight></codeline>
<codeline lineno="821"><highlight class="normal">[<sp/>INFO]<sp/>[1660392485.981074500]:<sp/>[test_armor]<sp/>Print<sp/>Response:<sp/></highlight></codeline>
<codeline lineno="822"><highlight class="normal"><sp/><sp/><sp/><sp/><ref refid="rosplan-kb_8md_8txt_1a7960f9c558f9ee2c3d4a8fdea096fb56" kindref="member">success</ref><sp/>:<sp/></highlight><highlight class="keyword">true</highlight><highlight class="normal"></highlight></codeline>
<codeline lineno="823"><highlight class="normal"><sp/><sp/><sp/><sp/>timeout<sp/>:<sp/></highlight><highlight class="keyword">false</highlight><highlight class="normal"></highlight></codeline>
<codeline lineno="824"><highlight class="normal"><sp/><sp/><sp/><sp/>exit_code<sp/>:<sp/>0</highlight></codeline>
<codeline lineno="825"><highlight class="normal"><sp/><sp/><sp/><sp/><ref refid="examples__tools_8md_8txt_1af16096de995992cbc4e5aefeb45a0277" kindref="member">error_description</ref><sp/>:<sp/></highlight></codeline>
<codeline lineno="826"><highlight class="normal"><sp/><sp/><sp/><sp/>is_consistent<sp/>:<sp/></highlight><highlight class="keyword">true</highlight><highlight class="normal"></highlight></codeline>
<codeline lineno="827"><highlight class="normal"><sp/><sp/><sp/><sp/>queried_objects<sp/>:</highlight></codeline>
<codeline lineno="828"><highlight class="normal"><sp/><sp/><sp/><sp/>sparql_queried_objects<sp/>:<sp/></highlight></codeline>
<codeline lineno="829"><highlight class="normal"><sp/><sp/><sp/><sp/>---</highlight></codeline>
<codeline lineno="830"><highlight class="normal">[<sp/>INFO]<sp/>[1660392485.981191700]:<sp/>[test_armor]<sp/>Print<sp/>Request:<sp/></highlight></codeline>
<codeline lineno="831"><highlight class="normal"><sp/><sp/><sp/><sp/>client_name<sp/>:<sp/>robocluedo</highlight></codeline>
<codeline lineno="832"><highlight class="normal"><sp/><sp/><sp/><sp/>reference_name<sp/>:<sp/>cluedo_ontology</highlight></codeline>
<codeline lineno="833"><highlight class="normal"><sp/><sp/><sp/><sp/>command<sp/>:<sp/>REASON</highlight></codeline>
<codeline lineno="834"><highlight class="normal"><sp/><sp/><sp/><sp/>primary_command_spec<sp/>:<sp/></highlight></codeline>
<codeline lineno="835"><highlight class="normal"><sp/><sp/><sp/><sp/>secondary_command_spec<sp/>:<sp/></highlight></codeline>
<codeline lineno="836"><highlight class="normal"><sp/><sp/><sp/><sp/>args<sp/>:<sp/>[<sp/><sp/><sp/><sp/><sp/>]</highlight></codeline>
<codeline lineno="837"><highlight class="normal"><sp/><sp/><sp/><sp/>---</highlight></codeline>
<codeline lineno="838"><highlight class="normal">[<sp/>INFO]<sp/>[1660392485.992977900]:<sp/>[test_armor]<sp/>Print<sp/>Response:<sp/></highlight></codeline>
<codeline lineno="839"><highlight class="normal"><sp/><sp/><sp/><sp/><ref refid="rosplan-kb_8md_8txt_1a7960f9c558f9ee2c3d4a8fdea096fb56" kindref="member">success</ref><sp/>:<sp/></highlight><highlight class="keyword">true</highlight><highlight class="normal"></highlight></codeline>
<codeline lineno="840"><highlight class="normal"><sp/><sp/><sp/><sp/>timeout<sp/>:<sp/></highlight><highlight class="keyword">false</highlight><highlight class="normal"></highlight></codeline>
<codeline lineno="841"><highlight class="normal"><sp/><sp/><sp/><sp/>exit_code<sp/>:<sp/>0</highlight></codeline>
<codeline lineno="842"><highlight class="normal"><sp/><sp/><sp/><sp/><ref refid="examples__tools_8md_8txt_1af16096de995992cbc4e5aefeb45a0277" kindref="member">error_description</ref><sp/>:<sp/></highlight></codeline>
<codeline lineno="843"><highlight class="normal"><sp/><sp/><sp/><sp/>is_consistent<sp/>:<sp/></highlight><highlight class="keyword">true</highlight><highlight class="normal"></highlight></codeline>
<codeline lineno="844"><highlight class="normal"><sp/><sp/><sp/><sp/>queried_objects<sp/>:</highlight></codeline>
<codeline lineno="845"><highlight class="normal"><sp/><sp/><sp/><sp/>sparql_queried_objects<sp/>:<sp/></highlight></codeline>
<codeline lineno="846"><highlight class="normal"><sp/><sp/><sp/><sp/>---</highlight></codeline>
<codeline lineno="847"><highlight class="normal">[<sp/>INFO]<sp/>[1660392485.993068900]:<sp/>[test_armor]<sp/>Print<sp/>Request:<sp/></highlight></codeline>
<codeline lineno="848"><highlight class="normal"><sp/><sp/><sp/><sp/>client_name<sp/>:<sp/>robocluedo</highlight></codeline>
<codeline lineno="849"><highlight class="normal"><sp/><sp/><sp/><sp/>reference_name<sp/>:<sp/>cluedo_ontology</highlight></codeline>
<codeline lineno="850"><highlight class="normal"><sp/><sp/><sp/><sp/>command<sp/>:<sp/>ADD</highlight></codeline>
<codeline lineno="851"><highlight class="normal"><sp/><sp/><sp/><sp/>primary_command_spec<sp/>:<sp/>IND</highlight></codeline>
<codeline lineno="852"><highlight class="normal"><sp/><sp/><sp/><sp/>secondary_command_spec<sp/>:<sp/>CLASS</highlight></codeline>
<codeline lineno="853"><highlight class="normal"><sp/><sp/><sp/><sp/>args<sp/>:<sp/>[Lounge<sp/>PLACE<sp/><sp/><sp/><sp/>]</highlight></codeline>
<codeline lineno="854"><highlight class="normal"><sp/><sp/><sp/><sp/>---</highlight></codeline>
<codeline lineno="855"><highlight class="normal">[<sp/>INFO]<sp/>[1660392485.998666300]:<sp/>[test_armor]<sp/>Print<sp/>Response:<sp/></highlight></codeline>
<codeline lineno="856"><highlight class="normal"><sp/><sp/><sp/><sp/><ref refid="rosplan-kb_8md_8txt_1a7960f9c558f9ee2c3d4a8fdea096fb56" kindref="member">success</ref><sp/>:<sp/></highlight><highlight class="keyword">true</highlight><highlight class="normal"></highlight></codeline>
<codeline lineno="857"><highlight class="normal"><sp/><sp/><sp/><sp/>timeout<sp/>:<sp/></highlight><highlight class="keyword">false</highlight><highlight class="normal"></highlight></codeline>
<codeline lineno="858"><highlight class="normal"><sp/><sp/><sp/><sp/>exit_code<sp/>:<sp/>0</highlight></codeline>
<codeline lineno="859"><highlight class="normal"><sp/><sp/><sp/><sp/><ref refid="examples__tools_8md_8txt_1af16096de995992cbc4e5aefeb45a0277" kindref="member">error_description</ref><sp/>:<sp/></highlight></codeline>
<codeline lineno="860"><highlight class="normal"><sp/><sp/><sp/><sp/>is_consistent<sp/>:<sp/></highlight><highlight class="keyword">true</highlight><highlight class="normal"></highlight></codeline>
<codeline lineno="861"><highlight class="normal"><sp/><sp/><sp/><sp/>queried_objects<sp/>:</highlight></codeline>
<codeline lineno="862"><highlight class="normal"><sp/><sp/><sp/><sp/>sparql_queried_objects<sp/>:<sp/></highlight></codeline>
<codeline lineno="863"><highlight class="normal"><sp/><sp/><sp/><sp/>---</highlight></codeline>
<codeline lineno="864"><highlight class="normal">[<sp/>INFO]<sp/>[1660392485.998737200]:<sp/>[test_armor]<sp/>Print<sp/>Request:<sp/></highlight></codeline>
<codeline lineno="865"><highlight class="normal"><sp/><sp/><sp/><sp/>client_name<sp/>:<sp/>robocluedo</highlight></codeline>
<codeline lineno="866"><highlight class="normal"><sp/><sp/><sp/><sp/>reference_name<sp/>:<sp/>cluedo_ontology</highlight></codeline>
<codeline lineno="867"><highlight class="normal"><sp/><sp/><sp/><sp/>command<sp/>:<sp/>DISJOINT</highlight></codeline>
<codeline lineno="868"><highlight class="normal"><sp/><sp/><sp/><sp/>primary_command_spec<sp/>:<sp/>IND</highlight></codeline>
<codeline lineno="869"><highlight class="normal"><sp/><sp/><sp/><sp/>secondary_command_spec<sp/>:<sp/></highlight></codeline>
<codeline lineno="870"><highlight class="normal"><sp/><sp/><sp/><sp/>args<sp/>:<sp/>[Lounge<sp/>Stadium<sp/><sp/><sp/><sp/>]</highlight></codeline>
<codeline lineno="871"><highlight class="normal"><sp/><sp/><sp/><sp/>---</highlight></codeline>
<codeline lineno="872"><highlight class="normal">[<sp/>INFO]<sp/>[1660392486.015745500]:<sp/>[test_armor]<sp/>Print<sp/>Response:<sp/></highlight></codeline>
<codeline lineno="873"><highlight class="normal"><sp/><sp/><sp/><sp/><ref refid="rosplan-kb_8md_8txt_1a7960f9c558f9ee2c3d4a8fdea096fb56" kindref="member">success</ref><sp/>:<sp/></highlight><highlight class="keyword">true</highlight><highlight class="normal"></highlight></codeline>
<codeline lineno="874"><highlight class="normal"><sp/><sp/><sp/><sp/>timeout<sp/>:<sp/></highlight><highlight class="keyword">false</highlight><highlight class="normal"></highlight></codeline>
<codeline lineno="875"><highlight class="normal"><sp/><sp/><sp/><sp/>exit_code<sp/>:<sp/>0</highlight></codeline>
<codeline lineno="876"><highlight class="normal"><sp/><sp/><sp/><sp/><ref refid="examples__tools_8md_8txt_1af16096de995992cbc4e5aefeb45a0277" kindref="member">error_description</ref><sp/>:<sp/></highlight></codeline>
<codeline lineno="877"><highlight class="normal"><sp/><sp/><sp/><sp/>is_consistent<sp/>:<sp/></highlight><highlight class="keyword">true</highlight><highlight class="normal"></highlight></codeline>
<codeline lineno="878"><highlight class="normal"><sp/><sp/><sp/><sp/>queried_objects<sp/>:</highlight></codeline>
<codeline lineno="879"><highlight class="normal"><sp/><sp/><sp/><sp/>sparql_queried_objects<sp/>:<sp/></highlight></codeline>
<codeline lineno="880"><highlight class="normal"><sp/><sp/><sp/><sp/>---</highlight></codeline>
<codeline lineno="881"><highlight class="normal">[<sp/>INFO]<sp/>[1660392486.015854100]:<sp/>[test_armor]<sp/>Print<sp/>Request:<sp/></highlight></codeline>
<codeline lineno="882"><highlight class="normal"><sp/><sp/><sp/><sp/>client_name<sp/>:<sp/>robocluedo</highlight></codeline>
<codeline lineno="883"><highlight class="normal"><sp/><sp/><sp/><sp/>reference_name<sp/>:<sp/>cluedo_ontology</highlight></codeline>
<codeline lineno="884"><highlight class="normal"><sp/><sp/><sp/><sp/>command<sp/>:<sp/>ADD</highlight></codeline>
<codeline lineno="885"><highlight class="normal"><sp/><sp/><sp/><sp/>primary_command_spec<sp/>:<sp/>OBJECTPROP</highlight></codeline>
<codeline lineno="886"><highlight class="normal"><sp/><sp/><sp/><sp/>secondary_command_spec<sp/>:<sp/>IND</highlight></codeline>
<codeline lineno="887"><highlight class="normal"><sp/><sp/><sp/><sp/>args<sp/>:<sp/>[where<sp/>HP3<sp/>Lounge<sp/><sp/><sp/>]</highlight></codeline>
<codeline lineno="888"><highlight class="normal"><sp/><sp/><sp/><sp/>---</highlight></codeline>
<codeline lineno="889"><highlight class="normal">[<sp/>INFO]<sp/>[1660392486.021397900]:<sp/>[test_armor]<sp/>Print<sp/>Response:<sp/></highlight></codeline>
<codeline lineno="890"><highlight class="normal"><sp/><sp/><sp/><sp/><ref refid="rosplan-kb_8md_8txt_1a7960f9c558f9ee2c3d4a8fdea096fb56" kindref="member">success</ref><sp/>:<sp/></highlight><highlight class="keyword">true</highlight><highlight class="normal"></highlight></codeline>
<codeline lineno="891"><highlight class="normal"><sp/><sp/><sp/><sp/>timeout<sp/>:<sp/></highlight><highlight class="keyword">false</highlight><highlight class="normal"></highlight></codeline>
<codeline lineno="892"><highlight class="normal"><sp/><sp/><sp/><sp/>exit_code<sp/>:<sp/>0</highlight></codeline>
<codeline lineno="893"><highlight class="normal"><sp/><sp/><sp/><sp/><ref refid="examples__tools_8md_8txt_1af16096de995992cbc4e5aefeb45a0277" kindref="member">error_description</ref><sp/>:<sp/></highlight></codeline>
<codeline lineno="894"><highlight class="normal"><sp/><sp/><sp/><sp/>is_consistent<sp/>:<sp/></highlight><highlight class="keyword">true</highlight><highlight class="normal"></highlight></codeline>
<codeline lineno="895"><highlight class="normal"><sp/><sp/><sp/><sp/>queried_objects<sp/>:</highlight></codeline>
<codeline lineno="896"><highlight class="normal"><sp/><sp/><sp/><sp/>sparql_queried_objects<sp/>:<sp/></highlight></codeline>
<codeline lineno="897"><highlight class="normal"><sp/><sp/><sp/><sp/>---</highlight></codeline>
<codeline lineno="898"><highlight class="normal">[<sp/>INFO]<sp/>[1660392486.021513800]:<sp/>[test_armor]<sp/>Print<sp/>Request:<sp/></highlight></codeline>
<codeline lineno="899"><highlight class="normal"><sp/><sp/><sp/><sp/>client_name<sp/>:<sp/>robocluedo</highlight></codeline>
<codeline lineno="900"><highlight class="normal"><sp/><sp/><sp/><sp/>reference_name<sp/>:<sp/>cluedo_ontology</highlight></codeline>
<codeline lineno="901"><highlight class="normal"><sp/><sp/><sp/><sp/>command<sp/>:<sp/>REASON</highlight></codeline>
<codeline lineno="902"><highlight class="normal"><sp/><sp/><sp/><sp/>primary_command_spec<sp/>:<sp/></highlight></codeline>
<codeline lineno="903"><highlight class="normal"><sp/><sp/><sp/><sp/>secondary_command_spec<sp/>:<sp/></highlight></codeline>
<codeline lineno="904"><highlight class="normal"><sp/><sp/><sp/><sp/>args<sp/>:<sp/>[<sp/><sp/><sp/><sp/><sp/>]</highlight></codeline>
<codeline lineno="905"><highlight class="normal"><sp/><sp/><sp/><sp/>---</highlight></codeline>
<codeline lineno="906"><highlight class="normal">[<sp/>INFO]<sp/>[1660392486.039751300]:<sp/>[test_armor]<sp/>Print<sp/>Response:<sp/></highlight></codeline>
<codeline lineno="907"><highlight class="normal"><sp/><sp/><sp/><sp/><ref refid="rosplan-kb_8md_8txt_1a7960f9c558f9ee2c3d4a8fdea096fb56" kindref="member">success</ref><sp/>:<sp/></highlight><highlight class="keyword">true</highlight><highlight class="normal"></highlight></codeline>
<codeline lineno="908"><highlight class="normal"><sp/><sp/><sp/><sp/>timeout<sp/>:<sp/></highlight><highlight class="keyword">false</highlight><highlight class="normal"></highlight></codeline>
<codeline lineno="909"><highlight class="normal"><sp/><sp/><sp/><sp/>exit_code<sp/>:<sp/>0</highlight></codeline>
<codeline lineno="910"><highlight class="normal"><sp/><sp/><sp/><sp/><ref refid="examples__tools_8md_8txt_1af16096de995992cbc4e5aefeb45a0277" kindref="member">error_description</ref><sp/>:<sp/></highlight></codeline>
<codeline lineno="911"><highlight class="normal"><sp/><sp/><sp/><sp/>is_consistent<sp/>:<sp/></highlight><highlight class="keyword">true</highlight><highlight class="normal"></highlight></codeline>
<codeline lineno="912"><highlight class="normal"><sp/><sp/><sp/><sp/>queried_objects<sp/>:</highlight></codeline>
<codeline lineno="913"><highlight class="normal"><sp/><sp/><sp/><sp/>sparql_queried_objects<sp/>:<sp/></highlight></codeline>
<codeline lineno="914"><highlight class="normal"><sp/><sp/><sp/><sp/>---</highlight></codeline>
<codeline lineno="915"><highlight class="normal">[<sp/>INFO]<sp/>[1660392486.039833600]:<sp/>[test_armor]<sp/>Print<sp/>Request:<sp/></highlight></codeline>
<codeline lineno="916"><highlight class="normal"><sp/><sp/><sp/><sp/>client_name<sp/>:<sp/>robocluedo</highlight></codeline>
<codeline lineno="917"><highlight class="normal"><sp/><sp/><sp/><sp/>reference_name<sp/>:<sp/>cluedo_ontology</highlight></codeline>
<codeline lineno="918"><highlight class="normal"><sp/><sp/><sp/><sp/>command<sp/>:<sp/>SAVE</highlight></codeline>
<codeline lineno="919"><highlight class="normal"><sp/><sp/><sp/><sp/>primary_command_spec<sp/>:<sp/>INFERENCE</highlight></codeline>
<codeline lineno="920"><highlight class="normal"><sp/><sp/><sp/><sp/>secondary_command_spec<sp/>:<sp/></highlight></codeline>
<codeline lineno="921"><highlight class="normal"><sp/><sp/><sp/><sp/>args<sp/>:<sp/>[/root/Desktop/ROBOCLUEDO_ONTOLOGY.owl<sp/><sp/><sp/><sp/><sp/>]</highlight></codeline>
<codeline lineno="922"><highlight class="normal"><sp/><sp/><sp/><sp/>---</highlight></codeline>
<codeline lineno="923"><highlight class="normal">[<sp/>INFO]<sp/>[1660392486.200656300]:<sp/>[test_armor]<sp/>Print<sp/>Response:<sp/></highlight></codeline>
<codeline lineno="924"><highlight class="normal"><sp/><sp/><sp/><sp/><ref refid="rosplan-kb_8md_8txt_1a7960f9c558f9ee2c3d4a8fdea096fb56" kindref="member">success</ref><sp/>:<sp/></highlight><highlight class="keyword">true</highlight><highlight class="normal"></highlight></codeline>
<codeline lineno="925"><highlight class="normal"><sp/><sp/><sp/><sp/>timeout<sp/>:<sp/></highlight><highlight class="keyword">false</highlight><highlight class="normal"></highlight></codeline>
<codeline lineno="926"><highlight class="normal"><sp/><sp/><sp/><sp/>exit_code<sp/>:<sp/>0</highlight></codeline>
<codeline lineno="927"><highlight class="normal"><sp/><sp/><sp/><sp/><ref refid="examples__tools_8md_8txt_1af16096de995992cbc4e5aefeb45a0277" kindref="member">error_description</ref><sp/>:<sp/></highlight></codeline>
<codeline lineno="928"><highlight class="normal"><sp/><sp/><sp/><sp/>is_consistent<sp/>:<sp/></highlight><highlight class="keyword">true</highlight><highlight class="normal"></highlight></codeline>
<codeline lineno="929"><highlight class="normal"><sp/><sp/><sp/><sp/>queried_objects<sp/>:</highlight></codeline>
<codeline lineno="930"><highlight class="normal"><sp/><sp/><sp/><sp/>sparql_queried_objects<sp/>:<sp/></highlight></codeline>
<codeline lineno="931"><highlight class="normal"><sp/><sp/><sp/><sp/>---</highlight></codeline>
<codeline lineno="932"><highlight class="normal">[<sp/>INFO]<sp/>[1660392486.200766100]:<sp/>[test_armor]<sp/>closing...</highlight></codeline>
<codeline lineno="933"><highlight class="normal"></highlight></codeline>
<codeline lineno="934"><highlight class="normal">```</highlight></codeline>
<codeline lineno="935"><highlight class="normal"></highlight></codeline>
<codeline lineno="936"><highlight class="normal"></highlight><highlight class="preprocessor">###<sp/>armor<sp/>with<sp/>armor_tools<sp/></highlight><highlight class="normal"></highlight></codeline>
<codeline lineno="937"><highlight class="normal"></highlight></codeline>
<codeline lineno="938"><highlight class="normal">**SHELL<sp/>1:**</highlight></codeline>
<codeline lineno="939"><highlight class="normal"></highlight></codeline>
<codeline lineno="940"><highlight class="normal">```text</highlight></codeline>
<codeline lineno="941"><highlight class="normal">root@3b17871017fd:~/ros_ws/src/erl2-</highlight><highlight class="keyword">new</highlight><highlight class="normal">/robocluedo_module_testing/launch/test_armor#<sp/>roslaunch<sp/>robocluedo_module_testing<sp/>test_armor.launch</highlight></codeline>
<codeline lineno="942"><highlight class="normal">...<sp/>logging<sp/>to<sp/>/root/.ros/log/0cf4f092-1b03-11ed-ad08-0242ac110002/roslaunch-3b17871017fd-15182.log</highlight></codeline>
<codeline lineno="943"><highlight class="normal">Checking<sp/>log<sp/>directory<sp/></highlight><highlight class="keywordflow">for</highlight><highlight class="normal"><sp/>disk<sp/>usage.<sp/>This<sp/>may<sp/>take<sp/><ref refid="erl2-oracle-user-manual_8md_8txt_1ad06afa07b0e26dd80f556e318c747644" kindref="member">a</ref><sp/></highlight><highlight class="keywordflow">while</highlight><highlight class="normal">.</highlight></codeline>
<codeline lineno="944"><highlight class="normal">Press<sp/>Ctrl-C<sp/>to<sp/>interrupt</highlight></codeline>
<codeline lineno="945"><highlight class="normal">Done<sp/>checking<sp/>log<sp/><ref refid="armor-how-to-use_8md_8txt_1a9c3579e1f6790861ba288d0f61d41dc9" kindref="member">file</ref><sp/>disk<sp/>usage.<sp/>Usage<sp/>is<sp/>&lt;1GB.</highlight></codeline>
<codeline lineno="946"><highlight class="normal"></highlight></codeline>
<codeline lineno="947"><highlight class="normal">started<sp/>roslaunch<sp/>server<sp/>http:</highlight><highlight class="comment">//3b17871017fd:32951/</highlight><highlight class="normal"></highlight></codeline>
<codeline lineno="948"><highlight class="normal"></highlight></codeline>
<codeline lineno="949"><highlight class="normal">SUMMARY</highlight></codeline>
<codeline lineno="950"><highlight class="normal">========</highlight></codeline>
<codeline lineno="951"><highlight class="normal"></highlight></codeline>
<codeline lineno="952"><highlight class="normal">PARAMETERS</highlight></codeline>
<codeline lineno="953"><highlight class="normal"><sp/>*<sp/>/cluedo_max_hypotheses:<sp/>15</highlight></codeline>
<codeline lineno="954"><highlight class="normal"><sp/>*<sp/>/<ref refid="armor-how-to-run_8md_8txt_1a0b0e7a72d93d9ab88bba8d4ede48f93b" kindref="member">cluedo_path_owlfile</ref>:<sp/>/root/ros_ws/src/...</highlight></codeline>
<codeline lineno="955"><highlight class="normal"><sp/>*<sp/>/cluedo_path_owlfile_backup:<sp/>/root/ros_ws/src/...</highlight></codeline>
<codeline lineno="956"><highlight class="normal"><sp/>*<sp/>/cluedo_path_what:<sp/>/root/ros_ws/src/...</highlight></codeline>
<codeline lineno="957"><highlight class="normal"><sp/>*<sp/>/cluedo_path_where:<sp/>/root/ros_ws/src/...</highlight></codeline>
<codeline lineno="958"><highlight class="normal"><sp/>*<sp/>/cluedo_path_who:<sp/>/root/ros_ws/src/...</highlight></codeline>
<codeline lineno="959"><highlight class="normal"><sp/>*<sp/>/rosdistro:<sp/>noetic</highlight></codeline>
<codeline lineno="960"><highlight class="normal"><sp/>*<sp/>/rosversion:<sp/>1.15.14</highlight></codeline>
<codeline lineno="961"><highlight class="normal"></highlight></codeline>
<codeline lineno="962"><highlight class="normal">NODES</highlight></codeline>
<codeline lineno="963"><highlight class="normal"><sp/><sp/>/</highlight></codeline>
<codeline lineno="964"><highlight class="normal"><sp/><sp/><sp/><sp/>armor_service<sp/>(<ref refid="examples__tools_8md_8txt_1a405f090f78cdee2e8e6ce5ba27bf090d" kindref="member">armor</ref>/execute)</highlight></codeline>
<codeline lineno="965"><highlight class="normal"></highlight></codeline>
<codeline lineno="966"><highlight class="normal"></highlight><highlight class="keyword">auto</highlight><highlight class="normal">-<ref refid="robocluedo_8md_8txt_1ae49f9fc6da89ec084c8d8b766da943a3" kindref="member">starting</ref><sp/></highlight><highlight class="keyword">new</highlight><highlight class="normal"><sp/>master</highlight></codeline>
<codeline lineno="967"><highlight class="normal">process[master]:<sp/>started<sp/>with<sp/>pid<sp/>[15220]</highlight></codeline>
<codeline lineno="968"><highlight class="normal">ROS_MASTER_URI=http:</highlight><highlight class="comment">//localhost:11311</highlight><highlight class="normal"></highlight></codeline>
<codeline lineno="969"><highlight class="normal"></highlight></codeline>
<codeline lineno="970"><highlight class="normal">setting<sp/>/run_id<sp/>to<sp/>0cf4f092-1b03-11ed-ad08-0242ac110002</highlight></codeline>
<codeline lineno="971"><highlight class="normal">process[rosout-1]:<sp/>started<sp/>with<sp/>pid<sp/>[15245]</highlight></codeline>
<codeline lineno="972"><highlight class="normal">started<sp/>core<sp/><ref refid="armor-how-to-use_8md_8txt_1aca1ed6b4b0cfeb558dd5ec675c0bbec8" kindref="member">service</ref><sp/>[/rosout]</highlight></codeline>
<codeline lineno="973"><highlight class="normal">process[armor_service-2]:<sp/>started<sp/>with<sp/>pid<sp/>[15252]</highlight></codeline>
<codeline lineno="974"><highlight class="normal">Loading<sp/>node<sp/></highlight><highlight class="keyword">class</highlight><highlight class="normal">:<sp/><ref refid="test-the-project_8md_8txt_1ae9880850b92fe7594f93a01193dc189d" kindref="member">it</ref>.emarolab.armor.ARMORMainService</highlight></codeline>
<codeline lineno="975"><highlight class="normal">log4j:WARN<sp/>No<sp/>appenders<sp/>could<sp/>be<sp/>found<sp/></highlight><highlight class="keywordflow">for</highlight><highlight class="normal"><sp/>logger<sp/>(org.ros.internal.node.client.Registrar).</highlight></codeline>
<codeline lineno="976"><highlight class="normal">log4j:WARN<sp/>Please<sp/>initialize<sp/><ref refid="cpp-docs-template_8md_8txt_1a8dfd148d0f4736cfd77e16fc5d110ad2" kindref="member">the</ref><sp/>log4j<sp/><ref refid="robocluedo_8md_8txt_1ad39625d3f97633d655eb50c16dcf9e3a" kindref="member">system</ref><sp/>properly.</highlight></codeline>
<codeline lineno="977"><highlight class="normal">log4j:WARN<sp/>See<sp/>http:</highlight><highlight class="comment">//logging.apache.org/log4j/1.2/faq.html#noconfig<sp/>for<sp/>more<sp/>info.</highlight><highlight class="normal"></highlight></codeline>
<codeline lineno="978"><highlight class="normal"></highlight></codeline>
<codeline lineno="979"><highlight class="normal"></highlight></codeline>
<codeline lineno="980"><highlight class="normal"></highlight></codeline>
<codeline lineno="981"><highlight class="normal">```</highlight></codeline>
<codeline lineno="982"><highlight class="normal"></highlight></codeline>
<codeline lineno="983"><highlight class="normal">**SHELL<sp/>2:**</highlight></codeline>
<codeline lineno="984"><highlight class="normal"></highlight></codeline>
<codeline lineno="985"><highlight class="normal">```text</highlight></codeline>
<codeline lineno="986"><highlight class="normal">root@3b17871017fd:~/ros_ws/src/erl2-</highlight><highlight class="keyword">new</highlight><highlight class="normal">/robocluedo_module_testing/launch/test_armor#<sp/>rosrun<sp/>robocluedo_module_testing<sp/>test_armor_tools</highlight></codeline>
<codeline lineno="987"><highlight class="normal">[<sp/>INFO]<sp/>[1660394502.533233500]:<sp/>[test_armor_tools]<sp/>Ontology<sp/>found!<sp/>[/root/ros_ws/src/erl2-</highlight><highlight class="keyword">new</highlight><highlight class="normal">/robocluedo_armor/config/cluedo_owl_ontology/cluedo_ontology.owl]<sp/></highlight></codeline>
<codeline lineno="988"><highlight class="normal">[<sp/>INFO]<sp/>[1660394502.533945000]:<sp/>[armor_tools]<sp/>Requiring<sp/>client<sp/>[/armor_interface_srv]<sp/>...</highlight></codeline>
<codeline lineno="989"><highlight class="normal">[<sp/>INFO]<sp/>[1660394502.534393900]:<sp/>[armor_tools]<sp/>-&gt;<sp/>OK</highlight></codeline>
<codeline lineno="990"><highlight class="normal">[<sp/>INFO]<sp/>[1660394503.535600400]:<sp/>[test_armor_tools]<sp/>(1)<sp/>completed<sp/>hypotheses:</highlight></codeline>
<codeline lineno="991"><highlight class="normal">[<sp/>INFO]<sp/>[1660394503.535726200]:<sp/><sp/><sp/><sp/>Print<sp/>Response:<sp/></highlight></codeline>
<codeline lineno="992"><highlight class="normal"><sp/><sp/><sp/><sp/><ref refid="rosplan-kb_8md_8txt_1a7960f9c558f9ee2c3d4a8fdea096fb56" kindref="member">success</ref><sp/>:<sp/></highlight><highlight class="keyword">true</highlight><highlight class="normal"></highlight></codeline>
<codeline lineno="993"><highlight class="normal"><sp/><sp/><sp/><sp/>timeout<sp/>:<sp/></highlight><highlight class="keyword">false</highlight><highlight class="normal"></highlight></codeline>
<codeline lineno="994"><highlight class="normal"><sp/><sp/><sp/><sp/>exit_code<sp/>:<sp/>0</highlight></codeline>
<codeline lineno="995"><highlight class="normal"><sp/><sp/><sp/><sp/><ref refid="examples__tools_8md_8txt_1af16096de995992cbc4e5aefeb45a0277" kindref="member">error_description</ref><sp/>:<sp/></highlight></codeline>
<codeline lineno="996"><highlight class="normal"><sp/><sp/><sp/><sp/>is_consistent<sp/>:<sp/></highlight><highlight class="keyword">true</highlight><highlight class="normal"></highlight></codeline>
<codeline lineno="997"><highlight class="normal"><sp/><sp/><sp/><sp/>queried_objects<sp/>:</highlight></codeline>
<codeline lineno="998"><highlight class="normal"><sp/><sp/><sp/><sp/>-<sp/><sp/><sp/>&lt;http:</highlight><highlight class="comment">//www.emarolab.it/cluedo-ontology#HP3&gt;</highlight><highlight class="normal"></highlight></codeline>
<codeline lineno="999"><highlight class="normal"><sp/><sp/><sp/><sp/>sparql_queried_objects<sp/>:<sp/></highlight></codeline>
<codeline lineno="1000"><highlight class="normal"><sp/><sp/><sp/><sp/>---</highlight></codeline>
<codeline lineno="1001"><highlight class="normal">[<sp/>INFO]<sp/>[1660394503.541773600]:<sp/>[test_armor_tools]<sp/>(1)<sp/>inconsistent<sp/>hypotheses:</highlight></codeline>
<codeline lineno="1002"><highlight class="normal">[<sp/>INFO]<sp/>[1660394503.541849400]:<sp/><sp/><sp/><sp/>Print<sp/>Response:<sp/></highlight></codeline>
<codeline lineno="1003"><highlight class="normal"><sp/><sp/><sp/><sp/><ref refid="rosplan-kb_8md_8txt_1a7960f9c558f9ee2c3d4a8fdea096fb56" kindref="member">success</ref><sp/>:<sp/></highlight><highlight class="keyword">true</highlight><highlight class="normal"></highlight></codeline>
<codeline lineno="1004"><highlight class="normal"><sp/><sp/><sp/><sp/>timeout<sp/>:<sp/></highlight><highlight class="keyword">false</highlight><highlight class="normal"></highlight></codeline>
<codeline lineno="1005"><highlight class="normal"><sp/><sp/><sp/><sp/>exit_code<sp/>:<sp/>0</highlight></codeline>
<codeline lineno="1006"><highlight class="normal"><sp/><sp/><sp/><sp/><ref refid="examples__tools_8md_8txt_1af16096de995992cbc4e5aefeb45a0277" kindref="member">error_description</ref><sp/>:<sp/></highlight></codeline>
<codeline lineno="1007"><highlight class="normal"><sp/><sp/><sp/><sp/>is_consistent<sp/>:<sp/></highlight><highlight class="keyword">true</highlight><highlight class="normal"></highlight></codeline>
<codeline lineno="1008"><highlight class="normal"><sp/><sp/><sp/><sp/>queried_objects<sp/>:</highlight></codeline>
<codeline lineno="1009"><highlight class="normal"><sp/><sp/><sp/><sp/>sparql_queried_objects<sp/>:<sp/></highlight></codeline>
<codeline lineno="1010"><highlight class="normal"><sp/><sp/><sp/><sp/>---</highlight></codeline>
<codeline lineno="1011"><highlight class="normal">[<sp/>INFO]<sp/>[1660394503.560990000]:<sp/><sp/><sp/><sp/>Print<sp/>Request:<sp/></highlight></codeline>
<codeline lineno="1012"><highlight class="normal"><sp/><sp/><sp/><sp/>client_name<sp/>:<sp/>armor_client</highlight></codeline>
<codeline lineno="1013"><highlight class="normal"><sp/><sp/><sp/><sp/>reference_name<sp/>:<sp/>cluedo</highlight></codeline>
<codeline lineno="1014"><highlight class="normal"><sp/><sp/><sp/><sp/>command<sp/>:<sp/>DISJOINT</highlight></codeline>
<codeline lineno="1015"><highlight class="normal"><sp/><sp/><sp/><sp/>primary_command_spec<sp/>:<sp/>IND</highlight></codeline>
<codeline lineno="1016"><highlight class="normal"><sp/><sp/><sp/><sp/>secondary_command_spec<sp/>:<sp/>CLASS</highlight></codeline>
<codeline lineno="1017"><highlight class="normal"><sp/><sp/><sp/><sp/>args<sp/>:<sp/>[<sp/><sp/><sp/><sp/><sp/>]</highlight></codeline>
<codeline lineno="1018"><highlight class="normal"><sp/><sp/><sp/><sp/>---</highlight></codeline>
<codeline lineno="1019"><highlight class="normal">[<sp/>INFO]<sp/>[1660394503.561065200]:<sp/><sp/><sp/><sp/>Print<sp/>Response:<sp/></highlight></codeline>
<codeline lineno="1020"><highlight class="normal"><sp/><sp/><sp/><sp/><ref refid="rosplan-kb_8md_8txt_1a7960f9c558f9ee2c3d4a8fdea096fb56" kindref="member">success</ref><sp/>:<sp/></highlight><highlight class="keyword">true</highlight><highlight class="normal"></highlight></codeline>
<codeline lineno="1021"><highlight class="normal"><sp/><sp/><sp/><sp/>timeout<sp/>:<sp/></highlight><highlight class="keyword">false</highlight><highlight class="normal"></highlight></codeline>
<codeline lineno="1022"><highlight class="normal"><sp/><sp/><sp/><sp/>exit_code<sp/>:<sp/>0</highlight></codeline>
<codeline lineno="1023"><highlight class="normal"><sp/><sp/><sp/><sp/><ref refid="examples__tools_8md_8txt_1af16096de995992cbc4e5aefeb45a0277" kindref="member">error_description</ref><sp/>:<sp/></highlight></codeline>
<codeline lineno="1024"><highlight class="normal"><sp/><sp/><sp/><sp/>is_consistent<sp/>:<sp/></highlight><highlight class="keyword">true</highlight><highlight class="normal"></highlight></codeline>
<codeline lineno="1025"><highlight class="normal"><sp/><sp/><sp/><sp/>queried_objects<sp/>:</highlight></codeline>
<codeline lineno="1026"><highlight class="normal"><sp/><sp/><sp/><sp/>sparql_queried_objects<sp/>:<sp/></highlight></codeline>
<codeline lineno="1027"><highlight class="normal"><sp/><sp/><sp/><sp/>---</highlight></codeline>
<codeline lineno="1028"><highlight class="normal">[<sp/>INFO]<sp/>[1660394503.578151000]:<sp/>[test_armor_tools]<sp/>(2)<sp/>completed<sp/>hypotheses:</highlight></codeline>
<codeline lineno="1029"><highlight class="normal">[<sp/>INFO]<sp/>[1660394503.591825200]:<sp/><sp/><sp/><sp/>Print<sp/>Response:<sp/></highlight></codeline>
<codeline lineno="1030"><highlight class="normal"><sp/><sp/><sp/><sp/><ref refid="rosplan-kb_8md_8txt_1a7960f9c558f9ee2c3d4a8fdea096fb56" kindref="member">success</ref><sp/>:<sp/></highlight><highlight class="keyword">true</highlight><highlight class="normal"></highlight></codeline>
<codeline lineno="1031"><highlight class="normal"><sp/><sp/><sp/><sp/>timeout<sp/>:<sp/></highlight><highlight class="keyword">false</highlight><highlight class="normal"></highlight></codeline>
<codeline lineno="1032"><highlight class="normal"><sp/><sp/><sp/><sp/>exit_code<sp/>:<sp/>0</highlight></codeline>
<codeline lineno="1033"><highlight class="normal"><sp/><sp/><sp/><sp/><ref refid="examples__tools_8md_8txt_1af16096de995992cbc4e5aefeb45a0277" kindref="member">error_description</ref><sp/>:<sp/></highlight></codeline>
<codeline lineno="1034"><highlight class="normal"><sp/><sp/><sp/><sp/>is_consistent<sp/>:<sp/></highlight><highlight class="keyword">true</highlight><highlight class="normal"></highlight></codeline>
<codeline lineno="1035"><highlight class="normal"><sp/><sp/><sp/><sp/>queried_objects<sp/>:</highlight></codeline>
<codeline lineno="1036"><highlight class="normal"><sp/><sp/><sp/><sp/>-<sp/><sp/><sp/>&lt;http:</highlight><highlight class="comment">//www.emarolab.it/cluedo-ontology#HP3&gt;</highlight><highlight class="normal"></highlight></codeline>
<codeline lineno="1037"><highlight class="normal"><sp/><sp/><sp/><sp/>sparql_queried_objects<sp/>:<sp/></highlight></codeline>
<codeline lineno="1038"><highlight class="normal"><sp/><sp/><sp/><sp/>---</highlight></codeline>
<codeline lineno="1039"><highlight class="normal">[<sp/>INFO]<sp/>[1660394503.591923700]:<sp/>[test_armor_tools]<sp/>(2)<sp/>inconsistent<sp/>hypotheses:</highlight></codeline>
<codeline lineno="1040"><highlight class="normal">[<sp/>INFO]<sp/>[1660394503.597800300]:<sp/><sp/><sp/><sp/>Print<sp/>Response:<sp/></highlight></codeline>
<codeline lineno="1041"><highlight class="normal"><sp/><sp/><sp/><sp/><ref refid="rosplan-kb_8md_8txt_1a7960f9c558f9ee2c3d4a8fdea096fb56" kindref="member">success</ref><sp/>:<sp/></highlight><highlight class="keyword">true</highlight><highlight class="normal"></highlight></codeline>
<codeline lineno="1042"><highlight class="normal"><sp/><sp/><sp/><sp/>timeout<sp/>:<sp/></highlight><highlight class="keyword">false</highlight><highlight class="normal"></highlight></codeline>
<codeline lineno="1043"><highlight class="normal"><sp/><sp/><sp/><sp/>exit_code<sp/>:<sp/>0</highlight></codeline>
<codeline lineno="1044"><highlight class="normal"><sp/><sp/><sp/><sp/><ref refid="examples__tools_8md_8txt_1af16096de995992cbc4e5aefeb45a0277" kindref="member">error_description</ref><sp/>:<sp/></highlight></codeline>
<codeline lineno="1045"><highlight class="normal"><sp/><sp/><sp/><sp/>is_consistent<sp/>:<sp/></highlight><highlight class="keyword">true</highlight><highlight class="normal"></highlight></codeline>
<codeline lineno="1046"><highlight class="normal"><sp/><sp/><sp/><sp/>queried_objects<sp/>:</highlight></codeline>
<codeline lineno="1047"><highlight class="normal"><sp/><sp/><sp/><sp/>sparql_queried_objects<sp/>:<sp/></highlight></codeline>
<codeline lineno="1048"><highlight class="normal"><sp/><sp/><sp/><sp/>---</highlight></codeline>
<codeline lineno="1049"><highlight class="normal">[<sp/>INFO]<sp/>[1660394503.610336500]:<sp/>[test_armor_tools]<sp/>(3)<sp/>un<sp/>disjoint<sp/>strano:</highlight></codeline>
<codeline lineno="1050"><highlight class="normal">[<sp/>INFO]<sp/>[1660394503.610436400]:<sp/><sp/><sp/><sp/>Print<sp/>Response:<sp/></highlight></codeline>
<codeline lineno="1051"><highlight class="normal"><sp/><sp/><sp/><sp/><ref refid="rosplan-kb_8md_8txt_1a7960f9c558f9ee2c3d4a8fdea096fb56" kindref="member">success</ref><sp/>:<sp/></highlight><highlight class="keyword">true</highlight><highlight class="normal"></highlight></codeline>
<codeline lineno="1052"><highlight class="normal"><sp/><sp/><sp/><sp/>timeout<sp/>:<sp/></highlight><highlight class="keyword">false</highlight><highlight class="normal"></highlight></codeline>
<codeline lineno="1053"><highlight class="normal"><sp/><sp/><sp/><sp/>exit_code<sp/>:<sp/>0</highlight></codeline>
<codeline lineno="1054"><highlight class="normal"><sp/><sp/><sp/><sp/><ref refid="examples__tools_8md_8txt_1af16096de995992cbc4e5aefeb45a0277" kindref="member">error_description</ref><sp/>:<sp/></highlight></codeline>
<codeline lineno="1055"><highlight class="normal"><sp/><sp/><sp/><sp/>is_consistent<sp/>:<sp/></highlight><highlight class="keyword">true</highlight><highlight class="normal"></highlight></codeline>
<codeline lineno="1056"><highlight class="normal"><sp/><sp/><sp/><sp/>queried_objects<sp/>:</highlight></codeline>
<codeline lineno="1057"><highlight class="normal"><sp/><sp/><sp/><sp/>sparql_queried_objects<sp/>:<sp/></highlight></codeline>
<codeline lineno="1058"><highlight class="normal"><sp/><sp/><sp/><sp/>---</highlight></codeline>
<codeline lineno="1059"><highlight class="normal">[<sp/>INFO]<sp/>[1660394503.610522800]:<sp/>[test_armor_tools]<sp/>(3)<sp/>inconsistent<sp/>hypotheses:</highlight></codeline>
<codeline lineno="1060"><highlight class="normal">[<sp/>INFO]<sp/>[1660394503.618661100]:<sp/><sp/><sp/><sp/>Print<sp/>Response:<sp/></highlight></codeline>
<codeline lineno="1061"><highlight class="normal"><sp/><sp/><sp/><sp/><ref refid="rosplan-kb_8md_8txt_1a7960f9c558f9ee2c3d4a8fdea096fb56" kindref="member">success</ref><sp/>:<sp/></highlight><highlight class="keyword">true</highlight><highlight class="normal"></highlight></codeline>
<codeline lineno="1062"><highlight class="normal"><sp/><sp/><sp/><sp/>timeout<sp/>:<sp/></highlight><highlight class="keyword">false</highlight><highlight class="normal"></highlight></codeline>
<codeline lineno="1063"><highlight class="normal"><sp/><sp/><sp/><sp/>exit_code<sp/>:<sp/>0</highlight></codeline>
<codeline lineno="1064"><highlight class="normal"><sp/><sp/><sp/><sp/><ref refid="examples__tools_8md_8txt_1af16096de995992cbc4e5aefeb45a0277" kindref="member">error_description</ref><sp/>:<sp/></highlight></codeline>
<codeline lineno="1065"><highlight class="normal"><sp/><sp/><sp/><sp/>is_consistent<sp/>:<sp/></highlight><highlight class="keyword">true</highlight><highlight class="normal"></highlight></codeline>
<codeline lineno="1066"><highlight class="normal"><sp/><sp/><sp/><sp/>queried_objects<sp/>:</highlight></codeline>
<codeline lineno="1067"><highlight class="normal"><sp/><sp/><sp/><sp/>sparql_queried_objects<sp/>:<sp/></highlight></codeline>
<codeline lineno="1068"><highlight class="normal"><sp/><sp/><sp/><sp/>---</highlight></codeline>
<codeline lineno="1069"><highlight class="normal">[<sp/>INFO]<sp/>[1660394503.618737000]:<sp/>[test_armor_tools]<sp/><ref refid="pddl-and-rosplan_8md_8txt_1a5ad219dcb365b07ddded393e77b7a3df" kindref="member">query</ref><sp/>elementi<sp/>della<sp/>classe<sp/>PLACE</highlight></codeline>
<codeline lineno="1070"><highlight class="normal">[<sp/>INFO]<sp/>[1660394503.637675800]:<sp/><sp/><sp/><sp/>Print<sp/>Response:<sp/></highlight></codeline>
<codeline lineno="1071"><highlight class="normal"><sp/><sp/><sp/><sp/><ref refid="rosplan-kb_8md_8txt_1a7960f9c558f9ee2c3d4a8fdea096fb56" kindref="member">success</ref><sp/>:<sp/></highlight><highlight class="keyword">true</highlight><highlight class="normal"></highlight></codeline>
<codeline lineno="1072"><highlight class="normal"><sp/><sp/><sp/><sp/>timeout<sp/>:<sp/></highlight><highlight class="keyword">false</highlight><highlight class="normal"></highlight></codeline>
<codeline lineno="1073"><highlight class="normal"><sp/><sp/><sp/><sp/>exit_code<sp/>:<sp/>0</highlight></codeline>
<codeline lineno="1074"><highlight class="normal"><sp/><sp/><sp/><sp/><ref refid="examples__tools_8md_8txt_1af16096de995992cbc4e5aefeb45a0277" kindref="member">error_description</ref><sp/>:<sp/></highlight></codeline>
<codeline lineno="1075"><highlight class="normal"><sp/><sp/><sp/><sp/>is_consistent<sp/>:<sp/></highlight><highlight class="keyword">true</highlight><highlight class="normal"></highlight></codeline>
<codeline lineno="1076"><highlight class="normal"><sp/><sp/><sp/><sp/>queried_objects<sp/>:</highlight></codeline>
<codeline lineno="1077"><highlight class="normal"><sp/><sp/><sp/><sp/>-<sp/><sp/><sp/>&lt;http:</highlight><highlight class="comment">//www.emarolab.it/cluedo-ontology#Study&gt;</highlight><highlight class="normal"></highlight></codeline>
<codeline lineno="1078"><highlight class="normal"><sp/><sp/><sp/><sp/>-<sp/><sp/><sp/>&lt;http:</highlight><highlight class="comment">//www.emarolab.it/cluedo-ontology#Stadium&gt;</highlight><highlight class="normal"></highlight></codeline>
<codeline lineno="1079"><highlight class="normal"><sp/><sp/><sp/><sp/>-<sp/><sp/><sp/>&lt;http:</highlight><highlight class="comment">//www.emarolab.it/cluedo-ontology#Lounge&gt;</highlight><highlight class="normal"></highlight></codeline>
<codeline lineno="1080"><highlight class="normal"><sp/><sp/><sp/><sp/>sparql_queried_objects<sp/>:<sp/></highlight></codeline>
<codeline lineno="1081"><highlight class="normal"><sp/><sp/><sp/><sp/>---</highlight></codeline>
<codeline lineno="1082"><highlight class="normal">[<sp/>INFO]<sp/>[1660394503.637773600]:<sp/>[test_armor_tools]<sp/><ref refid="pddl-and-rosplan_8md_8txt_1a5ad219dcb365b07ddded393e77b7a3df" kindref="member">query</ref><sp/>proprieta</highlight><highlight class="stringliteral">&apos;<sp/>di<sp/>hp3</highlight></codeline>
<codeline lineno="1083"><highlight class="stringliteral">[<sp/>INFO]<sp/>[1660394503.671939100]:<sp/><sp/><sp/><sp/>Print<sp/>Response:<sp/></highlight></codeline>
<codeline lineno="1084"><highlight class="stringliteral"><sp/><sp/><sp/><sp/>success<sp/>:<sp/>true</highlight></codeline>
<codeline lineno="1085"><highlight class="stringliteral"><sp/><sp/><sp/><sp/>timeout<sp/>:<sp/>false</highlight></codeline>
<codeline lineno="1086"><highlight class="stringliteral"><sp/><sp/><sp/><sp/>exit_code<sp/>:<sp/>0</highlight></codeline>
<codeline lineno="1087"><highlight class="stringliteral"><sp/><sp/><sp/><sp/>error_description<sp/>:<sp/></highlight></codeline>
<codeline lineno="1088"><highlight class="stringliteral"><sp/><sp/><sp/><sp/>is_consistent<sp/>:<sp/>true</highlight></codeline>
<codeline lineno="1089"><highlight class="stringliteral"><sp/><sp/><sp/><sp/>queried_objects<sp/>:</highlight></codeline>
<codeline lineno="1090"><highlight class="stringliteral"><sp/><sp/><sp/><sp/>-<sp/><sp/><sp/>&lt;http://www.emarolab.it/cluedo-ontology#what&gt;</highlight></codeline>
<codeline lineno="1091"><highlight class="stringliteral"><sp/><sp/><sp/><sp/>-<sp/><sp/><sp/>&lt;http://www.emarolab.it/cluedo-ontology#who&gt;</highlight></codeline>
<codeline lineno="1092"><highlight class="stringliteral"><sp/><sp/><sp/><sp/>-<sp/><sp/><sp/>&lt;http://www.emarolab.it/cluedo-ontology#where&gt;</highlight></codeline>
<codeline lineno="1093"><highlight class="stringliteral"><sp/><sp/><sp/><sp/>sparql_queried_objects<sp/>:<sp/></highlight></codeline>
<codeline lineno="1094"><highlight class="stringliteral"><sp/><sp/><sp/><sp/>---</highlight></codeline>
<codeline lineno="1095"><highlight class="stringliteral">[<sp/>INFO]<sp/>[1660394503.672028100]:<sp/>[test_armor_tools]<sp/>query<sp/>di<sp/>tutte<sp/>le<sp/>ipotesi</highlight></codeline>
<codeline lineno="1096"><highlight class="stringliteral">[<sp/>INFO]<sp/>[1660394503.686505400]:<sp/><sp/><sp/><sp/>Print<sp/>Response:<sp/></highlight></codeline>
<codeline lineno="1097"><highlight class="stringliteral"><sp/><sp/><sp/><sp/>success<sp/>:<sp/>true</highlight></codeline>
<codeline lineno="1098"><highlight class="stringliteral"><sp/><sp/><sp/><sp/>timeout<sp/>:<sp/>false</highlight></codeline>
<codeline lineno="1099"><highlight class="stringliteral"><sp/><sp/><sp/><sp/>exit_code<sp/>:<sp/>0</highlight></codeline>
<codeline lineno="1100"><highlight class="stringliteral"><sp/><sp/><sp/><sp/>error_description<sp/>:<sp/></highlight></codeline>
<codeline lineno="1101"><highlight class="stringliteral"><sp/><sp/><sp/><sp/>is_consistent<sp/>:<sp/>true</highlight></codeline>
<codeline lineno="1102"><highlight class="stringliteral"><sp/><sp/><sp/><sp/>queried_objects<sp/>:</highlight></codeline>
<codeline lineno="1103"><highlight class="stringliteral"><sp/><sp/><sp/><sp/>-<sp/><sp/><sp/>&lt;http://www.emarolab.it/cluedo-ontology#Jim&gt;</highlight></codeline>
<codeline lineno="1104"><highlight class="stringliteral"><sp/><sp/><sp/><sp/>-<sp/><sp/><sp/>&lt;http://www.emarolab.it/cluedo-ontology#&gt;</highlight></codeline>
<codeline lineno="1105"><highlight class="stringliteral"><sp/><sp/><sp/><sp/>-<sp/><sp/><sp/>&lt;http://www.emarolab.it/cluedo-ontology#Study&gt;</highlight></codeline>
<codeline lineno="1106"><highlight class="stringliteral"><sp/><sp/><sp/><sp/>-<sp/><sp/><sp/>&lt;http://www.emarolab.it/cluedo-ontology#Gun&gt;</highlight></codeline>
<codeline lineno="1107"><highlight class="stringliteral"><sp/><sp/><sp/><sp/>-<sp/><sp/><sp/>&lt;http://www.emarolab.it/cluedo-ontology#Stadium&gt;</highlight></codeline>
<codeline lineno="1108"><highlight class="stringliteral"><sp/><sp/><sp/><sp/>-<sp/><sp/><sp/>&lt;http://www.emarolab.it/cluedo-ontology#Lounge&gt;</highlight></codeline>
<codeline lineno="1109"><highlight class="stringliteral"><sp/><sp/><sp/><sp/>-<sp/><sp/><sp/>&lt;http://www.emarolab.it/cluedo-ontology#HP3&gt;</highlight></codeline>
<codeline lineno="1110"><highlight class="stringliteral"><sp/><sp/><sp/><sp/>sparql_queried_objects<sp/>:<sp/></highlight></codeline>
<codeline lineno="1111"><highlight class="stringliteral"><sp/><sp/><sp/><sp/>---</highlight></codeline>
<codeline lineno="1112"><highlight class="stringliteral">[<sp/>INFO]<sp/>[1660394503.686635900]:<sp/>[test_armor_tools]<sp/>query<sp/>tutte<sp/>le<sp/>classi<sp/>a<sp/>cui<sp/>HP3<sp/>apartiene</highlight></codeline>
<codeline lineno="1113"><highlight class="stringliteral">[<sp/>INFO]<sp/>[1660394503.714323400]:<sp/><sp/><sp/><sp/>Print<sp/>Response:<sp/></highlight></codeline>
<codeline lineno="1114"><highlight class="stringliteral"><sp/><sp/><sp/><sp/>success<sp/>:<sp/>true</highlight></codeline>
<codeline lineno="1115"><highlight class="stringliteral"><sp/><sp/><sp/><sp/>timeout<sp/>:<sp/>false</highlight></codeline>
<codeline lineno="1116"><highlight class="stringliteral"><sp/><sp/><sp/><sp/>exit_code<sp/>:<sp/>0</highlight></codeline>
<codeline lineno="1117"><highlight class="stringliteral"><sp/><sp/><sp/><sp/>error_description<sp/>:<sp/></highlight></codeline>
<codeline lineno="1118"><highlight class="stringliteral"><sp/><sp/><sp/><sp/>is_consistent<sp/>:<sp/>true</highlight></codeline>
<codeline lineno="1119"><highlight class="stringliteral"><sp/><sp/><sp/><sp/>queried_objects<sp/>:</highlight></codeline>
<codeline lineno="1120"><highlight class="stringliteral"><sp/><sp/><sp/><sp/>-<sp/><sp/><sp/>&lt;http://www.emarolab.it/cluedo-ontology#COMPLETED&gt;</highlight></codeline>
<codeline lineno="1121"><highlight class="stringliteral"><sp/><sp/><sp/><sp/>-<sp/><sp/><sp/>&lt;http://www.emarolab.it/cluedo-ontology#HYPOTHESIS&gt;</highlight></codeline>
<codeline lineno="1122"><highlight class="stringliteral"><sp/><sp/><sp/><sp/>sparql_queried_objects<sp/>:<sp/></highlight></codeline>
<codeline lineno="1123"><highlight class="stringliteral"><sp/><sp/><sp/><sp/>---</highlight></codeline>
<codeline lineno="1124"><highlight class="stringliteral">[<sp/>INFO]<sp/>[1660394503.714410400]:<sp/>[test_armor_tools]<sp/>salvataggio</highlight></codeline>
<codeline lineno="1125"><highlight class="stringliteral">[<sp/>INFO]<sp/>[1660394503.832474000]:<sp/>[test_armor_tools]<sp/>THAT&apos;</highlight><highlight class="normal">S<sp/>ALL<sp/>FOLKS!</highlight></codeline>
<codeline lineno="1126"><highlight class="normal"></highlight></codeline>
<codeline lineno="1127"><highlight class="normal">```</highlight></codeline>
<codeline lineno="1128"><highlight class="normal"></highlight></codeline>
<codeline lineno="1129"><highlight class="normal"></highlight><highlight class="preprocessor">###<sp/>armor<sp/>with<sp/>armor_cluedo<sp/>and<sp/>armor_tools</highlight><highlight class="normal"></highlight></codeline>
<codeline lineno="1130"><highlight class="normal"></highlight></codeline>
<codeline lineno="1131"><highlight class="normal">**SHELL<sp/>1:**</highlight></codeline>
<codeline lineno="1132"><highlight class="normal"></highlight></codeline>
<codeline lineno="1133"><highlight class="normal">```text</highlight></codeline>
<codeline lineno="1134"><highlight class="normal">root@3b17871017fd:~/ros_ws/src/erl2-</highlight><highlight class="keyword">new</highlight><highlight class="normal">/robocluedo_module_testing/launch/test_armor#<sp/>roslaunch<sp/>robocluedo_module_testing<sp/>test_armor.launch</highlight></codeline>
<codeline lineno="1135"><highlight class="normal">...<sp/>logging<sp/>to<sp/>/root/.ros/log/c81a496a-1b05-11ed-9d7f-0242ac110002/roslaunch-3b17871017fd-27615.log</highlight></codeline>
<codeline lineno="1136"><highlight class="normal">Checking<sp/>log<sp/>directory<sp/></highlight><highlight class="keywordflow">for</highlight><highlight class="normal"><sp/>disk<sp/>usage.<sp/>This<sp/>may<sp/>take<sp/><ref refid="erl2-oracle-user-manual_8md_8txt_1ad06afa07b0e26dd80f556e318c747644" kindref="member">a</ref><sp/></highlight><highlight class="keywordflow">while</highlight><highlight class="normal">.</highlight></codeline>
<codeline lineno="1137"><highlight class="normal">Press<sp/>Ctrl-C<sp/>to<sp/>interrupt</highlight></codeline>
<codeline lineno="1138"><highlight class="normal">Done<sp/>checking<sp/>log<sp/><ref refid="armor-how-to-use_8md_8txt_1a9c3579e1f6790861ba288d0f61d41dc9" kindref="member">file</ref><sp/>disk<sp/>usage.<sp/>Usage<sp/>is<sp/>&lt;1GB.</highlight></codeline>
<codeline lineno="1139"><highlight class="normal"></highlight></codeline>
<codeline lineno="1140"><highlight class="normal">started<sp/>roslaunch<sp/>server<sp/>http:</highlight><highlight class="comment">//3b17871017fd:43779/</highlight><highlight class="normal"></highlight></codeline>
<codeline lineno="1141"><highlight class="normal"></highlight></codeline>
<codeline lineno="1142"><highlight class="normal">SUMMARY</highlight></codeline>
<codeline lineno="1143"><highlight class="normal">========</highlight></codeline>
<codeline lineno="1144"><highlight class="normal"></highlight></codeline>
<codeline lineno="1145"><highlight class="normal">PARAMETERS</highlight></codeline>
<codeline lineno="1146"><highlight class="normal"><sp/>*<sp/>/cluedo_max_hypotheses:<sp/>15</highlight></codeline>
<codeline lineno="1147"><highlight class="normal"><sp/>*<sp/>/<ref refid="armor-how-to-run_8md_8txt_1a0b0e7a72d93d9ab88bba8d4ede48f93b" kindref="member">cluedo_path_owlfile</ref>:<sp/>/root/ros_ws/src/...</highlight></codeline>
<codeline lineno="1148"><highlight class="normal"><sp/>*<sp/>/cluedo_path_owlfile_backup:<sp/>/root/ros_ws/src/...</highlight></codeline>
<codeline lineno="1149"><highlight class="normal"><sp/>*<sp/>/cluedo_path_what:<sp/>/root/ros_ws/src/...</highlight></codeline>
<codeline lineno="1150"><highlight class="normal"><sp/>*<sp/>/cluedo_path_where:<sp/>/root/ros_ws/src/...</highlight></codeline>
<codeline lineno="1151"><highlight class="normal"><sp/>*<sp/>/cluedo_path_who:<sp/>/root/ros_ws/src/...</highlight></codeline>
<codeline lineno="1152"><highlight class="normal"><sp/>*<sp/>/rosdistro:<sp/>noetic</highlight></codeline>
<codeline lineno="1153"><highlight class="normal"><sp/>*<sp/>/rosversion:<sp/>1.15.14</highlight></codeline>
<codeline lineno="1154"><highlight class="normal"></highlight></codeline>
<codeline lineno="1155"><highlight class="normal">NODES</highlight></codeline>
<codeline lineno="1156"><highlight class="normal"><sp/><sp/>/</highlight></codeline>
<codeline lineno="1157"><highlight class="normal"><sp/><sp/><sp/><sp/>armor_service<sp/>(<ref refid="examples__tools_8md_8txt_1a405f090f78cdee2e8e6ce5ba27bf090d" kindref="member">armor</ref>/execute)</highlight></codeline>
<codeline lineno="1158"><highlight class="normal"></highlight></codeline>
<codeline lineno="1159"><highlight class="normal"></highlight><highlight class="keyword">auto</highlight><highlight class="normal">-<ref refid="robocluedo_8md_8txt_1ae49f9fc6da89ec084c8d8b766da943a3" kindref="member">starting</ref><sp/></highlight><highlight class="keyword">new</highlight><highlight class="normal"><sp/>master</highlight></codeline>
<codeline lineno="1160"><highlight class="normal">process[master]:<sp/>started<sp/>with<sp/>pid<sp/>[27653]</highlight></codeline>
<codeline lineno="1161"><highlight class="normal">ROS_MASTER_URI=http:</highlight><highlight class="comment">//localhost:11311</highlight><highlight class="normal"></highlight></codeline>
<codeline lineno="1162"><highlight class="normal"></highlight></codeline>
<codeline lineno="1163"><highlight class="normal">setting<sp/>/run_id<sp/>to<sp/>c81a496a-1b05-11ed-9d7f-0242ac110002</highlight></codeline>
<codeline lineno="1164"><highlight class="normal">process[rosout-1]:<sp/>started<sp/>with<sp/>pid<sp/>[27678]</highlight></codeline>
<codeline lineno="1165"><highlight class="normal">started<sp/>core<sp/><ref refid="armor-how-to-use_8md_8txt_1aca1ed6b4b0cfeb558dd5ec675c0bbec8" kindref="member">service</ref><sp/>[/rosout]</highlight></codeline>
<codeline lineno="1166"><highlight class="normal">process[armor_service-2]:<sp/>started<sp/>with<sp/>pid<sp/>[27685]</highlight></codeline>
<codeline lineno="1167"><highlight class="normal">Loading<sp/>node<sp/></highlight><highlight class="keyword">class</highlight><highlight class="normal">:<sp/><ref refid="test-the-project_8md_8txt_1ae9880850b92fe7594f93a01193dc189d" kindref="member">it</ref>.emarolab.armor.ARMORMainService</highlight></codeline>
<codeline lineno="1168"><highlight class="normal">log4j:WARN<sp/>No<sp/>appenders<sp/>could<sp/>be<sp/>found<sp/></highlight><highlight class="keywordflow">for</highlight><highlight class="normal"><sp/>logger<sp/>(org.ros.internal.node.client.Registrar).</highlight></codeline>
<codeline lineno="1169"><highlight class="normal">log4j:WARN<sp/>Please<sp/>initialize<sp/><ref refid="cpp-docs-template_8md_8txt_1a8dfd148d0f4736cfd77e16fc5d110ad2" kindref="member">the</ref><sp/>log4j<sp/><ref refid="robocluedo_8md_8txt_1ad39625d3f97633d655eb50c16dcf9e3a" kindref="member">system</ref><sp/>properly.</highlight></codeline>
<codeline lineno="1170"><highlight class="normal">log4j:WARN<sp/>See<sp/>http:</highlight><highlight class="comment">//logging.apache.org/log4j/1.2/faq.html#noconfig<sp/>for<sp/>more<sp/>info.</highlight><highlight class="normal"></highlight></codeline>
<codeline lineno="1171"><highlight class="normal"></highlight></codeline>
<codeline lineno="1172"><highlight class="normal"></highlight></codeline>
<codeline lineno="1173"><highlight class="normal"></highlight></codeline>
<codeline lineno="1174"><highlight class="normal">```</highlight></codeline>
<codeline lineno="1175"><highlight class="normal"></highlight></codeline>
<codeline lineno="1176"><highlight class="normal">**SHELL<sp/>2:**</highlight></codeline>
<codeline lineno="1177"><highlight class="normal"></highlight></codeline>
<codeline lineno="1178"><highlight class="normal">```text</highlight></codeline>
<codeline lineno="1179"><highlight class="normal">root@3b17871017fd:~/ros_ws/src/erl2-</highlight><highlight class="keyword">new</highlight><highlight class="normal">/robocluedo_module_testing/launch/test_armor#<sp/>rosrun<sp/>robocluedo_module_testing<sp/>test_armor_cluedo</highlight></codeline>
<codeline lineno="1180"><highlight class="normal">[<sp/>INFO]<sp/>[1660394741.152181200]:<sp/>[test_armor_tools]<sp/>Ontology<sp/>found!<sp/>[/root/ros_ws/src/erl2-</highlight><highlight class="keyword">new</highlight><highlight class="normal">/robocluedo_armor/config/cluedo_owl_ontology/cluedo_ontology.owl]<sp/></highlight></codeline>
<codeline lineno="1181"><highlight class="normal">[<sp/>INFO]<sp/>[1660394741.152996900]:<sp/>[armor_tools]<sp/>Requiring<sp/>client<sp/>[/armor_interface_srv]<sp/>...</highlight></codeline>
<codeline lineno="1182"><highlight class="normal">[<sp/>INFO]<sp/>[1660394741.153395100]:<sp/>[armor_tools]<sp/>-&gt;<sp/>OK</highlight></codeline>
<codeline lineno="1183"><highlight class="normal">[<sp/>INFO]<sp/>[1660394742.072103100]:<sp/>[test_armor_tools]<sp/></highlight></codeline>
<codeline lineno="1184"><highlight class="normal"></highlight></codeline>
<codeline lineno="1185"><highlight class="normal"></highlight></codeline>
<codeline lineno="1186"><highlight class="normal"><sp/>TEST<sp/>COMANDI<sp/>DIRETTI<sp/>ARMOR<sp/></highlight></codeline>
<codeline lineno="1187"><highlight class="normal"></highlight></codeline>
<codeline lineno="1188"><highlight class="normal"></highlight></codeline>
<codeline lineno="1189"><highlight class="normal"></highlight></codeline>
<codeline lineno="1190"><highlight class="normal">[<sp/>INFO]<sp/>[1660394742.160877900]:<sp/>[test_armor_tools]<sp/>(0)<sp/>completed<sp/>hypotheses:<sp/>(dovrebbe<sp/>essere<sp/>vuoto)</highlight></codeline>
<codeline lineno="1191"><highlight class="normal">[<sp/>INFO]<sp/>[1660394742.160996300]:<sp/><sp/><sp/><sp/>Print<sp/>Response:<sp/></highlight></codeline>
<codeline lineno="1192"><highlight class="normal"><sp/><sp/><sp/><sp/><ref refid="rosplan-kb_8md_8txt_1a7960f9c558f9ee2c3d4a8fdea096fb56" kindref="member">success</ref><sp/>:<sp/></highlight><highlight class="keyword">true</highlight><highlight class="normal"></highlight></codeline>
<codeline lineno="1193"><highlight class="normal"><sp/><sp/><sp/><sp/>timeout<sp/>:<sp/></highlight><highlight class="keyword">false</highlight><highlight class="normal"></highlight></codeline>
<codeline lineno="1194"><highlight class="normal"><sp/><sp/><sp/><sp/>exit_code<sp/>:<sp/>0</highlight></codeline>
<codeline lineno="1195"><highlight class="normal"><sp/><sp/><sp/><sp/><ref refid="examples__tools_8md_8txt_1af16096de995992cbc4e5aefeb45a0277" kindref="member">error_description</ref><sp/>:<sp/></highlight></codeline>
<codeline lineno="1196"><highlight class="normal"><sp/><sp/><sp/><sp/>is_consistent<sp/>:<sp/></highlight><highlight class="keyword">true</highlight><highlight class="normal"></highlight></codeline>
<codeline lineno="1197"><highlight class="normal"><sp/><sp/><sp/><sp/>queried_objects<sp/>:</highlight></codeline>
<codeline lineno="1198"><highlight class="normal"><sp/><sp/><sp/><sp/>sparql_queried_objects<sp/>:<sp/></highlight></codeline>
<codeline lineno="1199"><highlight class="normal"><sp/><sp/><sp/><sp/>---</highlight></codeline>
<codeline lineno="1200"><highlight class="normal">[<sp/>INFO]<sp/>[1660394742.170764500]:<sp/>[test_armor_tools]<sp/>(0)<sp/>inconsistent<sp/>hypotheses:<sp/>(dovrebbe<sp/>essere<sp/>vuoto)</highlight></codeline>
<codeline lineno="1201"><highlight class="normal">[<sp/>INFO]<sp/>[1660394742.170856100]:<sp/><sp/><sp/><sp/>Print<sp/>Response:<sp/></highlight></codeline>
<codeline lineno="1202"><highlight class="normal"><sp/><sp/><sp/><sp/><ref refid="rosplan-kb_8md_8txt_1a7960f9c558f9ee2c3d4a8fdea096fb56" kindref="member">success</ref><sp/>:<sp/></highlight><highlight class="keyword">true</highlight><highlight class="normal"></highlight></codeline>
<codeline lineno="1203"><highlight class="normal"><sp/><sp/><sp/><sp/>timeout<sp/>:<sp/></highlight><highlight class="keyword">false</highlight><highlight class="normal"></highlight></codeline>
<codeline lineno="1204"><highlight class="normal"><sp/><sp/><sp/><sp/>exit_code<sp/>:<sp/>0</highlight></codeline>
<codeline lineno="1205"><highlight class="normal"><sp/><sp/><sp/><sp/><ref refid="examples__tools_8md_8txt_1af16096de995992cbc4e5aefeb45a0277" kindref="member">error_description</ref><sp/>:<sp/></highlight></codeline>
<codeline lineno="1206"><highlight class="normal"><sp/><sp/><sp/><sp/>is_consistent<sp/>:<sp/></highlight><highlight class="keyword">true</highlight><highlight class="normal"></highlight></codeline>
<codeline lineno="1207"><highlight class="normal"><sp/><sp/><sp/><sp/>queried_objects<sp/>:</highlight></codeline>
<codeline lineno="1208"><highlight class="normal"><sp/><sp/><sp/><sp/>sparql_queried_objects<sp/>:<sp/></highlight></codeline>
<codeline lineno="1209"><highlight class="normal"><sp/><sp/><sp/><sp/>---</highlight></codeline>
<codeline lineno="1210"><highlight class="normal">[<sp/>INFO]<sp/>[1660394742.228453400]:<sp/>[test_armor_tools]<sp/>(1)<sp/>completed<sp/>hypotheses:<sp/>(dovrebbe<sp/>comparire<sp/>un</highlight><highlight class="stringliteral">&apos;ipotesi)</highlight></codeline>
<codeline lineno="1211"><highlight class="stringliteral">[<sp/>INFO]<sp/>[1660394742.228533900]:<sp/><sp/><sp/><sp/>Print<sp/>Response:<sp/></highlight></codeline>
<codeline lineno="1212"><highlight class="stringliteral"><sp/><sp/><sp/><sp/>success<sp/>:<sp/>true</highlight></codeline>
<codeline lineno="1213"><highlight class="stringliteral"><sp/><sp/><sp/><sp/>timeout<sp/>:<sp/>false</highlight></codeline>
<codeline lineno="1214"><highlight class="stringliteral"><sp/><sp/><sp/><sp/>exit_code<sp/>:<sp/>0</highlight></codeline>
<codeline lineno="1215"><highlight class="stringliteral"><sp/><sp/><sp/><sp/>error_description<sp/>:<sp/></highlight></codeline>
<codeline lineno="1216"><highlight class="stringliteral"><sp/><sp/><sp/><sp/>is_consistent<sp/>:<sp/>true</highlight></codeline>
<codeline lineno="1217"><highlight class="stringliteral"><sp/><sp/><sp/><sp/>queried_objects<sp/>:</highlight></codeline>
<codeline lineno="1218"><highlight class="stringliteral"><sp/><sp/><sp/><sp/>-<sp/><sp/><sp/>&lt;http://www.emarolab.it/cluedo-ontology#HP3&gt;</highlight></codeline>
<codeline lineno="1219"><highlight class="stringliteral"><sp/><sp/><sp/><sp/>sparql_queried_objects<sp/>:<sp/></highlight></codeline>
<codeline lineno="1220"><highlight class="stringliteral"><sp/><sp/><sp/><sp/>---</highlight></codeline>
<codeline lineno="1221"><highlight class="stringliteral">[<sp/>INFO]<sp/>[1660394742.233656100]:<sp/>[test_armor_tools]<sp/>(1)<sp/>inconsistent<sp/>hypotheses:<sp/>(la<sp/>lista<sp/>dovrebbe<sp/>essere<sp/>vuota)</highlight></codeline>
<codeline lineno="1222"><highlight class="stringliteral">[<sp/>INFO]<sp/>[1660394742.233725800]:<sp/><sp/><sp/><sp/>Print<sp/>Response:<sp/></highlight></codeline>
<codeline lineno="1223"><highlight class="stringliteral"><sp/><sp/><sp/><sp/>success<sp/>:<sp/>true</highlight></codeline>
<codeline lineno="1224"><highlight class="stringliteral"><sp/><sp/><sp/><sp/>timeout<sp/>:<sp/>false</highlight></codeline>
<codeline lineno="1225"><highlight class="stringliteral"><sp/><sp/><sp/><sp/>exit_code<sp/>:<sp/>0</highlight></codeline>
<codeline lineno="1226"><highlight class="stringliteral"><sp/><sp/><sp/><sp/>error_description<sp/>:<sp/></highlight></codeline>
<codeline lineno="1227"><highlight class="stringliteral"><sp/><sp/><sp/><sp/>is_consistent<sp/>:<sp/>true</highlight></codeline>
<codeline lineno="1228"><highlight class="stringliteral"><sp/><sp/><sp/><sp/>queried_objects<sp/>:</highlight></codeline>
<codeline lineno="1229"><highlight class="stringliteral"><sp/><sp/><sp/><sp/>sparql_queried_objects<sp/>:<sp/></highlight></codeline>
<codeline lineno="1230"><highlight class="stringliteral"><sp/><sp/><sp/><sp/>---</highlight></codeline>
<codeline lineno="1231"><highlight class="stringliteral">[<sp/>INFO]<sp/>[1660394742.317583600]:<sp/>[test_armor_tools]<sp/>(2)<sp/>completed<sp/>hypotheses:<sp/>(sempre<sp/>una<sp/>sola<sp/>ipotesi)</highlight></codeline>
<codeline lineno="1232"><highlight class="stringliteral">[<sp/>INFO]<sp/>[1660394742.317663000]:<sp/><sp/><sp/><sp/>Print<sp/>Response:<sp/></highlight></codeline>
<codeline lineno="1233"><highlight class="stringliteral"><sp/><sp/><sp/><sp/>success<sp/>:<sp/>true</highlight></codeline>
<codeline lineno="1234"><highlight class="stringliteral"><sp/><sp/><sp/><sp/>timeout<sp/>:<sp/>false</highlight></codeline>
<codeline lineno="1235"><highlight class="stringliteral"><sp/><sp/><sp/><sp/>exit_code<sp/>:<sp/>0</highlight></codeline>
<codeline lineno="1236"><highlight class="stringliteral"><sp/><sp/><sp/><sp/>error_description<sp/>:<sp/></highlight></codeline>
<codeline lineno="1237"><highlight class="stringliteral"><sp/><sp/><sp/><sp/>is_consistent<sp/>:<sp/>true</highlight></codeline>
<codeline lineno="1238"><highlight class="stringliteral"><sp/><sp/><sp/><sp/>queried_objects<sp/>:</highlight></codeline>
<codeline lineno="1239"><highlight class="stringliteral"><sp/><sp/><sp/><sp/>-<sp/><sp/><sp/>&lt;http://www.emarolab.it/cluedo-ontology#HP3&gt;</highlight></codeline>
<codeline lineno="1240"><highlight class="stringliteral"><sp/><sp/><sp/><sp/>sparql_queried_objects<sp/>:<sp/></highlight></codeline>
<codeline lineno="1241"><highlight class="stringliteral"><sp/><sp/><sp/><sp/>---</highlight></codeline>
<codeline lineno="1242"><highlight class="stringliteral">[<sp/>INFO]<sp/>[1660394742.325069700]:<sp/>[test_armor_tools]<sp/>(2)<sp/>inconsistent<sp/>hypotheses:<sp/>(dovrebbe<sp/>spuntare<sp/>un&apos;</highlight><highlight class="normal">ipotesi<sp/>inconsistente)</highlight></codeline>
<codeline lineno="1243"><highlight class="normal">[<sp/>INFO]<sp/>[1660394742.325156500]:<sp/><sp/><sp/><sp/>Print<sp/>Response:<sp/></highlight></codeline>
<codeline lineno="1244"><highlight class="normal"><sp/><sp/><sp/><sp/><ref refid="rosplan-kb_8md_8txt_1a7960f9c558f9ee2c3d4a8fdea096fb56" kindref="member">success</ref><sp/>:<sp/></highlight><highlight class="keyword">true</highlight><highlight class="normal"></highlight></codeline>
<codeline lineno="1245"><highlight class="normal"><sp/><sp/><sp/><sp/>timeout<sp/>:<sp/></highlight><highlight class="keyword">false</highlight><highlight class="normal"></highlight></codeline>
<codeline lineno="1246"><highlight class="normal"><sp/><sp/><sp/><sp/>exit_code<sp/>:<sp/>0</highlight></codeline>
<codeline lineno="1247"><highlight class="normal"><sp/><sp/><sp/><sp/><ref refid="examples__tools_8md_8txt_1af16096de995992cbc4e5aefeb45a0277" kindref="member">error_description</ref><sp/>:<sp/></highlight></codeline>
<codeline lineno="1248"><highlight class="normal"><sp/><sp/><sp/><sp/>is_consistent<sp/>:<sp/></highlight><highlight class="keyword">true</highlight><highlight class="normal"></highlight></codeline>
<codeline lineno="1249"><highlight class="normal"><sp/><sp/><sp/><sp/>queried_objects<sp/>:</highlight></codeline>
<codeline lineno="1250"><highlight class="normal"><sp/><sp/><sp/><sp/>-<sp/><sp/><sp/>&lt;http:</highlight><highlight class="comment">//www.emarolab.it/cluedo-ontology#HP3&gt;</highlight><highlight class="normal"></highlight></codeline>
<codeline lineno="1251"><highlight class="normal"><sp/><sp/><sp/><sp/>sparql_queried_objects<sp/>:<sp/></highlight></codeline>
<codeline lineno="1252"><highlight class="normal"><sp/><sp/><sp/><sp/>---</highlight></codeline>
<codeline lineno="1253"><highlight class="normal">[<sp/>INFO]<sp/>[1660394742.333623100]:<sp/>[test_armor_tools]<sp/>proprieta</highlight><highlight class="stringliteral">&apos;<sp/>where<sp/>dell&apos;</highlight><highlight class="normal">ipotesi<sp/>HP3:</highlight></codeline>
<codeline lineno="1254"><highlight class="normal">[<sp/>INFO]<sp/>[1660394742.333695300]:<sp/><sp/><sp/><sp/>Print<sp/>Response:<sp/></highlight></codeline>
<codeline lineno="1255"><highlight class="normal"><sp/><sp/><sp/><sp/><ref refid="rosplan-kb_8md_8txt_1a7960f9c558f9ee2c3d4a8fdea096fb56" kindref="member">success</ref><sp/>:<sp/></highlight><highlight class="keyword">true</highlight><highlight class="normal"></highlight></codeline>
<codeline lineno="1256"><highlight class="normal"><sp/><sp/><sp/><sp/>timeout<sp/>:<sp/></highlight><highlight class="keyword">false</highlight><highlight class="normal"></highlight></codeline>
<codeline lineno="1257"><highlight class="normal"><sp/><sp/><sp/><sp/>exit_code<sp/>:<sp/>0</highlight></codeline>
<codeline lineno="1258"><highlight class="normal"><sp/><sp/><sp/><sp/><ref refid="examples__tools_8md_8txt_1af16096de995992cbc4e5aefeb45a0277" kindref="member">error_description</ref><sp/>:<sp/></highlight></codeline>
<codeline lineno="1259"><highlight class="normal"><sp/><sp/><sp/><sp/>is_consistent<sp/>:<sp/></highlight><highlight class="keyword">true</highlight><highlight class="normal"></highlight></codeline>
<codeline lineno="1260"><highlight class="normal"><sp/><sp/><sp/><sp/>queried_objects<sp/>:</highlight></codeline>
<codeline lineno="1261"><highlight class="normal"><sp/><sp/><sp/><sp/>-<sp/><sp/><sp/>&lt;http:</highlight><highlight class="comment">//www.emarolab.it/cluedo-ontology#Study&gt;</highlight><highlight class="normal"></highlight></codeline>
<codeline lineno="1262"><highlight class="normal"><sp/><sp/><sp/><sp/>-<sp/><sp/><sp/>&lt;http:</highlight><highlight class="comment">//www.emarolab.it/cluedo-ontology#Stadium&gt;</highlight><highlight class="normal"></highlight></codeline>
<codeline lineno="1263"><highlight class="normal"><sp/><sp/><sp/><sp/>sparql_queried_objects<sp/>:<sp/></highlight></codeline>
<codeline lineno="1264"><highlight class="normal"><sp/><sp/><sp/><sp/>---</highlight></codeline>
<codeline lineno="1265"><highlight class="normal">[<sp/>INFO]<sp/>[1660394742.333792700]:<sp/>[test_armor_tools]<sp/><ref refid="test-the-project_8md_8txt_1ab9c30914b6e8a2a87c4305b70785cbfa" kindref="member">test</ref><sp/>esistenza<sp/>di<sp/>HP3:</highlight></codeline>
<codeline lineno="1266"><highlight class="normal">[<sp/>INFO]<sp/>[1660394742.334728000]:<sp/><sp/><sp/><sp/>Print<sp/>Request:<sp/></highlight></codeline>
<codeline lineno="1267"><highlight class="normal"><sp/><sp/><sp/><sp/>client_name<sp/>:<sp/>armor_client</highlight></codeline>
<codeline lineno="1268"><highlight class="normal"><sp/><sp/><sp/><sp/>reference_name<sp/>:<sp/>cluedo</highlight></codeline>
<codeline lineno="1269"><highlight class="normal"><sp/><sp/><sp/><sp/>command<sp/>:<sp/>QUERY</highlight></codeline>
<codeline lineno="1270"><highlight class="normal"><sp/><sp/><sp/><sp/>primary_command_spec<sp/>:<sp/>IND</highlight></codeline>
<codeline lineno="1271"><highlight class="normal"><sp/><sp/><sp/><sp/>secondary_command_spec<sp/>:<sp/></highlight></codeline>
<codeline lineno="1272"><highlight class="normal"><sp/><sp/><sp/><sp/>args<sp/>:<sp/>[HP3<sp/><sp/><sp/><sp/><sp/>]</highlight></codeline>
<codeline lineno="1273"><highlight class="normal"><sp/><sp/><sp/><sp/>---</highlight></codeline>
<codeline lineno="1274"><highlight class="normal">[<sp/>INFO]<sp/>[1660394742.377817900]:<sp/>[test_armor_tools]<sp/>esiste<sp/>HP3?<sp/>(atteso:<sp/>yes)<sp/>-&gt;<sp/>yes</highlight></codeline>
<codeline lineno="1275"><highlight class="normal">[<sp/>INFO]<sp/>[1660394742.377910200]:<sp/><sp/><sp/><sp/>Print<sp/>Response:<sp/></highlight></codeline>
<codeline lineno="1276"><highlight class="normal"><sp/><sp/><sp/><sp/><ref refid="rosplan-kb_8md_8txt_1a7960f9c558f9ee2c3d4a8fdea096fb56" kindref="member">success</ref><sp/>:<sp/></highlight><highlight class="keyword">true</highlight><highlight class="normal"></highlight></codeline>
<codeline lineno="1277"><highlight class="normal"><sp/><sp/><sp/><sp/>timeout<sp/>:<sp/></highlight><highlight class="keyword">false</highlight><highlight class="normal"></highlight></codeline>
<codeline lineno="1278"><highlight class="normal"><sp/><sp/><sp/><sp/>exit_code<sp/>:<sp/>0</highlight></codeline>
<codeline lineno="1279"><highlight class="normal"><sp/><sp/><sp/><sp/><ref refid="examples__tools_8md_8txt_1af16096de995992cbc4e5aefeb45a0277" kindref="member">error_description</ref><sp/>:<sp/></highlight></codeline>
<codeline lineno="1280"><highlight class="normal"><sp/><sp/><sp/><sp/>is_consistent<sp/>:<sp/></highlight><highlight class="keyword">true</highlight><highlight class="normal"></highlight></codeline>
<codeline lineno="1281"><highlight class="normal"><sp/><sp/><sp/><sp/>queried_objects<sp/>:</highlight></codeline>
<codeline lineno="1282"><highlight class="normal"><sp/><sp/><sp/><sp/>-<sp/><sp/><sp/>&lt;http:</highlight><highlight class="comment">//www.emarolab.it/cluedo-ontology#INCONSISTENT&gt;</highlight><highlight class="normal"></highlight></codeline>
<codeline lineno="1283"><highlight class="normal"><sp/><sp/><sp/><sp/>-<sp/><sp/><sp/>&lt;http:</highlight><highlight class="comment">//www.emarolab.it/cluedo-ontology#COMPLETED&gt;</highlight><highlight class="normal"></highlight></codeline>
<codeline lineno="1284"><highlight class="normal"><sp/><sp/><sp/><sp/>-<sp/><sp/><sp/>&lt;http:</highlight><highlight class="comment">//www.emarolab.it/cluedo-ontology#HYPOTHESIS&gt;</highlight><highlight class="normal"></highlight></codeline>
<codeline lineno="1285"><highlight class="normal"><sp/><sp/><sp/><sp/>sparql_queried_objects<sp/>:<sp/></highlight></codeline>
<codeline lineno="1286"><highlight class="normal"><sp/><sp/><sp/><sp/>---</highlight></codeline>
<codeline lineno="1287"><highlight class="normal">[<sp/>INFO]<sp/>[1660394742.377993500]:<sp/>[test_armor_tools]<sp/></highlight></codeline>
<codeline lineno="1288"><highlight class="normal"></highlight></codeline>
<codeline lineno="1289"><highlight class="normal"></highlight></codeline>
<codeline lineno="1290"><highlight class="normal"><sp/>TEST<sp/>COMPLETO<sp/>INTERFACCIA<sp/></highlight></codeline>
<codeline lineno="1291"><highlight class="normal"></highlight></codeline>
<codeline lineno="1292"><highlight class="normal"></highlight></codeline>
<codeline lineno="1293"><highlight class="normal"></highlight></codeline>
<codeline lineno="1294"><highlight class="normal">[<sp/>INFO]<sp/>[1660394742.378055900]:<sp/>[test_armor_tools]<sp/></highlight></codeline>
<codeline lineno="1295"><highlight class="normal"></highlight></codeline>
<codeline lineno="1296"><highlight class="normal"><sp/><sp/><sp/><sp/>======<sp/><sp/>TEST<sp/>GetClassOfIndiv()</highlight></codeline>
<codeline lineno="1297"><highlight class="normal">[<sp/>INFO]<sp/>[1660394742.378113400]:<sp/>[test_armor_tools]<sp/>classe<sp/>dell</highlight><highlight class="stringliteral">&apos;individual<sp/>Stadium(con<sp/>la<sp/>maiuscola,<sp/>scritto<sp/>correttamente,<sp/>no<sp/>deep<sp/>search,<sp/>atteso<sp/>un<sp/>solo<sp/>elemento)</highlight></codeline>
<codeline lineno="1298"><highlight class="stringliteral">[<sp/>INFO]<sp/>[1660394742.382232000]:<sp/>[test_armor_tools]<sp/><sp/>numero<sp/>1<sp/>-&gt;<sp/>PLACE</highlight></codeline>
<codeline lineno="1299"><highlight class="stringliteral">[<sp/>INFO]<sp/>[1660394742.382303900]:<sp/>[test_armor_tools]<sp/><sp/>numero<sp/>2<sp/>-&gt;<sp/>HYPOTHESIS</highlight></codeline>
<codeline lineno="1300"><highlight class="stringliteral">[<sp/>INFO]<sp/>[1660394742.382366900]:<sp/></highlight></codeline>
<codeline lineno="1301"><highlight class="stringliteral">[<sp/>INFO]<sp/>[1660394742.382428000]:<sp/>[test_armor_tools]<sp/>classe<sp/>dell&apos;</highlight><highlight class="normal">individual<sp/>Stadium(con<sp/>la<sp/>maiuscola,<sp/>scritto<sp/>correttamente,<sp/>usando<sp/>la<sp/>deep<sp/>search,<sp/>atteso<sp/>un<sp/>solo<sp/>elemento)</highlight></codeline>
<codeline lineno="1302"><highlight class="normal">[<sp/>INFO]<sp/>[1660394742.387964600]:<sp/>[test_armor_tools]<sp/><sp/>numero<sp/>1<sp/>-&gt;<sp/>PLACE</highlight></codeline>
<codeline lineno="1303"><highlight class="normal">[<sp/>INFO]<sp/>[1660394742.388033600]:<sp/></highlight></codeline>
<codeline lineno="1304"><highlight class="normal">[<sp/>INFO]<sp/>[1660394742.388091300]:<sp/>[test_armor_tools]<sp/>classe<sp/>dell</highlight><highlight class="stringliteral">&apos;individual<sp/>stadium(senza<sp/>la<sp/>maiuscola,<sp/>sbagliato,<sp/>no<sp/>deep<sp/>search,<sp/>atteso<sp/>0)</highlight></codeline>
<codeline lineno="1305"><highlight class="stringliteral">[<sp/>INFO]<sp/>[1660394742.393586100]:<sp/>[test_armor_tools]<sp/>size==0</highlight></codeline>
<codeline lineno="1306"><highlight class="stringliteral">[<sp/>INFO]<sp/>[1660394742.393664900]:<sp/></highlight></codeline>
<codeline lineno="1307"><highlight class="stringliteral">[<sp/>INFO]<sp/>[1660394742.393723200]:<sp/>[test_armor_tools]<sp/></highlight></codeline>
<codeline lineno="1308"><highlight class="stringliteral"></highlight></codeline>
<codeline lineno="1309"><highlight class="stringliteral"><sp/><sp/><sp/><sp/>======<sp/><sp/>TEST<sp/>ExistsIndiv()</highlight></codeline>
<codeline lineno="1310"><highlight class="stringliteral">[<sp/>INFO]<sp/>[1660394742.397511500]:<sp/>[test_armor_tools]<sp/>esiste<sp/>&apos;</highlight><highlight class="normal">stadium</highlight><highlight class="stringliteral">&apos;<sp/>senza<sp/>la<sp/>maiuscola?<sp/>-&gt;<sp/>no</highlight></codeline>
<codeline lineno="1311"><highlight class="stringliteral">[<sp/>INFO]<sp/>[1660394742.401432500]:<sp/>[test_armor_tools]<sp/>esiste<sp/>&apos;</highlight><highlight class="normal">Stadium</highlight><highlight class="stringliteral">&apos;<sp/>con<sp/>la<sp/>maiuscola?<sp/>-&gt;<sp/>yes</highlight></codeline>
<codeline lineno="1312"><highlight class="stringliteral">[<sp/>INFO]<sp/>[1660394742.406154300]:<sp/>[test_armor_tools]<sp/>esiste<sp/>&apos;</highlight><highlight class="normal">HP0</highlight><highlight class="stringliteral">&apos;<sp/>?<sp/>-&gt;<sp/>no</highlight></codeline>
<codeline lineno="1313"><highlight class="stringliteral">[<sp/>INFO]<sp/>[1660394742.406253700]:<sp/>[test_armor_tools]<sp/></highlight></codeline>
<codeline lineno="1314"><highlight class="stringliteral"></highlight></codeline>
<codeline lineno="1315"><highlight class="stringliteral"><sp/><sp/><sp/><sp/>======<sp/><sp/>TEST<sp/>GetIndivOfClass()</highlight></codeline>
<codeline lineno="1316"><highlight class="stringliteral">[<sp/>INFO]<sp/>[1660394742.406320500]:<sp/>[test_armor_tools]<sp/>tutti<sp/>gli<sp/>individuals<sp/>della<sp/>classe<sp/>HYPOTHESIS(attesa<sp/>...<sp/>un<sp/>bel<sp/>po&apos;</highlight><highlight class="normal"><sp/>di<sp/>roba)</highlight></codeline>
<codeline lineno="1317"><highlight class="normal">[<sp/>INFO]<sp/>[1660394742.411050000]:<sp/>[test_armor_tools]<sp/><sp/>numero<sp/>1<sp/>-&gt;<sp/>Jim</highlight></codeline>
<codeline lineno="1318"><highlight class="normal">[<sp/>INFO]<sp/>[1660394742.411111100]:<sp/>[test_armor_tools]<sp/><sp/>numero<sp/>2<sp/>-&gt;<sp/></highlight></codeline>
<codeline lineno="1319"><highlight class="normal">[<sp/>INFO]<sp/>[1660394742.411161000]:<sp/>[test_armor_tools]<sp/><sp/>numero<sp/>3<sp/>-&gt;<sp/>Study</highlight></codeline>
<codeline lineno="1320"><highlight class="normal">[<sp/>INFO]<sp/>[1660394742.411212300]:<sp/>[test_armor_tools]<sp/><sp/>numero<sp/>4<sp/>-&gt;<sp/>Gun</highlight></codeline>
<codeline lineno="1321"><highlight class="normal">[<sp/>INFO]<sp/>[1660394742.411269900]:<sp/>[test_armor_tools]<sp/><sp/>numero<sp/>5<sp/>-&gt;<sp/>Stadium</highlight></codeline>
<codeline lineno="1322"><highlight class="normal">[<sp/>INFO]<sp/>[1660394742.411323100]:<sp/>[test_armor_tools]<sp/><sp/>numero<sp/>6<sp/>-&gt;<sp/>Lounge</highlight></codeline>
<codeline lineno="1323"><highlight class="normal">[<sp/>INFO]<sp/>[1660394742.411372600]:<sp/>[test_armor_tools]<sp/><sp/>numero<sp/>7<sp/>-&gt;<sp/>HP3</highlight></codeline>
<codeline lineno="1324"><highlight class="normal">[<sp/>INFO]<sp/>[1660394742.411427000]:<sp/></highlight></codeline>
<codeline lineno="1325"><highlight class="normal">[<sp/>INFO]<sp/>[1660394742.411487200]:<sp/>[test_armor_tools]<sp/>tutti<sp/>gli<sp/>individuals<sp/>della<sp/>classe<sp/>PLACE(attesi<sp/>3<sp/>elementi)</highlight></codeline>
<codeline lineno="1326"><highlight class="normal">[<sp/>INFO]<sp/>[1660394742.414906100]:<sp/>[test_armor_tools]<sp/><sp/>numero<sp/>1<sp/>-&gt;<sp/>Study</highlight></codeline>
<codeline lineno="1327"><highlight class="normal">[<sp/>INFO]<sp/>[1660394742.414971500]:<sp/>[test_armor_tools]<sp/><sp/>numero<sp/>2<sp/>-&gt;<sp/>Stadium</highlight></codeline>
<codeline lineno="1328"><highlight class="normal">[<sp/>INFO]<sp/>[1660394742.415020800]:<sp/>[test_armor_tools]<sp/><sp/>numero<sp/>3<sp/>-&gt;<sp/>Lounge</highlight></codeline>
<codeline lineno="1329"><highlight class="normal">[<sp/>INFO]<sp/>[1660394742.415078600]:<sp/></highlight></codeline>
<codeline lineno="1330"><highlight class="normal">[<sp/>INFO]<sp/>[1660394742.415134300]:<sp/>[test_armor_tools]<sp/></highlight></codeline>
<codeline lineno="1331"><highlight class="normal"></highlight></codeline>
<codeline lineno="1332"><highlight class="normal"><sp/><sp/><sp/><sp/>======<sp/><sp/>TEST<sp/>GetValuedOfIndiv()</highlight></codeline>
<codeline lineno="1333"><highlight class="normal">[<sp/>INFO]<sp/>[1660394742.415210700]:<sp/>[test_armor_tools]<sp/>propriet??<sp/>where<sp/>dell</highlight><highlight class="stringliteral">&apos;ipotesi<sp/>HP3(attesi<sp/>due<sp/>elementi)</highlight></codeline>
<codeline lineno="1334"><highlight class="stringliteral">[<sp/>INFO]<sp/>[1660394742.418685800]:<sp/>[test_armor_tools]<sp/><sp/>numero<sp/>1<sp/>-&gt;<sp/>Study</highlight></codeline>
<codeline lineno="1335"><highlight class="stringliteral">[<sp/>INFO]<sp/>[1660394742.418750900]:<sp/>[test_armor_tools]<sp/><sp/>numero<sp/>2<sp/>-&gt;<sp/>Stadium</highlight></codeline>
<codeline lineno="1336"><highlight class="stringliteral">[<sp/>INFO]<sp/>[1660394742.418811100]:<sp/></highlight></codeline>
<codeline lineno="1337"><highlight class="stringliteral">[<sp/>INFO]<sp/>[1660394742.418866600]:<sp/>[test_armor_tools]<sp/></highlight></codeline>
<codeline lineno="1338"><highlight class="stringliteral"></highlight></codeline>
<codeline lineno="1339"><highlight class="stringliteral"><sp/><sp/><sp/><sp/>======<sp/><sp/>TEST<sp/>RemoveHypothesis()</highlight></codeline>
<codeline lineno="1340"><highlight class="stringliteral">[<sp/>WARN]<sp/>[1660394742.418928600]:<sp/>[test_armor_tools]<sp/>NOTA<sp/>BENE:<sp/>il<sp/>comando<sp/>REMOVE<sp/>di<sp/>aRMOR<sp/>??<sp/>buggato,<sp/>non<sp/>funziona.<sp/>Per<sp/>farlo<sp/>funzionare<sp/>occorre<sp/>trovare<sp/>un<sp/>workaround<sp/>nell&apos;</highlight><highlight class="normal">interfaccia</highlight></codeline>
<codeline lineno="1341"><highlight class="normal">[<sp/>INFO]<sp/>[1660394742.418987900]:<sp/>[test_armor_tools]<sp/>aggiungo<sp/>l</highlight><highlight class="stringliteral">&apos;ipotesi<sp/>HPtoremove<sp/>(uso<sp/>qui<sp/>solo<sp/>comandi<sp/>dell&apos;</highlight><highlight class="normal">interfaccia,<sp/>non<sp/>i<sp/>diretti<sp/>di<sp/>aRMOR)</highlight></codeline>
<codeline lineno="1342"><highlight class="normal">[<sp/>INFO]<sp/>[1660394742.448092200]:<sp/>[test_armor_tools]<sp/>esiste<sp/></highlight><highlight class="stringliteral">&apos;HPtoremove&apos;</highlight><highlight class="normal"><sp/>?<sp/>-&gt;<sp/>yes</highlight></codeline>
<codeline lineno="1343"><highlight class="normal">[<sp/>INFO]<sp/>[1660394742.448175000]:<sp/>[test_armor_tools]<sp/>classe<sp/>dell</highlight><highlight class="stringliteral">&apos;individual<sp/>HPtoremove?<sp/>(atteso<sp/>un<sp/>solo<sp/>elemento)</highlight></codeline>
<codeline lineno="1344"><highlight class="stringliteral">[<sp/>INFO]<sp/>[1660394742.451924800]:<sp/>[test_armor_tools]<sp/><sp/>numero<sp/>1<sp/>-&gt;<sp/>HYPOTHESIS</highlight></codeline>
<codeline lineno="1345"><highlight class="stringliteral">[<sp/>INFO]<sp/>[1660394742.451996600]:<sp/>[test_armor_tools]<sp/>rimozione</highlight></codeline>
<codeline lineno="1346"><highlight class="stringliteral">[<sp/>INFO]<sp/>[1660394742.457330500]:<sp/>[test_armor_tools]<sp/>RemoveHypothesis(<sp/>)<sp/>=<sp/>yes</highlight></codeline>
<codeline lineno="1347"><highlight class="stringliteral">[<sp/>INFO]<sp/>[1660394742.465532300]:<sp/>[test_armor_tools]<sp/>esiste<sp/>ancora<sp/>&apos;</highlight><highlight class="normal">HPtoremove</highlight><highlight class="stringliteral">&apos;<sp/>?<sp/>-&gt;<sp/>no</highlight></codeline>
<codeline lineno="1348"><highlight class="stringliteral">[<sp/>INFO]<sp/>[1660394742.465603300]:<sp/>[test_armor_tools]<sp/></highlight></codeline>
<codeline lineno="1349"><highlight class="stringliteral"></highlight></codeline>
<codeline lineno="1350"><highlight class="stringliteral"><sp/><sp/><sp/><sp/>======<sp/><sp/>TEST<sp/>FindCompleteHypotheses()</highlight></codeline>
<codeline lineno="1351"><highlight class="stringliteral">[<sp/>INFO]<sp/>[1660394742.470117800]:<sp/>[test_armor_tools]<sp/>ricerca<sp/>delle<sp/>ipotesi<sp/>complete<sp/>(atteso:<sp/>una<sp/>sola<sp/>ipotesi,<sp/>escludendo<sp/>quella<sp/>scartata</highlight></codeline>
<codeline lineno="1352"><highlight class="stringliteral">[<sp/>INFO]<sp/>[1660394742.470200300]:<sp/>[test_armor_tools]<sp/><sp/>numero<sp/>1<sp/>-&gt;<sp/>HP3</highlight></codeline>
<codeline lineno="1353"><highlight class="stringliteral">[<sp/>INFO]<sp/>[1660394742.470265300]:<sp/>[test_armor_tools]<sp/></highlight></codeline>
<codeline lineno="1354"><highlight class="stringliteral"></highlight></codeline>
<codeline lineno="1355"><highlight class="stringliteral"><sp/><sp/><sp/><sp/>======<sp/><sp/>TEST<sp/>FindInconsistentHypotheses()</highlight></codeline>
<codeline lineno="1356"><highlight class="stringliteral">[<sp/>INFO]<sp/>[1660394742.474777500]:<sp/>[test_armor_tools]<sp/>ricerca<sp/>delle<sp/>ipotesi<sp/>inconsistenti<sp/>(atteso:<sp/>solo<sp/>una,<sp/>o<sp/>anche<sp/>due,<sp/>includendo<sp/>quella<sp/>scartata)</highlight></codeline>
<codeline lineno="1357"><highlight class="stringliteral">[<sp/>INFO]<sp/>[1660394742.474843000]:<sp/>[test_armor_tools]<sp/><sp/>numero<sp/>1<sp/>-&gt;<sp/>HP3</highlight></codeline>
<codeline lineno="1358"><highlight class="stringliteral">[<sp/>INFO]<sp/>[1660394742.597462300]:<sp/>[test_armor_tools]<sp/>THAT&apos;</highlight><highlight class="normal">S<sp/>ALL<sp/>FOLKS!</highlight></codeline>
<codeline lineno="1359"><highlight class="normal"></highlight></codeline>
<codeline lineno="1360"><highlight class="normal">```</highlight></codeline>
<codeline lineno="1361"><highlight class="normal"></highlight></codeline>
<codeline lineno="1362"><highlight class="normal">###<sp/>ROSPlan<sp/>--<sp/><ref refid="pddl-and-rosplan_8md_8txt_1a72b7badb1a65b571e3bc144937a5ddd7" kindref="member">PDDL</ref><sp/><ref refid="robocluedo-urdf-user-manual_8md_8txt_1aa0d7be0426ddcdc9e7cc22747d861eb3" kindref="member">model</ref></highlight></codeline>
<codeline lineno="1363"><highlight class="normal"></highlight></codeline>
<codeline lineno="1364"><highlight class="normal">**popf<sp/>output<sp/>(first<sp/>goal):**</highlight></codeline>
<codeline lineno="1365"><highlight class="normal"></highlight></codeline>
<codeline lineno="1366"><highlight class="normal">```text</highlight></codeline>
<codeline lineno="1367"><highlight class="normal">root@3b17871017fd:~/ros_ws/src/erl2-</highlight><highlight class="keyword">new</highlight><highlight class="normal">/robocluedo_rosplan/pddl/robocluedo#<sp/>./solve_popf.sh<sp/></highlight></codeline>
<codeline lineno="1368"><highlight class="normal">Number<sp/>of<sp/>literals:<sp/>28</highlight></codeline>
<codeline lineno="1369"><highlight class="normal">Constructing<sp/>lookup<sp/>tables:<sp/>[10%]<sp/>[20%]<sp/>[30%]<sp/>[40%]<sp/>[50%]<sp/>[60%]<sp/>[70%]<sp/>[80%]<sp/>[90%]<sp/>[100%]<sp/>[110%]<sp/>[120%]<sp/>[130%]<sp/>[140%]<sp/>[150%]<sp/>[160%]<sp/>[170%]</highlight></codeline>
<codeline lineno="1370"><highlight class="normal">Post<sp/>filtering<sp/>unreachable<sp/>actions:<sp/><sp/>[10%]<sp/>[20%]<sp/>[30%]<sp/>[40%]<sp/>[50%]<sp/>[60%]<sp/>[70%]<sp/>[80%]<sp/>[90%]<sp/>[100%]<sp/>[110%]<sp/>[120%]<sp/>[130%]<sp/>[140%]<sp/>[150%]<sp/>[160%]<sp/>[170%]</highlight></codeline>
<codeline lineno="1371"><highlight class="normal">No<sp/>analytic<sp/>limits<sp/>found,<sp/>not<sp/>considering<sp/>limit<sp/>effects<sp/>of<sp/>goal-only<sp/><ref refid="pddl-and-rosplan_8md_8txt_1aa22503984e2d0e72dc83597de3350855" kindref="member">operators</ref></highlight></codeline>
<codeline lineno="1372"><highlight class="normal">64%<sp/>of<sp/><ref refid="cpp-docs-template_8md_8txt_1a8dfd148d0f4736cfd77e16fc5d110ad2" kindref="member">the</ref><sp/>ground<sp/>temporal<sp/>actions<sp/>in<sp/></highlight><highlight class="keyword">this</highlight><highlight class="normal"><sp/>problem<sp/>are<sp/>compression-safe</highlight></codeline>
<codeline lineno="1373"><highlight class="normal">Initial<sp/>heuristic<sp/>=<sp/>2.000</highlight></codeline>
<codeline lineno="1374"><highlight class="normal">b<sp/>(1.000<sp/>|<sp/>0.990);;;;<sp/>Solution<sp/><ref refid="robocluedo_8md_8txt_1ac282053202160b7f9e5a6b4192b296d2" kindref="member">Found</ref></highlight></codeline>
<codeline lineno="1375"><highlight class="normal">;<sp/>States<sp/><ref refid="robocluedo_8md_8txt_1a89b71aee8518d9fd4f51bcc05cb6ef55" kindref="member">evaluated</ref>:<sp/>3</highlight></codeline>
<codeline lineno="1376"><highlight class="normal">;<sp/>Cost:<sp/>0.990</highlight></codeline>
<codeline lineno="1377"><highlight class="normal">;<sp/>Time<sp/>0.00</highlight></codeline>
<codeline lineno="1378"><highlight class="normal">0.000:<sp/>(replan)<sp/><sp/>[0.990]</highlight></codeline>
<codeline lineno="1379"><highlight class="normal">```</highlight></codeline>
<codeline lineno="1380"><highlight class="normal"></highlight></codeline>
<codeline lineno="1381"><highlight class="normal">**popf<sp/>output<sp/>(second<sp/>goal):**</highlight></codeline>
<codeline lineno="1382"><highlight class="normal"></highlight></codeline>
<codeline lineno="1383"><highlight class="normal">```text</highlight></codeline>
<codeline lineno="1384"><highlight class="normal">root@3b17871017fd:~/ros_ws/src/erl2-</highlight><highlight class="keyword">new</highlight><highlight class="normal">/robocluedo_rosplan/pddl/robocluedo#<sp/>./solve_popf.sh<sp/></highlight></codeline>
<codeline lineno="1385"><highlight class="normal">Number<sp/>of<sp/>literals:<sp/>28</highlight></codeline>
<codeline lineno="1386"><highlight class="normal">Constructing<sp/>lookup<sp/>tables:<sp/>[10%]<sp/>[20%]<sp/>[30%]<sp/>[40%]<sp/>[50%]<sp/>[60%]<sp/>[70%]<sp/>[80%]<sp/>[90%]<sp/>[100%]<sp/>[110%]<sp/>[120%]<sp/>[130%]<sp/>[140%]<sp/>[150%]<sp/>[160%]<sp/>[170%]</highlight></codeline>
<codeline lineno="1387"><highlight class="normal">Post<sp/>filtering<sp/>unreachable<sp/>actions:<sp/><sp/>[10%]<sp/>[20%]<sp/>[30%]<sp/>[40%]<sp/>[50%]<sp/>[60%]<sp/>[70%]<sp/>[80%]<sp/>[90%]<sp/>[100%]<sp/>[110%]<sp/>[120%]<sp/>[130%]<sp/>[140%]<sp/>[150%]<sp/>[160%]<sp/>[170%]</highlight></codeline>
<codeline lineno="1388"><highlight class="normal">No<sp/>analytic<sp/>limits<sp/>found,<sp/>not<sp/>considering<sp/>limit<sp/>effects<sp/>of<sp/>goal-only<sp/><ref refid="pddl-and-rosplan_8md_8txt_1aa22503984e2d0e72dc83597de3350855" kindref="member">operators</ref></highlight></codeline>
<codeline lineno="1389"><highlight class="normal">64%<sp/>of<sp/><ref refid="cpp-docs-template_8md_8txt_1a8dfd148d0f4736cfd77e16fc5d110ad2" kindref="member">the</ref><sp/>ground<sp/>temporal<sp/>actions<sp/>in<sp/></highlight><highlight class="keyword">this</highlight><highlight class="normal"><sp/>problem<sp/>are<sp/>compression-safe</highlight></codeline>
<codeline lineno="1390"><highlight class="normal">Initial<sp/>heuristic<sp/>=<sp/>11.000</highlight></codeline>
<codeline lineno="1391"><highlight class="normal">b<sp/>(10.000<sp/>|<sp/>0.990)<ref refid="erl2-oracle-user-manual_8md_8txt_1a9e32a79e1fd44a43bcbc5ab3cf66b552" kindref="member">b</ref><sp/>(9.000<sp/>|<sp/>1.981)<ref refid="erl2-oracle-user-manual_8md_8txt_1a9e32a79e1fd44a43bcbc5ab3cf66b552" kindref="member">b</ref><sp/>(8.000<sp/>|<sp/>2.972)<ref refid="erl2-oracle-user-manual_8md_8txt_1a9e32a79e1fd44a43bcbc5ab3cf66b552" kindref="member">b</ref><sp/>(7.000<sp/>|<sp/>5.945)<ref refid="erl2-oracle-user-manual_8md_8txt_1a9e32a79e1fd44a43bcbc5ab3cf66b552" kindref="member">b</ref><sp/>(6.000<sp/>|<sp/>5.945)<ref refid="erl2-oracle-user-manual_8md_8txt_1a9e32a79e1fd44a43bcbc5ab3cf66b552" kindref="member">b</ref><sp/>(5.000<sp/>|<sp/>6.936)<ref refid="erl2-oracle-user-manual_8md_8txt_1a9e32a79e1fd44a43bcbc5ab3cf66b552" kindref="member">b</ref><sp/>(4.000<sp/>|<sp/>7.927)<ref refid="erl2-oracle-user-manual_8md_8txt_1a9e32a79e1fd44a43bcbc5ab3cf66b552" kindref="member">b</ref><sp/>(3.000<sp/>|<sp/>8.918)<ref refid="erl2-oracle-user-manual_8md_8txt_1a9e32a79e1fd44a43bcbc5ab3cf66b552" kindref="member">b</ref><sp/>(2.000<sp/>|<sp/>8.918)<ref refid="erl2-oracle-user-manual_8md_8txt_1a9e32a79e1fd44a43bcbc5ab3cf66b552" kindref="member">b</ref><sp/>(1.000<sp/>|<sp/>9.909);;;;<sp/>Solution<sp/><ref refid="robocluedo_8md_8txt_1ac282053202160b7f9e5a6b4192b296d2" kindref="member">Found</ref></highlight></codeline>
<codeline lineno="1392"><highlight class="normal">;<sp/>States<sp/><ref refid="robocluedo_8md_8txt_1a89b71aee8518d9fd4f51bcc05cb6ef55" kindref="member">evaluated</ref>:<sp/>21</highlight></codeline>
<codeline lineno="1393"><highlight class="normal">;<sp/>Cost:<sp/>10.900</highlight></codeline>
<codeline lineno="1394"><highlight class="normal">;<sp/>Time<sp/>0.00</highlight></codeline>
<codeline lineno="1395"><highlight class="normal">0.000:<sp/>(replan)<sp/><sp/>[0.990]</highlight></codeline>
<codeline lineno="1396"><highlight class="normal">0.991:<sp/>(move-to<sp/>center<sp/>wp1)<sp/><sp/>[0.990]</highlight></codeline>
<codeline lineno="1397"><highlight class="normal">1.982:<sp/>(signal-collect-hint<sp/>wp1)<sp/><sp/>[0.990]</highlight></codeline>
<codeline lineno="1398"><highlight class="normal">2.973:<sp/>(collect-hint<sp/>wp1)<sp/><sp/>[0.990]</highlight></codeline>
<codeline lineno="1399"><highlight class="normal">3.964:<sp/>(move-to<sp/>wp1<sp/>wp2)<sp/><sp/>[0.990]</highlight></codeline>
<codeline lineno="1400"><highlight class="normal">4.955:<sp/>(move-to<sp/>wp2<sp/>wp3)<sp/><sp/>[0.990]</highlight></codeline>
<codeline lineno="1401"><highlight class="normal">5.946:<sp/>(signal-collect-hint<sp/>wp3)<sp/><sp/>[0.990]</highlight></codeline>
<codeline lineno="1402"><highlight class="normal">6.937:<sp/>(collect-hint<sp/>wp3)<sp/><sp/>[0.990]</highlight></codeline>
<codeline lineno="1403"><highlight class="normal">7.928:<sp/>(move-to<sp/>wp3<sp/>wp4)<sp/><sp/>[0.990]</highlight></codeline>
<codeline lineno="1404"><highlight class="normal">8.919:<sp/>(move-to-center<sp/>wp4<sp/>center)<sp/><sp/>[0.990]</highlight></codeline>
<codeline lineno="1405"><highlight class="normal">9.910:<sp/>(solve)<sp/><sp/>[0.990]</highlight></codeline>
<codeline lineno="1406"><highlight class="normal"></highlight></codeline>
<codeline lineno="1407"><highlight class="normal">```</highlight></codeline>
<codeline lineno="1408"><highlight class="normal"></highlight></codeline>
<codeline lineno="1409"><highlight class="normal">###<sp/>simple<sp/>ROSPlan<sp/>pipeline</highlight></codeline>
<codeline lineno="1410"><highlight class="normal"></highlight></codeline>
<codeline lineno="1411"><highlight class="normal">**SHELL<sp/>1:**</highlight></codeline>
<codeline lineno="1412"><highlight class="normal"></highlight></codeline>
<codeline lineno="1413"><highlight class="normal">```text</highlight></codeline>
<codeline lineno="1414"><highlight class="normal">[<sp/>INFO]<sp/>[1660396623.534248300]:<sp/>KCL:<sp/>(/rosplan_knowledge_base)<sp/>Starting<sp/><ref refid="erl2-oracle-user-manual_8md_8txt_1ad06afa07b0e26dd80f556e318c747644" kindref="member">a</ref><sp/><ref refid="pddl-and-rosplan_8md_8txt_1a72b7badb1a65b571e3bc144937a5ddd7" kindref="member">PDDL</ref><sp/>Knowledge<sp/>Base</highlight></codeline>
<codeline lineno="1415"><highlight class="normal">process[popf_planner_interface-5]:<sp/>started<sp/>with<sp/>pid<sp/>[29974]</highlight></codeline>
<codeline lineno="1416"><highlight class="normal">process[rosplan_parsing_interface-6]:<sp/>started<sp/>with<sp/>pid<sp/>[29983]</highlight></codeline>
<codeline lineno="1417"><highlight class="normal">process[rosplan_plan_dispatcher-7]:<sp/>started<sp/>with<sp/>pid<sp/>[29987]</highlight></codeline>
<codeline lineno="1418"><highlight class="normal">[<sp/>INFO]<sp/>[1660396623.553958400]:<sp/>KCL:<sp/>(/rosplan_problem_interface)<sp/>Ready<sp/>to<sp/>receive</highlight></codeline>
<codeline lineno="1419"><highlight class="normal">process[rosplan_interface_replan-8]:<sp/>started<sp/>with<sp/>pid<sp/>[29995]</highlight></codeline>
<codeline lineno="1420"><highlight class="normal">process[rosplan_interface_move_to-9]:<sp/>started<sp/>with<sp/>pid<sp/>[30000]</highlight></codeline>
<codeline lineno="1421"><highlight class="normal">process[rosplan_interface_signal_collect_hint-10]:<sp/>started<sp/>with<sp/>pid<sp/>[30005]</highlight></codeline>
<codeline lineno="1422"><highlight class="normal">process[rosplan_interface_collect_hint-11]:<sp/>started<sp/>with<sp/>pid<sp/>[30011]</highlight></codeline>
<codeline lineno="1423"><highlight class="normal">process[rosplan_interface_move_to_center-12]:<sp/>started<sp/>with<sp/>pid<sp/>[30016]</highlight></codeline>
<codeline lineno="1424"><highlight class="normal">process[rosplan_interface_solve-13]:<sp/>started<sp/>with<sp/>pid<sp/>[30021]</highlight></codeline>
<codeline lineno="1425"><highlight class="normal">[<sp/>INFO]<sp/>[1660396623.605888600]:<sp/>KCL:<sp/>(/rosplan_parsing_interface)<sp/>Ready<sp/>to<sp/>receive</highlight></codeline>
<codeline lineno="1426"><highlight class="normal">[<sp/>INFO]<sp/>[1660396623.625367500]:<sp/>KCL:<sp/>(/rosplan_planner_interface)<sp/>Ready<sp/>to<sp/>receive</highlight></codeline>
<codeline lineno="1427"><highlight class="normal">[<sp/>INFO]<sp/>[1660396623.628658600]:<sp/>KCL:<sp/>(/rosplan_knowledge_base)<sp/>Parsing<sp/>domain</highlight></codeline>
<codeline lineno="1428"><highlight class="normal">[<sp/>INFO]<sp/>[1660396623.628842800]:<sp/>KCL:<sp/>(/rosplan_knowledge_base)<sp/>Parsing<sp/>domain:<sp/>/root/ros_ws/src/erl2-</highlight><highlight class="keyword">new</highlight><highlight class="normal">/robocluedo_rosplan/pddl/robocluedo/robocluedo_domain.pddl.</highlight></codeline>
<codeline lineno="1429"><highlight class="normal">[<sp/>INFO]<sp/>[1660396623.629704400]:<sp/>KCL:<sp/>(/rosplan_knowledge_base)<sp/>Parsing<sp/>initial<sp/>state</highlight></codeline>
<codeline lineno="1430"><highlight class="normal">[<sp/>INFO]<sp/>[1660396623.629786800]:<sp/>KCL:<sp/>(/rosplan_knowledge_base)<sp/>Parsing<sp/>Problem<sp/>File:<sp/>/root/ros_ws/src/erl2-</highlight><highlight class="keyword">new</highlight><highlight class="normal">/robocluedo_rosplan/pddl/robocluedo/robocluedo_problem.pddl.</highlight></codeline>
<codeline lineno="1431"><highlight class="normal">[<sp/>INFO]<sp/>[1660396623.630342900]:<sp/>KCL:<sp/>(/rosplan_knowledge_base)<sp/>Ready<sp/>to<sp/>receive</highlight></codeline>
<codeline lineno="1432"><highlight class="normal">[<sp/>INFO]<sp/>[1660396623.650709100]:<sp/>KCL:<sp/>(/popf_planner_interface)<sp/>Ready<sp/>to<sp/>receive</highlight></codeline>
<codeline lineno="1433"><highlight class="normal">[<sp/>INFO]<sp/>[1660396623.667384500]:<sp/>KCL:<sp/>(/rosplan_plan_dispatcher)<sp/>Ready<sp/>to<sp/>receive</highlight></codeline>
<codeline lineno="1434"><highlight class="normal">[<sp/>INFO]<sp/>[1660396623.676432100]:<sp/>KCL:<sp/>(replan)<sp/>Ready<sp/>to<sp/>receive</highlight></codeline>
<codeline lineno="1435"><highlight class="normal">[<sp/>INFO]<sp/>[1660396623.706270300]:<sp/>KCL:<sp/>(signal-collect-hint)<sp/>Ready<sp/>to<sp/>receive</highlight></codeline>
<codeline lineno="1436"><highlight class="normal">[<sp/>INFO]<sp/>[1660396623.706488200]:<sp/>KCL:<sp/>(solve)<sp/>Ready<sp/>to<sp/>receive</highlight></codeline>
<codeline lineno="1437"><highlight class="normal">[<sp/>INFO]<sp/>[1660396623.727061100]:<sp/>KCL:<sp/>(move-to-center)<sp/>Ready<sp/>to<sp/>receive</highlight></codeline>
<codeline lineno="1438"><highlight class="normal">[<sp/>INFO]<sp/>[1660396623.727229700]:<sp/>KCL:<sp/>(collect-hint)<sp/>Ready<sp/>to<sp/>receive</highlight></codeline>
<codeline lineno="1439"><highlight class="normal">[<sp/>INFO]<sp/>[1660396623.743870700]:<sp/>KCL:<sp/>(move-to)<sp/>Ready<sp/>to<sp/>receive</highlight></codeline>
<codeline lineno="1440"><highlight class="normal">[<sp/>INFO]<sp/>[1660396630.438992500]:<sp/>KCL:<sp/>(/rosplan_problem_interface)<sp/>(OUT.pddl)<sp/>Generating<sp/>problem<sp/><ref refid="armor-how-to-use_8md_8txt_1a9c3579e1f6790861ba288d0f61d41dc9" kindref="member">file</ref>.</highlight></codeline>
<codeline lineno="1441"><highlight class="normal">[<sp/>INFO]<sp/>[1660396630.780932100]:<sp/>KCL:<sp/>(/rosplan_problem_interface)<sp/>(OUT.pddl)<sp/>The<sp/>problem<sp/>was<sp/>generated.</highlight></codeline>
<codeline lineno="1442"><highlight class="normal">[<sp/>INFO]<sp/>[1660396630.781449900]:<sp/>KCL:<sp/>(/rosplan_planner_interface)<sp/>Problem<sp/>received.</highlight></codeline>
<codeline lineno="1443"><highlight class="normal">[<sp/>INFO]<sp/>[1660396632.842210000]:<sp/>KCL:<sp/>(/rosplan_planner_interface)<sp/>(OUT.pddl)<sp/>Writing<sp/>problem<sp/>to<sp/><ref refid="armor-how-to-use_8md_8txt_1a9c3579e1f6790861ba288d0f61d41dc9" kindref="member">file</ref>.</highlight></codeline>
<codeline lineno="1444"><highlight class="normal">[<sp/>INFO]<sp/>[1660396632.842406600]:<sp/>KCL:<sp/>(/rosplan_planner_interface)<sp/>(OUT.pddl)<sp/>Running:<sp/>timeout<sp/>10<sp/>/root/ros_ws/src/ROSPlan/rosplan_planning_system/common/bin/popf<sp/>-T<sp/>/root/ros_ws/src/erl2-</highlight><highlight class="keyword">new</highlight><highlight class="normal">/robocluedo_rosplan/pddl/robocluedo/robocluedo_domain.pddl<sp/>/root/ros_ws/src/erl2-</highlight><highlight class="keyword">new</highlight><highlight class="normal">/robocluedo_rosplan/data/OUT.pddl<sp/>&gt;<sp/>/root/ros_ws/src/erl2-</highlight><highlight class="keyword">new</highlight><highlight class="normal">/robocluedo_rosplan/data/plan.pddl</highlight></codeline>
<codeline lineno="1445"><highlight class="normal">[<sp/>INFO]<sp/>[1660396632.846124800]:<sp/>KCL:<sp/>(/rosplan_planner_interface)<sp/>(OUT.pddl)<sp/>Planning<sp/>complete</highlight></codeline>
<codeline lineno="1446"><highlight class="normal">[<sp/>INFO]<sp/>[1660396632.846216600]:<sp/>KCL:<sp/>(/rosplan_planner_interface)<sp/>(OUT.pddl)<sp/>Plan<sp/>was<sp/>solved.</highlight></codeline>
<codeline lineno="1447"><highlight class="normal">[<sp/>INFO]<sp/>[1660396632.846425800]:<sp/>KCL:<sp/>(/rosplan_parsing_interface)<sp/>Planner<sp/>output<sp/>received.</highlight></codeline>
<codeline lineno="1448"><highlight class="normal">[<sp/>INFO]<sp/>[1660396634.813932000]:<sp/>KCL:<sp/>(/rosplan_parsing_interface)<sp/>Parsing<sp/>planner<sp/>output.</highlight></codeline>
<codeline lineno="1449"><highlight class="normal">[<sp/>INFO]<sp/>[1660396634.814199200]:<sp/>KCL:<sp/>(/rosplan_plan_dispatcher)<sp/>Plan<sp/>received.</highlight></codeline>
<codeline lineno="1450"><highlight class="normal">[<sp/>INFO]<sp/>[1660396636.957165700]:<sp/>KCL:<sp/>(/rosplan_plan_dispatcher)<sp/>Dispatching<sp/>plan</highlight></codeline>
<codeline lineno="1451"><highlight class="normal">[<sp/>INFO]<sp/>[1660396636.980670300]:<sp/>KCL:<sp/>(/rosplan_plan_dispatcher)<sp/>Dispatching<sp/><ref refid="erl2-oracle-user-manual_8md_8txt_1ad19e937b95338aa53d1657ddbbd1f86a" kindref="member">action</ref><sp/>[0,<sp/>replan(),<sp/>2.142903,<sp/>0.990000]</highlight></codeline>
<codeline lineno="1452"><highlight class="normal">[<sp/>INFO]<sp/>[1660396636.981163300]:<sp/>KCL:<sp/>(replan)<sp/><ref refid="erl2-oracle-user-manual_8md_8txt_1ad19e937b95338aa53d1657ddbbd1f86a" kindref="member">action</ref><sp/>received</highlight></codeline>
<codeline lineno="1453"><highlight class="normal">[<sp/>INFO]<sp/>[1660396636.981305300]:<sp/>KCL:<sp/>(replan)<sp/>Action<sp/>completing<sp/>with<sp/>probability<sp/>1<sp/><ref refid="test-the-project_8md_8txt_1aa51bacc8577cd59a57530a0cceef3784" kindref="member">and</ref><sp/>duration<sp/>1</highlight></codeline>
<codeline lineno="1454"><highlight class="normal">[<sp/>INFO]<sp/>[1660396637.057456100]:<sp/>KCL:<sp/>(/rosplan_plan_dispatcher)<sp/>Feedback<sp/>received<sp/>[0,<sp/>1]</highlight></codeline>
<codeline lineno="1455"><highlight class="normal">[<sp/>INFO]<sp/>[1660396637.057576200]:<sp/>KCL:<sp/>(/rosplan_plan_dispatcher)<sp/>Feedback<sp/>received<sp/>[0,<sp/>1]</highlight></codeline>
<codeline lineno="1456"><highlight class="normal">[<sp/>INFO]<sp/>[1660396637.981581400]:<sp/>KCL:<sp/>(replan)<sp/><ref refid="erl2-oracle-user-manual_8md_8txt_1ad19e937b95338aa53d1657ddbbd1f86a" kindref="member">action</ref><sp/>completed<sp/>successfully</highlight></codeline>
<codeline lineno="1457"><highlight class="normal">[<sp/>INFO]<sp/>[1660396637.990541600]:<sp/>KCL:<sp/>(/rosplan_knowledge_base)<sp/>Removing<sp/>Fact<sp/>(dirty,0)</highlight></codeline>
<codeline lineno="1458"><highlight class="normal">[<sp/>INFO]<sp/>[1660396637.990673000]:<sp/>KCL:<sp/>(/rosplan_knowledge_base)<sp/>Adding<sp/>fact<sp/>(not-dirty,<sp/>0)</highlight></codeline>
<codeline lineno="1459"><highlight class="normal">[<sp/>INFO]<sp/>[1660396638.057318500]:<sp/>KCL:<sp/>(/rosplan_plan_dispatcher)<sp/>Feedback<sp/>received<sp/>[0,<sp/>2]</highlight></codeline>
<codeline lineno="1460"><highlight class="normal">[<sp/>INFO]<sp/>[1660396638.157326600]:<sp/>KCL:<sp/>(/rosplan_plan_dispatcher)<sp/>Dispatch<sp/>complete.</highlight></codeline>
<codeline lineno="1461"><highlight class="normal"></highlight></codeline>
<codeline lineno="1462"><highlight class="normal">```</highlight></codeline>
<codeline lineno="1463"><highlight class="normal"></highlight></codeline>
<codeline lineno="1464"><highlight class="normal">**SHELL<sp/>2:**</highlight></codeline>
<codeline lineno="1465"><highlight class="normal"></highlight></codeline>
<codeline lineno="1466"><highlight class="normal">```text</highlight></codeline>
<codeline lineno="1467"><highlight class="normal">root@3b17871017fd:~/ros_ws/src/erl2-</highlight><highlight class="keyword">new</highlight><highlight class="normal">#<sp/>rosservice<sp/><ref refid="rosplan-kb_8md_8txt_1ae9bb71e9fc9e25014334af4ccd7161e0" kindref="member">call</ref><sp/>/rosplan_problem_interface/problem_generation_server</highlight></codeline>
<codeline lineno="1468"><highlight class="normal"></highlight></codeline>
<codeline lineno="1469"><highlight class="normal">root@3b17871017fd:~/ros_ws/src/erl2-</highlight><highlight class="keyword">new</highlight><highlight class="normal">#<sp/>rostopic<sp/>echo<sp/>/rosplan_problem_interface/problem_instance<sp/>-n<sp/>1<sp/>-p</highlight></codeline>
<codeline lineno="1470"><highlight class="normal">%time,field.data</highlight></codeline>
<codeline lineno="1471"><highlight class="normal">1660396631800734996,(define<sp/>(problem<sp/>task)</highlight></codeline>
<codeline lineno="1472"><highlight class="normal">(:domain<sp/>robocluedo)</highlight></codeline>
<codeline lineno="1473"><highlight class="normal">(:objects</highlight></codeline>
<codeline lineno="1474"><highlight class="normal"><sp/><sp/><sp/><sp/>center<sp/>wp1<sp/>wp2<sp/>wp3<sp/>wp4<sp/>-<sp/><ref refid="robocluedo_8md_8txt_1a7aba1e24c16aba42dcb6663e79329adb" kindref="member">waypoint</ref></highlight></codeline>
<codeline lineno="1475"><highlight class="normal">)</highlight></codeline>
<codeline lineno="1476"><highlight class="normal">(:init</highlight></codeline>
<codeline lineno="1477"><highlight class="normal"><sp/><sp/><sp/><sp/>(dirty)</highlight></codeline>
<codeline lineno="1478"><highlight class="normal"></highlight></codeline>
<codeline lineno="1479"><highlight class="normal"></highlight></codeline>
<codeline lineno="1480"><highlight class="normal"><sp/><sp/><sp/><sp/>(is-center<sp/>center)</highlight></codeline>
<codeline lineno="1481"><highlight class="normal"></highlight></codeline>
<codeline lineno="1482"><highlight class="normal"><sp/><sp/><sp/><sp/>(not-is-center<sp/>wp1)</highlight></codeline>
<codeline lineno="1483"><highlight class="normal"><sp/><sp/><sp/><sp/>(not-is-center<sp/>wp2)</highlight></codeline>
<codeline lineno="1484"><highlight class="normal"><sp/><sp/><sp/><sp/>(not-is-center<sp/>wp3)</highlight></codeline>
<codeline lineno="1485"><highlight class="normal"><sp/><sp/><sp/><sp/>(not-is-center<sp/>wp4)</highlight></codeline>
<codeline lineno="1486"><highlight class="normal"></highlight></codeline>
<codeline lineno="1487"><highlight class="normal"><sp/><sp/><sp/><sp/>(at<sp/>center)</highlight></codeline>
<codeline lineno="1488"><highlight class="normal"></highlight></codeline>
<codeline lineno="1489"><highlight class="normal"><sp/><sp/><sp/><sp/>(<ref refid="robocluedo_8md_8txt_1a5c6c418cfc05edf02b84a9ffcb6d3490" kindref="member">passage</ref><sp/>center<sp/>wp1)</highlight></codeline>
<codeline lineno="1490"><highlight class="normal"><sp/><sp/><sp/><sp/>(<ref refid="robocluedo_8md_8txt_1a5c6c418cfc05edf02b84a9ffcb6d3490" kindref="member">passage</ref><sp/>wp1<sp/>center)</highlight></codeline>
<codeline lineno="1491"><highlight class="normal"><sp/><sp/><sp/><sp/>(<ref refid="robocluedo_8md_8txt_1a5c6c418cfc05edf02b84a9ffcb6d3490" kindref="member">passage</ref><sp/>center<sp/>wp4)</highlight></codeline>
<codeline lineno="1492"><highlight class="normal"><sp/><sp/><sp/><sp/>(<ref refid="robocluedo_8md_8txt_1a5c6c418cfc05edf02b84a9ffcb6d3490" kindref="member">passage</ref><sp/>wp4<sp/>center)</highlight></codeline>
<codeline lineno="1493"><highlight class="normal"><sp/><sp/><sp/><sp/>(<ref refid="robocluedo_8md_8txt_1a5c6c418cfc05edf02b84a9ffcb6d3490" kindref="member">passage</ref><sp/>wp1<sp/>wp2)</highlight></codeline>
<codeline lineno="1494"><highlight class="normal"><sp/><sp/><sp/><sp/>(<ref refid="robocluedo_8md_8txt_1a5c6c418cfc05edf02b84a9ffcb6d3490" kindref="member">passage</ref><sp/>wp2<sp/>wp3)</highlight></codeline>
<codeline lineno="1495"><highlight class="normal"><sp/><sp/><sp/><sp/>(<ref refid="robocluedo_8md_8txt_1a5c6c418cfc05edf02b84a9ffcb6d3490" kindref="member">passage</ref><sp/>wp3<sp/>wp4)</highlight></codeline>
<codeline lineno="1496"><highlight class="normal"></highlight></codeline>
<codeline lineno="1497"><highlight class="normal"><sp/><sp/><sp/><sp/>(explored<sp/>center)</highlight></codeline>
<codeline lineno="1498"><highlight class="normal"></highlight></codeline>
<codeline lineno="1499"><highlight class="normal"><sp/><sp/><sp/><sp/>(not-explored<sp/>wp1)</highlight></codeline>
<codeline lineno="1500"><highlight class="normal"><sp/><sp/><sp/><sp/>(not-explored<sp/>wp2)</highlight></codeline>
<codeline lineno="1501"><highlight class="normal"><sp/><sp/><sp/><sp/>(not-explored<sp/>wp3)</highlight></codeline>
<codeline lineno="1502"><highlight class="normal"><sp/><sp/><sp/><sp/>(not-explored<sp/>wp4)</highlight></codeline>
<codeline lineno="1503"><highlight class="normal"></highlight></codeline>
<codeline lineno="1504"><highlight class="normal"><sp/><sp/><sp/><sp/>(at-center)</highlight></codeline>
<codeline lineno="1505"><highlight class="normal"></highlight></codeline>
<codeline lineno="1506"><highlight class="normal"></highlight></codeline>
<codeline lineno="1507"><highlight class="normal"></highlight></codeline>
<codeline lineno="1508"><highlight class="normal"><sp/><sp/><sp/><sp/>(not-hint-ready)</highlight></codeline>
<codeline lineno="1509"><highlight class="normal"></highlight></codeline>
<codeline lineno="1510"><highlight class="normal"></highlight></codeline>
<codeline lineno="1511"><highlight class="normal"><sp/><sp/><sp/><sp/>(not-hint-collected<sp/>wp1)</highlight></codeline>
<codeline lineno="1512"><highlight class="normal"><sp/><sp/><sp/><sp/>(not-hint-collected<sp/>wp2)</highlight></codeline>
<codeline lineno="1513"><highlight class="normal"><sp/><sp/><sp/><sp/>(not-hint-collected<sp/>wp3)</highlight></codeline>
<codeline lineno="1514"><highlight class="normal"><sp/><sp/><sp/><sp/>(not-hint-collected<sp/>wp4)</highlight></codeline>
<codeline lineno="1515"><highlight class="normal"></highlight></codeline>
<codeline lineno="1516"><highlight class="normal">)</highlight></codeline>
<codeline lineno="1517"><highlight class="normal">(:goal<sp/>(<ref refid="test-the-project_8md_8txt_1aa51bacc8577cd59a57530a0cceef3784" kindref="member">and</ref></highlight></codeline>
<codeline lineno="1518"><highlight class="normal"><sp/><sp/><sp/><sp/>(not-dirty)</highlight></codeline>
<codeline lineno="1519"><highlight class="normal">))</highlight></codeline>
<codeline lineno="1520"><highlight class="normal">)</highlight></codeline>
<codeline lineno="1521"><highlight class="normal"></highlight></codeline>
<codeline lineno="1522"><highlight class="normal">root@3b17871017fd:~/ros_ws/src/erl2-</highlight><highlight class="keyword">new</highlight><highlight class="normal">#<sp/>rosservice<sp/><ref refid="rosplan-kb_8md_8txt_1ae9bb71e9fc9e25014334af4ccd7161e0" kindref="member">call</ref><sp/>/rosplan_planner_interface/planning_server</highlight></codeline>
<codeline lineno="1523"><highlight class="normal"></highlight></codeline>
<codeline lineno="1524"><highlight class="normal">root@3b17871017fd:~/ros_ws/src/erl2-</highlight><highlight class="keyword">new</highlight><highlight class="normal">#<sp/>rostopic<sp/>echo<sp/>/rosplan_planner_interface/planner_output<sp/>-p<sp/>-n<sp/>1</highlight></codeline>
<codeline lineno="1525"><highlight class="normal">%time,field.data</highlight></codeline>
<codeline lineno="1526"><highlight class="normal">1660396633868040800,0.000:<sp/>(replan)<sp/><sp/>[0.990]</highlight></codeline>
<codeline lineno="1527"><highlight class="normal"></highlight></codeline>
<codeline lineno="1528"><highlight class="normal">root@3b17871017fd:~/ros_ws/src/erl2-</highlight><highlight class="keyword">new</highlight><highlight class="normal">#<sp/>rosservice<sp/><ref refid="rosplan-kb_8md_8txt_1ae9bb71e9fc9e25014334af4ccd7161e0" kindref="member">call</ref><sp/>/rosplan_parsing_interface/parse_plan</highlight></codeline>
<codeline lineno="1529"><highlight class="normal"></highlight></codeline>
<codeline lineno="1530"><highlight class="normal">root@3b17871017fd:~/ros_ws/src/erl2-</highlight><highlight class="keyword">new</highlight><highlight class="normal">#<sp/>rostopic<sp/>echo<sp/>/rosplan_parsing_interface/complete_plan<sp/>-n<sp/>1</highlight></codeline>
<codeline lineno="1531"><highlight class="normal">plan:<sp/></highlight></codeline>
<codeline lineno="1532"><highlight class="normal"><sp/><sp/>-<sp/></highlight></codeline>
<codeline lineno="1533"><highlight class="normal"><sp/><sp/><sp/><sp/>action_id:<sp/>0</highlight></codeline>
<codeline lineno="1534"><highlight class="normal"><sp/><sp/><sp/><sp/>plan_id:<sp/>0</highlight></codeline>
<codeline lineno="1535"><highlight class="normal"><sp/><sp/><sp/><sp/>name:<sp/></highlight><highlight class="stringliteral">&quot;replan&quot;</highlight><highlight class="normal"></highlight></codeline>
<codeline lineno="1536"><highlight class="normal"><sp/><sp/><sp/><sp/>parameters:<sp/>[]</highlight></codeline>
<codeline lineno="1537"><highlight class="normal"><sp/><sp/><sp/><sp/>duration:<sp/>0.9900000095367432</highlight></codeline>
<codeline lineno="1538"><highlight class="normal"><sp/><sp/><sp/><sp/>dispatch_time:<sp/>0.0</highlight></codeline>
<codeline lineno="1539"><highlight class="normal">---</highlight></codeline>
<codeline lineno="1540"><highlight class="normal">root@3b17871017fd:~/ros_ws/src/erl2-</highlight><highlight class="keyword">new</highlight><highlight class="normal">#<sp/>rosservice<sp/><ref refid="rosplan-kb_8md_8txt_1ae9bb71e9fc9e25014334af4ccd7161e0" kindref="member">call</ref><sp/>/rosplan_plan_dispatcher/dispatch_plan<sp/></highlight><highlight class="stringliteral">&quot;{}&quot;</highlight><highlight class="normal"><sp/></highlight></codeline>
<codeline lineno="1541"><highlight class="normal"><ref refid="rosplan-kb_8md_8txt_1a7960f9c558f9ee2c3d4a8fdea096fb56" kindref="member">success</ref>:<sp/>True</highlight></codeline>
<codeline lineno="1542"><highlight class="normal">goal_achieved:<sp/>True</highlight></codeline>
<codeline lineno="1543"><highlight class="normal"></highlight></codeline>
<codeline lineno="1544"><highlight class="normal">```</highlight></codeline>
<codeline lineno="1545"><highlight class="normal"></highlight></codeline>
<codeline lineno="1546"><highlight class="normal"></highlight><highlight class="preprocessor">###<sp/>???</highlight><highlight class="normal"></highlight></codeline>
<codeline lineno="1547"><highlight class="normal"></highlight></codeline>
<codeline lineno="1548"><highlight class="normal">**SHELL<sp/>1:**</highlight></codeline>
<codeline lineno="1549"><highlight class="normal"></highlight></codeline>
<codeline lineno="1550"><highlight class="normal">```text</highlight></codeline>
<codeline lineno="1551"><highlight class="normal"></highlight></codeline>
<codeline lineno="1552"><highlight class="normal">```</highlight></codeline>
<codeline lineno="1553"><highlight class="normal"></highlight></codeline>
<codeline lineno="1554"><highlight class="normal">**SHELL<sp/>2:**</highlight></codeline>
<codeline lineno="1555"><highlight class="normal"></highlight></codeline>
<codeline lineno="1556"><highlight class="normal">```text</highlight></codeline>
<codeline lineno="1557"><highlight class="normal"></highlight></codeline>
<codeline lineno="1558"><highlight class="normal">```</highlight></codeline>
    </programlisting>
    <location file="_build/html/_sources/_docs/test-the-project.md.txt"/>
  </compounddef>
</doxygen>
