<?xml version='1.0' encoding='UTF-8' standalone='no'?>
<doxygen xmlns:xsi="http://www.w3.org/2001/XMLSchema-instance" xsi:noNamespaceSchemaLocation="compound.xsd" version="1.8.17">
  <compounddef id="test-armor_8rst_8txt" kind="file" language="C++">
    <compoundname>test-armor.rst.txt</compoundname>
    <briefdescription>
    </briefdescription>
    <detaileddescription>
    </detaileddescription>
    <programlisting>
<codeline lineno="1"><highlight class="normal"></highlight></codeline>
<codeline lineno="2"><highlight class="normal">UML<sp/>--<sp/>schematic<sp/>of<sp/>test_armor.cpp</highlight></codeline>
<codeline lineno="3"><highlight class="normal">========================================</highlight></codeline>
<codeline lineno="4"><highlight class="normal"></highlight></codeline>
<codeline lineno="5"><highlight class="normal"></highlight><highlight class="keyword">this</highlight><highlight class="normal"><sp/><ref refid="test-the-project_8md_8txt_1ab9c30914b6e8a2a87c4305b70785cbfa" kindref="member">test</ref><sp/>communicates<sp/>directly<sp/>with<sp/>aRMOR<sp/>in<sp/>order<sp/><ref refid="erl3-oracle-user-manual_8md_8txt_1af02cd2ec07331037df3b999a6221822b" kindref="member">to</ref><sp/><ref refid="test-the-project_8md_8txt_1ab9c30914b6e8a2a87c4305b70785cbfa" kindref="member">test</ref><sp/>out<sp/><ref refid="cpp-docs-template_8md_8txt_1a20ff6362005f038a891568b43d660996" kindref="member">the</ref><sp/>functionalities<sp/>of<sp/><ref refid="cpp-docs-template_8md_8txt_1a20ff6362005f038a891568b43d660996" kindref="member">the</ref><sp/><ref refid="examples__tools_8md_8txt_1a1884bacf5f018fc17d8b364c4c6d819b" kindref="member">ontology</ref>.</highlight></codeline>
<codeline lineno="6"><highlight class="normal"></highlight></codeline>
<codeline lineno="7"><highlight class="normal">This<sp/>is<sp/>how<sp/>aRMOR<sp/>is<sp/>seen<sp/></highlight><highlight class="keywordflow">for</highlight><highlight class="normal"><sp/></highlight><highlight class="keyword">this</highlight><highlight class="normal"><sp/><ref refid="test-the-project_8md_8txt_1ab9c30914b6e8a2a87c4305b70785cbfa" kindref="member">test</ref>:</highlight></codeline>
<codeline lineno="8"><highlight class="normal"></highlight></codeline>
<codeline lineno="9"><highlight class="normal">..<sp/>uml::</highlight></codeline>
<codeline lineno="10"><highlight class="normal"><sp/><sp/><sp/><sp/><sp/><sp/><sp/><sp/><sp/><sp/><sp/><sp/></highlight></codeline>
<codeline lineno="11"><highlight class="normal"><sp/><sp/><sp/><sp/>@startuml</highlight></codeline>
<codeline lineno="12"><highlight class="normal"></highlight></codeline>
<codeline lineno="13"><highlight class="normal"><sp/><sp/><sp/><sp/></highlight><highlight class="charliteral">&apos;&apos;&apos;</highlight><highlight class="normal"><sp/>DIAGRAM<sp/>INFOS</highlight></codeline>
<codeline lineno="14"><highlight class="normal"><sp/><sp/><sp/><sp/>title<sp/></highlight><highlight class="stringliteral">&quot;aRMOR<sp/>model&quot;</highlight><highlight class="normal"></highlight></codeline>
<codeline lineno="15"><highlight class="normal"><sp/><sp/><sp/><sp/>skinparam<sp/>Padding<sp/>8</highlight></codeline>
<codeline lineno="16"><highlight class="normal"></highlight></codeline>
<codeline lineno="17"><highlight class="normal"></highlight></codeline>
<codeline lineno="18"><highlight class="normal"><sp/><sp/><sp/><sp/></highlight><highlight class="charliteral">&apos;&apos;&apos;</highlight><highlight class="normal"><sp/>DIAGRAM<sp/>ELEMENTS</highlight></codeline>
<codeline lineno="19"><highlight class="normal"><sp/><sp/><sp/><sp/>database<sp/></highlight><highlight class="stringliteral">&quot;armor<sp/>ontology&quot;</highlight><highlight class="normal"><sp/>as<sp/><ref refid="_r_e_a_d_m_e_8md_8txt_1a98e9d3e32a5a8a249526ea140cdc89f0" kindref="member">ARMOR</ref><sp/>{</highlight></codeline>
<codeline lineno="20"><highlight class="normal"><sp/><sp/><sp/><sp/><sp/><sp/><sp/><sp/>portout<sp/></highlight><highlight class="stringliteral">&quot;srv&quot;</highlight><highlight class="normal"><sp/>as<sp/>ARMOR_P1</highlight></codeline>
<codeline lineno="21"><highlight class="normal"><sp/><sp/><sp/><sp/>}</highlight></codeline>
<codeline lineno="22"><highlight class="normal"></highlight></codeline>
<codeline lineno="23"><highlight class="normal"><sp/><sp/><sp/><sp/></highlight><highlight class="keyword">interface<sp/></highlight><highlight class="normal">&quot;/armor_interface_srv&quot;<sp/>as<sp/>ARMOR_SRV</highlight></codeline>
<codeline lineno="24"><highlight class="normal"></highlight></codeline>
<codeline lineno="25"><highlight class="normal"><sp/><sp/><sp/><sp/>&apos;&apos;&apos;<sp/>DIAGRAM<sp/>CONNECTIONS</highlight></codeline>
<codeline lineno="26"><highlight class="normal"><sp/><sp/><sp/><sp/>ARMOR_P1<sp/>--&gt;<sp/>ARMOR_SRV</highlight></codeline>
<codeline lineno="27"><highlight class="normal"><sp/><sp/><sp/><sp/>note<sp/>left<sp/>on<sp/>link<sp/>:<sp/>&quot;armor_msgs::ArmorDirective&quot;</highlight></codeline>
<codeline lineno="28"><highlight class="normal"></highlight></codeline>
<codeline lineno="29"><highlight class="normal"><sp/><sp/><sp/><sp/></highlight><highlight class="keyword">@end</highlight><highlight class="normal">uml</highlight></codeline>
<codeline lineno="30"><highlight class="normal"></highlight></codeline>
<codeline lineno="31"><highlight class="normal">representation<sp/>of<sp/><ref refid="cpp-docs-template_8md_8txt_1a20ff6362005f038a891568b43d660996" kindref="member">the</ref><sp/><ref refid="test-the-project_8md_8txt_1ab9c30914b6e8a2a87c4305b70785cbfa" kindref="member">test</ref><sp/><ref refid="_r_e_a_d_m_e_8md_8txt_1a7f3850902ef91c29c8bf5b3a748fb0ec" kindref="member">node</ref>:</highlight></codeline>
<codeline lineno="32"><highlight class="normal"></highlight></codeline>
<codeline lineno="33"><highlight class="normal">..<sp/>uml::</highlight></codeline>
<codeline lineno="34"><highlight class="normal"></highlight></codeline>
<codeline lineno="35"><highlight class="normal"><sp/><sp/><sp/><sp/>@startuml</highlight></codeline>
<codeline lineno="36"><highlight class="normal"></highlight></codeline>
<codeline lineno="37"><highlight class="normal"><sp/><sp/><sp/><sp/></highlight><highlight class="charliteral">&apos;&apos;&apos;</highlight><highlight class="normal"><sp/>DIAGRAM<sp/>INFOS</highlight></codeline>
<codeline lineno="38"><highlight class="normal"><sp/><sp/><sp/><sp/>title<sp/></highlight><highlight class="stringliteral">&quot;test_armor.cpp<sp/>node&quot;</highlight><highlight class="normal"></highlight></codeline>
<codeline lineno="39"><highlight class="normal"><sp/><sp/><sp/><sp/>skinparam<sp/>Padding<sp/>8</highlight></codeline>
<codeline lineno="40"><highlight class="normal"></highlight></codeline>
<codeline lineno="41"><highlight class="normal"></highlight></codeline>
<codeline lineno="42"><highlight class="normal"><sp/><sp/><sp/><sp/></highlight><highlight class="charliteral">&apos;&apos;&apos;</highlight><highlight class="normal"><sp/>DIAGRAM<sp/>ELEMENTS</highlight></codeline>
<codeline lineno="43"><highlight class="normal"></highlight></codeline>
<codeline lineno="44"><highlight class="normal"><sp/><sp/><sp/><sp/></highlight><highlight class="keyword">interface<sp/></highlight><highlight class="normal">&quot;/armor_interface_srv&quot;<sp/>as<sp/>ARMOR_SRV</highlight></codeline>
<codeline lineno="45"><highlight class="normal"></highlight></codeline>
<codeline lineno="46"><highlight class="normal"><sp/><sp/><sp/><sp/>component<sp/>&quot;test_armor.cpp&quot;<sp/>as<sp/>TEST_ARMOR<sp/>{</highlight></codeline>
<codeline lineno="47"><highlight class="normal"><sp/><sp/><sp/><sp/><sp/><sp/><sp/><sp/>portin<sp/></highlight><highlight class="stringliteral">&quot;cl&quot;</highlight><highlight class="normal"><sp/>as<sp/>TEST_ARMOR_CLIENT</highlight></codeline>
<codeline lineno="48"><highlight class="normal"><sp/><sp/><sp/><sp/>}</highlight></codeline>
<codeline lineno="49"><highlight class="normal"></highlight></codeline>
<codeline lineno="50"><highlight class="normal"><sp/><sp/><sp/><sp/></highlight><highlight class="charliteral">&apos;&apos;&apos;</highlight><highlight class="normal"><sp/>DIAGRAM<sp/>CONNECTIONS</highlight></codeline>
<codeline lineno="51"><highlight class="normal"><sp/><sp/><sp/><sp/>ARMOR_SRV<sp/>--&gt;<sp/>TEST_ARMOR_CLIENT</highlight></codeline>
<codeline lineno="52"><highlight class="normal"><sp/><sp/><sp/><sp/>note<sp/>left<sp/>on<sp/>link<sp/>:<sp/></highlight><highlight class="stringliteral">&quot;armor_msgs::ArmorDirective&quot;</highlight><highlight class="normal"></highlight></codeline>
<codeline lineno="53"><highlight class="normal"></highlight></codeline>
<codeline lineno="54"><highlight class="normal"><sp/><sp/><sp/><sp/></highlight><highlight class="keyword">@end</highlight><highlight class="normal">uml</highlight></codeline>
<codeline lineno="55"><highlight class="normal"></highlight></codeline>
<codeline lineno="56"><highlight class="normal">overall<sp/>arch:</highlight></codeline>
<codeline lineno="57"><highlight class="normal"></highlight></codeline>
<codeline lineno="58"><highlight class="normal">..<sp/>uml::</highlight></codeline>
<codeline lineno="59"><highlight class="normal"></highlight></codeline>
<codeline lineno="60"><highlight class="normal"><sp/><sp/><sp/><sp/>@startuml</highlight></codeline>
<codeline lineno="61"><highlight class="normal"></highlight></codeline>
<codeline lineno="62"><highlight class="normal"><sp/><sp/><sp/><sp/></highlight><highlight class="charliteral">&apos;&apos;&apos;</highlight><highlight class="normal"><sp/>DIAGRAM<sp/>INFOS</highlight></codeline>
<codeline lineno="63"><highlight class="normal"><sp/><sp/><sp/><sp/>title<sp/></highlight><highlight class="stringliteral">&quot;entire<sp/>test<sp/>model&quot;</highlight><highlight class="normal"></highlight></codeline>
<codeline lineno="64"><highlight class="normal"><sp/><sp/><sp/><sp/>skinparam<sp/>Padding<sp/>8</highlight></codeline>
<codeline lineno="65"><highlight class="normal"></highlight></codeline>
<codeline lineno="66"><highlight class="normal"></highlight></codeline>
<codeline lineno="67"><highlight class="normal"><sp/><sp/><sp/><sp/></highlight><highlight class="charliteral">&apos;&apos;&apos;</highlight><highlight class="normal"><sp/>DIAGRAM<sp/>ELEMENTS</highlight></codeline>
<codeline lineno="68"><highlight class="normal"><sp/><sp/><sp/><sp/>database<sp/></highlight><highlight class="stringliteral">&quot;armor<sp/>ontology&quot;</highlight><highlight class="normal"><sp/>as<sp/><ref refid="_r_e_a_d_m_e_8md_8txt_1a98e9d3e32a5a8a249526ea140cdc89f0" kindref="member">ARMOR</ref><sp/>{</highlight></codeline>
<codeline lineno="69"><highlight class="normal"><sp/><sp/><sp/><sp/><sp/><sp/><sp/><sp/>portout<sp/></highlight><highlight class="stringliteral">&quot;srv&quot;</highlight><highlight class="normal"><sp/>as<sp/>ARMOR_P1</highlight></codeline>
<codeline lineno="70"><highlight class="normal"><sp/><sp/><sp/><sp/>}</highlight></codeline>
<codeline lineno="71"><highlight class="normal"></highlight></codeline>
<codeline lineno="72"><highlight class="normal"><sp/><sp/><sp/><sp/></highlight><highlight class="keyword">interface<sp/></highlight><highlight class="normal">&quot;/armor_interface_srv&quot;<sp/>as<sp/>ARMOR_SRV</highlight></codeline>
<codeline lineno="73"><highlight class="normal"></highlight></codeline>
<codeline lineno="74"><highlight class="normal"><sp/><sp/><sp/><sp/>component<sp/>&quot;test_armor.cpp&quot;<sp/>as<sp/>TEST_ARMOR<sp/>{</highlight></codeline>
<codeline lineno="75"><highlight class="normal"><sp/><sp/><sp/><sp/><sp/><sp/><sp/><sp/>portin<sp/></highlight><highlight class="stringliteral">&quot;cl&quot;</highlight><highlight class="normal"><sp/>as<sp/>TEST_ARMOR_CLIENT</highlight></codeline>
<codeline lineno="76"><highlight class="normal"><sp/><sp/><sp/><sp/>}</highlight></codeline>
<codeline lineno="77"><highlight class="normal"></highlight></codeline>
<codeline lineno="78"><highlight class="normal"></highlight></codeline>
<codeline lineno="79"><highlight class="normal"><sp/><sp/><sp/><sp/></highlight><highlight class="charliteral">&apos;&apos;&apos;</highlight><highlight class="normal"><sp/>DIAGRAM<sp/>CONNECTIONS</highlight></codeline>
<codeline lineno="80"><highlight class="normal"><sp/><sp/><sp/><sp/>ARMOR_P1<sp/>--&gt;<sp/>ARMOR_SRV</highlight></codeline>
<codeline lineno="81"><highlight class="normal"><sp/><sp/><sp/><sp/>note<sp/>left<sp/>on<sp/>link<sp/>:<sp/></highlight><highlight class="stringliteral">&quot;armor_msgs::ArmorDirective&quot;</highlight><highlight class="normal"></highlight></codeline>
<codeline lineno="82"><highlight class="normal"><sp/><sp/><sp/><sp/>ARMOR_SRV<sp/>--&gt;<sp/>TEST_ARMOR_CLIENT</highlight></codeline>
<codeline lineno="83"><highlight class="normal"></highlight></codeline>
<codeline lineno="84"><highlight class="normal"></highlight></codeline>
<codeline lineno="85"><highlight class="normal"><sp/><sp/><sp/><sp/></highlight><highlight class="keyword">@end</highlight><highlight class="normal">uml</highlight></codeline>
    </programlisting>
    <location file="_build/html/_sources/robocluedo_module_testing/_uml/NO/test-armor.rst.txt"/>
  </compounddef>
</doxygen>
